
Thread 0
Throughput          Waiting time          Service time          Time to parse          Sets          Gets          Multi-gets          Misses
398.0               17.995                1.4394                .4023                  399.0         .0            .0                  .0
579.0               18.8603               1.5226                .1823                  579.0         .0            .0                  .0
596.0               18.7772               1.3068                .3614                  596.0         .0            .0                  .0
633.0               16.4101               1.3429                .2276                  633.0         .0            .0                  .0
616.0               16.914                1.3346                994.1322               616.0         .0            .0                  .0
603.0               17.293                1.4581                .185                   603.0         .0            .0                  .0
624.0               16.824                1.3285                .2702                  624.0         .0            .0                  .0
617.0               16.6246               1.3771                .2257                  617.0         .0            .0                  .0
652.0               16.4747               1.3166                .2084                  652.0         .0            .0                  .0
586.0               18.0579               1.2964                .3994                  586.0         .0            .0                  .0
623.0               17.258                1.4082                .1853                  623.0         .0            .0                  .0
600.0               18.193                1.3294                .3274                  600.0         .0            .0                  .0
603.0               17.8245               1.4111                .2389                  603.0         .0            .0                  .0
632.0               16.8325               1.3596                .2157                  632.0         .0            .0                  .0
611.0               17.201                1.3293                .2977                  611.0         .0            .0                  .0
605.0               17.4323               1.3877                .2575                  605.0         .0            .0                  .0
619.0               16.8339               1.3069                .3022                  619.0         .0            .0                  .0
595.0               17.505                1.4046                .2691                  595.0         .0            .0                  .0
658.0               16.132                1.3077                .2055                  658.0         .0            .0                  .0
636.0               16.7473               1.3348                .2308                  636.0         .0            .0                  .0
626.0               17.1483               1.3654                .2224                  626.0         .0            .0                  .0
663.0               16.6837               1.2272                .2788                  663.0         .0            .0                  .0
640.0               16.1186               1.313                 .2428                  640.0         .0            .0                  .0
648.0               15.9815               1.2631                .27                    648.0         .0            .0                  .0
606.0               17.1433               1.2854                .3622                  606.0         .0            .0                  .0
642.0               16.1975               1.3249                .2239                  642.0         .0            .0                  .0
611.0               17.0817               1.3501                .2773                  611.0         .0            .0                  .0
654.0               16.0641               1.2385                .2853                  654.0         .0            .0                  .0
618.0               16.9758               1.3362                .2766                  618.0         .0            .0                  .0
617.0               17.0696               1.4392                .1726                  617.0         .0            .0                  .0
617.0               16.7686               1.2861                .3235                  617.0         .0            .0                  .0
588.0               18.2139               1.3031                .3992                  588.0         .0            .0                  .0
595.0               17.7215               1.5048                .1682                  595.0         .0            .0                  .0
668.0               15.9477               1.2975                .1924                  668.0         .0            .0                  .0
619.0               17.1855               1.3641                .247                   619.0         .0            .0                  .0
655.0               16.3247               1.2545                .2664                  655.0         .0            .0                  .0
620.0               16.9452               1.2397                .3671                  620.0         .0            .0                  .0
587.0               17.8537               1.5131                .1797                  587.0         .0            .0                  .0
649.0               16.3692               1.3166                .223                   649.0         .0            .0                  .0
593.0               18.069                1.3589                .3219                  593.0         .0            .0                  .0
624.0               16.9584               1.3907                .2059                  624.0         .0            .0                  .0
615.0               17.3068               1.2936                .3275                  615.0         .0            .0                  .0
636.0               16.3721               1.3464                .2189                  636.0         .0            .0                  .0
633.0               16.5174               1.4499                .1258                  633.0         .0            .0                  .0
603.0               17.1821               1.4002                .2455                  603.0         .0            .0                  .0
612.0               17.106                1.3101                .3236                  612.0         .0            .0                  .0
588.0               18.0221               1.5047                .1902                  588.0         .0            .0                  .0
603.0               18.2517               1.3134                .3321                  603.0         .0            .0                  .0
635.0               16.7987               1.358                 .2114                  635.0         .0            .0                  .0
624.0               17.0992               1.4626                .1325                  624.0         .0            .0                  .0
618.0               16.9935               1.3717                .2399                  618.0         .0            .0                  .0
611.0               17.1373               1.4633                .1679                  611.0         .0            .0                  .0
612.0               17.0832               1.4381                .1895                  612.0         .0            .0                  .0
610.0               17.3961               1.3943                .2308                  610.0         .0            .0                  .0
584.0               18.2325               1.3                   .4144                  584.0         .0            .0                  .0
608.0               17.3842               1.3961                .2411                  608.0         .0            .0                  .0
582.0               17.9828               1.3827                .332                   582.0         .0            .0                  .0
631.0               16.7326               1.3633                .2067                  631.0         .0            .0                  .0
644.0               16.3411               1.2564                .2987                  644.0         .0            .0                  .0
606.0               17.2817               1.4385                .1974                  606.0         .0            .0                  .0
16.0                17.0                  1.4755                .5339                  15.0          .0            .0                  .0
Server 0, get requests: 0
Server 1, get requests: 0
Server 2, get requests: 0

Thread 1
Throughput          Waiting time          Service time          Time to parse          Sets          Gets          Multi-gets          Misses
257.0               17.5116               2.3203                .5714                  258.0         .0            .0                  .0
621.0               19.1367               1.29                  .301                   621.0         .0            .0                  .0
576.0               18.5719               1.3264                .4003                  576.0         .0            .0                  .0
629.0               16.4952               1.3377                .2422                  629.0         .0            .0                  .0
625.0               16.9808               1.3175                .275                   625.0         .0            .0                  .0
609.0               17.2459               1.4387                .189                   609.0         .0            .0                  .0
607.0               16.9342               .9521                 .6911                  607.0         .0            .0                  .0
642.0               16.6812               1.32                  .2299                  642.0         .0            .0                  .0
631.0               16.3892               1.348                 .2271                  631.0         .0            .0                  .0
587.0               18.0187               1.3042                .3897                  587.0         .0            .0                  .0
619.0               17.3113               1.4267                .1757                  619.0         .0            .0                  .0
552.0               18.1664               1.5245                .2766                  552.0         .0            .0                  .0
611.0               17.8154               1.3932                .2345                  611.0         .0            .0                  .0
643.0               16.9317               1.3798                .169                   643.0         .0            .0                  .0
619.0               17.2323               1.3077                .297                   619.0         .0            .0                  .0
599.0               17.3617               1.4338                .2278                  599.0         .0            .0                  .0
622.0               16.8957               1.3084                .2926                  622.0         .0            .0                  .0
618.0               17.5267               1.3441                .2677                  618.0         .0            .0                  .0
650.0               16.3272               1.3108                .2216                  650.0         .0            .0                  .0
634.0               16.6992               1.3467                .223                   634.0         .0            .0                  .0
627.0               17.1306               1.3577                .2277                  627.0         .0            .0                  .0
658.0               16.6039               1.2407                .2766                  658.0         .0            .0                  .0
652.0               16.0689               1.291                 .2352                  652.0         .0            .0                  .0
666.0               16.0105               1.258                 .2328                  666.0         .0            .0                  .0
615.0               17.1282               1.311                 .3126                  615.0         .0            .0                  .0
645.0               16.3034               1.3178                .2246                  645.0         .0            .0                  .0
608.0               17.156                1.3709                .2657                  608.0         .0            .0                  .0
665.0               16.1111               1.2464                .2516                  665.0         .0            .0                  .0
618.0               17.0339               1.3261                .287                   618.0         .0            .0                  .0
629.0               17.2238               1.3523                .2262                  629.0         .0            .0                  .0
650.0               17.0215               1.2512                .2784                  650.0         .0            .0                  .0
583.0               18.1318               1.3196                .3937                  583.0         .0            .0                  .0
596.0               17.5628               1.4795                .1888                  596.0         .0            .0                  .0
671.0               16.0193               1.322                 .1613                  671.0         .0            .0                  .0
608.0               17.202                1.3651                .2719                  608.0         .0            .0                  .0
647.0               16.179                1.2628                .2804                  647.0         .0            .0                  .0
617.0               17.0663               1.2703                .3446                  617.0         .0            .0                  .0
587.0               17.9473               1.5026                .1909                  587.0         .0            .0                  .0
637.0               16.4185               1.3518                .2162                  637.0         .0            .0                  .0
575.0               18.0903               1.4242                .3095                  575.0         .0            .0                  .0
617.0               17.0146               1.4249                .1896                  617.0         .0            .0                  .0
605.0               17.4843               1.3222                -.0826                 605.0         .0            .0                  .0
631.0               16.5997               1.3679                .2099                  631.0         .0            .0                  .0
629.0               16.6444               1.4484                .1374                  629.0         .0            .0                  .0
615.0               17.3458               1.399                 .2144                  615.0         .0            .0                  .0
624.0               17.1984               1.3367                .2663                  624.0         .0            .0                  .0
581.0               17.9863               1.5813                .1349                  581.0         .0            .0                  .0
596.0               18.2328               1.3067                .3589                  596.0         .0            .0                  .0
618.0               16.79                 1.4221                .1907                  618.0         .0            .0                  .0
591.0               17.2247               1.5127                .1728                  591.0         .0            .0                  .0
621.0               17.1254               1.3721                .231                   621.0         .0            .0                  .0
610.0               17.2144               1.3034                .3314                  610.0         .0            .0                  .0
621.0               17.1656               1.4352                .171                   621.0         .0            .0                  .0
607.0               17.5362               1.4034                .2288                  607.0         .0            .0                  .0
581.0               18.1976               1.3164                .4085                  581.0         .0            .0                  .0
610.0               17.4124               1.4025                .2296                  610.0         .0            .0                  .0
596.0               18.1977               1.3937                .2809                  596.0         .0            .0                  .0
631.0               16.8402               1.3993                .1718                  631.0         .0            .0                  .0
643.0               16.4425               1.2726                .2843                  643.0         .0            .0                  .0
609.0               17.382                1.44                  .1899                  609.0         .0            .0                  .0
19.0                17.1579               1.3875                .3511                  18.0          .0            .0                  .0
Server 0, get requests: 0
Server 1, get requests: 0
Server 2, get requests: 0

Thread 2
Throughput          Waiting time          Service time          Time to parse          Sets          Gets          Multi-gets          Misses
354.0               18.3859               1.5235                .5259                  355.0         .0            .0                  .0
371.0               19.2366               2.1563                .5231                  371.0         .0            .0                  .0
525.0               18.6369               1.4232                .4722                  525.0         .0            .0                  .0
630.0               16.4311               1.3745                .2036                  630.0         .0            .0                  .0
610.0               16.9182               1.3379                .2881                  610.0         .0            .0                  .0
598.0               17.3573               1.4634                .1948                  598.0         .0            .0                  .0
631.0               16.8987               1.2789                .3027                  631.0         .0            .0                  .0
612.0               16.7993               1.4004                .2245                  612.0         .0            .0                  .0
633.0               16.5457               1.3886                .1812                  633.0         .0            .0                  .0
572.0               18.0506               1.3064                .4317                  572.0         .0            .0                  .0
596.0               17.34                 1.4652                .2036                  596.0         .0            .0                  .0
609.0               18.2689               1.3274                .304                   609.0         .0            .0                  .0
555.0               17.6565               1.5124                .281                   555.0         .0            .0                  .0
626.0               16.9474               1.4006                .1888                  626.0         .0            .0                  .0
608.0               17.3054               1.3489                .2917                  608.0         .0            .0                  .0
599.0               17.5267               1.4154                .2463                  599.0         .0            .0                  .0
632.0               16.9526               1.2745                .3014                  632.0         .0            .0                  .0
582.0               17.5763               1.4147                .2953                  582.0         .0            .0                  .0
651.0               16.1258               1.3127                .2171                  651.0         .0            .0                  .0
630.0               16.8288               1.3578                .2231                  630.0         .0            .0                  .0
603.0               17.0927               1.4037                .2449                  603.0         .0            .0                  .0
662.0               16.7074               1.2427                .2653                  662.0         .0            .0                  .0
643.0               16.1242               1.3333                .2139                  643.0         .0            .0                  .0
647.0               15.9352               1.2713                .2645                  647.0         .0            .0                  .0
599.0               17.1333               1.306                 .3629                  599.0         .0            .0                  .0
643.0               16.3634               1.316                 .2289                  643.0         .0            .0                  .0
611.0               17.1569               1.3302                .2973                  611.0         .0            .0                  .0
657.0               16.0517               1.2248                .2904                  657.0         .0            .0                  .0
619.0               17.0258               1.3548                .2553                  619.0         .0            .0                  .0
599.0               17.22                 1.4493                .2081                  599.0         .0            .0                  .0
615.0               16.8474               1.3037                .3125                  615.0         .0            .0                  .0
577.0               18.2405               1.343                 .3909                  577.0         .0            .0                  .0
596.0               17.7337               1.5197                .1512                  596.0         .0            .0                  .0
656.0               16.1035               1.3031                .2138                  656.0         .0            .0                  .0
610.0               17.1915               1.3823                .2528                  610.0         .0            .0                  .0
651.0               16.227                1.2525                .2753                  651.0         .0            .0                  .0
614.0               16.9675               1.2296                .3911                  614.0         .0            .0                  .0
602.0               17.9718               1.4772                .1727                  602.0         .0            .0                  .0
652.0               16.3767               1.3268                .2054                  652.0         .0            .0                  .0
575.0               18.1649               1.4018                .3263                  575.0         .0            .0                  .0
617.0               17.0469               1.4201                .1947                  617.0         .0            .0                  .0
598.0               17.3997               1.347                 1.2825                 598.0         .0            .0                  .0
638.0               16.4922               1.3355                .2192                  638.0         .0            .0                  .0
632.0               16.5371               1.4888                .0892                  632.0         .0            .0                  .0
598.0               17.2371               1.4338                .2259                  598.0         .0            .0                  .0
606.0               17.2026               1.3451                .3055                  606.0         .0            .0                  .0
582.0               18.0412               1.514                 .1985                  582.0         .0            .0                  .0
463.0               17.9978               1.6274                .5191                  463.0         .0            .0                  .0
625.0               16.9201               1.3919                .2029                  625.0         .0            .0                  .0
610.0               17.108                1.5201                .1125                  610.0         .0            .0                  .0
616.0               17.154                1.3865                .2291                  616.0         .0            .0                  .0
605.0               17.1452               1.4588                .1895                  605.0         .0            .0                  .0
608.0               17.0575               1.4876                .1501                  608.0         .0            .0                  .0
602.0               17.4561               1.4058                .2418                  602.0         .0            .0                  .0
575.0               18.2396               1.3123                .4307                  575.0         .0            .0                  .0
605.0               17.4736               1.4095                .236                   605.0         .0            .0                  .0
586.0               18.0136               1.3957                .3069                  586.0         .0            .0                  .0
636.0               16.81                 1.3659                .1927                  636.0         .0            .0                  .0
641.0               16.3925               1.2769                .2861                  641.0         .0            .0                  .0
609.0               17.4016               1.4432                .1861                  609.0         .0            .0                  .0
17.0                17.3529               1.4766                .4152                  16.0          .0            .0                  .0
Server 0, get requests: 0
Server 1, get requests: 0
Server 2, get requests: 0

Thread 3
Throughput          Waiting time          Service time          Time to parse          Sets          Gets          Multi-gets          Misses
462.0               17.892                1.2954                .2738                  463.0         .0            .0                  .0
641.0               19.4642               1.1614                .3822                  641.0         .0            .0                  .0
599.0               18.785                1.287                 .3728                  599.0         .0            .0                  .0
671.0               16.747                1.2173                .264                   671.0         .0            .0                  .0
645.0               17.0433               1.2128                .3292                  645.0         .0            .0                  .0
622.0               17.5152               1.4062                .1884                  622.0         .0            .0                  .0
649.0               16.9462               1.232                 .3041                  649.0         .0            .0                  .0
643.0               16.6786               1.3085                .239                   643.0         .0            .0                  .0
662.0               16.5882               1.2915                .2104                  662.0         .0            .0                  .0
596.0               17.995                1.3151                .3536                  596.0         .0            .0                  .0
617.0               17.3306               1.4393                .1658                  616.0         .0            .0                  .0
604.0               18.3894               1.3257                .3274                  605.0         .0            .0                  .0
608.0               17.8998               1.3892                .2484                  608.0         .0            .0                  .0
627.0               16.8583               1.3475                .2386                  627.0         .0            .0                  .0
605.0               17.2492               1.3908                .2541                  605.0         .0            .0                  .0
598.0               17.5893               1.4333                .2316                  598.0         .0            .0                  .0
637.0               17.0987               1.282                 .2804                  637.0         .0            .0                  .0
598.0               17.6194               1.3481                .3189                  598.0         .0            .0                  .0
649.0               16.2969               1.2962                .2376                  649.0         .0            .0                  .0
633.0               16.8896               1.313                 .2598                  633.0         .0            .0                  .0
615.0               17.151                1.3799                .2363                  615.0         .0            .0                  .0
623.0               16.4263               .6453                 .9577                  623.0         .0            .0                  .0
654.0               16.229                1.2686                .2539                  654.0         .0            .0                  .0
663.0               16.0934               1.232                 .2666                  663.0         .0            .0                  .0
622.0               17.3451               1.2944                .3011                  622.0         .0            .0                  .0
651.0               16.339                1.2981                .2324                  651.0         .0            .0                  .0
627.0               17.215                1.3222                .2634                  627.0         .0            .0                  .0
662.0               16.2081               1.2165                .2887                  662.0         .0            .0                  .0
618.0               17.1422               1.3005                .3113                  618.0         .0            .0                  .0
622.0               17.2729               1.3789                .2157                  622.0         .0            .0                  .0
619.0               16.8742               1.3554                .2467                  619.0         .0            .0                  .0
586.0               18.4361               1.3239                .3832                  586.0         .0            .0                  .0
595.0               17.8272               1.4783                .1956                  595.0         .0            .0                  .0
671.0               16.0089               1.2847                .1986                  671.0         .0            .0                  .0
619.0               17.3145               1.3919                .2198                  619.0         .0            .0                  .0
662.0               16.4465               1.2358                .2692                  662.0         .0            .0                  .0
628.0               17.0747               1.2458                .3406                  628.0         .0            .0                  .0
587.0               17.9949               1.4836                .2087                  587.0         .0            .0                  .0
661.0               16.3686               1.2829                .2296                  661.0         .0            .0                  .0
597.0               18.2508               1.4176                .2512                  597.0         .0            .0                  .0
627.0               17.1831               1.4057                .1828                  627.0         .0            .0                  .0
617.0               17.4256               1.3008                .316                   617.0         .0            .0                  .0
662.0               16.6275               1.263                 .2407                  662.0         .0            .0                  .0
648.0               16.8259               1.3944                .1447                  648.0         .0            .0                  .0
607.0               17.4243               1.4362                .1995                  607.0         .0            .0                  .0
626.0               17.3238               1.3146                .2828                  626.0         .0            .0                  .0
602.0               18.1509               1.4905                .1646                  602.0         .0            .0                  .0
601.0               18.3721               1.3051                .3467                  601.0         .0            .0                  .0
633.0               16.9259               1.3731                .2014                  633.0         .0            .0                  .0
645.0               17.3251               1.3967                .1477                  645.0         .0            .0                  .0
619.0               17.0516               1.3901                .2167                  619.0         .0            .0                  .0
624.0               17.1378               1.4467                1.3339                 623.0         .0            .0                  .0
631.0               17.1201               1.3902                .1839                  632.0         .0            .0                  .0
616.0               17.4214               1.408                 .2021                  616.0         .0            .0                  .0
577.0               18.3218               1.3006                .4359                  577.0         .0            .0                  .0
606.0               17.5091               1.414                 .2284                  606.0         .0            .0                  .0
590.0               18.2386               1.407                 .2843                  590.0         .0            .0                  .0
629.0               16.7635               1.3864                .1897                  629.0         .0            .0                  .0
653.0               16.5566               1.2499                .281                   653.0         .0            .0                  .0
612.0               17.5644               1.4044                .2159                  612.0         .0            .0                  .0
18.0                17.1667               1.4993                .3344                  17.0          .0            .0                  .0
Server 0, get requests: 0
Server 1, get requests: 0
Server 2, get requests: 0

Thread 4
Throughput          Waiting time          Service time          Time to parse          Sets          Gets          Multi-gets          Misses
308.0               18.0971               1.5877                .7949                  309.0         .0            .0                  .0
368.0               19.1924               2.3284                .3718                  368.0         .0            .0                  .0
538.0               18.7217               1.4411                .4086                  538.0         .0            .0                  .0
625.0               16.3419               1.4                   .191                   625.0         .0            .0                  .0
607.0               17.1332               1.3267                .3129                  607.0         .0            .0                  .0
601.0               17.1429               1.4509                .1979                  601.0         .0            .0                  .0
613.0               16.9332               1.2882                .3389                  613.0         .0            .0                  .0
613.0               16.6596               1.4044                .218                   613.0         .0            .0                  .0
626.0               16.453                1.376                 .2119                  626.0         .0            .0                  .0
564.0               18.0053               1.3243                .4391                  564.0         .0            .0                  .0
581.0               17.1924               1.4671                .2405                  581.0         .0            .0                  .0
594.0               18.1429               1.3282                .3445                  594.0         .0            .0                  .0
549.0               17.5109               1.5733                .2405                  549.0         .0            .0                  .0
622.0               16.8555               1.3812                .2197                  622.0         .0            .0                  .0
603.0               17.2748               1.3638                .2874                  603.0         .0            .0                  .0
601.0               17.2027               1.4185                .2373                  601.0         .0            .0                  .0
627.0               17.0494               1.272                 .3166                  627.0         .0            .0                  .0
580.0               17.4647               1.4055                .3114                  580.0         .0            .0                  .0
632.0               16.2559               1.3437                .2333                  632.0         .0            .0                  .0
620.0               16.6409               1.4058                .1992                  620.0         .0            .0                  .0
613.0               17.101                1.3889                .2329                  613.0         .0            .0                  .0
646.0               16.6584               1.2588                .2872                  646.0         .0            .0                  .0
655.0               16.125                1.2801                .2395                  655.0         .0            .0                  .0
653.0               15.9235               1.2647                .257                   653.0         .0            .0                  .0
595.0               17.0638               1.3277                .3508                  595.0         .0            .0                  .0
641.0               16.3255               1.3093                .2451                  641.0         .0            .0                  .0
609.0               17.0721               1.3287                .3037                  609.0         .0            .0                  .0
644.0               16.0574               1.249                 .2989                  644.0         .0            .0                  .0
613.0               16.9951               1.3665                .2591                  613.0         .0            .0                  .0
606.0               17.1796               1.4234                .2142                  606.0         .0            .0                  .0
624.0               16.7824               1.3299                .2627                  624.0         .0            .0                  .0
575.0               18.1597               1.3384                .4007                  575.0         .0            .0                  .0
584.0               17.5179               1.5388                .166                   584.0         .0            .0                  .0
638.0               16.0423               1.3517                .2074                  638.0         .0            .0                  .0
615.0               17.1104               1.3684                .2531                  615.0         .0            .0                  .0
646.0               16.2071               1.2595                .2827                  646.0         .0            .0                  .0
603.0               17.0166               1.2794                .3718                  603.0         .0            .0                  .0
581.0               17.8832               1.5131                .1946                  581.0         .0            .0                  .0
631.0               16.3196               1.3417                .2402                  631.0         .0            .0                  .0
566.0               18.0159               1.4005                .3588                  566.0         .0            .0                  .0
605.0               16.9917               1.4431                .2034                  605.0         .0            .0                  .0
599.0               17.3689               1.3461                -.091                  599.0         .0            .0                  .0
628.0               16.4205               1.349                 .2357                  628.0         .0            .0                  .0
618.0               16.5574               1.4805                .133                   618.0         .0            .0                  .0
610.0               17.2979               1.4209                .2057                  610.0         .0            .0                  .0
603.0               17.1407               1.336                 .3224                  603.0         .0            .0                  .0
582.0               17.988                1.5608                .1511                  582.0         .0            .0                  .0
577.0               18.3045               1.3783                .3443                  577.0         .0            .0                  .0
620.0               16.6683               1.3877                .2192                  620.0         .0            .0                  .0
603.0               17.0033               1.488                 .1629                  603.0         .0            .0                  .0
597.0               16.9582               1.4113                .2548                  597.0         .0            .0                  .0
606.0               17.1417               1.283                 .3626                  606.0         .0            .0                  .0
600.0               17.0266               1.4752                .185                   600.0         .0            .0                  .0
588.0               17.3073               1.4541                .2305                  588.0         .0            .0                  .0
570.0               18.2382               1.3827                .3724                  570.0         .0            .0                  .0
601.0               17.3372               1.4175                .2377                  601.0         .0            .0                  .0
580.0               17.9621               1.4421                .2787                  580.0         .0            .0                  .0
617.0               16.6214               1.4245                .1795                  617.0         .0            .0                  .0
629.0               16.3317               1.3092                .2838                  629.0         .0            .0                  .0
597.0               17.3662               1.4447                .2171                  597.0         .0            .0                  .0
18.0                16.7778               1.3331                .5449                  17.0          .0            .0                  .0
Server 0, get requests: 0
Server 1, get requests: 0
Server 2, get requests: 0

Thread 5
Throughput          Waiting time          Service time          Time to parse          Sets          Gets          Multi-gets          Misses
308.0               17.6505               2.1532                .2303                  309.0         .0            .0                  .0
615.0               19.2938               1.3436                .2656                  615.0         .0            .0                  .0
525.0               18.3574               1.3701                .5259                  525.0         .0            .0                  .0
638.0               16.4601               1.303                 .2541                  638.0         .0            .0                  .0
651.0               16.9141               1.1937                .3343                  651.0         .0            .0                  .0
618.0               17.2779               1.4146                .1894                  618.0         .0            .0                  .0
621.0               16.7942               1.3079                .2979                  621.0         .0            .0                  .0
641.0               16.7664               1.3207                .2264                  641.0         .0            .0                  .0
639.0               16.4547               1.327                 .2278                  639.0         .0            .0                  .0
598.0               18.1703               1.2945                .367                   598.0         .0            .0                  .0
627.0               17.4013               1.4028                .182                   627.0         .0            .0                  .0
542.0               18.0552               1.6906                .1452                  542.0         .0            .0                  .0
598.0               17.8481               1.2292                .434                   598.0         .0            .0                  .0
623.0               16.9263               1.3384                .2571                  623.0         .0            .0                  .0
615.0               17.3003               1.353                 .2685                  615.0         .0            .0                  .0
600.0               17.4093               1.3957                .2636                  600.0         .0            .0                  .0
631.0               16.8908               1.2918                .2861                  631.0         .0            .0                  .0
605.0               17.5083               1.3208                .3258                  605.0         .0            .0                  .0
652.0               16.3568               1.3049                .2183                  652.0         .0            .0                  .0
629.0               16.7873               1.3348                .2482                  629.0         .0            .0                  .0
621.0               17.1254               1.3811                .2192                  621.0         .0            .0                  .0
617.0               16.4951               1.2445                .374                   617.0         .0            .0                  .0
657.0               16.1535               1.2519                .2632                  657.0         .0            .0                  .0
661.0               16.0514               1.2476                .2461                  661.0         .0            .0                  .0
618.0               17.1454               1.3024                .3134                  618.0         .0            .0                  .0
652.0               16.3247               1.2554                .2676                  652.0         .0            .0                  .0
623.0               17.1875               1.3026                .2917                  623.0         .0            .0                  .0
652.0               16.1087               1.2321                .2964                  652.0         .0            .0                  .0
625.0               17.0224               1.3138                .2817                  625.0         .0            .0                  .0
618.0               17.1761               1.3842                .225                   618.0         .0            .0                  .0
613.0               16.9788               1.2889                .3316                  613.0         .0            .0                  .0
584.0               18.2735               1.3065                .4073                  584.0         .0            .0                  .0
588.0               17.6265               1.4786                .2156                  588.0         .0            .0                  .0
661.0               15.9305               1.2993                .2064                  661.0         .0            .0                  .0
604.0               17.205                1.3772                .2706                  604.0         .0            .0                  .0
650.0               16.2504               1.2441                .2925                  650.0         .0            .0                  .0
617.0               17.0583               1.2582                .3561                  617.0         .0            .0                  .0
588.0               17.961                1.5008                .1899                  588.0         .0            .0                  .0
650.0               16.3625               1.3121                .225                   650.0         .0            .0                  .0
586.0               18.1891               1.3852                .3159                  586.0         .0            .0                  .0
626.0               17.075                1.3996                .1913                  626.0         .0            .0                  .0
606.0               17.4415               1.3018                .3437                  606.0         .0            .0                  .0
638.0               16.6495               1.3428                .2176                  638.0         .0            .0                  .0
638.0               16.7543               1.4294                .1337                  638.0         .0            .0                  .0
621.0               17.3923               1.4029                .1952                  621.0         .0            .0                  .0
597.0               17.1923               1.3488                .3268                  597.0         .0            .0                  .0
569.0               18.1158               1.6369                .1149                  569.0         .0            .0                  .0
596.0               18.2831               1.3179                .3485                  596.0         .0            .0                  .0
627.0               16.8678               1.3862                .2035                  627.0         .0            .0                  .0
602.0               17.1592               1.5286                .126                   602.0         .0            .0                  .0
630.0               17.2124               1.3713                .2073                  630.0         .0            .0                  .0
628.0               17.1971               1.2846                .3037                  628.0         .0            .0                  .0
614.0               17.2146               1.4565                .1663                  614.0         .0            .0                  .0
611.0               17.5147               1.3897                .2346                  611.0         .0            .0                  .0
584.0               18.3846               1.3032                .4105                  584.0         .0            .0                  .0
593.0               17.4125               1.4257                .2527                  593.0         .0            .0                  .0
584.0               18.2342               1.3875                .322                   584.0         .0            .0                  .0
624.0               16.7856               1.4172                .1697                  624.0         .0            .0                  .0
635.0               16.3538               1.2559                .3222                  635.0         .0            .0                  .0
604.0               17.3901               1.4661                .1753                  604.0         .0            .0                  .0
18.0                16.3333               1.4388                .4106                  17.0          .0            .0                  .0
Server 0, get requests: 0
Server 1, get requests: 0
Server 2, get requests: 0

Thread 6
Throughput          Waiting time          Service time          Time to parse          Sets          Gets          Multi-gets          Misses
408.0               18.1736               1.464                 .303                   409.0         .0            .0                  .0
596.0               18.8509               1.5046                .1538                  596.0         .0            .0                  .0
564.0               18.6212               1.3491                .4121                  564.0         .0            .0                  .0
646.0               16.3926               1.3087                .2317                  646.0         .0            .0                  .0
616.0               16.8363               1.3382                .2778                  616.0         .0            .0                  .0
602.0               17.2305               1.4722                .1736                  602.0         .0            .0                  .0
646.0               16.791                1.2539                996.8294               646.0         .0            .0                  .0
625.0               16.5751               1.3766                .2143                  625.0         .0            .0                  .0
650.0               16.384                1.2978                .2318                  650.0         .0            .0                  .0
568.0               18.0369               1.3184                .433                   568.0         .0            .0                  .0
612.0               17.0962               1.4173                .2066                  612.0         .0            .0                  .0
597.0               18.1405               1.3594                .3047                  597.0         .0            .0                  .0
600.0               17.7637               1.4375                .2233                  600.0         .0            .0                  .0
618.0               16.8481               1.3726                .236                   618.0         .0            .0                  .0
617.0               17.2039               1.3624                .247                   617.0         .0            .0                  .0
595.0               17.3087               1.4094                .264                   595.0         .0            .0                  .0
636.0               16.9435               1.2859                .2805                  636.0         .0            .0                  .0
598.0               17.5058               1.39                  .2757                  598.0         .0            .0                  .0
657.0               16.2036               1.306                 .2095                  657.0         .0            .0                  .0
628.0               16.6963               1.3679                .2173                  628.0         .0            .0                  .0
608.0               17.0378               1.3759                .2592                  608.0         .0            .0                  .0
628.0               16.399                1.2525                .3378                  628.0         .0            .0                  .0
652.0               16.0567               1.2943                .2321                  652.0         .0            .0                  .0
651.0               15.9387               1.2557                .2706                  651.0         .0            .0                  .0
620.0               17.1224               1.2921                .32                    620.0         .0            .0                  .0
661.0               16.2477               1.3029                .2038                  661.0         .0            .0                  .0
630.0               17.038                1.312                 .2663                  630.0         .0            .0                  .0
650.0               16.0538               1.2361                .297                   650.0         .0            .0                  .0
619.0               17.0                  1.3313                .2789                  619.0         .0            .0                  .0
598.0               17.0434               1.4986                .1638                  598.0         .0            .0                  .0
639.0               16.7609               1.2257                .3289                  639.0         .0            .0                  .0
590.0               18.1878               1.3131                .3824                  590.0         .0            .0                  .0
590.0               17.7631               1.5379                .1473                  590.0         .0            .0                  .0
665.0               15.9234               1.2887                .2072                  665.0         .0            .0                  .0
618.0               17.1309               1.3492                .2636                  618.0         .0            .0                  .0
665.0               16.2192               1.2314                .265                   665.0         .0            .0                  .0
610.0               16.9722               1.2752                .3556                  610.0         .0            .0                  .0
592.0               17.8516               1.4821                .1958                  592.0         .0            .0                  .0
642.0               16.2628               1.332                 .2236                  642.0         .0            .0                  .0
590.0               18.1049               1.4002                .2884                  590.0         .0            .0                  .0
623.0               16.891                1.4081                .1906                  623.0         .0            .0                  .0
600.0               17.3361               1.2274                .4303                  600.0         .0            .0                  .0
633.0               16.3265               1.323                 .2484                  633.0         .0            .0                  .0
638.0               16.5164               1.4503                .112                   638.0         .0            .0                  .0
608.0               17.2874               1.4165                .2161                  608.0         .0            .0                  .0
620.0               17.1272               1.3206                .2901                  620.0         .0            .0                  .0
602.0               18.0564               1.5033                .1538                  602.0         .0            .0                  .0
596.0               18.2496               1.3426                .3254                  596.0         .0            .0                  .0
641.0               16.6791               1.3578                .1972                  641.0         .0            .0                  .0
624.0               17.0816               1.4644                .1309                  624.0         .0            .0                  .0
628.0               17.0509               1.3435                .2413                  628.0         .0            .0                  .0
613.0               17.1743               1.4606                .1658                  613.0         .0            .0                  .0
622.0               16.9342               1.4226                .18                    622.0         .0            .0                  .0
607.0               17.4326               1.3931                .2388                  607.0         .0            .0                  .0
582.0               18.1252               1.3293                .3919                  582.0         .0            .0                  .0
608.0               17.3481               1.3893                .2475                  608.0         .0            .0                  .0
586.0               18.0869               1.3918                .3112                  586.0         .0            .0                  .0
632.0               16.6098               1.4182                .1506                  632.0         .0            .0                  .0
651.0               16.3021               1.2552                .2826                  651.0         .0            .0                  .0
610.0               17.3535               1.434                 .1913                  610.0         .0            .0                  .0
18.0                16.4444               1.5744                .3211                  17.0          .0            .0                  .0
Server 0, get requests: 0
Server 1, get requests: 0
Server 2, get requests: 0

Thread 7
Throughput          Waiting time          Service time          Time to parse          Sets          Gets          Multi-gets          Misses
360.0               17.9252               1.738                 .2692                  361.0         .0            .0                  .0
613.0               19.1417               1.326                 .286                   613.0         .0            .0                  .0
599.0               18.665                1.4028                .2562                  599.0         .0            .0                  .0
636.0               16.4427               1.351                 .2119                  636.0         .0            .0                  .0
647.0               16.8457               1.2345                .3031                  647.0         .0            .0                  .0
604.0               17.2843               1.4712                .168                   604.0         .0            .0                  .0
635.0               16.8192               1.2832                .2874                  635.0         .0            .0                  .0
636.0               16.7614               1.3232                .2412                  636.0         .0            .0                  .0
649.0               16.4615               1.3133                .2183                  649.0         .0            .0                  .0
598.0               17.9783               1.3095                .3536                  598.0         .0            .0                  .0
620.0               17.4332               1.4262                .1763                  620.0         .0            .0                  .0
545.0               18.0916               1.5411                .2835                  545.0         .0            .0                  .0
612.0               17.8483               1.4031                .224                   612.0         .0            .0                  .0
627.0               16.9076               1.3509                .2376                  627.0         .0            .0                  .0
623.0               17.3157               1.3348                .2636                  623.0         .0            .0                  .0
609.0               17.4738               1.4131                .2205                  609.0         .0            .0                  .0
633.0               17.0552               1.2877                .284                   633.0         .0            .0                  .0
616.0               17.6272               1.3184                .3007                  616.0         .0            .0                  .0
658.0               16.2716               1.2956                .2176                  658.0         .0            .0                  .0
639.0               16.8078               1.3523                .206                   639.0         .0            .0                  .0
604.0               17.0793               1.4169                .228                   604.0         .0            .0                  .0
621.0               16.4823               1.2347                .3737                  621.0         .0            .0                  .0
659.0               16.203                1.2787                .2255                  659.0         .0            .0                  .0
666.0               15.9445               1.2492                .2393                  666.0         .0            .0                  .0
634.0               17.1827               1.2918                .285                   634.0         .0            .0                  .0
655.0               16.4436               1.2855                .2358                  655.0         .0            .0                  .0
627.0               17.1624               1.3204                .2665                  627.0         .0            .0                  .0
662.0               16.0694               1.2189                .2857                  662.0         .0            .0                  .0
616.0               17.154                1.3345                .2841                  616.0         .0            .0                  .0
626.0               17.1738               1.3906                .1981                  626.0         .0            .0                  .0
639.0               16.9234               1.2574                .2966                  639.0         .0            .0                  .0
590.0               18.2132               1.3115                .3846                  590.0         .0            .0                  .0
605.0               17.6964               1.4773                .1689                  605.0         .0            .0                  .0
665.0               15.8874               1.3087                .187                   665.0         .0            .0                  .0
618.0               17.1858               1.3526                .2614                  618.0         .0            .0                  .0
646.0               16.3076               1.2938                .2463                  646.0         .0            .0                  .0
621.0               17.1206               1.2557                .3482                  621.0         .0            .0                  .0
591.0               17.9882               1.4998                .1807                  591.0         .0            .0                  .0
659.0               16.4076               1.2961                .221                   659.0         .0            .0                  .0
573.0               18.1568               1.4224                .3172                  573.0         .0            .0                  .0
622.0               17.0754               1.4288                .1721                  622.0         .0            .0                  .0
608.0               17.4959               1.3619                .2787                  608.0         .0            .0                  .0
652.0               16.5314               1.2965                .2301                  652.0         .0            .0                  .0
650.0               16.6912               1.3977                .1368                  650.0         .0            .0                  .0
611.0               17.3742               1.4243                .1996                  611.0         .0            .0                  .0
612.0               17.2741               1.3444                .2904                  612.0         .0            .0                  .0
581.0               18.1667               1.5773                .1386                  581.0         .0            .0                  .0
600.0               18.3411               1.3074                .3475                  600.0         .0            .0                  .0
638.0               16.7402               1.3962                .1657                  638.0         .0            .0                  .0
621.0               17.2186               1.4535                .1498                  621.0         .0            .0                  .0
627.0               17.1099               1.3622                .2248                  627.0         .0            .0                  .0
617.0               17.2184               1.4759                .1386                  617.0         .0            .0                  .0
624.0               17.248                1.4261                .1709                  624.0         .0            .0                  .0
617.0               17.4838               1.3831                .2255                  617.0         .0            .0                  .0
592.0               18.1973               1.3358                .3554                  592.0         .0            .0                  .0
608.0               17.4384               1.4187                .2177                  608.0         .0            .0                  .0
581.0               18.0859               1.407                 .3114                  581.0         .0            .0                  .0
631.0               16.7215               1.432                 .1383                  631.0         .0            .0                  .0
640.0               16.5148               1.2773                .288                   640.0         .0            .0                  .0
601.0               17.3804               1.4733                .1787                  601.0         .0            .0                  .0
16.0                16.6875               1.6946                .306                   15.0          .0            .0                  .0
Server 0, get requests: 0
Server 1, get requests: 0
Server 2, get requests: 0

Aggregated Statistics for a 1 seconds window of the entire middleware: 
Throughput          QueueLength          Waiting time          Service time          Time to parse          Sets          Gets          Multi-gets          Misses
2855.0              .0                   17.9539               1.6902                .4213                  2863.0        .0            .0                  .0
4404.0              88.0                 19.1471               1.5791                .3082                  4404.0        .0            .0                  .0
4522.0              87.0                 18.642                1.3633                .4012                  4522.0        .0            .0                  .0
5108.0              82.0                 16.4651               1.3294                .2283                  5108.0        .0            .0                  .0
5017.0              83.0                 16.9482               1.287                 124.5316               5017.0        .0            .0                  .0
4857.0              77.0                 17.2934               1.4469                .1858                  4857.0        .0            .0                  .0
5026.0              88.0                 16.8676               1.2406                124.9152               5026.0        .0            .0                  .0
5029.0              87.0                 16.6933               1.3539                .2274                  5029.0        .0            .0                  .0
5142.0              84.0                 16.4689               1.3324                .2146                  5142.0        .0            .0                  .0
4669.0              86.0                 18.0391               1.3086                .3959                  4669.0        .0            .0                  .0
4895.0              84.0                 17.2954               1.4316                .192                   4894.0        .0            .0                  .0
4643.0              83.0                 18.181                1.4283                .2892                  4644.0        .0            .0                  .0
4736.0              88.0                 17.7709               1.4186                .2656                  4736.0        .0            .0                  .0
5018.0              85.0                 16.8884               1.3663                .2203                  5018.0        .0            .0                  .0
4901.0              82.0                 17.2603               1.3488                .2759                  4901.0        .0            .0                  .0
4806.0              81.0                 17.4131               1.4134                .2436                  4806.0        .0            .0                  .0
5037.0              80.0                 16.965                1.2886                .293                   5037.0        .0            .0                  .0
4792.0              83.0                 17.5417               1.3683                .2956                  4792.0        .0            .0                  .0
5207.0              80.0                 16.2462               1.3097                .2201                  5207.0        .0            .0                  .0
5049.0              83.0                 16.7622               1.3517                .2259                  5049.0        .0            .0                  .0
4917.0              88.0                 17.1083               1.3837                .2338                  4917.0        .0            .0                  .0
5118.0              88.0                 16.557                1.1683                .3939                  5118.0        .0            .0                  .0
5212.0              80.0                 16.1349               1.2889                .2383                  5212.0        .0            .0                  .0
5255.0              88.0                 15.9848               1.2552                .2559                  5255.0        .0            .0                  .0
4909.0              88.0                 17.158                1.3014                .326                   4909.0        .0            .0                  .0
5190.0              81.0                 16.3181               1.3012                .2328                  5190.0        .0            .0                  .0
4946.0              82.0                 17.1337               1.3296                .279                   4946.0        .0            .0                  .0
5246.0              88.0                 16.0905               1.2328                .2868                  5246.0        .0            .0                  .0
4946.0              86.0                 17.0436               1.333                 .2793                  4946.0        .0            .0                  .0
4915.0              80.0                 17.1699               1.4146                .203                   4915.0        .0            .0                  .0
5016.0              88.0                 16.8697               1.2873                .2976                  5016.0        .0            .0                  .0
4673.0              88.0                 18.2321               1.3199                .3928                  4673.0        .0            .0                  .0
4749.0              87.0                 17.6811               1.5019                .1752                  4749.0        .0            .0                  .0
5295.0              80.0                 15.9829               1.307                 .1968                  5295.0        .0            .0                  .0
4911.0              88.0                 17.1907               1.3688                .255                   4911.0        .0            .0                  .0
5222.0              85.0                 16.2702               1.2543                .2722                  5222.0        .0            .0                  .0
4930.0              81.0                 17.0277               1.2567                .3594                  4930.0        .0            .0                  .0
4715.0              83.0                 17.9315               1.4965                .1891                  4715.0        .0            .0                  .0
5181.0              88.0                 16.3607               1.32                  .223                   5181.0        .0            .0                  .0
4655.0              87.0                 18.1302               1.4013                .3112                  4655.0        .0            .0                  .0
4961.0              83.0                 17.0295               1.4151                .1913                  4961.0        .0            .0                  .0
4848.0              87.0                 17.4074               1.3126                .3506                  4848.0        .0            .0                  .0
5118.0              84.0                 16.5024               1.328                 .2276                  5118.0        .0            .0                  .0
5086.0              88.0                 16.6305               1.4424                .1266                  5086.0        .0            .0                  .0
4873.0              80.0                 17.3176               1.4167                .2127                  4873.0        .0            .0                  .0
4900.0              88.0                 17.1956               1.332                 .301                   4900.0        .0            .0                  .0
4687.0              82.0                 18.0659               1.5461                .1558                  4687.0        .0            .0                  .0
4632.0              82.0                 18.2541               1.3623                .3653                  4632.0        .0            .0                  .0
5037.0              88.0                 16.7988               1.3841                .199                   5037.0        .0            .0                  .0
4920.0              87.0                 17.1525               1.4783                .1419                  4920.0        .0            .0                  .0
4956.0              83.0                 17.082                1.3761                .2306                  4956.0        .0            .0                  .0
4914.0              88.0                 17.1708               1.397                 .3742                  4913.0        .0            .0                  .0
4932.0              88.0                 17.1062               1.4414                .1746                  4933.0        .0            .0                  .0
4858.0              82.0                 17.4435               1.4039                .2291                  4858.0        .0            .0                  .0
4645.0              88.0                 18.2421               1.3225                .4025                  4645.0        .0            .0                  .0
4839.0              86.0                 17.4144               1.4092                .2363                  4839.0        .0            .0                  .0
4685.0              88.0                 18.1002               1.4009                .3034                  4685.0        .0            .0                  .0
5031.0              82.0                 16.7356               1.4008                .1749                  5031.0        .0            .0                  .0
5136.0              88.0                 16.4044               1.2692                .2908                  5136.0        .0            .0                  .0
4848.0              80.0                 17.39                 1.443                 .194                   4848.0        .0            .0                  .0
140.0               88.0                 16.8651               1.485                 .4021                  132.0         .0            .0                  .0
The following results are aggregated for all threads, normalized for one second
Throughput(ops/sec):  (avg)4815.74,  (std)220.94
QueueLength: (avg)73.7,  (std)25.8
WaitingTime(msec): (avg)17.1726,  (std).6717
ServiceTime(msec): (avg)1.3696,  (std).0768
ParseTime(msec): (avg)4.3448, (std)22.1522
Sets(ops/sec): 		 (avg)4815.74,  (std)220.93
Gets(ops/sec): 		 (avg).0,  (std).0
Multi-gets(ops/sec):  (avg).0,  (std).0
Misses(ops/sec):      (avg).0,  (std).0
Miss ratio: ?
Avg time between two tasks: .2984

Tot response time: average_waitingTime + average_serviceTime + average_parseTime + average_timeBetweenTwoTasks

max response time : 143.3218
min response time: 17.7849

17.7849:   ###########################################################
30.3386:   
42.8923:   
55.446:   
67.9997:   
80.5534:   
93.107:   
105.6607:   
118.2144:   
130.7681:   
143.3218:   ##
