
Thread 0
Throughput          Waiting time          Service time          Time to parse          Sets          Gets          Multi-gets          Misses
478.0               6.8873                1.44                  .0948                  479.0         .0            .0                  .0
923.0               19.4621               1.0145                .0422                  923.0         .0            .0                  .0
1026.0              19.1013               .9336                 .0256                  1026.0        .0            .0                  .0
972.0               22.4645               .9935                 .027                   972.0         .0            .0                  .0
1020.0              21.3389               .9422                 .0274                  1020.0        .0            .0                  .0
953.0               22.7484               1.0078                .0321                  953.0         .0            .0                  .0
982.0               22.6033               .9814                 .0279                  982.0         .0            .0                  .0
1017.0              21.7593               .9466                 .0281                  1017.0        .0            .0                  .0
1033.0              21.3433               .9363                 .0247                  1033.0        .0            .0                  .0
1023.0              21.8867               .946                  .0251                  1023.0        .0            .0                  .0
1053.0              20.9972               .919                  .0239                  1053.0        .0            .0                  .0
1011.0              22.0188               .96                   .0238                  1011.0        .0            .0                  .0
870.0               25.4145               1.1156                .0275                  870.0         .0            .0                  .0
1007.0              22.9673               .9611                 .0254                  1007.0        .0            .0                  .0
1075.0              20.6431               .8909                 .0256                  1075.0        .0            .0                  .0
953.0               23.4549               1.0281                .0236                  953.0         .0            .0                  .0
1032.0              21.393                .9394                 .0239                  1032.0        .0            .0                  .0
1000.0              21.7692               .9709                 .0229                  1000.0        .0            .0                  .0
866.0               25.9112               1.1237                .027                   866.0         .0            .0                  .0
963.0               23.084                1.0077                .025                   963.0         .0            .0                  .0
1018.0              21.7713               .9472                 .0297                  1018.0        .0            .0                  .0
910.0               24.5928               1.0708                .0225                  910.0         .0            .0                  .0
965.0               22.8665               1.0063                .0238                  965.0         .0            .0                  .0
944.0               23.7164               1.0306                .0236                  944.0         .0            .0                  .0
946.0               23.5576               1.0294                .0229                  946.0         .0            .0                  .0
1042.0              21.3653               .9293                 .0244                  1042.0        .0            .0                  .0
949.0               23.0905               1.0246                .0238                  949.0         .0            .0                  .0
1003.0              22.2351               .9679                 .0239                  1003.0        .0            .0                  .0
1035.0              21.3996               .9375                 .0229                  1035.0        .0            .0                  .0
957.0               23.1305               1.0148                .0232                  957.0         .0            .0                  .0
1007.0              22.2143               .9655                 .023                   1007.0        .0            .0                  .0
987.0               21.9828               .9814                 .0246                  987.0         .0            .0                  .0
1022.0              21.7361               .9488                 .0231                  1022.0        .0            .0                  .0
1009.0              22.1792               .9617                 .0235                  1009.0        .0            .0                  .0
1063.0              21.1325               .9122                 .0238                  1063.0        .0            .0                  .0
977.0               22.7413               .9929                 .0243                  977.0         .0            .0                  .0
1043.0              21.658                .9277                 .0256                  1043.0        .0            .0                  .0
1034.0              21.3855               .9381                 .0237                  1034.0        .0            .0                  .0
1014.0              21.7862               .9571                 .0229                  1014.0        .0            .0                  .0
991.0               22.2742               .9754                 .0295                  991.0         .0            .0                  .0
962.0               23.2866               1.0105                .0233                  962.0         .0            .0                  .0
966.0               23.1531               1.0064                .0236                  966.0         .0            .0                  .0
973.0               22.0862               .9965                 .0244                  973.0         .0            .0                  .0
1020.0              21.8266               .9519                 .0234                  1020.0        .0            .0                  .0
996.0               22.2839               .9729                 .0259                  996.0         .0            .0                  .0
1002.0              22.4357               .9676                 .0236                  1002.0        .0            .0                  .0
942.0               24.0944               1.0344                .0229                  942.0         .0            .0                  .0
938.0               23.4707               1.0328                .025                   938.0         .0            .0                  .0
1030.0              21.2958               .9432                 .0226                  1030.0        .0            .0                  .0
1085.0              20.5488               .8916                 .0238                  1085.0        .0            .0                  .0
990.0               22.6579               .9802                 .0239                  990.0         .0            .0                  .0
933.0               23.7559               1.0437                .0223                  933.0         .0            .0                  .0
1010.0              22.0208               .9625                 .0229                  1010.0        .0            .0                  .0
1052.0              21.1102               .9204                 .0242                  1052.0        .0            .0                  .0
1050.0              21.471                .9228                 .023                   1050.0        .0            .0                  .0
1003.0              22.2789               .9684                 .0231                  1003.0        .0            .0                  .0
909.0               24.7857               1.0706                .0239                  909.0         .0            .0                  .0
1036.0              21.5718               .9337                 .0268                  1036.0        .0            .0                  .0
1041.0              20.9722               .9304                 .0244                  1041.0        .0            .0                  .0
927.0               23.7328               1.0462                .0266                  927.0         .0            .0                  .0
971.0               14.8436               1.0011                .023                   971.0         .0            .0                  .0
538.0               1.9201                1.0192                .0242                  537.0         .0            .0                  .0
511.0               1.1507                1.1243                .0222                  511.0         .0            .0                  .0
26.0                .9231                 1.2362                .0242                  26.0          .0            .0                  .0
Server 0, get requests: 0

Thread 1
Throughput          Waiting time          Service time          Time to parse          Sets          Gets          Multi-gets          Misses
618.0               6.811                 1.0777                .081                   619.0         .0            .0                  .0
864.0               19.5225               1.0946                .0291                  864.0         .0            .0                  .0
1045.0              19.1874               .9192                 .0284                  1045.0        .0            .0                  .0
994.0               22.593                .9721                 .0258                  994.0         .0            .0                  .0
1054.0              21.4682               .9125                 .0279                  1054.0        .0            .0                  .0
969.0               23.0052               .9932                 .0291                  969.0         .0            .0                  .0
981.0               22.6456               .9817                 .0289                  981.0         .0            .0                  .0
1034.0              21.7971               .9299                 .0279                  1034.0        .0            .0                  .0
1050.0              21.4225               .9202                 .0248                  1050.0        .0            .0                  .0
1018.0              22.0128               .9497                 .0268                  1018.0        .0            .0                  .0
1056.0              21.0766               .9148                 .026                   1056.0        .0            .0                  .0
995.0               22.1084               .9743                 .0239                  995.0         .0            .0                  .0
850.0               25.6287               1.1412                .0289                  850.0         .0            .0                  .0
905.0               23.0254               1.0696                .0283                  905.0         .0            .0                  .0
1062.0              20.7197               .9024                 .0246                  1062.0        .0            .0                  .0
937.0               23.4531               1.0445                .0252                  937.0         .0            .0                  .0
1059.0              21.4547               .9131                 .025                   1059.0        .0            .0                  .0
1029.0              21.7951               .9418                 .0237                  1029.0        .0            .0                  .0
860.0               26.0511               1.1245                .0324                  860.0         .0            .0                  .0
961.0               23.1216               1.0086                .0258                  961.0         .0            .0                  .0
1009.0              21.8713               .9592                 .0265                  1009.0        .0            .0                  .0
911.0               24.7993               1.0688                .0231                  911.0         .0            .0                  .0
988.0               22.9029               .9819                 .0241                  988.0         .0            .0                  .0
947.0               23.7975               1.0268                .0239                  947.0         .0            .0                  .0
957.0               23.7015               1.0161                .023                   957.0         .0            .0                  .0
1049.0              21.4571               .9237                 .024                   1049.0        .0            .0                  .0
966.0               23.0734               1.0036                .0259                  966.0         .0            .0                  .0
1015.0              22.4045               .9562                 .0238                  1015.0        .0            .0                  .0
1065.0              21.5741               .91                   .0233                  1065.0        .0            .0                  .0
966.0               23.1396               1.0039                .0242                  966.0         .0            .0                  .0
1003.0              22.3516               .9693                 .0231                  1003.0        .0            .0                  .0
976.0               22.0788               .9925                 .0246                  976.0         .0            .0                  .0
1020.0              21.7493               .9519                 .0236                  1020.0        .0            .0                  .0
1010.0              22.2779               .9623                 .0223                  1010.0        .0            .0                  .0
1053.0              21.1366               .9204                 .0245                  1053.0        .0            .0                  .0
972.0               22.9168               .9986                 .0243                  972.0         .0            .0                  .0
1035.0              21.6959               .9336                 .027                   1035.0        .0            .0                  .0
1052.0              21.4378               .9214                 .0239                  1052.0        .0            .0                  .0
1018.0              21.8283               .9534                 .0226                  1018.0        .0            .0                  .0
1002.0              22.3051               .9703                 .0233                  1002.0        .0            .0                  .0
968.0               23.3983               1.0043                .023                   968.0         .0            .0                  .0
962.0               23.1994               1.0111                .0234                  962.0         .0            .0                  .0
995.0               22.255                .9703                 .0286                  995.0         .0            .0                  .0
1034.0              21.8947               .9381                 .0238                  1034.0        .0            .0                  .0
997.0               22.3006               .9717                 .0242                  997.0         .0            .0                  .0
980.0               22.527                .9874                 .026                   980.0         .0            .0                  .0
923.0               24.2597               1.0559                1.0433                 924.0         .0            .0                  .0
951.0               23.5504               1.0219                .0229                  950.0         .0            .0                  .0
1064.0              21.3822               .9107                 .0238                  1064.0        .0            .0                  .0
1071.0              20.625                .9044                 .0242                  1071.0        .0            .0                  .0
991.0               22.7742               .979                  .0245                  991.0         .0            .0                  .0
941.0               23.7187               1.0338                .023                   941.0         .0            .0                  .0
1007.0              22.0962               .9643                 .0239                  1007.0        .0            .0                  .0
1057.0              21.2051               .9165                 .0237                  1057.0        .0            .0                  .0
1040.0              21.5543               .9313                 .0238                  1040.0        .0            .0                  .0
1009.0              22.5089               .9631                 .0223                  1009.0        .0            .0                  .0
902.0               24.7918               1.0797                .023                   902.0         .0            .0                  .0
1024.0              21.6888               .9445                 .0272                  1024.0        .0            .0                  .0
1066.0              21.0122               .9087                 .0237                  1066.0        .0            .0                  .0
944.0               23.8635               1.0303                .0235                  944.0         .0            .0                  .0
994.0               14.9075               .9775                 .023                   994.0         .0            .0                  .0
507.0               2.1775                1.1129                .0231                  506.0         .0            .0                  .0
515.0               1.2175                1.1172                .0224                  515.0         .0            .0                  .0
27.0                1.2222                1.2058                .0237                  27.0          .0            .0                  .0
Server 0, get requests: 0

Thread 2
Throughput          Waiting time          Service time          Time to parse          Sets          Gets          Multi-gets          Misses
484.0               6.9093                1.4519                .0791                  485.0         .0            .0                  .0
910.0               19.4007               1.0476                .0344                  910.0         .0            .0                  .0
1033.0              19.0658               .9328                 .0265                  1033.0        .0            .0                  .0
986.0               22.461                .9786                 .0271                  986.0         .0            .0                  .0
1043.0              21.4492               .9223                 .0278                  1043.0        .0            .0                  .0
985.0               22.9138               .9771                 .0291                  985.0         .0            .0                  .0
982.0               22.5585               .9817                 .0279                  982.0         .0            .0                  .0
1021.0              21.7378               .943                  .0275                  1021.0        .0            .0                  .0
1026.0              21.3807               .9444                 .024                   1026.0        .0            .0                  .0
1022.0              21.8319               .9477                 .0248                  1022.0        .0            .0                  .0
1057.0              21.0047               .9157                 .0232                  1057.0        .0            .0                  .0
1016.0              22.0757               .9559                 .0234                  1016.0        .0            .0                  .0
881.0               25.3855               1.1046                .0244                  881.0         .0            .0                  .0
1009.0              23.0535               .9592                 .0254                  1009.0        .0            .0                  .0
1079.0              20.6278               .894                  .0249                  1079.0        .0            .0                  .0
929.0               23.4441               1.0457                .0261                  929.0         .0            .0                  .0
1027.0              21.3823               .94                   .0273                  1027.0        .0            .0                  .0
1015.0              21.7461               .9553                 .0234                  1015.0        .0            .0                  .0
876.0               25.8347               1.112                 .0243                  876.0         .0            .0                  .0
973.0               23.0195               .9957                 .025                   973.0         .0            .0                  .0
1026.0              21.7459               .9412                 .0265                  1026.0        .0            .0                  .0
895.0               24.6629               1.0833                .0272                  895.0         .0            .0                  .0
966.0               22.7559               1.0039                .0255                  966.0         .0            .0                  .0
938.0               23.6784               1.0355                .0244                  938.0         .0            .0                  .0
949.0               23.4989               1.0249                .0238                  949.0         .0            .0                  .0
1044.0              21.4163               .924                  .027                   1044.0        .0            .0                  .0
961.0               23.026                1.0105                .0242                  961.0         .0            .0                  .0
996.0               22.2197               .9716                 .0242                  996.0         .0            .0                  .0
1033.0              21.4758               .9363                 .0258                  1033.0        .0            .0                  .0
955.0               22.9195               1.0163                .0236                  955.0         .0            .0                  .0
1009.0              22.2812               .9606                 .024                   1009.0        .0            .0                  .0
1028.0              22.0185               .9403                 .0253                  1028.0        .0            .0                  .0
1015.0              21.749                .9563                 .0238                  1015.0        .0            .0                  .0
1003.0              22.1554               .9668                 .0237                  1003.0        .0            .0                  .0
1051.0              20.9857               .9177                 .0263                  1051.0        .0            .0                  .0
954.0               22.7225               1.0167                .0251                  954.0         .0            .0                  .0
1033.0              21.6344               .9385                 .0244                  1033.0        .0            .0                  .0
1029.0              21.3515               .9441                 .0228                  1029.0        .0            .0                  .0
1012.0              21.7542               .9597                 .0232                  1012.0        .0            .0                  .0
1010.0              22.2473               .9607                 .0238                  1010.0        .0            .0                  .0
943.0               23.2839               1.0311                .0235                  943.0         .0            .0                  .0
967.0               23.1054               1.0037                .0249                  967.0         .0            .0                  .0
989.0               22.0657               .9713                 .0317                  989.0         .0            .0                  .0
1033.0              21.8395               .9385                 .024                   1033.0        .0            .0                  .0
991.0               22.2571               .9819                 .0223                  991.0         .0            .0                  .0
987.0               22.504                .9826                 .0235                  987.0         .0            .0                  .0
926.0               24.0723               1.0506                1.0456                 927.0         .0            .0                  .0
943.0               23.4343               1.0305                .0233                  942.0         .0            .0                  .0
1044.0              21.3282               .9303                 .0225                  1044.0        .0            .0                  .0
1076.0              20.5497               .8975                 .0265                  1076.0        .0            .0                  .0
989.0               22.6364               .9817                 .024                   989.0         .0            .0                  .0
947.0               23.7289               1.0268                .0233                  947.0         .0            .0                  .0
1029.0              22.0175               .9437                 .0233                  1029.0        .0            .0                  .0
1037.0              21.0857               .9339                 .0246                  1037.0        .0            .0                  .0
1041.0              21.453                .9293                 .0234                  1041.0        .0            .0                  .0
1010.0              22.3531               .9627                 .0221                  1010.0        .0            .0                  .0
897.0               24.7984               1.0847                .023                   897.0         .0            .0                  .0
1035.0              21.5502               .9318                 .0265                  1035.0        .0            .0                  .0
1074.0              20.9507               .9042                 .0248                  1074.0        .0            .0                  .0
926.0               23.5976               1.0498                .0239                  926.0         .0            .0                  .0
977.0               14.8364               .9933                 .0244                  977.0         .0            .0                  .0
545.0               1.9083                1.0279                .0241                  544.0         .0            .0                  .0
503.0               1.169                 1.1406                .0227                  503.0         .0            .0                  .0
27.0                1.2222                1.2275                .0234                  27.0          .0            .0                  .0
Server 0, get requests: 0

Thread 3
Throughput          Waiting time          Service time          Time to parse          Sets          Gets          Multi-gets          Misses
638.0               6.9108                1.0774                .0493                  639.0         .0            .0                  .0
885.0               19.1637               1.0679                .0342                  885.0         .0            .0                  .0
1045.0              19.2247               .9225                 .0258                  1045.0        .0            .0                  .0
993.0               22.5523               .9722                 .0263                  993.0         .0            .0                  .0
1032.0              21.4521               .9329                 .0275                  1032.0        .0            .0                  .0
947.0               22.9441               1.0116                .0302                  947.0         .0            .0                  .0
988.0               22.5511               .9768                 .0279                  988.0         .0            .0                  .0
1028.0              21.7862               .9363                 .0278                  1028.0        .0            .0                  .0
1041.0              21.3033               .9262                 .0267                  1041.0        .0            .0                  .0
1020.0              21.9687               .9489                 .025                   1020.0        .0            .0                  .0
1051.0              21.0409               .9216                 .0239                  1051.0        .0            .0                  .0
996.0               22.0351               .9736                 .0243                  996.0         .0            .0                  .0
883.0               25.4276               1.0998                .0263                  883.0         .0            .0                  .0
996.0               23.0391               .965                  .0321                  996.0         .0            .0                  .0
1046.0              20.6781               .917                  .0244                  1046.0        .0            .0                  .0
964.0               23.5347               1.011                 .0276                  964.0         .0            .0                  .0
1056.0              21.4153               .9175                 .0238                  1056.0        .0            .0                  .0
1030.0              21.8283               .9428                 .0226                  1030.0        .0            .0                  .0
866.0               25.8939               1.1271                .0233                  866.0         .0            .0                  .0
981.0               23.1151               .9888                 .0249                  981.0         .0            .0                  .0
1011.0              21.8063               .9572                 .0265                  1011.0        .0            .0                  .0
913.0               24.7746               1.066                 .0234                  913.0         .0            .0                  .0
969.0               22.866                1.0037                .0229                  969.0         .0            .0                  .0
945.0               23.7273               1.0296                .0232                  945.0         .0            .0                  .0
928.0               23.6222               1.0473                .0243                  928.0         .0            .0                  .0
1037.0              21.4239               .9356                 .0235                  1037.0        .0            .0                  .0
972.0               23.0555               .9991                 .024                   972.0         .0            .0                  .0
964.0               22.2539               1.0086                .0236                  964.0         .0            .0                  .0
1053.0              21.4934               .9196                 .0247                  1053.0        .0            .0                  .0
967.0               23.2014               .9988                 .0289                  967.0         .0            .0                  .0
1001.0              22.3124               .9711                 .0232                  1001.0        .0            .0                  .0
1049.0              22.0171               .9219                 .0243                  1049.0        .0            .0                  .0
1031.0              21.7723               .9432                 .0226                  1031.0        .0            .0                  .0
1006.0              22.2502               .964                  .0241                  1006.0        .0            .0                  .0
1060.0              21.0575               .9149                 .0239                  1060.0        .0            .0                  .0
968.0               22.8617               1.0034                .0237                  968.0         .0            .0                  .0
1019.0              21.6069               .9486                 .0272                  1019.0        .0            .0                  .0
1026.0              21.4343               .9472                 .0226                  1026.0        .0            .0                  .0
1021.0              21.7975               .952                  .0224                  1021.0        .0            .0                  .0
995.0               22.3082               .9768                 .0231                  995.0         .0            .0                  .0
963.0               23.221                1.0094                .0232                  963.0         .0            .0                  .0
963.0               23.194                1.0096                .0235                  963.0         .0            .0                  .0
1019.0              22.1186               .9508                 .0248                  1019.0        .0            .0                  .0
1022.0              21.8749               .9496                 .0237                  1022.0        .0            .0                  .0
995.0               22.3143               .973                  .0259                  995.0         .0            .0                  .0
1000.0              22.5145               .9705                 .0234                  1000.0        .0            .0                  .0
920.0               24.1726               1.0583                1.0424                 921.0         .0            .0                  .0
957.0               23.4864               1.0151                .0233                  956.0         .0            .0                  .0
1047.0              21.374                .9276                 .0225                  1047.0        .0            .0                  .0
1068.0              20.5678               .907                  .024                   1068.0        .0            .0                  .0
983.0               22.6331               .9876                 .0242                  983.0         .0            .0                  .0
948.0               23.7208               1.0258                .0233                  948.0         .0            .0                  .0
1015.0              22.1545               .9586                 .0219                  1015.0        .0            .0                  .0
1064.0              21.1221               .9102                 .0238                  1064.0        .0            .0                  .0
1047.0              21.5134               .9261                 .0229                  1047.0        .0            .0                  .0
977.0               22.4397               .9938                 .0239                  977.0         .0            .0                  .0
899.0               24.7589               1.0847                .0223                  899.0         .0            .0                  .0
1026.0              21.5735               .9426                 .0271                  1026.0        .0            .0                  .0
1040.0              20.9529               .9307                 .025                   1040.0        .0            .0                  .0
931.0               23.6717               1.0457                .0227                  931.0         .0            .0                  .0
967.0               14.8523               1.0045                .024                   967.0         .0            .0                  .0
500.0               1.934                 1.1431                .0224                  499.0         .0            .0                  .0
524.0               1.2405                1.1321                .0206                  524.0         .0            .0                  .0
27.0                1.1111                1.2196                .022                   27.0          .0            .0                  .0
Server 0, get requests: 0

Thread 4
Throughput          Waiting time          Service time          Time to parse          Sets          Gets          Multi-gets          Misses
602.0               6.6816                1.1691                .0542                  603.0         .0            .0                  .0
852.0               19.442                1.0957                .0424                  852.0         .0            .0                  .0
1041.0              19.0537               .9233                 .0274                  1041.0        .0            .0                  .0
977.0               22.3988               .9885                 .0267                  977.0         .0            .0                  .0
1018.0              21.3611               .9456                 .0285                  1018.0        .0            .0                  .0
968.0               22.8782               .9912                 .031                   968.0         .0            .0                  .0
973.0               22.5195               .9908                 .0281                  973.0         .0            .0                  .0
1045.0              21.6807               .9213                 .027                   1045.0        .0            .0                  .0
1038.0              21.256                .9283                 .0268                  1038.0        .0            .0                  .0
1012.0              21.769                .9508                 .0287                  1012.0        .0            .0                  .0
1058.0              20.8971               .9106                 .0256                  1058.0        .0            .0                  .0
1005.0              21.9592               .9652                 .0242                  1005.0        .0            .0                  .0
853.0               25.4742               1.1409                .025                   853.0         .0            .0                  .0
896.0               22.9866               1.0824                .0257                  896.0         .0            .0                  .0
1064.0              20.5681               .901                  .0249                  1064.0        .0            .0                  .0
964.0               23.4943               1.0135                .0257                  964.0         .0            .0                  .0
1021.0              21.3738               .9458                 .0263                  1021.0        .0            .0                  .0
1023.0              21.6846               .9462                 .0239                  1023.0        .0            .0                  .0
862.0               25.9108               1.1274                .9702                  863.0         .0            .0                  .0
963.0               23.0353               1.0083                .0246                  962.0         .0            .0                  .0
1012.0              21.7828               .9555                 .0263                  1012.0        .0            .0                  .0
902.0               24.7287               1.0767                .0251                  902.0         .0            .0                  .0
974.0               22.8154               .998                  .0238                  974.0         .0            .0                  .0
947.0               23.673                1.0276                .023                   947.0         .0            .0                  .0
953.0               23.4948               1.0212                .023                   953.0         .0            .0                  .0
1040.0              21.3516               .9313                 .0238                  1040.0        .0            .0                  .0
965.0               22.9979               1.0054                .0251                  965.0         .0            .0                  .0
991.0               22.2238               .976                  .0273                  991.0         .0            .0                  .0
1051.0              21.4629               .9218                 .024                   1051.0        .0            .0                  .0
961.0               22.9615               1.0098                .024                   961.0         .0            .0                  .0
988.0               22.1567               .9783                 .0233                  988.0         .0            .0                  .0
971.0               21.9763               .994                  .0249                  971.0         .0            .0                  .0
1017.0              21.7102               .955                  .0232                  1017.0        .0            .0                  .0
1005.0              22.1412               .9657                 .0239                  1005.0        .0            .0                  .0
1053.0              20.9753               .9182                 .024                   1053.0        .0            .0                  .0
980.0               22.7584               .993                  .0238                  980.0         .0            .0                  .0
1036.0              21.5497               .9355                 .0246                  1036.0        .0            .0                  .0
1047.0              21.312                .9266                 .0231                  1047.0        .0            .0                  .0
1019.0              21.6775               .9537                 .0227                  1019.0        .0            .0                  .0
998.0               22.2092               .9728                 .0235                  998.0         .0            .0                  .0
951.0               23.2353               1.023                 .0228                  951.0         .0            .0                  .0
973.0               23.116                .9986                 .0235                  973.0         .0            .0                  .0
992.0               22.0816               .9721                 .0264                  992.0         .0            .0                  .0
1025.0              21.7183               .9493                 .0239                  1025.0        .0            .0                  .0
995.0               22.1837               .9767                 .0234                  995.0         .0            .0                  .0
980.0               22.4312               .9898                 .0232                  980.0         .0            .0                  .0
933.0               24.091                1.0425                .0242                  933.0         .0            .0                  .0
944.0               23.4116               1.0263                .0274                  944.0         .0            .0                  .0
1054.0              21.2398               .9197                 .0233                  1054.0        .0            .0                  .0
1059.0              20.4802               .9151                 .0237                  1059.0        .0            .0                  .0
986.0               22.5309               .984                  .0247                  986.0         .0            .0                  .0
943.0               23.5445               1.0314                .0234                  943.0         .0            .0                  .0
1020.0              22.0137               .9511                 .0234                  1020.0        .0            .0                  .0
1035.0              21.055                .9374                 .0237                  1035.0        .0            .0                  .0
1032.0              21.4327               .9389                 .0233                  1032.0        .0            .0                  .0
1008.0              22.2329               .9639                 .0228                  1008.0        .0            .0                  .0
896.0               24.6934               1.0873                .0229                  896.0         .0            .0                  .0
1048.0              21.5596               .9243                 .0258                  1048.0        .0            .0                  .0
1067.0              20.9007               .9069                 .0244                  1067.0        .0            .0                  .0
939.0               23.6883               1.0354                .0232                  939.0         .0            .0                  .0
987.0               14.7601               .9842                 .0234                  987.0         .0            .0                  .0
490.0               1.7816                1.145                 .0342                  489.0         .0            .0                  .0
503.0               1.1551                1.1431                .0231                  503.0         .0            .0                  .0
25.0                1.12                  1.1011                .0262                  25.0          .0            .0                  .0
Server 0, get requests: 0

Thread 5
Throughput          Waiting time          Service time          Time to parse          Sets          Gets          Multi-gets          Misses
623.0               6.7965                1.1116                .0711                  624.0         .0            .0                  .0
615.0               19.2825               1.5439                .0294                  615.0         .0            .0                  .0
790.0               19.3097               1.2324                .0268                  790.0         .0            .0                  .0
972.0               22.6218               .9918                 .029                   972.0         .0            .0                  .0
1020.0              21.5005               .9449                 .0274                  1020.0        .0            .0                  .0
987.0               22.9727               .9715                 .0307                  987.0         .0            .0                  .0
972.0               22.5211               .9932                 .0287                  972.0         .0            .0                  .0
920.0               21.721                1.0457                .0266                  920.0         .0            .0                  .0
1039.0              21.3731               .931                  .0247                  1039.0        .0            .0                  .0
1020.0              21.9305               .9495                 .0253                  1020.0        .0            .0                  .0
1057.0              20.9849               .916                  .0241                  1057.0        .0            .0                  .0
1008.0              22.0456               .9623                 .0236                  1008.0        .0            .0                  .0
863.0               25.5116               1.1265                .0257                  863.0         .0            .0                  .0
983.0               22.9939               .9846                 .0262                  983.0         .0            .0                  .0
1069.0              20.6748               .8949                 .0262                  1069.0        .0            .0                  .0
971.0               23.6049               1.008                 .0242                  971.0         .0            .0                  .0
1014.0              21.4049               .9549                 .0248                  1014.0        .0            .0                  .0
986.0               21.8987               .9823                 .0253                  986.0         .0            .0                  .0
861.0               26.0348               1.1301                .0248                  861.0         .0            .0                  .0
965.0               23.1667               1.0063                .0247                  965.0         .0            .0                  .0
1024.0              21.799                .9438                 .0267                  1024.0        .0            .0                  .0
904.0               24.7326               1.0752                .0241                  904.0         .0            .0                  .0
974.0               22.9077               .9939                 .0252                  974.0         .0            .0                  .0
939.0               23.7904               1.0312                .0258                  939.0         .0            .0                  .0
955.0               23.5335               1.0102                .0275                  955.0         .0            .0                  .0
1037.0              21.4595               .9347                 .0243                  1037.0        .0            .0                  .0
943.0               23.0042               1.0309                .0241                  943.0         .0            .0                  .0
1002.0              22.2851               .967                  .0248                  1002.0        .0            .0                  .0
1007.0              21.4315               .9639                 .0243                  1007.0        .0            .0                  .0
960.0               23.1259               1.0101                .0247                  960.0         .0            .0                  .0
1008.0              22.3271               .9646                 .0232                  1008.0        .0            .0                  .0
1025.0              22.0224               .944                  .0243                  1025.0        .0            .0                  .0
1013.0              21.8037               .9586                 .0238                  1013.0        .0            .0                  .0
1000.0              22.2837               .9716                 .0225                  1000.0        .0            .0                  .0
1048.0              21.0267               .9256                 .0234                  1048.0        .0            .0                  .0
975.0               22.8863               .9947                 .0239                  975.0         .0            .0                  .0
1014.0              21.668                .9561                 .0248                  1014.0        .0            .0                  .0
1029.0              21.3777               .9442                 .0225                  1029.0        .0            .0                  .0
1021.0              21.8131               .9508                 .0228                  1022.0        .0            .0                  .0
996.0               22.3434               .9728                 .0261                  995.0         .0            .0                  .0
962.0               23.2575               1.0111                .0231                  962.0         .0            .0                  .0
969.0               23.1629               1.0038                .0227                  969.0         .0            .0                  .0
1007.0              22.1736               .9627                 .0248                  1007.0        .0            .0                  .0
1016.0              21.8682               .9552                 .0235                  1016.0        .0            .0                  .0
985.0               22.2972               .9877                 .0225                  985.0         .0            .0                  .0
996.0               22.4995               .9742                 .0229                  996.0         .0            .0                  .0
917.0               24.2407               1.0632                1.0551                 918.0         .0            .0                  .0
966.0               23.5295               1.0063                .0224                  965.0         .0            .0                  .0
1049.0              21.3152               .9253                 .0227                  1049.0        .0            .0                  .0
1073.0              20.5382               .9009                 .0252                  1073.0        .0            .0                  .0
972.0               22.7276               .9975                 .0259                  972.0         .0            .0                  .0
949.0               23.7874               1.0255                .0226                  949.0         .0            .0                  .0
1024.0              22.1015               .9481                 .0228                  1024.0        .0            .0                  .0
1060.0              21.132                .9149                 .0236                  1060.0        .0            .0                  .0
1029.0              21.534                .9327                 .0231                  1029.0        .0            .0                  .0
984.0               22.397                .9877                 .023                   984.0         .0            .0                  .0
902.0               24.7519               1.0808                .0227                  902.0         .0            .0                  .0
1031.0              21.6008               .9388                 .0268                  1031.0        .0            .0                  .0
1050.0              21.0124               .923                  .0235                  1050.0        .0            .0                  .0
938.0               23.6944               1.0366                .0239                  938.0         .0            .0                  .0
974.0               14.8974               .9983                 .0229                  974.0         .0            .0                  .0
523.0               1.9178                1.1245                .0223                  522.0         .0            .0                  .0
526.0               1.2738                1.1246                .0218                  526.0         .0            .0                  .0
26.0                1.1538                1.2446                .0395                  26.0          .0            .0                  .0
Server 0, get requests: 0

Thread 6
Throughput          Waiting time          Service time          Time to parse          Sets          Gets          Multi-gets          Misses
651.0               6.8788                1.0446                .0516                  652.0         .0            .0                  .0
1098.0              19.2939               .8545                 .027                   1098.0        .0            .0                  .0
1057.0              19.1144               .9042                 .026                   1057.0        .0            .0                  .0
993.0               22.5181               .9718                 .0267                  993.0         .0            .0                  .0
1025.0              21.5146               .9376                 .0292                  1025.0        .0            .0                  .0
990.0               23.0192               .9711                 .0303                  990.0         .0            .0                  .0
992.0               22.6153               .9719                 .0272                  992.0         .0            .0                  .0
1070.0              21.8077               .8983                 .0275                  1070.0        .0            .0                  .0
1067.0              21.3736               .9045                 .0256                  1067.0        .0            .0                  .0
1013.0              21.997                .9564                 .025                   1013.0        .0            .0                  .0
1067.0              21.0066               .9056                 .0237                  1067.0        .0            .0                  .0
1009.0              21.9842               .9596                 .0253                  1009.0        .0            .0                  .0
892.0               25.4143               1.0896                .0252                  892.0         .0            .0                  .0
987.0               23.082                .9772                 .0258                  987.0         .0            .0                  .0
1066.0              20.5951               .8976                 .027                   1066.0        .0            .0                  .0
990.0               23.6246               .9872                 .0242                  990.0         .0            .0                  .0
1060.0              21.4345               .9122                 .0248                  1060.0        .0            .0                  .0
1039.0              21.9183               .9328                 .0238                  1039.0        .0            .0                  .0
865.0               25.9746               1.1268                .0242                  865.0         .0            .0                  .0
978.0               23.0347               .9916                 .0243                  978.0         .0            .0                  .0
1018.0              21.894                .9486                 .027                   1018.0        .0            .0                  .0
914.0               24.4754               1.0617                .024                   914.0         .0            .0                  .0
992.0               22.863                .977                  .025                   992.0         .0            .0                  .0
949.0               23.7368               1.0248                .0237                  949.0         .0            .0                  .0
958.0               23.5172               1.0141                .0245                  958.0         .0            .0                  .0
1044.0              21.4766               .731                  .2205                  1044.0        .0            .0                  .0
991.0               23.1532               .9794                 .0242                  991.0         .0            .0                  .0
1012.0              22.2192               .9582                 .0241                  1012.0        .0            .0                  .0
1045.0              21.5382               .928                  .024                   1045.0        .0            .0                  .0
983.0               23.0122               .9854                 .0247                  983.0         .0            .0                  .0
1021.0              22.3474               .9503                 .0244                  1021.0        .0            .0                  .0
1037.0              21.9913               .9319                 .0253                  1037.0        .0            .0                  .0
1066.0              21.85                 .9093                 .0236                  1066.0        .0            .0                  .0
1010.0              22.2582               .9612                 .023                   1010.0        .0            .0                  .0
1052.0              21.1083               .92                   .0235                  1052.0        .0            .0                  .0
972.0               22.8479               .9914                 .0334                  972.0         .0            .0                  .0
1027.0              21.7179               .9445                 .0241                  1027.0        .0            .0                  .0
1054.0              21.4218               .9201                 .0225                  1054.0        .0            .0                  .0
1033.0              21.7921               1.2418                -.2795                 1033.0        .0            .0                  .0
1024.0              22.3161               .9462                 .0259                  1024.0        .0            .0                  .0
983.0               23.3018               .9878                 .0232                  983.0         .0            .0                  .0
978.0               23.2206               .9904                 .027                   978.0         .0            .0                  .0
1013.0              22.0444               .9524                 .0259                  1013.0        .0            .0                  .0
1040.0              21.8684               .9346                 .0241                  1040.0        .0            .0                  .0
1023.0              22.3467               .9501                 .0225                  1023.0        .0            .0                  .0
1011.0              22.5761               .9588                 .0232                  1011.0        .0            .0                  .0
942.0               24.2344               1.034                 1.0529                 943.0         .0            .0                  .0
950.0               23.5258               1.0233                .0228                  949.0         .0            .0                  .0
1052.0              21.3162               .9213                 .0238                  1052.0        .0            .0                  .0
1124.0              20.6071               .862                  .0224                  1124.0        .0            .0                  .0
989.0               22.7051               .9752                 .0241                  989.0         .0            .0                  .0
959.0               23.7094               1.0136                .0233                  959.0         .0            .0                  .0
1006.0              22.0328               .9651                 .0242                  1006.0        .0            .0                  .0
1067.0              21.1292               .9068                 .0243                  1067.0        .0            .0                  .0
1024.0              21.4254               .9469                 .0231                  1024.0        .0            .0                  .0
1000.0              22.4286               .9714                 .023                   1000.0        .0            .0                  .0
904.0               24.768                1.0774                .0227                  904.0         .0            .0                  .0
1035.0              21.6535               .9366                 .0251                  1035.0        .0            .0                  .0
1073.0              20.9609               .9019                 .0243                  1073.0        .0            .0                  .0
961.0               23.8565               1.0115                .0238                  961.0         .0            .0                  .0
965.0               14.824                1.0069                .0234                  965.0         .0            .0                  .0
556.0               2.1763                1.0158                .0216                  555.0         .0            .0                  .0
524.0               1.2347                1.1156                .0218                  524.0         .0            .0                  .0
28.0                1.1429                1.2023                .0204                  28.0          .0            .0                  .0
Server 0, get requests: 0

Thread 7
Throughput          Waiting time          Service time          Time to parse          Sets          Gets          Multi-gets          Misses
655.0               6.9497                1.0563                .0466                  656.0         .0            .0                  .0
978.0               19.6466               .9635                 .0286                  978.0         .0            .0                  .0
1049.0              19.1124               .9072                 .0371                  1049.0        .0            .0                  .0
959.0               22.5125               1.0076                .0267                  959.0         .0            .0                  .0
1015.0              21.3711               .9505                 .0269                  1015.0        .0            .0                  .0
988.0               22.9889               .9732                 .0289                  988.0         .0            .0                  .0
1000.0              22.6773               .9632                 .0284                  1000.0        .0            .0                  .0
1027.0              21.7792               .9358                 .0291                  1027.0        .0            .0                  .0
1034.0              21.3256               .9338                 .0255                  1034.0        .0            .0                  .0
1023.0              21.8428               .947                  .0249                  1023.0        .0            .0                  .0
1054.0              21.0275               .9178                 .0247                  1054.0        .0            .0                  .0
1016.0              22.0836               .9551                 .0231                  1016.0        .0            .0                  .0
880.0               25.4347               1.0995                .0281                  880.0         .0            .0                  .0
982.0               22.9552               .9868                 .0251                  982.0         .0            .0                  .0
1053.0              20.648                .9104                 .0247                  1053.0        .0            .0                  .0
958.0               23.5819               1.0203                .0257                  958.0         .0            .0                  .0
1046.0              21.405                .9257                 .0241                  1046.0        .0            .0                  .0
1009.0              21.8693               .9599                 .0243                  1009.0        .0            .0                  .0
875.0               25.9486               1.1144                -.1444                 875.0         .0            .0                  .0
973.0               23.1345               .9927                 .0286                  973.0         .0            .0                  .0
1013.0              21.8501               .9553                 .0256                  1013.0        .0            .0                  .0
907.0               24.7852               1.0736                .0227                  907.0         .0            .0                  .0
961.0               22.9044               1.0094                .0248                  961.0         .0            .0                  .0
929.0               23.6892               1.0399                .0308                  929.0         .0            .0                  .0
950.0               23.5563               1.0224                .0239                  950.0         .0            .0                  .0
1033.0              21.413                .9361                 .0262                  1033.0        .0            .0                  .0
949.0               23.0337               1.0198                .026                   949.0         .0            .0                  .0
1022.0              22.2972               .9483                 .0248                  1022.0        .0            .0                  .0
1037.0              21.4961               .9361                 .0231                  1037.0        .0            .0                  .0
968.0               23.0547               .9978                 .0284                  968.0         .0            .0                  .0
1011.0              22.2223               .9622                 .0227                  1011.0        .0            .0                  .0
1014.0              22.068                .9551                 .0242                  1014.0        .0            .0                  .0
1010.0              21.7824               .963                  .0227                  1010.0        .0            .0                  .0
1005.0              22.2157               .9664                 .0227                  1005.0        .0            .0                  .0
1073.0              21.0866               .9038                 .0234                  1073.0        .0            .0                  .0
982.0               22.9613               .9878                 .0232                  982.0         .0            .0                  .0
1016.0              21.7158               .9533                 .0257                  1016.0        .0            .0                  .0
1037.0              21.341                .9348                 .0245                  1037.0        .0            .0                  .0
1025.0              21.7602               .9474                 .329                   1026.0        .0            .0                  .0
994.0               22.3421               .9768                 .0239                  993.0         .0            .0                  .0
927.0               23.2726               1.0491                .0245                  927.0         .0            .0                  .0
955.0               23.1328               1.0176                .0226                  955.0         .0            .0                  .0
1003.0              22.0627               .967                  .0238                  1003.0        .0            .0                  .0
1011.0              21.7619               .961                  .0236                  1011.0        .0            .0                  .0
991.0               22.3024               .9811                 .0228                  991.0         .0            .0                  .0
979.0               22.5724               .9901                 .0244                  979.0         .0            .0                  .0
921.0               24.1768               1.0553                .0233                  921.0         .0            .0                  .0
932.0               23.4716               1.0409                .0265                  932.0         .0            .0                  .0
1034.0              21.3324               .9389                 .0232                  1034.0        .0            .0                  .0
1074.0              20.5386               .9031                 .0232                  1074.0        .0            .0                  .0
956.0               22.6374               1.0105                .0297                  956.0         .0            .0                  .0
918.0               23.654                1.0612                .0226                  918.0         .0            .0                  .0
988.0               22.0688               .9845                 .0231                  988.0         .0            .0                  .0
1047.0              21.1212               .9238                 .0237                  1047.0        .0            .0                  .0
1034.0              21.4831               .9375                 .0232                  1034.0        .0            .0                  .0
994.0               22.4734               .9772                 .0233                  994.0         .0            .0                  .0
898.0               24.6852               1.0851                .0223                  898.0         .0            .0                  .0
1005.0              21.6139               .9654                 .0233                  1004.0        .0            .0                  .0
1066.0              20.9644               .9079                 .027                   1067.0        .0            .0                  .0
942.0               23.8473               1.0344                .022                   942.0         .0            .0                  .0
974.0               14.8246               .9958                 .0226                  974.0         .0            .0                  .0
532.0               1.703                 1.0703                .0226                  531.0         .0            .0                  .0
523.0               1.2333                1.1093                .0215                  523.0         .0            .0                  .0
25.0                1.28                  1.3596                .022                   25.0          .0            .0                  .0
Server 0, get requests: 0

Aggregated Statistics for a 1 seconds window of the entire middleware: 
Throughput          QueueLength          Waiting time          Service time          Time to parse          Sets          Gets          Multi-gets          Misses
4749.0              .0                   6.8531                1.1786                .066                   4757.0        .0            .0                  .0
7125.0              52.0                 19.4017               1.0853                .0334                  7125.0        .0            .0                  .0
8086.0              156.0                19.1462               .9594                 .0279                  8086.0        .0            .0                  .0
7846.0              161.0                22.5152               .9845                 .0269                  7846.0        .0            .0                  .0
8227.0              183.0                21.432                .936                  .0278                  8227.0        .0            .0                  .0
7787.0              176.0                22.9338               .9871                 .0302                  7787.0        .0            .0                  .0
7870.0              176.0                22.5865               .9801                 .0281                  7870.0        .0            .0                  .0
8162.0              172.0                21.7586               .9446                 .0277                  8162.0        .0            .0                  .0
8328.0              181.0                21.3473               .9281                 .0254                  8328.0        .0            .0                  .0
8151.0              183.0                21.9049               .9495                 .0257                  8151.0        .0            .0                  .0
8453.0              176.0                21.0044               .9151                 .0244                  8453.0        .0            .0                  .0
8056.0              180.0                22.0388               .9632                 .024                   8056.0        .0            .0                  .0
6972.0              176.0                25.4614               1.1147                .0264                  6972.0        .0            .0                  .0
7765.0              176.0                23.0129               .9982                 .0267                  7765.0        .0            .0                  .0
8514.0              182.0                20.6443               .901                  .0253                  8514.0        .0            .0                  .0
7666.0              184.0                23.5241               1.0198                .0253                  7666.0        .0            .0                  .0
8315.0              182.0                21.4079               .9311                 .025                   8315.0        .0            .0                  .0
8131.0              182.0                21.8137               .954                  .0238                  8131.0        .0            .0                  .0
6931.0              184.0                25.9449               1.1233                .1227                  6932.0        .0            .0                  .0
7757.0              179.0                23.0889               1.0                   .0254                  7756.0        .0            .0                  .0
8131.0              171.0                21.8151               .951                  .0269                  8131.0        .0            .0                  .0
7256.0              176.0                24.6939               1.072                 .024                   7256.0        .0            .0                  .0
7789.0              181.0                22.8602               .9967                 .0244                  7789.0        .0            .0                  .0
7538.0              183.0                23.7261               1.0308                .0248                  7538.0        .0            .0                  .0
7596.0              179.0                23.5602               1.0232                .0241                  7596.0        .0            .0                  .0
8326.0              179.0                21.4204               .9057                 .0492                  8326.0        .0            .0                  .0
7696.0              181.0                23.0543               1.0092                .0247                  7696.0        .0            .0                  .0
8005.0              176.0                22.2673               .9692                 .0246                  8005.0        .0            .0                  .0
8326.0              178.0                21.484                .9317                 .024                   8326.0        .0            .0                  .0
7717.0              175.0                23.0682               1.0046                .0252                  7717.0        .0            .0                  .0
8048.0              184.0                22.2766               .9652                 .0234                  8048.0        .0            .0                  .0
8087.0              181.0                22.0194               .9576                 .0247                  8087.0        .0            .0                  .0
8194.0              184.0                21.7691               .9483                 .0233                  8194.0        .0            .0                  .0
8048.0              175.0                22.2202               .965                  .0232                  8048.0        .0            .0                  .0
8453.0              182.0                21.0637               .9166                 .0241                  8453.0        .0            .0                  .0
7780.0              174.0                22.837                .9973                 .0252                  7780.0        .0            .0                  .0
8223.0              184.0                21.6558               .9422                 .0254                  8223.0        .0            .0                  .0
8308.0              182.0                21.3827               .9346                 .0232                  8308.0        .0            .0                  .0
8163.0              177.0                21.7761               .9895                 .0232                  8165.0        .0            .0                  .0
8010.0              175.0                22.2932               .969                  .0249                  8008.0        .0            .0                  .0
7659.0              178.0                23.2821               1.0158                .0233                  7659.0        .0            .0                  .0
7733.0              177.0                23.1605               1.0052                .0239                  7733.0        .0            .0                  .0
7991.0              179.0                22.111                .9679                 .0263                  7991.0        .0            .0                  .0
8201.0              177.0                21.8316               .9473                 .0238                  8201.0        .0            .0                  .0
7973.0              178.0                22.2857               .9744                 .0237                  7973.0        .0            .0                  .0
7935.0              177.0                22.5076               .9776                 .0238                  7935.0        .0            .0                  .0
7424.0              184.0                24.1677               1.0493                .6637                  7429.0        .0            .0                  .0
7581.0              184.0                23.485                1.0246                .0242                  7576.0        .0            .0                  .0
8374.0              179.0                21.323                .9271                 .023                   8374.0        .0            .0                  .0
8630.0              184.0                20.5569               .8977                 .0241                  8630.0        .0            .0                  .0
7856.0              178.0                22.6628               .987                  .0251                  7856.0        .0            .0                  .0
7538.0              176.0                23.7024               1.0327                .023                   7538.0        .0            .0                  .0
8099.0              171.0                22.0632               .9597                 .0232                  8099.0        .0            .0                  .0
8419.0              178.0                21.1201               .9205                 .0239                  8419.0        .0            .0                  .0
8297.0              176.0                21.4833               .9332                 .0232                  8297.0        .0            .0                  .0
7985.0              178.0                22.389                .9735                 .0229                  7985.0        .0            .0                  .0
7207.0              176.0                24.7542               1.0813                .0228                  7207.0        .0            .0                  .0
8240.0              179.0                21.6015               .9397                 .0261                  8239.0        .0            .0                  .0
8477.0              174.0                20.9658               .9142                 .0246                  8478.0        .0            .0                  .0
7508.0              177.0                23.744                1.0362                .0237                  7508.0        .0            .0                  .0
7809.0              156.0                14.8433               .9952                 .0233                  7809.0        .0            .0                  .0
4191.0              113.0                1.9398                1.0823                .0243                  4183.0        .0            .0                  .0
4129.0              .0                   1.2093                1.1259                .022                   4129.0        .0            .0                  .0
211.0               .0                   1.1469                1.2246                .0252                  211.0         .0            .0                  .0
The following results are aggregated for all threads, normalized for one second
Throughput(ops/sec):  (avg)7657.06,  (std)772.72
QueueLength: (avg)156.57,  (std)49.05
WaitingTime(msec): (avg)20.9906,  (std)3.9366
ServiceTime(msec): (avg).9895,  (std).0543
ParseTime(msec): (avg).0374, (std).08
Sets(ops/sec): 		 (avg)7657.06,  (std)773.26
Gets(ops/sec): 		 (avg).0,  (std).0
Multi-gets(ops/sec):  (avg).0,  (std).0
Misses(ops/sec):      (avg).0,  (std).0
Miss ratio: ?
Avg time between two tasks: .3892

Tot response time: average_waitingTime + average_serviceTime + average_parseTime + average_timeBetweenTwoTasks

max response time : 27.5801
min response time: 2.7464

2.7464:   ###
5.2297:   
7.7131:   #
10.1965:   
12.6799:   
15.1632:   #
17.6466:   
20.13:   ##
22.6134:   #################################
25.0967:   ######################
27.5801:   ##
