
Thread 0
Throughput          Waiting time          Service time          Time to parse          Sets          Gets          Multi-gets          Misses
302.0               14.2739               1.6592                .8236                  303.0         .0            .0                  .0
505.0               19.6542               1.7864                .1642                  505.0         .0            .0                  .0
551.0               17.3188               1.4441                .3613                  551.0         .0            .0                  .0
597.0               17.6923               1.2824                .3834                  597.0         .0            .0                  .0
638.0               15.8905               1.3317                .2253                  638.0         .0            .0                  .0
642.0               16.4448               1.2955                .2547                  642.0         .0            .0                  .0
587.0               17.835                1.4318                .2614                  587.0         .0            .0                  .0
611.0               17.0621               1.2658                .3607                  611.0         .0            .0                  .0
586.0               17.7853               1.3192                .3743                  586.0         .0            .0                  .0
607.0               16.9112               1.4224                .2204                  607.0         .0            .0                  .0
622.0               16.3612               1.3065                .2909                  622.0         .0            .0                  .0
573.0               17.9251               1.4276                .3099                  573.0         .0            .0                  .0
622.0               16.6774               1.4233                .1762                  622.0         .0            .0                  .0
557.0               17.8065               1.3903                .3952                  557.0         .0            .0                  .0
648.0               16.0986               1.297                 .2369                  648.0         .0            .0                  .0
592.0               17.5464               1.3482                .3207                  592.0         .0            .0                  .0
620.0               16.4783               1.4698                .1455                  620.0         .0            .0                  .0
593.0               17.9024               1.4029                .283                   593.0         .0            .0                  .0
574.0               17.5583               1.3822                .3445                  574.0         .0            .0                  .0
634.0               16.2157               1.2577                .3221                  634.0         .0            .0                  .0
607.0               17.0921               1.3507                .2899                  607.0         .0            .0                  .0
570.0               17.3783               1.3784                .3695                  570.0         .0            .0                  .0
636.0               16.4411               1.2931                .2719                  636.0         .0            .0                  .0
585.0               17.8515               1.3586                .343                   585.0         .0            .0                  .0
618.0               16.9725               1.3977                .2158                  618.0         .0            .0                  .0
615.0               16.8198               1.3421                .2769                  615.0         .0            .0                  .0
603.0               17.1358               1.4929                .1569                  603.0         .0            .0                  .0
606.0               16.9489               1.3736                .2706                  606.0         .0            .0                  .0
577.0               18.09                 1.3849                .3381                  577.0         .0            .0                  .0
630.0               16.2029               1.3176                .2628                  630.0         .0            .0                  .0
624.0               16.6912               1.295                 .3009                  624.0         .0            .0                  .0
626.0               16.4019               1.3773                .2134                  626.0         .0            .0                  .0
584.0               17.9162               1.3425                .3609                  584.0         .0            .0                  .0
599.0               17.21                 1.3565                .3093                  599.0         .0            .0                  .0
627.0               16.6592               1.3371                .2496                  627.0         .0            .0                  .0
611.0               16.9804               1.3167                .3116                  611.0         .0            .0                  .0
588.0               17.8947               1.4228                .2672                  588.0         .0            .0                  .0
585.0               17.5273               1.3965                .307                   585.0         .0            .0                  .0
553.0               18.4892               1.4582                .3455                  553.0         .0            .0                  .0
636.0               16.1177               1.3287                .2413                  636.0         .0            .0                  .0
617.0               16.7443               1.2997                .3076                  617.0         .0            .0                  .0
606.0               17.0017               1.495                 .159                   606.0         .0            .0                  .0
630.0               16.5705               1.2784                .3019                  630.0         .0            .0                  .0
580.0               17.9587               1.4192                .3065                  580.0         .0            .0                  .0
629.0               16.5032               1.3347                .2501                  629.0         .0            .0                  .0
608.0               17.2479               1.3133                .3227                  608.0         .0            .0                  .0
603.0               16.8394               1.4016                .2513                  603.0         .0            .0                  .0
599.0               17.35                 1.3022                .3592                  599.0         .0            .0                  .0
625.0               16.7859               1.2991                .2908                  625.0         .0            .0                  .0
636.0               16.3564               1.3074                .2666                  636.0         .0            .0                  .0
468.0               17.9104               1.6186                .5016                  468.0         .0            .0                  .0
613.0               17.0391               1.3584                .2711                  613.0         .0            .0                  .0
586.0               17.7888               1.54                  .1652                  586.0         .0            .0                  .0
561.0               18.4929               1.5058                .2701                  561.0         .0            .0                  .0
573.0               17.4111               1.578                 .1603                  573.0         .0            .0                  .0
566.0               18.4497               1.4703                .2907                  566.0         .0            .0                  .0
609.0               16.9639               1.3939                .2383                  609.0         .0            .0                  .0
647.0               16.4892               1.2678                .2734                  647.0         .0            .0                  .0
552.0               18.3834               1.5304                .2743                  552.0         .0            .0                  .0
619.0               16.6581               1.4261                .1775                  619.0         .0            .0                  .0
698.0               3.0486                1.1833                .2341                  698.0         .0            .0                  .0
5.0                 5.0                   3.5722                2.0729                 4.0           .0            .0                  .0
Server 0, get requests: 0
Server 1, get requests: 0
Server 2, get requests: 0

Thread 1
Throughput          Waiting time          Service time          Time to parse          Sets          Gets          Multi-gets          Misses
347.0               14.046                1.4479                .6854                  348.0         .0            .0                  .0
427.0               19.7079               1.8377                .4757                  427.0         .0            .0                  .0
628.0               17.4356               1.2846                .2965                  628.0         .0            .0                  .0
579.0               17.7966               1.39                  .3263                  579.0         .0            .0                  .0
659.0               15.8939               1.2775                .2297                  659.0         .0            .0                  .0
624.0               16.408                1.322                 .2731                  624.0         .0            .0                  .0
578.0               17.8653               1.4468                .2726                  578.0         .0            .0                  .0
605.0               17.1287               1.3212                .3216                  605.0         .0            .0                  .0
588.0               17.8031               1.3149                .3724                  588.0         .0            .0                  .0
619.0               16.7694               1.3975                .2128                  619.0         .0            .0                  .0
640.0               16.4134               1.2586                .2952                  640.0         .0            .0                  .0
590.0               17.7733               1.3908                .2952                  590.0         .0            .0                  .0
611.0               16.4477               1.2693                .3589                  611.0         .0            .0                  .0
602.0               17.8441               1.3827                .2683                  602.0         .0            .0                  .0
643.0               15.941                1.3237                .2231                  643.0         .0            .0                  .0
595.0               17.4732               1.3465                .3115                  595.0         .0            .0                  .0
630.0               16.2789               1.4731                .108                   630.0         .0            .0                  .0
593.0               17.6397               1.3604                .3282                  593.0         .0            .0                  .0
604.0               17.5554               1.2904                .3496                  604.0         .0            .0                  .0
657.0               16.076                1.1927                .3313                  657.0         .0            .0                  .0
623.0               17.1218               1.302                 .2965                  623.0         .0            .0                  .0
629.0               17.473                1.3267                .2573                  629.0         .0            .0                  .0
628.0               16.2957               1.3672                .2154                  628.0         .0            .0                  .0
581.0               18.0344               1.3499                .3639                  581.0         .0            .0                  .0
603.0               16.8907               1.4149                .234                   603.0         .0            .0                  .0
626.0               16.6172               1.3316                .2582                  626.0         .0            .0                  .0
604.0               17.0992               1.4405                .2042                  604.0         .0            .0                  .0
633.0               16.8675               1.2909                .2807                  633.0         .0            .0                  .0
569.0               18.2333               1.372                 .3754                  569.0         .0            .0                  .0
642.0               16.2551               1.2922                .2589                  642.0         .0            .0                  .0
622.0               16.626                1.2845                .3139                  622.0         .0            .0                  .0
645.0               16.4288               1.3337                .2117                  645.0         .0            .0                  .0
602.0               17.9635               1.3399                .3081                  602.0         .0            .0                  .0
608.0               17.1429               1.3755                .2651                  608.0         .0            .0                  .0
627.0               16.6401               1.3334                .2547                  627.0         .0            .0                  .0
625.0               17.0256               1.3057                .2864                  625.0         .0            .0                  .0
594.0               17.8824               1.3503                .3221                  594.0         .0            .0                  .0
587.0               17.551                1.4446                .2542                  587.0         .0            .0                  .0
566.0               18.6155               1.4134                .3484                  566.0         .0            .0                  .0
649.0               16.1938               1.2555                .2829                  649.0         .0            .0                  .0
636.0               16.6641               1.2746                .2846                  636.0         .0            .0                  .0
629.0               16.9508               1.4448                .1458                  629.0         .0            .0                  .0
659.0               16.4742               1.217                 .3043                  659.0         .0            .0                  .0
598.0               18.0301               1.3804                .2841                  598.0         .0            .0                  .0
623.0               16.2901               1.3363                .2642                  623.0         .0            .0                  .0
613.0               17.0961               1.2826                .3387                  613.0         .0            .0                  .0
626.0               16.8533               1.3544                .2393                  626.0         .0            .0                  .0
609.0               17.2377               1.2561                .3785                  609.0         .0            .0                  .0
623.0               16.8558               1.2844                .3082                  623.0         .0            .0                  .0
639.0               16.2141               1.3071                .2595                  639.0         .0            .0                  .0
589.0               18.9339               1.3652                .3181                  589.0         .0            .0                  .0
609.0               17.0016               1.3513                .289                   609.0         .0            .0                  .0
568.0               17.7487               1.5682                .1909                  568.0         .0            .0                  .0
578.0               18.5536               1.4351                .2883                  578.0         .0            .0                  .0
604.0               17.5877               1.518                 .132                   604.0         .0            .0                  .0
582.0               18.4751               1.4322                .2795                  582.0         .0            .0                  .0
622.0               16.8764               1.3405                .2556                  622.0         .0            .0                  .0
628.0               16.3514               1.3087                .2813                  628.0         .0            .0                  .0
579.0               18.5828               1.4463                .2746                  579.0         .0            .0                  .0
637.0               16.6865               1.373                 .1896                  637.0         .0            .0                  .0
715.0               3.0783                1.1621                .2182                  714.0         .0            .0                  .0
12.0                5.0769                1.653                 .2335                  12.0          .0            .0                  .0
Server 0, get requests: 0
Server 1, get requests: 0
Server 2, get requests: 0

Thread 2
Throughput          Waiting time          Service time          Time to parse          Sets          Gets          Multi-gets          Misses
315.0               14.2184               1.7818                .6342                  316.0         .0            .0                  .0
632.0               20.2575               1.3425                .2151                  632.0         .0            .0                  .0
577.0               17.5761               1.3821                .3414                  577.0         .0            .0                  .0
608.0               17.8325               1.2552                .3804                  608.0         .0            .0                  .0
657.0               15.8328               1.3077                .204                   657.0         .0            .0                  .0
648.0               16.5624               1.265                 .2707                  648.0         .0            .0                  .0
589.0               17.939                1.4189                .2684                  589.0         .0            .0                  .0
614.0               17.1528               1.2936                .3256                  614.0         .0            .0                  .0
596.0               17.8576               1.3008                .3631                  596.0         .0            .0                  .0
631.0               17.0016               1.3996                .18                    631.0         .0            .0                  .0
646.0               16.5332               1.2639                .2731                  646.0         .0            .0                  .0
591.0               17.8784               1.3805                .3039                  591.0         .0            .0                  .0
667.0               16.6272               1.2394                .251                   667.0         .0            .0                  .0
603.0               17.9619               1.3225                .3274                  603.0         .0            .0                  .0
659.0               16.0015               1.2768                .2352                  659.0         .0            .0                  .0
610.0               17.5106               1.327                 .3007                  610.0         .0            .0                  .0
634.0               16.6063               1.3933                .1736                  634.0         .0            .0                  .0
607.0               17.7089               1.3631                .2877                  607.0         .0            .0                  .0
594.0               17.7008               1.2942                .3752                  594.0         .0            .0                  .0
651.0               16.1472               1.2248                .3059                  651.0         .0            .0                  .0
610.0               17.144                1.343                 .2894                  610.0         .0            .0                  .0
588.0               17.365                1.3802                .3144                  588.0         .0            .0                  .0
655.0               16.3918               1.2918                .2255                  655.0         .0            .0                  .0
594.0               17.8756               1.3307                .3462                  594.0         .0            .0                  .0
635.0               17.0094               1.348                 .2209                  635.0         .0            .0                  .0
629.0               16.9159               1.3135                .2692                  629.0         .0            .0                  .0
632.0               17.1485               1.4163                .1574                  632.0         .0            .0                  .0
616.0               16.9562               1.3464                .271                   616.0         .0            .0                  .0
593.0               18.1296               1.3674                .3133                  593.0         .0            .0                  .0
643.0               16.2811               1.2747                .2759                  643.0         .0            .0                  .0
629.0               16.7286               1.2733                .3101                  629.0         .0            .0                  .0
635.0               16.5157               1.3577                .2087                  635.0         .0            .0                  .0
598.0               17.8631               1.323                 .3408                  598.0         .0            .0                  .0
600.0               17.2213               1.3561                .305                   600.0         .0            .0                  .0
643.0               16.809                1.3302                .2181                  643.0         .0            .0                  .0
621.0               17.0273               1.3023                .3                     621.0         .0            .0                  .0
596.0               17.8978               1.3775                .2885                  596.0         .0            .0                  .0
598.0               17.7312               1.3549                .31                    598.0         .0            .0                  .0
572.0               18.6422               1.3952                .3487                  572.0         .0            .0                  .0
658.0               16.2246               1.2564                .258                   658.0         .0            .0                  .0
627.0               16.7707               1.2985                .2832                  627.0         .0            .0                  .0
607.0               17.0082               1.5183                .1316                  607.0         .0            .0                  .0
636.0               16.4945               1.3185                .2465                  636.0         .0            .0                  .0
606.0               18.0445               1.3839                .2688                  606.0         .0            .0                  .0
650.0               16.4393               1.3033                .2283                  650.0         .0            .0                  .0
625.0               17.2476               1.2979                .2933                  625.0         .0            .0                  .0
613.0               16.8241               1.3834                .2435                  613.0         .0            .0                  .0
606.0               17.2125               1.2815                .3588                  606.0         .0            .0                  .0
626.0               16.7544               1.2787                .3089                  626.0         .0            .0                  .0
639.0               16.4578               1.3448                .2201                  639.0         .0            .0                  .0
613.0               19.0814               1.3468                .2704                  613.0         .0            .0                  .0
618.0               17.1939               1.3605                .2549                  618.0         .0            .0                  .0
609.0               17.8279               1.4071                .2326                  609.0         .0            .0                  .0
566.0               18.6173               1.477                 .2833                  566.0         .0            .0                  .0
605.0               17.5842               1.4919                .1528                  605.0         .0            .0                  .0
566.0               18.6667               1.4107                .3412                  566.0         .0            .0                  .0
616.0               17.034                1.353                 .2571                  616.0         .0            .0                  .0
632.0               16.3886               1.3049                .2716                  632.0         .0            .0                  .0
565.0               18.5371               1.4907                .2734                  565.0         .0            .0                  .0
630.0               16.7211               1.4142                .1621                  630.0         .0            .0                  .0
743.0               3.1734                1.138                 .1965                  743.0         .0            .0                  .0
6.0                 4.5                   4.4085                -.6925                 5.0           .0            .0                  .0
Server 0, get requests: 0
Server 1, get requests: 0
Server 2, get requests: 0

Thread 3
Throughput          Waiting time          Service time          Time to parse          Sets          Gets          Multi-gets          Misses
318.0               14.1129               1.5525                .8061                  319.0         .0            .0                  .0
512.0               19.2125               1.6213                .3045                  512.0         .0            .0                  .0
546.0               17.1865               1.4072                .4159                  546.0         .0            .0                  .0
571.0               17.9021               1.4488                .2936                  571.0         .0            .0                  .0
656.0               15.8204               1.2845                .2295                  656.0         .0            .0                  .0
624.0               16.3792               1.2915                .3037                  624.0         .0            .0                  .0
582.0               17.8714               1.4669                .2393                  582.0         .0            .0                  .0
612.0               17.062                1.26                  .3626                  612.0         .0            .0                  .0
583.0               17.7175               1.3184                .3842                  583.0         .0            .0                  .0
613.0               16.7117               1.4064                .2197                  613.0         .0            .0                  .0
614.0               16.4504               1.3008                .3184                  614.0         .0            .0                  .0
587.0               17.7857               1.4161                .2775                  587.0         .0            .0                  .0
634.0               16.748                1.3153                .2541                  634.0         .0            .0                  .0
575.0               17.7465               1.3425                .3865                  575.0         .0            .0                  .0
640.0               15.8752               1.3262                .2291                  640.0         .0            .0                  .0
585.0               17.4829               1.3838                .3068                  585.0         .0            .0                  .0
613.0               16.4316               1.4837                .1472                  613.0         .0            .0                  .0
578.0               17.6684               1.3921                .3378                  578.0         .0            .0                  .0
593.0               17.6599               1.3393                .3323                  593.0         .0            .0                  .0
644.0               16.1054               1.2254                .3288                  644.0         .0            .0                  .0
610.0               17.0327               1.3428                .2899                  610.0         .0            .0                  .0
575.0               17.3073               1.3292                .3977                  575.0         .0            .0                  .0
625.0               16.3067               1.3384                .2541                  625.0         .0            .0                  .0
580.0               17.9793               1.359                 .3509                  580.0         .0            .0                  .0
611.0               16.8807               1.3737                .2537                  611.0         .0            .0                  .0
605.0               16.6568               1.3553                .2924                  605.0         .0            .0                  .0
610.0               17.239                1.4581                .1731                  610.0         .0            .0                  .0
620.0               16.9469               1.3371                .2703                  620.0         .0            .0                  .0
565.0               18.1343               1.3862                .3769                  565.0         .0            .0                  .0
636.0               16.2527               1.3042                .2648                  636.0         .0            .0                  .0
637.0               16.7414               1.276                 .2885                  637.0         .0            .0                  .0
629.0               16.3714               .7228                 .8588                  629.0         .0            .0                  .0
567.0               17.8169               1.3853                .3698                  567.0         .0            .0                  .0
596.0               17.134                1.3846                .289                   596.0         .0            .0                  .0
631.0               16.5016               1.3297                .2503                  631.0         .0            .0                  .0
608.0               16.9869               1.308                 .3279                  608.0         .0            .0                  .0
577.0               17.891                1.4089                .3126                  577.0         .0            .0                  .0
565.0               17.5141               1.4808                .284                   565.0         .0            .0                  .0
559.0               18.5196               1.4458                .3402                  559.0         .0            .0                  .0
643.0               16.1537               .9617                 .5893                  643.0         .0            .0                  .0
613.0               16.6384               1.3141                .3045                  613.0         .0            .0                  .0
622.0               16.9164               1.4509                .1595                  622.0         .0            .0                  .0
651.0               16.4831               1.2192                .3195                  651.0         .0            .0                  .0
561.0               17.879                1.4549                .3193                  561.0         .0            .0                  .0
640.0               16.3417               1.3128                .2452                  640.0         .0            .0                  .0
612.0               17.1599               1.3003                .3253                  612.0         .0            .0                  .0
608.0               16.6617               1.4115                .2282                  608.0         .0            .0                  .0
597.0               17.1823               1.2803                .3867                  597.0         .0            .0                  .0
605.0               16.6832               1.3289                .3139                  605.0         .0            .0                  .0
641.0               16.3115               1.3471                .214                   641.0         .0            .0                  .0
453.0               17.7577               1.669                 .5219                  453.0         .0            .0                  .0
606.0               16.9802               1.3535                .2951                  606.0         .0            .0                  .0
578.0               17.6339               1.5183                .2108                  578.0         .0            .0                  .0
553.0               18.5732               1.4855                .3015                  553.0         .0            .0                  .0
577.0               17.436                1.5051                .2209                  577.0         .0            .0                  .0
570.0               18.4413               1.4282                .3207                  570.0         .0            .0                  .0
614.0               16.7805               1.3579                .2583                  614.0         .0            .0                  .0
623.0               16.4327               1.344                 .2579                  623.0         .0            .0                  .0
560.0               18.3939               1.5052                .2738                  560.0         .0            .0                  .0
620.0               16.5684               1.4148                .1861                  620.0         .0            .0                  .0
685.0               3.035                 1.2049                .2438                  685.0         .0            .0                  .0
4.0                 4.0                   6.9137                -1.3402                3.0           .0            .0                  .0
Server 0, get requests: 0
Server 1, get requests: 0
Server 2, get requests: 0

Thread 4
Throughput          Waiting time          Service time          Time to parse          Sets          Gets          Multi-gets          Misses
289.0               14.3586               1.9607                .6235                  290.0         .0            .0                  .0
371.0               19.4651               1.8539                .8098                  371.0         .0            .0                  .0
636.0               17.5353               1.2904                .2722                  636.0         .0            .0                  .0
616.0               17.8574               1.2642                .343                   616.0         .0            .0                  .0
676.0               16.0133               1.2528                .2156                  676.0         .0            .0                  .0
665.0               16.5736               1.2737                .2217                  665.0         .0            .0                  .0
602.0               17.927                1.4282                .223                   602.0         .0            .0                  .0
609.0               17.2197               1.3095                .3208                  609.0         .0            .0                  .0
598.0               17.8347               1.3118                .3466                  598.0         .0            .0                  .0
642.0               16.8072               1.342                 .2108                  642.0         .0            .0                  .0
635.0               16.5283               1.2478                .3146                  635.0         .0            .0                  .0
602.0               17.801                1.3585                .2965                  602.0         .0            .0                  .0
618.0               16.3829               1.302                 .3076                  618.0         .0            .0                  .0
599.0               17.8983               1.3166                .3452                  599.0         .0            .0                  .0
674.0               16.1467               1.2675                .211                   674.0         .0            .0                  .0
620.0               17.5201               1.2919                .3091                  620.0         .0            .0                  .0
674.0               16.5067               1.3265                .1511                  674.0         .0            .0                  .0
612.0               17.7684               1.3228                .3107                  612.0         .0            .0                  .0
606.0               17.626                1.2881                .3461                  606.0         .0            .0                  .0
667.0               16.1512               1.1893                .312                   667.0         .0            .0                  .0
629.0               17.1159               1.2754                .3074                  629.0         .0            .0                  .0
641.0               17.5047               1.3185                .2351                  641.0         .0            .0                  .0
648.0               16.4438               1.3002                .2357                  648.0         .0            .0                  .0
600.0               17.96                 1.3056                .349                   600.0         .0            .0                  .0
634.0               16.9748               1.3487                .22                    634.0         .0            .0                  .0
647.0               16.7731               1.2818                .2579                  647.0         .0            .0                  .0
611.0               17.2026               1.4573                .1694                  611.0         .0            .0                  .0
632.0               16.9084               1.3072                .2678                  632.0         .0            .0                  .0
589.0               18.2271               1.3211                .3702                  589.0         .0            .0                  .0
660.0               16.3833               1.2578                .2544                  660.0         .0            .0                  .0
634.0               16.8583               1.3106                .2607                  634.0         .0            .0                  .0
636.0               16.54                 1.3591                .2073                  636.0         .0            .0                  .0
605.0               18.0017               1.2818                .3609                  605.0         .0            .0                  .0
616.0               17.1459               1.3134                .3062                  616.0         .0            .0                  .0
653.0               16.7844               1.3186                .2085                  653.0         .0            .0                  .0
645.0               17.0046               1.2462                .2949                  645.0         .0            .0                  .0
592.0               17.9039               1.3548                .3232                  592.0         .0            .0                  .0
604.0               17.6314               1.3627                .2866                  604.0         .0            .0                  .0
578.0               18.4767               1.3731                .3552                  578.0         .0            .0                  .0
665.0               16.1456               1.2563                .2432                  665.0         .0            .0                  .0
640.0               16.7894               1.2828                .267                   640.0         .0            .0                  .0
636.0               17.0393               1.454                 .121                   636.0         .0            .0                  .0
641.0               16.5125               1.3248                .2281                  641.0         .0            .0                  .0
590.0               18.0271               1.4042                .2928                  590.0         .0            .0                  .0
649.0               16.4769               1.3005                .2354                  649.0         .0            .0                  .0
612.0               17.1419               1.2957                .3295                  612.0         .0            .0                  .0
646.0               16.881                1.3518                .1925                  646.0         .0            .0                  .0
620.0               17.3961               1.2343                .3693                  620.0         .0            .0                  .0
636.0               16.7865               1.2806                .2816                  636.0         .0            .0                  .0
651.0               16.3344               1.2655                .2715                  651.0         .0            .0                  .0
602.0               19.0216               1.3315                .3155                  602.0         .0            .0                  .0
627.0               17.1354               1.3511                .242                   627.0         .0            .0                  .0
606.0               17.8336               1.4584                .1907                  606.0         .0            .0                  .0
595.0               18.5688               1.4354                .2402                  595.0         .0            .0                  .0
605.0               17.4512               1.4542                .1928                  604.0         .0            .0                  .0
590.0               18.6132               1.3829                .3044                  591.0         .0            .0                  .0
639.0               17.0844               1.3163                .2375                  639.0         .0            .0                  .0
654.0               16.4321               1.2515                .2737                  654.0         .0            .0                  .0
581.0               18.5962               1.457                 .257                   581.0         .0            .0                  .0
649.0               16.7292               1.3753                .1594                  649.0         .0            .0                  .0
740.0               3.1862                1.1162                .212                   740.0         .0            .0                  .0
11.0                3.9091                1.6078                .7935                  10.0          .0            .0                  .0
Server 0, get requests: 0
Server 1, get requests: 0
Server 2, get requests: 0

Thread 5
Throughput          Waiting time          Service time          Time to parse          Sets          Gets          Multi-gets          Misses
368.0               14.3631               1.4791                .5338                  369.0         .0            .0                  .0
594.0               19.0689               1.5898                .0552                  594.0         .0            .0                  .0
674.0               17.4                  1.2087                .2681                  674.0         .0            .0                  .0
584.0               17.8                  1.4064                .296                   584.0         .0            .0                  .0
663.0               15.9819               1.2875                .2105                  663.0         .0            .0                  .0
654.0               16.5069               1.2448                .2762                  654.0         .0            .0                  .0
593.0               18.0842               1.399                 .2769                  593.0         .0            .0                  .0
640.0               17.1123               1.2688                .2832                  640.0         .0            .0                  .0
600.0               17.8636               1.2749                .3781                  600.0         .0            .0                  .0
622.0               16.886                1.3868                .217                   622.0         .0            .0                  .0
632.0               16.5577               1.2598                .3129                  632.0         .0            .0                  .0
611.0               17.8644               1.3683                .2588                  611.0         .0            .0                  .0
650.0               16.7911               1.3394                .19                    650.0         .0            .0                  .0
588.0               17.893                1.3613                .33                    588.0         .0            .0                  .0
672.0               16.1322               1.2535                .2269                  672.0         .0            .0                  .0
619.0               17.5806               1.2998                .3037                  619.0         .0            .0                  .0
650.0               16.4854               1.4224                .1104                  650.0         .0            .0                  .0
608.0               17.8309               1.3497                .294                   608.0         .0            .0                  .0
605.0               17.6667               1.2942                .3428                  605.0         .0            .0                  .0
658.0               16.1669               1.1914                .3301                  658.0         .0            .0                  .0
622.0               17.2761               1.2934                .3082                  622.0         .0            .0                  .0
633.0               17.4038               1.3028                .2709                  633.0         .0            .0                  .0
653.0               16.4388               1.2498                .2742                  653.0         .0            .0                  .0
592.0               18.0405               1.3644                .3194                  592.0         .0            .0                  .0
639.0               17.0141               1.3386                .2165                  639.0         .0            .0                  .0
657.0               16.8784               1.2518                .2631                  657.0         .0            .0                  .0
613.0               17.1889               1.4446                .18                    613.0         .0            .0                  .0
638.0               16.8795               1.2715                .2894                  638.0         .0            .0                  .0
607.0               18.2319               1.3014                .3387                  607.0         .0            .0                  .0
655.0               16.3262               1.2592                .2632                  655.0         .0            .0                  .0
638.0               16.8372               1.2935                .2673                  638.0         .0            .0                  .0
649.0               16.5446               1.314                 .2196                  649.0         .0            .0                  .0
585.0               17.8242               1.3178                .3827                  585.0         .0            .0                  .0
630.0               17.2662               1.2866                .2965                  630.0         .0            .0                  .0
639.0               16.8703               1.2765                .281                   639.0         .0            .0                  .0
620.0               17.037                1.2993                .3047                  620.0         .0            .0                  .0
585.0               17.8464               1.3509                .3479                  585.0         .0            .0                  .0
623.0               17.641                1.3311                .2675                  623.0         .0            .0                  .0
598.0               18.5092               1.3547                .3125                  598.0         .0            .0                  .0
664.0               16.209                1.2644                .2389                  664.0         .0            .0                  .0
643.0               16.6941               1.2528                .2887                  643.0         .0            .0                  .0
633.0               17.0047               1.4678                .1129                  633.0         .0            .0                  .0
655.0               16.5381               1.2342                .294                   655.0         .0            .0                  .0
573.0               18.1429               1.4736                .2648                  573.0         .0            .0                  .0
657.0               16.4316               1.2792                .2353                  657.0         .0            .0                  .0
622.0               17.2504               1.2679                .3293                  622.0         .0            .0                  .0
639.0               16.9234               1.3194                .2434                  639.0         .0            .0                  .0
626.0               17.3684               1.2293                .3592                  626.0         .0            .0                  .0
647.0               16.733                1.2671                .2699                  647.0         .0            .0                  .0
654.0               16.4534               1.2558                .2733                  654.0         .0            .0                  .0
598.0               19.02                 1.3609                .297                   598.0         .0            .0                  .0
637.0               17.1677               1.2937                .2744                  637.0         .0            .0                  .0
617.0               17.746                1.4108                .2085                  617.0         .0            .0                  .0
580.0               18.6902               1.4785                .2407                  580.0         .0            .0                  .0
605.0               17.5578               1.4438                .2032                  605.0         .0            .0                  .0
587.0               18.4813               1.4085                .2884                  587.0         .0            .0                  .0
629.0               16.9873               1.3213                .2572                  629.0         .0            .0                  .0
676.0               16.5761               1.2179                .2594                  676.0         .0            .0                  .0
578.0               18.6874               1.4177                .3056                  578.0         .0            .0                  .0
650.0               16.702                1.3303                .2019                  650.0         .0            .0                  .0
736.0               3.152                 1.1255                .2114                  736.0         .0            .0                  .0
11.0                4.0909                1.3263                1.0768                 10.0          .0            .0                  .0
Server 0, get requests: 0
Server 1, get requests: 0
Server 2, get requests: 0

Thread 6
Throughput          Waiting time          Service time          Time to parse          Sets          Gets          Multi-gets          Misses
349.0               14.5171               1.4514                .7029                  350.0         .0            .0                  .0
634.0               19.863                1.4232                .1318                  634.0         .0            .0                  .0
572.0               17.2757               1.2873                .4447                  572.0         .0            .0                  .0
596.0               17.8995               1.2949                .3732                  596.0         .0            .0                  .0
649.0               15.9292               1.3277                .2029                  649.0         .0            .0                  .0
640.0               16.571                1.2651                .2893                  640.0         .0            .0                  .0
593.0               17.8939               1.3984                .2781                  593.0         .0            .0                  .0
616.0               17.0762               1.3216                .2909                  616.0         .0            .0                  .0
577.0               17.7457               1.3041                .4148                  577.0         .0            .0                  .0
627.0               16.8965               1.366                 .2245                  627.0         .0            .0                  .0
622.0               16.488                1.3117                .285                   622.0         .0            .0                  .0
586.0               17.9625               1.4199                .2779                  586.0         .0            .0                  .0
660.0               16.6702               1.2386                .2682                  660.0         .0            .0                  .0
587.0               17.7347               1.3708                .3126                  587.0         .0            .0                  .0
652.0               15.9939               1.2984                .2295                  652.0         .0            .0                  .0
601.0               17.5249               1.3531                .2998                  601.0         .0            .0                  .0
632.0               16.5561               1.3937                .1771                  632.0         .0            .0                  .0
601.0               17.7193               1.3591                .309                   601.0         .0            .0                  .0
586.0               17.6729               1.322                 .3682                  586.0         .0            .0                  .0
650.0               16.1951               1.2191                .3211                  650.0         .0            .0                  .0
604.0               17.1504               1.3261                .3231                  604.0         .0            .0                  .0
589.0               17.3017               1.3419                .3497                  589.0         .0            .0                  .0
649.0               16.3538               1.2644                .2691                  649.0         .0            .0                  .0
583.0               17.8611               1.3618                .3484                  583.0         .0            .0                  .0
634.0               16.9575               1.3679                .2009                  634.0         .0            .0                  .0
636.0               16.8524               1.2963                .271                   636.0         .0            .0                  .0
630.0               17.0365               1.4213                .1574                  630.0         .0            .0                  .0
619.0               16.9016               1.3261                .2832                  619.0         .0            .0                  .0
586.0               18.0426               1.3969                .3025                  586.0         .0            .0                  .0
661.0               16.2704               1.2559                .2528                  661.0         .0            .0                  .0
636.0               16.7582               1.2819                .2844                  636.0         .0            .0                  .0
645.0               16.4025               .6798                 .8633                  645.0         .0            .0                  .0
579.0               17.7638               1.3243                .3923                  579.0         .0            .0                  .0
622.0               17.1894               1.3151                .2825                  622.0         .0            .0                  .0
630.0               16.6815               1.3075                .2735                  630.0         .0            .0                  .0
598.0               17.0668               1.343                 .321                   598.0         .0            .0                  .0
572.0               17.7696               1.3767                .3609                  572.0         .0            .0                  .0
620.0               17.6731               1.3147                .2933                  620.0         .0            .0                  .0
588.0               18.5195               1.3897                .3049                  588.0         .0            .0                  .0
652.0               16.1378               1.2756                .2557                  652.0         .0            .0                  .0
621.0               16.7556               1.3029                .2942                  621.0         .0            .0                  .0
617.0               16.9935               1.5001                .1217                  617.0         .0            .0                  .0
645.0               16.5015               1.2984                .2464                  645.0         .0            .0                  .0
594.0               18.0303               1.4239                .2629                  594.0         .0            .0                  .0
654.0               16.3695               1.2979                .2248                  654.0         .0            .0                  .0
613.0               17.171                1.2938                .3268                  613.0         .0            .0                  .0
614.0               16.7707               1.3942                .2324                  614.0         .0            .0                  .0
625.0               17.2732               1.2518                .3382                  625.0         .0            .0                  .0
616.0               16.7455               1.305                 .3076                  616.0         .0            .0                  .0
629.0               16.481                1.3033                .2883                  629.0         .0            .0                  .0
597.0               19.0953               1.3826                .2784                  597.0         .0            .0                  .0
603.0               17.1424               1.3406                .3162                  603.0         .0            .0                  .0
598.0               17.778                1.443                 .2276                  598.0         .0            .0                  .0
569.0               18.6246               1.458                 .2933                  569.0         .0            .0                  .0
617.0               17.5049               .9426                 .6715                  617.0         .0            .0                  .0
556.0               18.6499               1.4533                .3396                  556.0         .0            .0                  .0
623.0               16.9904               1.3476                .2462                  623.0         .0            .0                  .0
636.0               16.4851               1.3255                .2447                  636.0         .0            .0                  .0
557.0               18.5609               1.4478                .3414                  557.0         .0            .0                  .0
622.0               16.6854               1.4087                .1883                  622.0         .0            .0                  .0
729.0               3.1384                1.1691                .1914                  729.0         .0            .0                  .0
9.0                 5.1111                2.4514                .0073                  8.0           .0            .0                  .0
Server 0, get requests: 0
Server 1, get requests: 0
Server 2, get requests: 0

Thread 7
Throughput          Waiting time          Service time          Time to parse          Sets          Gets          Multi-gets          Misses
340.0               14.1114               1.4123                .793                   341.0         .0            .0                  .0
427.0               19.5935               1.7725                .5477                  427.0         .0            .0                  .0
650.0               17.4747               1.2493                .2788                  650.0         .0            .0                  .0
604.0               17.7818               1.345                 .3014                  604.0         .0            .0                  .0
674.0               15.9037               1.2635                .2102                  674.0         .0            .0                  .0
643.0               16.5357               1.2774                .2712                  643.0         .0            .0                  .0
602.0               17.7363               1.443                 .2073                  602.0         .0            .0                  .0
610.0               17.1244               1.2587                .3704                  610.0         .0            .0                  .0
601.0               17.8073               1.2533                .3962                  601.0         .0            .0                  .0
643.0               16.868                1.3489                .2013                  643.0         .0            .0                  .0
646.0               16.4111               1.2194                .314                   646.0         .0            .0                  .0
598.0               17.8881               1.3888                .2748                  598.0         .0            .0                  .0
639.0               16.4969               1.224                 .3324                  639.0         .0            .0                  .0
623.0               17.9439               1.3067                .2911                  623.0         .0            .0                  .0
665.0               15.9324               1.2886                .21                    665.0         .0            .0                  .0
608.0               17.4138               1.3376                .2865                  608.0         .0            .0                  .0
646.0               16.3354               1.4204                .1234                  646.0         .0            .0                  .0
605.0               17.6155               1.3335                .3225                  605.0         .0            .0                  .0
608.0               17.6502               1.2964                .3325                  608.0         .0            .0                  .0
679.0               16.0882               1.1636                .3105                  679.0         .0            .0                  .0
615.0               17.1867               1.3205                .2993                  615.0         .0            .0                  .0
641.0               17.4128               1.2952                .2582                  641.0         .0            .0                  .0
641.0               16.3131               1.3414                .2106                  641.0         .0            .0                  .0
589.0               17.9492               1.326                 .3644                  589.0         .0            .0                  .0
620.0               16.9082               1.3819                .2246                  620.0         .0            .0                  .0
641.0               16.7648               1.3072                .2396                  641.0         .0            .0                  .0
615.0               17.1477               1.4157                .2018                  615.0         .0            .0                  .0
640.0               16.858                1.3196                .2364                  640.0         .0            .0                  .0
575.0               18.1875               1.3694                .3633                  575.0         .0            .0                  .0
663.0               16.2139               1.2361                .2674                  663.0         .0            .0                  .0
643.0               16.8618               1.2289                .32                    643.0         .0            .0                  .0
643.0               16.4239               1.3541                .1939                  643.0         .0            .0                  .0
602.0               17.9436               1.3036                .3484                  602.0         .0            .0                  .0
629.0               17.1349               1.3231                .2625                  629.0         .0            .0                  .0
642.0               16.6734               1.3047                .2468                  642.0         .0            .0                  .0
637.0               17.0956               1.2804                .2776                  637.0         .0            .0                  .0
612.0               17.9429               1.3227                .2993                  612.0         .0            .0                  .0
601.0               17.6279               1.3956                .262                   601.0         .0            .0                  .0
558.0               18.5671               1.4349                .3511                  558.0         .0            .0                  .0
668.0               16.1913               1.2579                .2349                  668.0         .0            .0                  .0
645.0               16.8142               1.277                 .2604                  645.0         .0            .0                  .0
634.0               17.0205               1.4475                .1329                  634.0         .0            .0                  .0
657.0               16.4833               1.2392                .2826                  657.0         .0            .0                  .0
605.0               17.9868               1.3588                .288                   605.0         .0            .0                  .0
650.0               16.3441               1.2969                .2354                  650.0         .0            .0                  .0
622.0               17.1541               1.273                 .3251                  622.0         .0            .0                  .0
642.0               16.86                 1.3354                .2195                  642.0         .0            .0                  .0
622.0               17.191                1.2182                .38                    622.0         .0            .0                  .0
623.0               16.9247               1.2721                .3231                  623.0         .0            .0                  .0
652.0               16.3553               1.2976                .2338                  652.0         .0            .0                  .0
599.0               19.005                1.3549                .3014                  599.0         .0            .0                  .0
627.0               17.0955               1.3142                .278                   627.0         .0            .0                  .0
601.0               17.8771               1.469                 .1935                  601.0         .0            .0                  .0
578.0               18.7116               1.4339                .2906                  578.0         .0            .0                  .0
628.0               17.5087               1.4397                .1455                  628.0         .0            .0                  .0
575.0               18.6354               1.4173                .3158                  575.0         .0            .0                  .0
631.0               16.9367               1.3295                .244                   631.0         .0            .0                  .0
646.0               16.3818               .6787                 .8664                  646.0         .0            .0                  .0
582.0               18.6312               .8794                 .8318                  582.0         .0            .0                  .0
648.0               16.7427               1.3892                .147                   648.0         .0            .0                  .0
746.0               3.1285                1.1265                .1903                  746.0         .0            .0                  .0
8.0                 4.875                 2.6216                .631                   7.0           .0            .0                  .0
Server 0, get requests: 0
Server 1, get requests: 0
Server 2, get requests: 0

Aggregated Statistics for a 1 seconds window of the entire middleware: 
Throughput          QueueLength          Waiting time          Service time          Time to parse          Sets          Gets          Multi-gets          Misses
2628.0              .0                   14.2502               1.5931                .7003                  2636.0        .0            .0                  .0
4102.0              56.0                 19.6028               1.6534                .338                   4102.0        .0            .0                  .0
4834.0              84.0                 17.4003               1.3192                .3349                  4834.0        .0            .0                  .0
4755.0              86.0                 17.8203               1.3359                .3372                  4755.0        .0            .0                  .0
5272.0              82.0                 15.9082               1.2916                .216                   5272.0        .0            .0                  .0
5140.0              87.0                 16.4977               1.2794                .2701                  5140.0        .0            .0                  .0
4726.0              83.0                 17.894                1.4291                .2534                  4726.0        .0            .0                  .0
4917.0              80.0                 17.1173               1.2874                .3295                  4917.0        .0            .0                  .0
4729.0              86.0                 17.8018               1.2997                .3787                  4729.0        .0            .0                  .0
5004.0              88.0                 16.8564               1.3837                .2108                  5004.0        .0            .0                  .0
5057.0              85.0                 16.4679               1.2711                .3005                  5057.0        .0            .0                  .0
4738.0              85.0                 17.8598               1.3938                .2868                  4738.0        .0            .0                  .0
5101.0              85.0                 16.6052               1.2939                .2673                  5101.0        .0            .0                  .0
4734.0              79.0                 17.8536               1.3492                .332                   4734.0        .0            .0                  .0
5253.0              81.0                 16.0152               1.2915                .2252                  5253.0        .0            .0                  .0
4830.0              87.0                 17.5066               1.336                 .3048                  4830.0        .0            .0                  .0
5099.0              84.0                 16.4598               1.4229                .1421                  5099.0        .0            .0                  .0
4797.0              88.0                 17.7317               1.3605                .3091                  4797.0        .0            .0                  .0
4770.0              83.0                 17.6363               1.3134                .3489                  4770.0        .0            .0                  .0
5240.0              88.0                 16.1432               1.208                 .3202                  5240.0        .0            .0                  .0
4920.0              80.0                 17.14                 1.3192                .3005                  4920.0        .0            .0                  .0
4866.0              88.0                 17.3933               1.3341                .3066                  4866.0        .0            .0                  .0
5135.0              80.0                 16.3731               1.3058                .2446                  5135.0        .0            .0                  .0
4704.0              86.0                 17.9439               1.3445                .3481                  4704.0        .0            .0                  .0
4994.0              87.0                 16.951                1.3714                .2233                  4994.0        .0            .0                  .0
5056.0              86.0                 16.7848               1.31                  .266                   5056.0        .0            .0                  .0
4918.0              81.0                 17.1498               1.4433                .175                   4918.0        .0            .0                  .0
5004.0              88.0                 16.9084               1.3215                .2712                  5004.0        .0            .0                  .0
4661.0              88.0                 18.1595               1.3624                .3473                  4661.0        .0            .0                  .0
5190.0              88.0                 16.2732               1.2747                .2625                  5190.0        .0            .0                  .0
5063.0              81.0                 16.7628               1.2805                .2932                  5063.0        .0            .0                  .0
5108.0              81.0                 16.4536               1.1873                .3721                  5108.0        .0            .0                  .0
4722.0              85.0                 17.8866               1.3273                .358                   4722.0        .0            .0                  .0
4900.0              88.0                 17.1806               1.3388                .2895                  4900.0        .0            .0                  .0
5092.0              86.0                 16.7024               1.3172                .2478                  5092.0        .0            .0                  .0
4965.0              82.0                 17.028                1.3002                .303                   4965.0        .0            .0                  .0
4716.0              88.0                 17.8786               1.3706                .3152                  4716.0        .0            .0                  .0
4783.0              88.0                 17.6121               1.3851                .2831                  4783.0        .0            .0                  .0
4572.0              88.0                 18.5424               1.4081                .3383                  4572.0        .0            .0                  .0
5235.0              88.0                 16.1717               1.2321                .293                   5235.0        .0            .0                  .0
5042.0              88.0                 16.7339               1.2878                .2863                  5042.0        .0            .0                  .0
4984.0              88.0                 16.9919               1.4723                .1355                  4984.0        .0            .0                  .0
5174.0              86.0                 16.5072               1.2662                .2779                  5174.0        .0            .0                  .0
4707.0              79.0                 18.0124               1.4124                .2859                  4707.0        .0            .0                  .0
5152.0              77.0                 16.3995               1.3077                .2398                  5152.0        .0            .0                  .0
4927.0              82.0                 17.1836               1.2906                .3238                  4927.0        .0            .0                  .0
4991.0              88.0                 16.8267               1.369                 .2313                  4991.0        .0            .0                  .0
4904.0              88.0                 17.2764               1.2567                .3662                  4904.0        .0            .0                  .0
5001.0              88.0                 16.7836               1.2895                .3005                  5001.0        .0            .0                  .0
5141.0              88.0                 16.3705               1.3036                .2534                  5141.0        .0            .0                  .0
4519.0              87.0                 18.7282               1.4287                .3505                  4519.0        .0            .0                  .0
4940.0              88.0                 17.0945               1.3404                .2776                  4940.0        .0            .0                  .0
4763.0              88.0                 17.7792               1.4768                .2025                  4763.0        .0            .0                  .0
4580.0              84.0                 18.604                1.4637                .276                   4580.0        .0            .0                  .0
4814.0              83.0                 17.5052               1.4217                .2349                  4813.0        .0            .0                  .0
4592.0              81.0                 18.5516               1.4254                .31                    4593.0        .0            .0                  .0
4983.0              77.0                 16.9567               1.345                 .2493                  4983.0        .0            .0                  .0
5142.0              88.0                 16.4421               1.2124                .3411                  5142.0        .0            .0                  .0
4554.0              81.0                 18.5466               1.3968                .354                   4554.0        .0            .0                  .0
5075.0              84.0                 16.6867               1.3915                .1765                  5075.0        .0            .0                  .0
5792.0              32.0                 3.1176                1.1532                .2122                  5791.0        .0            .0                  .0
66.0                13.0                 4.5704                3.0693                .3478                  59.0          .0            .0                  .0
The following results are aggregated for all threads, normalized for one second
Throughput(ops/sec):  (avg)4809.24,  (std)268.67
QueueLength: (avg)72.78,  (std)25.92
WaitingTime(msec): (avg)16.7483,  (std)1.9458
ServiceTime(msec): (avg)1.3714,  (std).0847
ParseTime(msec): (avg).2916, (std).0553
Sets(ops/sec): 		 (avg)4809.24,  (std)268.59
Gets(ops/sec): 		 (avg).0,  (std).0
Multi-gets(ops/sec):  (avg).0,  (std).0
Misses(ops/sec):      (avg).0,  (std).0
Miss ratio: ?
Avg time between two tasks: .278

Tot response time: average_waitingTime + average_serviceTime + average_parseTime + average_timeBetweenTwoTasks

max response time : 21.8722
min response time: 4.7609

4.7609:   #
6.472:   
8.1832:   #
9.8943:   
11.6054:   
13.3166:   
15.0277:   
16.7388:   #
18.45:   ###################################
20.1611:   #######################
21.8722:   #
