
Thread 0
Throughput          Waiting time          Service time          Time to parse          Sets          Gets          Multi-gets          Misses
530.0               6.4079                1.2629                .0687                  532.0         .0            .0                  .0
1097.0              17.8332               .853                  .0282                  1096.0        .0            .0                  .0
1022.0              17.3167               .9358                 .033                   1022.0        .0            .0                  .0
971.0               22.9805               .9938                 .0287                  971.0         .0            .0                  .0
1028.0              21.6511               .9329                 .0274                  1028.0        .0            .0                  .0
1048.0              21.6263               .9205                 .0277                  1048.0        .0            .0                  .0
1079.0              21.1259               .8899                 .0284                  1079.0        .0            .0                  .0
1001.0              23.5519               .9623                 .0271                  1001.0        .0            .0                  .0
1032.0              22.2159               .9356                 .0255                  1032.0        .0            .0                  .0
1052.0              21.4995               .9192                 .025                   1052.0        .0            .0                  .0
1025.0              22.0331               .9433                 .0254                  1025.0        .0            .0                  .0
1015.0              22.1181               .9527                 .0262                  1015.0        .0            .0                  .0
1072.0              20.6887               .9023                 .0244                  1072.0        .0            .0                  .0
987.0               23.0567               .9806                 .0258                  987.0         .0            .0                  .0
1027.0              22.1119               .9422                 .0248                  1027.0        .0            .0                  .0
1000.0              22.4695               .9685                 .0259                  1000.0        .0            .0                  .0
973.0               22.8922               .9957                 .0252                  973.0         .0            .0                  .0
1092.0              20.9167               .8849                 .0244                  1092.0        .0            .0                  .0
973.0               23.2413               .9931                 .0239                  973.0         .0            .0                  .0
1009.0              22.2319               .9601                 .7934                  1008.0        .0            .0                  .0
1082.0              20.7343               .8904                 .0263                  1083.0        .0            .0                  .0
999.0               22.28                 .9679                 .026                   999.0         .0            .0                  .0
987.0               22.2783               .9729                 .0342                  987.0         .0            .0                  .0
941.0               23.7866               1.0305                .0254                  941.0         .0            .0                  .0
944.0               23.3534               1.0277                .0256                  944.0         .0            .0                  .0
901.0               25.1275               1.0771                .0256                  901.0         .0            .0                  .0
998.0               22.8388               .9714                 .024                   998.0         .0            .0                  .0
961.0               23.4064               1.0124                .0229                  961.0         .0            .0                  .0
946.0               23.7012               1.0186                .0318                  946.0         .0            .0                  .0
1028.0              22.0787               .9438                 .0238                  1028.0        .0            .0                  .0
983.0               22.5376               .9859                 .0248                  983.0         .0            .0                  .0
1040.0              21.7548               .9333                 .0231                  1040.0        .0            .0                  .0
974.0               22.6503               .9978                 .0227                  974.0         .0            .0                  .0
1027.0              21.32                 .9431                 .0235                  1027.0        .0            .0                  .0
976.0               22.914                .9953                 .0233                  976.0         .0            .0                  .0
991.0               22.6478               .9798                 .0242                  990.0         .0            .0                  .0
977.0               22.3994               .9887                 .0287                  978.0         .0            .0                  .0
985.0               22.9391               .9843                 .0248                  985.0         .0            .0                  .0
970.0               23.0937               1.0021                .0231                  970.0         .0            .0                  .0
1022.0              22.0635               .9487                 .0237                  1022.0        .0            .0                  .0
1015.0              21.7982               .9561                 .0234                  1015.0        .0            .0                  .0
920.0               24.4528               1.0578                .0229                  920.0         .0            .0                  .0
1069.0              21.2832               .9068                 .023                   1069.0        .0            .0                  .0
927.0               23.4106               1.0386                .0314                  927.0         .0            .0                  .0
1017.0              22.445                .955                  .0234                  1017.0        .0            .0                  .0
1019.0              21.9598               .9521                 .0236                  1019.0        .0            .0                  .0
915.0               24.5459               1.0577                .0298                  915.0         .0            .0                  .0
1005.0              23.0328               .9655                 .0237                  1005.0        .0            .0                  .0
1033.0              21.6234               .938                  .0236                  1032.0        .0            .0                  .0
1020.0              22.7101               .9492                 .024                   1021.0        .0            .0                  .0
1061.0              21.4331               .9126                 .0235                  1061.0        .0            .0                  .0
1019.0              21.9676               .9513                 .0257                  1019.0        .0            .0                  .0
946.0               23.9145               1.0267                .0239                  946.0         .0            .0                  .0
1060.0              20.9727               .9121                 .0239                  1060.0        .0            .0                  .0
1056.0              21.6168               .9253                 .0233                  1056.0        .0            .0                  .0
997.0               22.8407               .973                  .0239                  997.0         .0            .0                  .0
1002.0              22.347                .9671                 .0241                  1002.0        .0            .0                  .0
962.0               23.1173               1.009                 .0242                  962.0         .0            .0                  .0
983.0               22.5965               .9846                 .0256                  983.0         .0            .0                  .0
950.0               23.735                1.0201                .0244                  950.0         .0            .0                  .0
1035.0              14.1004               .9347                 .0258                  1035.0        .0            .0                  .0
725.0               2.7117                .9606                 .0212                  724.0         .0            .0                  .0
738.0               2.2503                .9649                 .0203                  739.0         .0            .0                  .0
32.0                2.1563                .9179                 .0244                  31.0          .0            .0                  .0
Server 0, get requests: 0

Thread 1
Throughput          Waiting time          Service time          Time to parse          Sets          Gets          Multi-gets          Misses
563.0               6.406                 1.1922                .083                   564.0         .0            .0                  .0
735.0               17.6495               1.2851                .0363                  735.0         .0            .0                  .0
1006.0              17.2445               .9609                 .0253                  1006.0        .0            .0                  .0
963.0               23.0467               .994                  .0352                  963.0         .0            .0                  .0
1028.0              21.5977               .9293                 .031                   1028.0        .0            .0                  .0
1049.0              21.5981               .9204                 .0271                  1049.0        .0            .0                  .0
1094.0              21.1836               .878                  .0273                  1094.0        .0            .0                  .0
992.0               23.5337               .9738                 .0255                  992.0         .0            .0                  .0
1012.0              22.1194               .9537                 .0258                  1012.0        .0            .0                  .0
1032.0              21.5179               .9349                 .0278                  1032.0        .0            .0                  .0
1015.0              22.0728               .955                  .0242                  1015.0        .0            .0                  .0
1015.0              22.1053               .9544                 .0243                  1015.0        .0            .0                  .0
1097.0              20.7104               .8816                 .0236                  1097.0        .0            .0                  .0
985.0               23.2323               .9837                 .0255                  985.0         .0            .0                  .0
1008.0              22.1199               .9619                 .0236                  1008.0        .0            .0                  .0
990.0               22.4571               .9796                 .0249                  990.0         .0            .0                  .0
983.0               23.003                .9863                 .0237                  983.0         .0            .0                  .0
1088.0              20.9715               .8891                 .0243                  1088.0        .0            .0                  .0
961.0               23.237                1.0109                .0231                  961.0         .0            .0                  .0
1014.0              22.2811               .9563                 -.1758                 1014.0        .0            .0                  .0
1072.0              20.7502               .9012                 .0254                  1072.0        .0            .0                  .0
1011.0              22.3538               .9531                 .0253                  1011.0        .0            .0                  .0
980.0               22.3007               .9856                 .0265                  980.0         .0            .0                  .0
942.0               23.6829               1.027                 .026                   942.0         .0            .0                  .0
974.0               23.1928               .9926                 .0263                  974.0         .0            .0                  .0
876.0               25.2828               1.1127                .0234                  876.0         .0            .0                  .0
975.0               22.8841               .9981                 .0225                  974.0         .0            .0                  .0
949.0               23.368                1.0221                .0253                  950.0         .0            .0                  .0
944.0               23.5831               1.0277                .0248                  944.0         .0            .0                  .0
1021.0              22.1487               .9512                 .023                   1021.0        .0            .0                  .0
996.0               22.654                .9757                 .0225                  996.0         .0            .0                  .0
1026.0              21.7108               .9459                 .0236                  1026.0        .0            .0                  .0
991.0               22.6825               .9791                 .0238                  991.0         .0            .0                  .0
1038.0              21.3417               .9318                 .0234                  1038.0        .0            .0                  .0
981.0               22.9481               .9918                 .024                   981.0         .0            .0                  .0
981.0               22.7332               .9906                 .0229                  981.0         .0            .0                  .0
1019.0              22.3451               .9501                 .0251                  1019.0        .0            .0                  .0
965.0               22.9886               1.0043                .0247                  965.0         .0            .0                  .0
975.0               23.167                .997                  .0235                  975.0         .0            .0                  .0
1043.0              21.9885               .9274                 .0259                  1043.0        .0            .0                  .0
1030.0              21.8274               .9413                 .0241                  1030.0        .0            .0                  .0
899.0               24.5989               1.0834                .0227                  899.0         .0            .0                  .0
1048.0              21.2574               .925                  .0235                  1048.0        .0            .0                  .0
962.0               23.2835               1.0044                .0264                  962.0         .0            .0                  .0
1020.0              22.4505               .9524                 .024                   1020.0        .0            .0                  .0
1016.0              21.9233               .9547                 .0236                  1016.0        .0            .0                  .0
917.0               24.3736               1.062                 .0232                  917.0         .0            .0                  .0
987.0               23.0506               .9836                 .0238                  987.0         .0            .0                  .0
1048.0              21.591                .9259                 .0225                  1048.0        .0            .0                  .0
966.0               22.6649               1.004                 .0246                  966.0         .0            .0                  .0
1053.0              21.4231               .9201                 .0235                  1053.0        .0            .0                  .0
990.0               21.9728               .972                  .0314                  990.0         .0            .0                  .0
935.0               23.8953               1.0408                .0238                  935.0         .0            .0                  .0
1063.0              20.9962               .9104                 .0233                  1063.0        .0            .0                  .0
1048.0              21.6374               .9322                 .0242                  1048.0        .0            .0                  .0
1003.0              22.9353               .9661                 .0239                  1003.0        .0            .0                  .0
1001.0              22.4461               .9689                 .0246                  1001.0        .0            .0                  .0
972.0               23.1048               .9987                 .024                   972.0         .0            .0                  .0
994.0               22.6482               .9771                 .0234                  994.0         .0            .0                  .0
950.0               23.7992               1.0224                .0238                  950.0         .0            .0                  .0
1040.0              14.1028               .9329                 .0232                  1040.0        .0            .0                  .0
656.0               2.4292                1.1481                .0221                  656.0         .0            .0                  .0
446.0               1.604                 2.1145                .0228                  446.0         .0            .0                  .0
18.0                1.5                   2.4973                .0218                  17.0          .0            .0                  .0
Server 0, get requests: 0

Thread 2
Throughput          Waiting time          Service time          Time to parse          Sets          Gets          Multi-gets          Misses
640.0               6.468                 1.0468                .1057                  641.0         .0            .0                  .0
658.0               17.4492               1.4496                .0282                  658.0         .0            .0                  .0
1030.0              17.4016               .9365                 .0263                  1030.0        .0            .0                  .0
967.0               22.9246               .9939                 .0272                  967.0         .0            .0                  .0
1018.0              21.525                .9433                 .0265                  1018.0        .0            .0                  .0
1060.0              21.5391               .908                  .0296                  1060.0        .0            .0                  .0
1044.0              21.1033               .9212                 .0279                  1044.0        .0            .0                  .0
982.0               23.4527               .9816                 .0275                  982.0         .0            .0                  .0
1008.0              22.1031               .9604                 .0245                  1008.0        .0            .0                  .0
1044.0              21.4431               .9267                 .0249                  1044.0        .0            .0                  .0
1025.0              22.1316               .9455                 .0241                  1025.0        .0            .0                  .0
1029.0              22.1427               .9416                 .0241                  1029.0        .0            .0                  .0
1065.0              20.6717               .9092                 .0236                  1065.0        .0            .0                  .0
975.0               23.1178               .9905                 .0278                  975.0         .0            .0                  .0
1012.0              22.1194               .9571                 .0239                  1012.0        .0            .0                  .0
1008.0              22.4975               .9655                 .0221                  1008.0        .0            .0                  .0
973.0               22.9723               .9976                 .0239                  973.0         .0            .0                  .0
1088.0              20.9238               .8905                 .0236                  1088.0        .0            .0                  .0
969.0               23.2361               1.0014                .0244                  969.0         .0            .0                  .0
1006.0              22.2234               .9657                 .023                   1006.0        .0            .0                  .0
1078.0              20.7414               .8922                 .0294                  1078.0        .0            .0                  .0
978.0               22.3861               .9914                 .0237                  978.0         .0            .0                  .0
1027.0              22.4222               .9437                 .0239                  1027.0        .0            .0                  .0
943.0               23.7786               1.0293                .025                   943.0         .0            .0                  .0
975.0               23.4559               .9964                 .0238                  975.0         .0            .0                  .0
889.0               25.0876               1.0959                .0236                  889.0         .0            .0                  .0
992.0               22.9355               .9805                 .0227                  992.0         .0            .0                  .0
925.0               23.3402               1.0519                .0228                  925.0         .0            .0                  .0
970.0               23.6725               .9987                 .0248                  970.0         .0            .0                  .0
1012.0              22.0908               .9595                 .0235                  1012.0        .0            .0                  .0
976.0               22.5732               .9934                 .0234                  976.0         .0            .0                  .0
1017.0              21.7259               .9553                 .0228                  1017.0        .0            .0                  .0
988.0               22.7654               .9828                 .0233                  988.0         .0            .0                  .0
1035.0              21.3712               .9361                 .0237                  1039.0        .0            .0                  .0
980.0               22.9161               .9912                 .0233                  977.0         .0            .0                  .0
975.0               22.6588               .9963                 .0238                  974.0         .0            .0                  .0
1029.0              22.3369               .9428                 .0237                  1029.0        .0            .0                  .0
992.0               22.858                .9743                 .0282                  992.0         .0            .0                  .0
984.0               23.1492               .987                  .0233                  984.0         .0            .0                  .0
1017.0              21.9971               .9525                 .0242                  1017.0        .0            .0                  .0
1027.0              21.7403               .9444                 .0235                  1027.0        .0            .0                  .0
940.0               24.4404               1.0357                .023                   939.0         .0            .0                  .0
1070.0              21.2248               .9041                 .0244                  1071.0        .0            .0                  .0
969.0               23.4113               .9977                 .0251                  969.0         .0            .0                  .0
1006.0              22.3625               .9666                 .0234                  1006.0        .0            .0                  .0
1021.0              21.9227               .9515                 .0227                  1021.0        .0            .0                  .0
922.0               24.3835               1.0563                .0226                  922.0         .0            .0                  .0
965.0               22.9969               1.007                 .0234                  965.0         .0            .0                  .0
1039.0              21.6058               .9341                 .0223                  1039.0        .0            .0                  .0
964.0               22.5793               1.0048                .0245                  964.0         .0            .0                  .0
1025.0              21.3655               .946                  .0236                  1025.0        .0            .0                  .0
1027.0              21.9056               .9451                 .024                   1027.0        .0            .0                  .0
947.0               23.9293               1.0264                .0237                  947.0         .0            .0                  .0
1054.0              21.0076               .919                  .0227                  1054.0        .0            .0                  .0
1015.0              21.6604               .9631                 .0241                  1015.0        .0            .0                  .0
979.0               22.7969               .9901                 .0249                  979.0         .0            .0                  .0
998.0               22.3697               .9738                 .1121                  997.0         .0            .0                  .0
977.0               23.1339               .9942                 .0231                  978.0         .0            .0                  .0
965.0               22.442                .996                  .0349                  965.0         .0            .0                  .0
949.0               23.6979               1.0226                .0244                  949.0         .0            .0                  .0
1042.0              14.0978               .9309                 .0234                  1042.0        .0            .0                  .0
646.0               2.7043                1.1725                .0213                  645.0         .0            .0                  .0
726.0               2.2215                .9811                 .0208                  727.0         .0            .0                  .0
32.0                2.1562                .9272                 .0191                  31.0          .0            .0                  .0
Server 0, get requests: 0

Thread 3
Throughput          Waiting time          Service time          Time to parse          Sets          Gets          Multi-gets          Misses
693.0               6.3991                .9457                 .065                   694.0         .0            .0                  .0
941.0               17.7006               .9954                 .0343                  941.0         .0            .0                  .0
1028.0              17.3936               .938                  .0255                  1028.0        .0            .0                  .0
972.0               22.9486               .9932                 .028                   972.0         .0            .0                  .0
1034.0              21.6097               .9279                 .0264                  1034.0        .0            .0                  .0
1041.0              21.6056               .9287                 .0261                  1041.0        .0            .0                  .0
1079.0              21.1037               .8899                 .0282                  1079.0        .0            .0                  .0
851.0               23.7136               1.1396                .027                   851.0         .0            .0                  .0
948.0               22.1401               1.0183                .0268                  948.0         .0            .0                  .0
1047.0              21.4494               .924                  .0253                  1047.0        .0            .0                  .0
1012.0              22.0661               .9574                 .0242                  1012.0        .0            .0                  .0
1014.0              22.1143               .955                  .0248                  1014.0        .0            .0                  .0
1068.0              20.6239               .9059                 .0238                  1068.0        .0            .0                  .0
964.0               23.056                1.0059                .0253                  964.0         .0            .0                  .0
1013.0              22.068                .9547                 .0259                  1013.0        .0            .0                  .0
1001.0              22.517                .9693                 .0245                  1001.0        .0            .0                  .0
977.0               22.9652               .9896                 .0261                  977.0         .0            .0                  .0
1048.0              20.938                .9244                 -.0629                 1048.0        .0            .0                  .0
964.0               23.2394               1.0071                .0232                  964.0         .0            .0                  .0
1014.0              22.2158               .9559                 .0249                  1014.0        .0            .0                  .0
1072.0              20.7884               .903                  .024                   1072.0        .0            .0                  .0
1021.0              22.2945               .9493                 .0242                  1021.0        .0            .0                  .0
1007.0              22.2907               .9625                 .0246                  1007.0        .0            .0                  .0
937.0               23.6983               1.0379                .0232                  937.0         .0            .0                  .0
968.0               23.2673               1.0002                .0273                  968.0         .0            .0                  .0
879.0               25.15                 1.1085                .0232                  879.0         .0            .0                  .0
983.0               22.7571               .9867                 .9776                  984.0         .0            .0                  .0
980.0               23.4383               .9904                 .0235                  979.0         .0            .0                  .0
947.0               23.7395               1.0213                .0281                  947.0         .0            .0                  .0
1014.0              22.1113               .958                  .023                   1014.0        .0            .0                  .0
999.0               22.592                .9695                 .0257                  999.0         .0            .0                  .0
1023.0              21.7949               .9484                 .0239                  1023.0        .0            .0                  .0
973.0               22.7608               .9974                 .0242                  973.0         .0            .0                  .0
1027.0              21.2996               .9411                 .0245                  1027.0        .0            .0                  .0
976.0               22.7799               .9978                 .023                   976.0         .0            .0                  .0
995.0               22.6724               .977                  .0228                  995.0         .0            .0                  .0
1010.0              22.3551               .9602                 .0236                  1010.0        .0            .0                  .0
979.0               22.9235               .9894                 .0262                  979.0         .0            .0                  .0
968.0               23.097                1.0029                .0242                  968.0         .0            .0                  .0
1022.0              22.0587               .9481                 .0245                  1022.0        .0            .0                  .0
1021.0              21.8082               .9498                 .024                   1021.0        .0            .0                  .0
925.0               24.473                1.0513                .0232                  925.0         .0            .0                  .0
1043.0              21.2165               .9295                 .0239                  1043.0        .0            .0                  .0
950.0               23.4648               1.0182                .0247                  950.0         .0            .0                  .0
992.0               22.4371               .9779                 .0239                  992.0         .0            .0                  .0
1023.0              21.9814               .9491                 .023                   1023.0        .0            .0                  .0
898.0               24.3927               1.0845                .0237                  898.0         .0            .0                  .0
965.0               23.0963               1.0054                .0249                  965.0         .0            .0                  .0
1036.0              21.6258               .9375                 .0219                  1036.0        .0            .0                  .0
1012.0              22.6614               .956                  .0253                  1012.0        .0            .0                  .0
1025.0              21.5068               .9463                 .0232                  1025.0        .0            .0                  .0
1042.0              21.9233               .9309                 .0242                  1042.0        .0            .0                  .0
917.0               23.9303               1.061                 .0236                  917.0         .0            .0                  .0
1058.0              20.9726               .9139                 .0239                  1058.0        .0            .0                  .0
1033.0              21.6644               .9435                 .0243                  1033.0        .0            .0                  .0
998.0               22.8168               .9734                 .023                   998.0         .0            .0                  .0
999.0               22.36                 .9727                 .0232                  999.0         .0            .0                  .0
944.0               23.1206               1.0286                .0244                  944.0         .0            .0                  .0
981.0               22.4684               .9844                 .0275                  981.0         .0            .0                  .0
944.0               23.7619               1.0279                .0246                  944.0         .0            .0                  .0
998.0               13.8869               .9723                 .0237                  998.0         .0            .0                  .0
715.0               2.4783                .9483                 .0218                  714.0         .0            .0                  .0
687.0               1.9506                1.0036                .0227                  688.0         .0            .0                  .0
29.0                1.8621                .9444                 .0196                  28.0          .0            .0                  .0
Server 0, get requests: 0

Thread 4
Throughput          Waiting time          Service time          Time to parse          Sets          Gets          Multi-gets          Misses
557.0               6.4606                1.2122                .0738                  558.0         .0            .0                  .0
1049.0              17.6438               .8914                 .0293                  1049.0        .0            .0                  .0
1040.0              17.3952               .9257                 1.265                  1040.0        .0            .0                  .0
954.0               22.8609               1.0102                .028                   954.0         .0            .0                  .0
998.0               21.6426               .9616                 .0272                  998.0         .0            .0                  .0
1038.0              21.6545               .9296                 .0284                  1038.0        .0            .0                  .0
1037.0              21.1195               .9227                 .0323                  1037.0        .0            .0                  .0
988.0               23.6451               .9782                 .0257                  988.0         .0            .0                  .0
1017.0              22.1965               .9513                 .0247                  1017.0        .0            .0                  .0
1038.0              21.5043               .9296                 .0277                  1038.0        .0            .0                  .0
1009.0              21.9604               .9604                 .0243                  1009.0        .0            .0                  .0
1012.0              22.1441               .9536                 .0282                  1012.0        .0            .0                  .0
1082.0              20.7165               .894                  .0242                  1082.0        .0            .0                  .0
951.0               23.1901               1.02                  .0249                  951.0         .0            .0                  .0
1014.0              22.0926               .9558                 .0237                  1014.0        .0            .0                  .0
1003.0              22.51                 .965                  .0254                  1003.0        .0            .0                  .0
981.0               23.0153               .99                   .0235                  981.0         .0            .0                  .0
1069.0              20.9393               .9056                 .0244                  1069.0        .0            .0                  .0
963.0               23.1795               1.0095                .0232                  963.0         .0            .0                  .0
1021.0              22.1898               .9499                 .0239                  1021.0        .0            .0                  .0
1085.0              20.7901               .892                  .0239                  1085.0        .0            .0                  .0
987.0               22.3775               .9838                 .0234                  987.0         .0            .0                  .0
1010.0              22.4837               .9619                 .023                   1010.0        .0            .0                  .0
949.0               23.7937               1.0245                .0229                  949.0         .0            .0                  .0
959.0               23.5615               1.0074                .0305                  959.0         .0            .0                  .0
885.0               25.1749               1.101                 .023                   885.0         .0            .0                  .0
991.0               22.9718               .9817                 .0221                  991.0         .0            .0                  .0
955.0               23.3839               1.0175                .0234                  955.0         .0            .0                  .0
914.0               23.6612               1.0584                .0294                  914.0         .0            .0                  .0
1008.0              22.1407               .9634                 .0231                  1008.0        .0            .0                  .0
991.0               22.6361               .9793                 .024                   991.0         .0            .0                  .0
1041.0              21.8205               .9314                 .0233                  1041.0        .0            .0                  .0
999.0               22.819                .9724                 .0231                  999.0         .0            .0                  .0
1075.0              21.4287               .9008                 .023                   1079.0        .0            .0                  .0
967.0               22.9616               1.0048                .0234                  963.0         .0            .0                  .0
1004.0              22.6985               .9678                 .0229                  1004.0        .0            .0                  .0
973.0               22.2936               .9976                 .0252                  973.0         .0            .0                  .0
973.0               22.9784               .9989                 .0231                  973.0         .0            .0                  .0
977.0               23.1258               .995                  .0228                  977.0         .0            .0                  .0
1003.0              21.9771               .9669                 .0246                  1003.0        .0            .0                  .0
1024.0              21.7776               .9469                 .0239                  1024.0        .0            .0                  .0
928.0               24.5011               1.049                 .7766                  927.0         .0            .0                  .0
1050.0              21.2776               .9212                 .0234                  1051.0        .0            .0                  .0
951.0               23.4002               1.017                 .0249                  951.0         .0            .0                  .0
997.0               22.491                .975                  .0237                  997.0         .0            .0                  .0
1024.0              21.9766               .9482                 .0229                  1024.0        .0            .0                  .0
913.0               24.5044               1.0671                .0225                  913.0         .0            .0                  .0
984.0               23.0376               .9874                 .0234                  984.0         .0            .0                  .0
1032.0              21.6012               .9406                 .0222                  1032.0        .0            .0                  .0
990.0               22.7164               .9795                 .0239                  990.0         .0            .0                  .0
1043.0              21.4052               .9293                 .0229                  1043.0        .0            .0                  .0
1007.0              21.9524               .9644                 .0244                  1007.0        .0            .0                  .0
936.0               23.8943               1.0394                .0232                  936.0         .0            .0                  .0
1062.0              21.0263               .9046                 .0295                  1062.0        .0            .0                  .0
1003.0              21.6763               .9745                 .0237                  1003.0        .0            .0                  .0
998.0               22.8669               .9719                 .0247                  998.0         .0            .0                  .0
985.0               22.4493               .9863                 .0234                  985.0         .0            .0                  .0
964.0               23.2539               1.0084                .0227                  964.0         .0            .0                  .0
1003.0              22.6245               .9654                 .0254                  1003.0        .0            .0                  .0
945.0               23.7949               1.0254                .0245                  945.0         .0            .0                  .0
1008.0              13.894                .963                  .0237                  1008.0        .0            .0                  .0
731.0               2.5951                .9435                 .0228                  730.0         .0            .0                  .0
707.0               2.072                 .9851                 .0242                  708.0         .0            .0                  .0
30.0                2.0333                .955                  .0229                  29.0          .0            .0                  .0
Server 0, get requests: 0

Thread 5
Throughput          Waiting time          Service time          Time to parse          Sets          Gets          Multi-gets          Misses
555.0               6.3813                1.2079                .0786                  556.0         .0            .0                  .0
1029.0              17.5466               .9031                 .0354                  1029.0        .0            .0                  .0
1040.0              17.2277               1.1507                -.1994                 1040.0        .0            .0                  .0
937.0               22.7751               1.0304                .0292                  937.0         .0            .0                  .0
991.0               21.5595               .9697                 .0265                  991.0         .0            .0                  .0
1037.0              21.4605               .929                  .0298                  1037.0        .0            .0                  .0
1033.0              20.97                 .9321                 .0275                  1033.0        .0            .0                  .0
973.0               23.4702               .9914                 .0278                  973.0         .0            .0                  .0
1020.0              22.0402               .9403                 .0313                  1020.0        .0            .0                  .0
1010.0              21.3571               .9534                 .0282                  1010.0        .0            .0                  .0
996.0               21.8534               .9627                 .0327                  995.0         .0            .0                  .0
996.0               21.9609               .9702                 .0256                  997.0         .0            .0                  .0
1091.0              20.6236               .8865                 .0234                  1091.0        .0            .0                  .0
941.0               23.0732               1.0321                .0249                  941.0         .0            .0                  .0
1011.0              21.9466               .9594                 .0231                  1011.0        .0            .0                  .0
993.0               22.2958               .9768                 .0245                  993.0         .0            .0                  .0
975.0               22.8637               .9946                 .0244                  975.0         .0            .0                  .0
1066.0              20.8529               .9072                 .0243                  1066.0        .0            .0                  .0
952.0               23.1091               1.0184                .0251                  952.0         .0            .0                  .0
1011.0              22.1986               .9606                 .0232                  1011.0        .0            .0                  .0
1059.0              20.6632               .9146                 .0239                  1059.0        .0            .0                  .0
990.0               22.2735               .9813                 .023                   990.0         .0            .0                  .0
1008.0              22.2815               .9628                 .0237                  1008.0        .0            .0                  .0
937.0               23.6269               1.0382                .023                   937.0         .0            .0                  .0
925.0               23.2624               1.0532                .0232                  925.0         .0            .0                  .0
875.0               25.0822               1.1142                .0229                  875.0         .0            .0                  .0
977.0               22.7732               .9948                 .0229                  978.0         .0            .0                  .0
946.0               23.149                1.0274                .0227                  945.0         .0            .0                  .0
914.0               23.4765               1.0608                .0258                  914.0         .0            .0                  .0
998.0               22.003                .9727                 .0237                  998.0         .0            .0                  .0
980.0               22.5882               .9914                 .0237                  980.0         .0            .0                  .0
1042.0              21.6635               .9316                 .023                   1042.0        .0            .0                  .0
992.0               22.6425               .9778                 .0239                  992.0         .0            .0                  .0
1051.0              21.2955               .9216                 .023                   1055.0        .0            .0                  .0
956.0               22.8604               1.0156                .0245                  952.0         .0            .0                  .0
978.0               22.5945               .9883                 .0295                  978.0         .0            .0                  .0
960.0               22.2279               1.0123                .0237                  960.0         .0            .0                  .0
960.0               22.9261               1.0121                .0235                  960.0         .0            .0                  .0
951.0               23.0042               1.0221                .0239                  951.0         .0            .0                  .0
1005.0              21.8489               .9638                 .0256                  1005.0        .0            .0                  .0
1014.0              21.7261               .9566                 .0238                  1014.0        .0            .0                  .0
889.0               24.4449               1.0963                .0223                  889.0         .0            .0                  .0
1057.0              21.173                .9172                 .0234                  1057.0        .0            .0                  .0
951.0               23.3267               1.0124                .0304                  951.0         .0            .0                  .0
997.0               22.3557               .9752                 .0238                  997.0         .0            .0                  .0
1017.0              21.835                .9553                 .0229                  1017.0        .0            .0                  .0
912.0               24.3636               1.0683                .0225                  912.0         .0            .0                  .0
974.0               22.8954               .9983                 .0229                  974.0         .0            .0                  .0
1035.0              21.4884               .9377                 .0224                  1035.0        .0            .0                  .0
984.0               22.5391               .9853                 .024                   984.0         .0            .0                  .0
1044.0              21.3349               .9281                 .0238                  1044.0        .0            .0                  .0
991.0               21.8548               .9809                 .0238                  991.0         .0            .0                  .0
921.0               23.7972               1.0571                .0229                  921.0         .0            .0                  .0
1064.0              20.8986               .9091                 .0236                  1064.0        .0            .0                  .0
1002.0              21.482                .9745                 21.0577                1002.0        .0            .0                  .0
993.0               22.5578               .9757                 .0242                  993.0         .0            .0                  .0
989.0               22.2808               1.1301                -.1252                 989.0         .0            .0                  .0
974.0               23.0174               .998                  .0237                  974.0         .0            .0                  .0
990.0               22.5308               .9791                 .0245                  990.0         .0            .0                  .0
930.0               23.594                1.0439                .025                   930.0         .0            .0                  .0
1013.0              13.7781               .9575                 .0241                  1013.0        .0            .0                  .0
708.0               2.4944                .9531                 .0225                  707.0         .0            .0                  .0
685.0               1.9402                .9976                 .0234                  686.0         .0            .0                  .0
27.0                1.6296                .9702                 .0201                  26.0          .0            .0                  .0
Server 0, get requests: 0

Thread 6
Throughput          Waiting time          Service time          Time to parse          Sets          Gets          Multi-gets          Misses
435.0               6.3532                1.5711                .0818                  436.0         .0            .0                  .0
875.0               17.5674               1.0776                .0291                  875.0         .0            .0                  .0
1016.0              17.4061               .944                  .0253                  1016.0        .0            .0                  .0
943.0               22.7987               1.0199                .033                   943.0         .0            .0                  .0
1006.0              21.6395               .954                  .0278                  1006.0        .0            .0                  .0
1031.0              21.5359               .9367                 .0281                  1031.0        .0            .0                  .0
1021.0              21.0108               .9426                 .0284                  1021.0        .0            .0                  .0
957.0               23.5198               1.0085                .0276                  957.0         .0            .0                  .0
1011.0              22.1255               .9521                 .0262                  1011.0        .0            .0                  .0
1048.0              21.368                .9226                 .0249                  1048.0        .0            .0                  .0
1010.0              21.9862               .9597                 .0242                  1010.0        .0            .0                  .0
976.0               22.0461               .9939                 .0247                  976.0         .0            .0                  .0
1063.0              20.6391               .9121                 .0229                  1063.0        .0            .0                  .0
917.0               22.9085               1.0581                .0261                  917.0         .0            .0                  .0
992.0               22.0101               .9739                 .0233                  992.0         .0            .0                  .0
983.0               22.4157               .9913                 .0244                  983.0         .0            .0                  .0
946.0               22.9461               1.0261                .0244                  946.0         .0            .0                  .0
1064.0              20.9108               .9102                 .0236                  1064.0        .0            .0                  .0
954.0               23.1675               1.0075                .0345                  954.0         .0            .0                  .0
996.0               22.1866               .9737                 .024                   996.0         .0            .0                  .0
1066.0              20.6776               .9061                 .0253                  1066.0        .0            .0                  .0
978.0               22.3146               .9932                 .0234                  978.0         .0            .0                  .0
1005.0              22.3449               .9654                 .0244                  1005.0        .0            .0                  .0
933.0               23.7537               1.0417                .0236                  933.0         .0            .0                  .0
957.0               23.2745               1.014                 .025                   957.0         .0            .0                  .0
898.0               25.0923               1.0858                .0224                  898.0         .0            .0                  .0
960.0               22.8366               1.012                 .0236                  960.0         .0            .0                  .0
955.0               23.3567               1.0176                .0243                  955.0         .0            .0                  .0
945.0               23.6047               1.0244                .0273                  945.0         .0            .0                  .0
1002.0              22.0957               .9698                 .0223                  1002.0        .0            .0                  .0
1000.0              22.6474               .9678                 .0268                  1000.0        .0            .0                  .0
1019.0              21.7863               .9531                 .023                   1019.0        .0            .0                  .0
962.0               22.5909               1.0064                .0269                  962.0         .0            .0                  .0
1051.0              21.4138               .9219                 .023                   1055.0        .0            .0                  .0
972.0               22.9143               .9998                 .0232                  968.0         .0            .0                  .0
949.0               22.5758               1.0249                .023                   949.0         .0            .0                  .0
1006.0              22.2532               .9572                 .0301                  1006.0        .0            .0                  .0
964.0               22.8477               1.0078                .0233                  964.0         .0            .0                  .0
934.0               23.0909               1.0411                .0233                  934.0         .0            .0                  .0
1014.0              21.997                .9567                 .0239                  1014.0        .0            .0                  .0
999.0               21.838                .9721                 .0234                  999.0         .0            .0                  .0
905.0               24.5077               1.076                 .0226                  905.0         .0            .0                  .0
1044.0              21.2086               .9291                 .0231                  1044.0        .0            .0                  .0
960.0               23.3018               1.009                 .0237                  960.0         .0            .0                  .0
977.0               22.3241               .9957                 .0236                  977.0         .0            .0                  .0
999.0               21.869                .9716                 .0236                  999.0         .0            .0                  .0
906.0               24.4035               1.0754                .0228                  906.0         .0            .0                  .0
968.0               22.9577               1.003                 .0233                  968.0         .0            .0                  .0
1010.0              21.5974               .9621                 .0228                  1010.0        .0            .0                  .0
967.0               22.6612               .9967                 .0302                  967.0         .0            .0                  .0
1033.0              21.4323               1.0525                -.0904                 1033.0        .0            .0                  .0
1022.0              21.8749               .9474                 .0261                  1022.0        .0            .0                  .0
937.0               23.7942               1.0358                .0237                  937.0         .0            .0                  .0
1069.0              20.9505               .9054                 .0228                  1069.0        .0            .0                  .0
995.0               21.6245               .9827                 .0235                  995.0         .0            .0                  .0
974.0               22.8656               .9956                 .0251                  974.0         .0            .0                  .0
996.0               22.3621               .9752                 .0231                  996.0         .0            .0                  .0
975.0               23.0809               .9968                 .0226                  975.0         .0            .0                  .0
961.0               22.6736               1.0037                .0294                  961.0         .0            .0                  .0
935.0               23.7714               1.0378                .0251                  935.0         .0            .0                  .0
1030.0              13.9971               .9419                 .0234                  1030.0        .0            .0                  .0
724.0               2.489                 .9629                 .021                   723.0         .0            .0                  .0
724.0               2.2276                .9932                 .0212                  725.0         .0            .0                  .0
31.0                2.1935                .9468                 .0222                  30.0          .0            .0                  .0
Server 0, get requests: 0

Thread 7
Throughput          Waiting time          Service time          Time to parse          Sets          Gets          Multi-gets          Misses
672.0               6.3655                .9696                 .0526                  673.0         .0            .0                  .0
904.0               17.6961               1.0414                .0292                  904.0         .0            .0                  .0
1031.0              17.2413               .9352                 .0263                  1031.0        .0            .0                  .0
973.0               22.9076               .9881                 .0321                  973.0         .0            .0                  .0
1000.0              21.5784               .9615                 .0259                  1000.0        .0            .0                  .0
1018.0              21.526                .9498                 .0262                  1018.0        .0            .0                  .0
1039.0              20.9846               .922                  .0284                  1039.0        .0            .0                  .0
843.0               23.6374               1.1492                .0282                  843.0         .0            .0                  .0
946.0               22.1024               1.0228                .0252                  946.0         .0            .0                  .0
1049.0              21.4076               .9235                 .0247                  1049.0        .0            .0                  .0
1000.0              21.8611               .9692                 .0247                  1000.0        .0            .0                  .0
993.0               21.9527               .9754                 .0252                  993.0         .0            .0                  .0
1075.0              20.605                .8977                 .0239                  1075.0        .0            .0                  .0
946.0               23.0771               1.0187                .0307                  946.0         .0            .0                  .0
1007.0              21.9881               .962                  .0236                  1007.0        .0            .0                  .0
995.0               22.3986               .9733                 .0242                  995.0         .0            .0                  .0
957.0               22.928                1.0072                .031                   957.0         .0            .0                  .0
1011.0              20.7974               .9586                 .0248                  1011.0        .0            .0                  .0
954.0               23.1246               1.0166                .0247                  954.0         .0            .0                  .0
1000.0              22.171                .9695                 .025                   999.0         .0            .0                  .0
1058.0              20.6575               .9127                 .026                   1059.0        .0            .0                  .0
991.0               22.2308               .9765                 .0254                  991.0         .0            .0                  .0
977.0               22.228                .9867                 .031                   977.0         .0            .0                  .0
921.0               23.6204               1.0555                .0235                  921.0         .0            .0                  .0
974.0               23.1272               .9952                 .0256                  974.0         .0            .0                  .0
884.0               25.0271               1.1009                .0244                  884.0         .0            .0                  .0
963.0               22.6898               1.0074                .0244                  963.0         .0            .0                  .0
970.0               23.3213               1.0003                .0248                  970.0         .0            .0                  .0
944.0               23.5481               1.0231                .0287                  944.0         .0            .0                  .0
986.0               21.999                .9839                 .0238                  986.0         .0            .0                  .0
979.0               22.5061               .9894                 .026                   979.0         .0            .0                  .0
1014.0              21.666                .9543                 .0257                  1014.0        .0            .0                  .0
960.0               22.6025               1.0102                .0241                  960.0         .0            .0                  .0
1033.0              21.2514               .933                  .0263                  1037.0        .0            .0                  .0
976.0               22.8191               .9859                 .0255                  972.0         .0            .0                  .0
964.0               22.599                1.0031                .0288                  964.0         .0            .0                  .0
1002.0              22.1785               .964                  .0283                  1002.0        .0            .0                  .0
977.0               22.8241               .9947                 .0231                  977.0         .0            .0                  .0
951.0               23.0462               1.0214                .024                   951.0         .0            .0                  .0
985.0               21.8824               .981                  .0267                  985.0         .0            .0                  .0
1025.0              21.7544               .9457                 .0242                  1025.0        .0            .0                  .0
927.0               24.3362               1.0484                .0227                  927.0         .0            .0                  .0
1031.0              21.1424               .9407                 .0235                  1031.0        .0            .0                  .0
936.0               23.2199               1.0343                .0249                  936.0         .0            .0                  .0
990.0               22.3915               .9827                 .0232                  990.0         .0            .0                  .0
1015.0              21.8307               .956                  .0237                  1015.0        .0            .0                  .0
896.0               24.311                1.0865                .0237                  896.0         .0            .0                  .0
955.0               22.9508               1.019                 .0228                  955.0         .0            .0                  .0
1035.0              21.5502               .9368                 .0229                  1035.0        .0            .0                  .0
981.0               22.5672               .9895                 .0233                  981.0         .0            .0                  .0
1004.0              21.4149               .9648                 .0248                  1004.0        .0            .0                  .0
1036.0              21.9209               .9358                 .0241                  1036.0        .0            .0                  .0
922.0               23.8072               1.0558                .0228                  922.0         .0            .0                  .0
1056.0              20.9092               .9165                 .0231                  1056.0        .0            .0                  .0
1010.0              21.5747               .9684                 .0232                  1010.0        .0            .0                  .0
985.0               22.8286               .9852                 .0245                  985.0         .0            .0                  .0
1001.0              22.3403               .9711                 .0228                  1001.0        .0            .0                  .0
955.0               23.0126               1.0169                .024                   955.0         .0            .0                  .0
964.0               22.3824               1.0029                .0273                  964.0         .0            .0                  .0
932.0               23.6431               1.0406                .0254                  932.0         .0            .0                  .0
1014.0              14.0296               .956                  .0243                  1014.0        .0            .0                  .0
691.0               2.3459                .9751                 .0214                  690.0         .0            .0                  .0
684.0               1.9533                1.0062                .0237                  685.0         .0            .0                  .0
28.0                1.75                  .9541                 .0213                  27.0          .0            .0                  .0
Server 0, get requests: 0

Aggregated Statistics for a 1 seconds window of the entire middleware: 
Throughput          QueueLength          Waiting time          Service time          Time to parse          Sets          Gets          Multi-gets          Misses
4645.0              .0                   6.4052                1.176                 .0761                  4654.0        .0            .0                  .0
7288.0              48.0                 17.6358               1.0621                .0312                  7287.0        .0            .0                  .0
8213.0              143.0                17.3283               .9658                 .1534                  8213.0        .0            .0                  .0
7680.0              147.0                22.9053               1.0029                .0302                  7680.0        .0            .0                  .0
8103.0              173.0                21.6004               .9475                 .0273                  8103.0        .0            .0                  .0
8322.0              180.0                21.5682               .9278                 .0279                  8322.0        .0            .0                  .0
8426.0              182.0                21.0752               .9123                 .0286                  8426.0        .0            .0                  .0
7587.0              176.0                23.5656               1.0231                .0271                  7587.0        .0            .0                  .0
7994.0              167.0                22.1304               .9668                 .0263                  7994.0        .0            .0                  .0
8320.0              184.0                21.4434               .9292                 .0261                  8320.0        .0            .0                  .0
8092.0              176.0                21.9956               .9566                 .0255                  8091.0        .0            .0                  .0
8050.0              172.0                22.073                .9621                 .0254                  8051.0        .0            .0                  .0
8613.0              176.0                20.6599               .8987                 .0237                  8613.0        .0            .0                  .0
7666.0              173.0                23.089                1.0112                .0264                  7666.0        .0            .0                  .0
8084.0              176.0                22.0571               .9584                 .024                   8084.0        .0            .0                  .0
7973.0              179.0                22.4451               .9737                 .0245                  7973.0        .0            .0                  .0
7765.0              168.0                22.9482               .9984                 .0253                  7765.0        .0            .0                  .0
8526.0              180.0                20.9063               .9088                 .0133                  8526.0        .0            .0                  .0
7690.0              180.0                23.1918               1.0081                .0252                  7690.0        .0            .0                  .0
8071.0              182.0                22.2123               .9615                 .0952                  8069.0        .0            .0                  .0
8572.0              179.0                20.7254               .9015                 .0255                  8574.0        .0            .0                  .0
7955.0              176.0                22.3139               .9746                 .0243                  7955.0        .0            .0                  .0
8001.0              176.0                22.3288               .9677                 .0264                  8001.0        .0            .0                  .0
7503.0              175.0                23.7176               1.0356                .0241                  7503.0        .0            .0                  .0
7676.0              184.0                23.3119               1.0108                .0259                  7676.0        .0            .0                  .0
7087.0              172.0                25.1281               1.0995                .0236                  7087.0        .0            .0                  .0
7839.0              182.0                22.8359               .9916                 .1425                  7840.0        .0            .0                  .0
7641.0              181.0                23.3455               1.0174                .0237                  7640.0        .0            .0                  .0
7524.0              176.0                23.6233               1.0291                .0276                  7524.0        .0            .0                  .0
8069.0              175.0                22.0835               .9628                 .0233                  8069.0        .0            .0                  .0
7904.0              177.0                22.5918               .9815                 .0246                  7904.0        .0            .0                  .0
8222.0              180.0                21.7403               .9442                 .0236                  8222.0        .0            .0                  .0
7839.0              177.0                22.6892               .9905                 .024                   7839.0        .0            .0                  .0
8337.0              178.0                21.3402               .9287                 .0238                  8357.0        .0            .0                  .0
7784.0              178.0                22.8892               .9978                 .0238                  7765.0        .0            .0                  .0
7837.0              180.0                22.6475               .991                  .0247                  7835.0        .0            .0                  .0
7976.0              178.0                22.2987               .9716                 .0261                  7977.0        .0            .0                  .0
7795.0              176.0                22.9107               .9957                 .0246                  7795.0        .0            .0                  .0
7710.0              174.0                23.0968               1.0086                .0235                  7710.0        .0            .0                  .0
8111.0              175.0                21.9766               .9556                 .0249                  8111.0        .0            .0                  .0
8155.0              176.0                21.7838               .9516                 .0238                  8155.0        .0            .0                  .0
7333.0              176.0                24.4694               1.0622                .117                   7331.0        .0            .0                  .0
8412.0              180.0                21.2229               .9217                 .0235                  8414.0        .0            .0                  .0
7606.0              176.0                23.3523               1.0165                .0264                  7606.0        .0            .0                  .0
7996.0              184.0                22.4072               .9726                 .0236                  7996.0        .0            .0                  .0
8134.0              184.0                21.9123               .9548                 .0233                  8134.0        .0            .0                  .0
7279.0              184.0                24.4098               1.0697                .0239                  7279.0        .0            .0                  .0
7803.0              176.0                23.0023               .9961                 .0235                  7803.0        .0            .0                  .0
8268.0              182.0                21.5854               .9391                 .0226                  8267.0        .0            .0                  .0
7884.0              175.0                22.6375               .9831                 .025                   7885.0        .0            .0                  .0
8288.0              184.0                21.4145               .95                   .0094                  8288.0        .0            .0                  .0
8134.0              184.0                21.9215               .9535                 .0255                  8134.0        .0            .0                  .0
7461.0              174.0                23.8703               1.0429                .0235                  7461.0        .0            .0                  .0
8486.0              171.0                20.9667               .9114                 .0241                  8486.0        .0            .0                  .0
8162.0              180.0                21.6171               .958                  2.653                  8162.0        .0            .0                  .0
7927.0              180.0                22.8136               .9789                 .0243                  7927.0        .0            .0                  .0
7971.0              179.0                22.3694               .9932                 .016                   7970.0        .0            .0                  .0
7723.0              178.0                23.1052               1.0063                .0236                  7724.0        .0            .0                  .0
7841.0              122.0                22.5458               .9867                 .0273                  7841.0        .0            .0                  .0
7535.0              176.0                23.7247               1.0301                .0247                  7535.0        .0            .0                  .0
8180.0              148.0                13.9858               .9486                 .0239                  8180.0        .0            .0                  .0
5596.0              120.0                2.531                 1.008                 .0218                  5589.0        .0            .0                  .0
5397.0              .0                   2.0274                1.1308                .0224                  5404.0        .0            .0                  .0
227.0               19.0                 1.9101                1.1391                .0214                  219.0         .0            .0                  .0
The following results are aggregated for all threads, normalized for one second
Throughput(ops/sec):  (avg)7692.0,  (std)560.26
QueueLength: (avg)148.15,  (std)57.0
WaitingTime(msec): (avg)20.9753,  (std)3.8548
ServiceTime(msec): (avg).9877,  (std).0458
ParseTime(msec): (avg).0726, (std).3261
Sets(ops/sec): 		 (avg)7692.0,  (std)560.63
Gets(ops/sec): 		 (avg).0,  (std).0
Multi-gets(ops/sec):  (avg).0,  (std).0
Misses(ops/sec):      (avg).0,  (std).0
Miss ratio: ?
Avg time between two tasks: .4791

Tot response time: average_waitingTime + average_serviceTime + average_parseTime + average_timeBetweenTwoTasks

max response time : 26.7303
min response time: 3.5498

3.5498:   ###
5.8678:   
8.1859:   #
10.5039:   
12.822:   
15.14:   #
17.4581:   
19.7761:   ##
22.0942:   ##############
24.4122:   #######################################
26.7303:   ####
