
Thread 0
Throughput          Waiting time          Service time          Time to parse          Sets          Gets          Multi-gets          Misses
383.0               8.3958                1.7475                .0921                  384.0         .0            .0                  .0
409.0               8.522                 2.3424                .0245                  409.0         .0            .0                  .0
531.0               8.5226                1.8286                .0209                  531.0         .0            .0                  .0
543.0               8.2316                1.773                 .0206                  543.0         .0            .0                  .0
565.0               7.9894                1.707                 .0205                  565.0         .0            .0                  .0
552.0               8.1754                1.7414                .0203                  552.0         .0            .0                  .0
546.0               8.3931                1.7688                .0225                  546.0         .0            .0                  .0
561.0               8.1406                1.7092                .0204                  561.0         .0            .0                  .0
528.0               8.5236                1.8346                .0212                  528.0         .0            .0                  .0
531.0               8.5677                1.812                 .022                   531.0         .0            .0                  .0
665.0               6.3799                1.4329                .0204                  665.0         .0            .0                  .0
658.0               6.5326                1.4302                .0315                  658.0         .0            .0                  .0
573.0               7.6934                1.6828                .0221                  573.0         .0            .0                  .0
532.0               8.2195                1.799                 .0255                  532.0         .0            .0                  .0
532.0               8.6079                1.8056                .0232                  532.0         .0            .0                  .0
517.0               8.7201                1.8568                .0274                  517.0         .0            .0                  .0
540.0               8.159                 1.7806                .0222                  540.0         .0            .0                  .0
530.0               8.4068                1.8035                .0237                  530.0         .0            .0                  .0
630.0               6.9081                1.5276                .0202                  630.0         .0            .0                  .0
674.0               6.36                  1.4168                .0213                  674.0         .0            .0                  .0
553.0               8.1029                1.7432                .02                    553.0         .0            .0                  .0
545.0               8.1813                1.7652                .0204                  545.0         .0            .0                  .0
525.0               8.4278                1.8341                .0194                  525.0         .0            .0                  .0
542.0               8.0847                1.7911                .0188                  542.0         .0            .0                  .0
526.0               8.5446                1.8251                .0197                  526.0         .0            .0                  .0
512.0               8.8499                1.8847                .0202                  512.0         .0            .0                  .0
536.0               8.5717                1.8016                .0201                  536.0         .0            .0                  .0
606.0               7.2718                1.5725                .0206                  606.0         .0            .0                  .0
585.0               7.5085                1.6523                .0192                  585.0         .0            .0                  .0
543.0               8.296                 1.7693                .0201                  543.0         .0            .0                  .0
514.0               8.905                 1.8748                .0214                  515.0         .0            .0                  .0
532.0               8.2068                1.8063                .0186                  531.0         .0            .0                  .0
540.0               8.3216                1.7808                .0188                  540.0         .0            .0                  .0
492.0               8.9189                1.9503                .0245                  492.0         .0            .0                  .0
527.0               8.2917                1.8313                .0201                  527.0         .0            .0                  .0
521.0               8.5758                1.8475                .0237                  521.0         .0            .0                  .0
544.0               8.2349                1.7565                .0215                  544.0         .0            .0                  .0
521.0               8.6226                1.8493                .022                   521.0         .0            .0                  .0
524.0               8.68                  1.8195                .0216                  524.0         .0            .0                  .0
515.0               8.6899                1.884                 .0209                  515.0         .0            .0                  .0
492.0               9.2637                1.963                 .0187                  492.0         .0            .0                  .0
521.0               8.5939                1.855                 .0183                  521.0         .0            .0                  .0
531.0               8.3722                1.8163                .0193                  531.0         .0            .0                  .0
521.0               8.5307                1.8581                .0178                  521.0         .0            .0                  .0
541.0               8.2989                1.7658                .0226                  541.0         .0            .0                  .0
483.0               8.9669                1.9972                .0208                  483.0         .0            .0                  .0
520.0               8.4165                1.8639                .0195                  520.0         .0            .0                  .0
529.0               8.4226                1.8157                .0193                  529.0         .0            .0                  .0
492.0               9.0609                1.9645                .0228                  492.0         .0            .0                  .0
539.0               8.1148                1.779                 .0193                  539.0         .0            .0                  .0
542.0               8.326                 1.7757                .0236                  542.0         .0            .0                  .0
541.0               8.0775                1.7842                .0195                  541.0         .0            .0                  .0
529.0               8.4057                1.8215                .0183                  529.0         .0            .0                  .0
520.0               8.5278                1.8524                .0207                  520.0         .0            .0                  .0
542.0               8.5212                1.7729                .0202                  542.0         .0            .0                  .0
535.0               8.2201                1.79                  .0193                  535.0         .0            .0                  .0
565.0               7.9011                1.6974                .0288                  565.0         .0            .0                  .0
514.0               8.5883                1.863                 .0208                  514.0         .0            .0                  .0
514.0               8.6816                1.8772                .0191                  514.0         .0            .0                  .0
533.0               8.1367                1.7953                .0192                  533.0         .0            .0                  .0
7.0                 8.1429                1.9537                .0206                  6.0           .0            .0                  .0
Server 0, get requests: 0

Thread 1
Throughput          Waiting time          Service time          Time to parse          Sets          Gets          Multi-gets          Misses
399.0               8.31                  1.606                 .1065                  400.0         .0            .0                  .0
553.0               8.7347                1.7147                .0246                  553.0         .0            .0                  .0
501.0               8.4741                1.905                 .0244                  501.0         .0            .0                  .0
537.0               8.1952                1.7861                .0297                  537.0         .0            .0                  .0
561.0               7.9662                1.7178                .0207                  561.0         .0            .0                  .0
549.0               8.2127                1.7509                .0209                  549.0         .0            .0                  .0
533.0               8.3577                1.8135                .0238                  533.0         .0            .0                  .0
551.0               8.0199                1.744                 .0212                  551.0         .0            .0                  .0
524.0               8.541                 1.8473                .0206                  524.0         .0            .0                  .0
528.0               8.5312                1.8116                .0223                  528.0         .0            .0                  .0
679.0               6.3559                1.4079                .0218                  679.0         .0            .0                  .0
655.0               6.6326                1.4488                .0211                  655.0         .0            .0                  .0
577.0               7.6574                1.6714                .0219                  577.0         .0            .0                  .0
540.0               8.122                 1.7626                .0348                  540.0         .0            .0                  .0
543.0               8.5018                1.7768                .0217                  543.0         .0            .0                  .0
514.0               8.7786                1.8735                .0239                  514.0         .0            .0                  .0
537.0               8.1022                1.793                 .0217                  537.0         .0            .0                  .0
525.0               8.403                 1.8228                .0249                  525.0         .0            .0                  .0
637.0               6.9013                1.5117                .0199                  637.0         .0            .0                  .0
667.0               6.2859                1.4195                .0209                  667.0         .0            .0                  .0
541.0               8.1384                1.7797                .0199                  541.0         .0            .0                  .0
538.0               8.1614                1.7894                .0245                  538.0         .0            .0                  .0
528.0               8.4518                1.8234                .0189                  528.0         .0            .0                  .0
536.0               8.1844                1.8063                .019                   536.0         .0            .0                  .0
536.0               8.5363                1.801                 .0195                  536.0         .0            .0                  .0
503.0               8.8492                1.9174                .0202                  503.0         .0            .0                  .0
527.0               8.5777                1.8288                .0208                  527.0         .0            .0                  .0
609.0               7.2098                1.5713                .0196                  609.0         .0            .0                  .0
583.0               7.5377                1.6509                .0211                  583.0         .0            .0                  .0
552.0               8.2984                1.742                 .0201                  552.0         .0            .0                  .0
496.0               8.837                 1.9479                .0211                  496.0         .0            .0                  .0
547.0               8.3193                1.7602                .0218                  547.0         .0            .0                  .0
536.0               8.257                 1.8008                .0201                  536.0         .0            .0                  .0
493.0               9.1053                1.9516                .0196                  493.0         .0            .0                  .0
525.0               8.1692                1.8333                .0198                  525.0         .0            .0                  .0
527.0               8.5                   1.8303                .0187                  527.0         .0            .0                  .0
529.0               8.2075                1.7858                .0302                  529.0         .0            .0                  .0
525.0               8.5837                1.8396                .0196                  525.0         .0            .0                  .0
523.0               8.645                 1.8281                .0191                  523.0         .0            .0                  .0
514.0               8.7495                1.8821                .0198                  514.0         .0            .0                  .0
495.0               9.2339                1.9485                .0222                  495.0         .0            .0                  .0
525.0               8.5875                1.8365                .0183                  525.0         .0            .0                  .0
529.0               8.4264                1.8195                .0234                  529.0         .0            .0                  .0
516.0               8.5474                1.8666                .019                   516.0         .0            .0                  .0
531.0               8.3346                1.8103                .019                   531.0         .0            .0                  .0
507.0               8.9547                1.8745                .0215                  507.0         .0            .0                  .0
538.0               8.3469                1.7941                .0214                  538.0         .0            .0                  .0
532.0               8.3959                1.7965                .024                   532.0         .0            .0                  .0
479.0               9.0625                1.9996                .0376                  479.0         .0            .0                  .0
565.0               8.1343                1.6881                .0237                  565.0         .0            .0                  .0
542.0               8.302                 1.7792                .0217                  542.0         .0            .0                  .0
531.0               8.0526                1.8208                .0233                  531.0         .0            .0                  .0
521.0               8.4215                1.8481                .019                   521.0         .0            .0                  .0
519.0               8.4615                1.8493                .0229                  519.0         .0            .0                  .0
536.0               8.5121                1.7998                .0186                  536.0         .0            .0                  .0
544.0               8.167                 1.7667                .0204                  544.0         .0            .0                  .0
548.0               7.98                  1.7656                .0195                  548.0         .0            .0                  .0
518.0               8.5434                1.8513                .0193                  518.0         .0            .0                  .0
509.0               8.7706                1.9075                .0196                  509.0         .0            .0                  .0
542.0               8.2063                1.7764                .021                   542.0         .0            .0                  .0
7.0                 8.0                   1.95                  .0274                  6.0           .0            .0                  .0
Server 0, get requests: 0

Thread 2
Throughput          Waiting time          Service time          Time to parse          Sets          Gets          Multi-gets          Misses
355.0               8.6292                1.8021                .0927                  356.0         .0            .0                  .0
442.0               8.8104                2.1726                .0289                  442.0         .0            .0                  .0
509.0               8.551                 1.8761                .0289                  509.0         .0            .0                  .0
545.0               8.3168                1.7617                .0251                  545.0         .0            .0                  .0
553.0               7.9043                1.7441                .021                   553.0         .0            .0                  .0
541.0               8.2251                1.7768                .0205                  541.0         .0            .0                  .0
518.0               8.3006                1.8689                .0216                  518.0         .0            .0                  .0
539.0               8.113                 1.7797                .0232                  539.0         .0            .0                  .0
517.0               8.5328                1.8737                .0211                  517.0         .0            .0                  .0
528.0               8.5085                1.8137                .0224                  528.0         .0            .0                  .0
657.0               6.2964                1.4538                .0239                  657.0         .0            .0                  .0
655.0               6.4924                1.4454                .0269                  655.0         .0            .0                  .0
569.0               7.6789                1.6939                .0221                  569.0         .0            .0                  .0
529.0               8.1283                1.8183                .0245                  529.0         .0            .0                  .0
496.0               8.5433                1.9415                .0213                  496.0         .0            .0                  .0
515.0               8.7636                1.8695                .026                   515.0         .0            .0                  .0
546.0               8.1389                1.7572                .022                   546.0         .0            .0                  .0
504.0               8.5069                1.9005                .022                   504.0         .0            .0                  .0
618.0               6.9273                1.5575                .022                   618.0         .0            .0                  .0
687.0               6.3285                1.3883                .0201                  687.0         .0            .0                  .0
546.0               8.1298                1.7658                .0209                  546.0         .0            .0                  .0
541.0               8.1531                1.7836                .0203                  541.0         .0            .0                  .0
527.0               8.4394                1.8346                .0129                  527.0         .0            .0                  .0
513.0               8.0175                1.8852                .0287                  513.0         .0            .0                  .0
523.0               8.5363                1.8439                .0189                  523.0         .0            .0                  .0
496.0               8.8612                1.9502                .0196                  496.0         .0            .0                  .0
515.0               8.5426                1.8726                .0215                  515.0         .0            .0                  .0
593.0               7.2559                1.617                 .0196                  593.0         .0            .0                  .0
561.0               7.6139                1.7173                .0229                  561.0         .0            .0                  .0
516.0               8.325                 1.8669                .0198                  516.0         .0            .0                  .0
507.0               8.9291                1.899                 2.2202                 507.0         .0            .0                  .0
524.0               8.2933                1.8295                .0193                  524.0         .0            .0                  .0
541.0               8.2657                1.7778                .0192                  541.0         .0            .0                  .0
495.0               8.998                 1.9379                .0197                  495.0         .0            .0                  .0
522.0               8.2887                1.8539                .0205                  522.0         .0            .0                  .0
522.0               8.6157                1.8527                .0193                  522.0         .0            .0                  .0
525.0               8.3175                1.8243                .0206                  525.0         .0            .0                  .0
509.0               8.6294                1.903                 .0231                  509.0         .0            .0                  .0
526.0               8.6034                1.8252                .0198                  526.0         .0            .0                  .0
512.0               8.8031                1.8987                .0201                  512.0         .0            .0                  .0
497.0               9.1847                1.9342                .019                   497.0         .0            .0                  .0
521.0               8.6245                1.8576                .0189                  521.0         .0            .0                  .0
539.0               8.4574                1.7854                .0196                  539.0         .0            .0                  .0
525.0               8.5209                1.8369                .0202                  525.0         .0            .0                  .0
529.0               8.3226                1.8185                .021                   529.0         .0            .0                  .0
480.0               9.0811                2.009                 .0213                  480.0         .0            .0                  .0
532.0               8.3902                1.8212                .0189                  532.0         .0            .0                  .0
523.0               8.292                 1.8418                .0201                  523.0         .0            .0                  .0
497.0               9.1225                1.9424                .0205                  497.0         .0            .0                  .0
539.0               8.0685                1.7815                .0196                  539.0         .0            .0                  .0
537.0               8.2788                1.7925                .0194                  537.0         .0            .0                  .0
549.0               8.1127                1.7554                .0194                  549.0         .0            .0                  .0
528.0               8.4045                1.8267                .019                   528.0         .0            .0                  .0
522.0               8.5105                1.8456                .0222                  522.0         .0            .0                  .0
526.0               8.5009                1.8314                .02                    526.0         .0            .0                  .0
546.0               8.0567                1.7581                .0222                  546.0         .0            .0                  .0
543.0               7.8879                1.7681                .0252                  543.0         .0            .0                  .0
511.0               8.543                 1.8767                .0209                  511.0         .0            .0                  .0
518.0               8.5954                1.8605                .0203                  518.0         .0            .0                  .0
544.0               8.1945                1.7654                .0184                  544.0         .0            .0                  .0
7.0                 8.2857                1.9398                .0185                  6.0           .0            .0                  .0
Server 0, get requests: 0

Thread 3
Throughput          Waiting time          Service time          Time to parse          Sets          Gets          Multi-gets          Misses
316.0               8.2082                2.1335                .1133                  317.0         .0            .0                  .0
563.0               8.7677                1.6797                .0246                  563.0         .0            .0                  .0
510.0               8.5421                1.8949                .0209                  510.0         .0            .0                  .0
539.0               8.313                 1.7851                .023                   539.0         .0            .0                  .0
558.0               7.9642                1.7278                .0199                  558.0         .0            .0                  .0
541.0               8.19                  1.774                 .0219                  541.0         .0            .0                  .0
537.0               8.3309                1.7887                .0331                  537.0         .0            .0                  .0
539.0               8.1481                1.7807                .0217                  539.0         .0            .0                  .0
529.0               8.5396                1.8294                .0214                  529.0         .0            .0                  .0
519.0               8.5308                1.8539                .0263                  519.0         .0            .0                  .0
683.0               6.3655                1.3921                .0216                  683.0         .0            .0                  .0
659.0               6.5621                1.4352                .0237                  659.0         .0            .0                  .0
593.0               7.6279                1.6214                .022                   593.0         .0            .0                  .0
535.0               8.1231                1.7832                .0224                  535.0         .0            .0                  .0
516.0               8.4623                1.8534                .0331                  516.0         .0            .0                  .0
517.0               8.6313                1.8639                .0209                  517.0         .0            .0                  .0
545.0               8.1667                1.7709                .0197                  545.0         .0            .0                  .0
532.0               8.4747                1.7989                .0217                  532.0         .0            .0                  .0
619.0               6.8968                1.5528                .0211                  619.0         .0            .0                  .0
668.0               6.3961                1.4243                .02                    668.0         .0            .0                  .0
550.0               8.1833                1.752                 .0216                  550.0         .0            .0                  .0
544.0               8.1835                1.7736                .0195                  544.0         .0            .0                  .0
518.0               8.4663                1.8612                .0193                  518.0         .0            .0                  .0
544.0               8.1798                1.7842                .0195                  544.0         .0            .0                  .0
521.0               8.4138                1.8491                .0239                  521.0         .0            .0                  .0
509.0               8.9255                1.8971                .021                   509.0         .0            .0                  .0
534.0               8.5749                1.8015                .0216                  533.0         .0            .0                  .0
609.0               7.2946                1.5648                .0208                  610.0         .0            .0                  .0
582.0               7.482                 1.655                 .0199                  582.0         .0            .0                  .0
529.0               8.3377                1.8162                .0253                  529.0         .0            .0                  .0
494.0               8.8909                1.9373                .0363                  494.0         .0            .0                  .0
522.0               8.2027                1.8412                .0296                  522.0         .0            .0                  .0
532.0               8.2402                1.8117                .0193                  532.0         .0            .0                  .0
498.0               9.0                   1.9161                .0194                  498.0         .0            .0                  .0
518.0               8.2389                1.8649                .0196                  518.0         .0            .0                  .0
530.0               8.6026                1.8238                .0178                  530.0         .0            .0                  .0
530.0               8.3842                1.7966                .0199                  530.0         .0            .0                  .0
522.0               8.6329                1.8494                .019                   522.0         .0            .0                  .0
518.0               8.6262                1.8528                .0247                  518.0         .0            .0                  .0
519.0               8.7115                1.8664                .0188                  519.0         .0            .0                  .0
486.0               9.2485                1.9896                .0188                  486.0         .0            .0                  .0
521.0               8.6609                1.8584                .0184                  521.0         .0            .0                  .0
522.0               8.413                 1.8469                .0184                  522.0         .0            .0                  .0
532.0               8.5385                1.8119                .0191                  532.0         .0            .0                  .0
542.0               8.2103                1.7741                .0186                  541.0         .0            .0                  .0
501.0               9.0478                1.9134                .0218                  502.0         .0            .0                  .0
534.0               8.3682                1.8152                .0187                  534.0         .0            .0                  .0
526.0               8.3738                1.8343                .0197                  526.0         .0            .0                  .0
497.0               9.1606                1.9435                .0232                  497.0         .0            .0                  .0
560.0               8.1569                1.7143                .019                   560.0         .0            .0                  .0
534.0               8.286                 1.7973                .019                   534.0         .0            .0                  .0
530.0               8.1017                1.8052                .0238                  530.0         .0            .0                  .0
514.0               8.4291                1.876                 .0186                  514.0         .0            .0                  .0
529.0               8.5189                1.826                 .0212                  529.0         .0            .0                  .0
527.0               8.4356                1.8141                .0214                  527.0         .0            .0                  .0
543.0               8.1985                1.7608                .028                   543.0         .0            .0                  .0
564.0               7.9664                1.7128                .019                   564.0         .0            .0                  .0
510.0               8.5186                1.8915                .0192                  510.0         .0            .0                  .0
512.0               8.6706                1.8854                .0188                  512.0         .0            .0                  .0
551.0               8.1304                1.7425                .02                    551.0         .0            .0                  .0
6.0                 7.8333                2.0356                .0186                  5.0           .0            .0                  .0
Server 0, get requests: 0

Thread 4
Throughput          Waiting time          Service time          Time to parse          Sets          Gets          Multi-gets          Misses
369.0               8.3595                1.7634                .1126                  370.0         .0            .0                  .0
398.0               8.3058                2.4065                .026                   398.0         .0            .0                  .0
521.0               8.5728                1.8618                .0212                  521.0         .0            .0                  .0
541.0               8.2601                1.7775                .0223                  541.0         .0            .0                  .0
559.0               8.025                 1.7193                .0212                  559.0         .0            .0                  .0
544.0               8.1596                1.7637                .0213                  544.0         .0            .0                  .0
542.0               8.3112                1.7794                .0223                  542.0         .0            .0                  .0
539.0               8.1926                1.7774                .0207                  539.0         .0            .0                  .0
529.0               8.4509                1.8312                .0205                  529.0         .0            .0                  .0
524.0               8.5695                1.8372                .0232                  524.0         .0            .0                  .0
666.0               6.2894                1.4288                .022                   666.0         .0            .0                  .0
638.0               6.6103                1.4881                .0215                  638.0         .0            .0                  .0
565.0               7.7646                1.7107                .0231                  564.0         .0            .0                  .0
529.0               8.1302                1.8058                .0285                  530.0         .0            .0                  .0
518.0               8.5703                1.8555                .0237                  518.0         .0            .0                  .0
499.0               8.714                 1.9228                .0275                  499.0         .0            .0                  .0
533.0               8.161                 1.8141                .02                    533.0         .0            .0                  .0
515.0               8.2829                1.8573                .0226                  515.0         .0            .0                  .0
619.0               6.9113                1.5495                .0255                  619.0         .0            .0                  .0
657.0               6.3708                1.4551                .0199                  657.0         .0            .0                  .0
547.0               8.1095                1.7633                .0218                  547.0         .0            .0                  .0
534.0               8.1701                1.79                  .0204                  534.0         .0            .0                  .0
521.0               8.3851                1.8477                .0213                  521.0         .0            .0                  .0
549.0               8.0745                1.7682                .0187                  549.0         .0            .0                  .0
522.0               8.5698                1.8441                .0194                  522.0         .0            .0                  .0
493.0               8.7328                1.9517                .0223                  493.0         .0            .0                  .0
513.0               8.5642                1.8789                .0223                  513.0         .0            .0                  .0
582.0               7.3087                1.6464                .0185                  582.0         .0            .0                  .0
561.0               7.5223                1.7212                .0196                  560.0         .0            .0                  .0
528.0               8.3837                1.8215                .0205                  529.0         .0            .0                  .0
505.0               8.8733                1.9157                .0213                  504.0         .0            .0                  .0
529.0               8.2774                1.8138                .019                   530.0         .0            .0                  .0
533.0               8.3689                1.8188                .0189                  533.0         .0            .0                  .0
489.0               9.0245                1.9674                .0201                  489.0         .0            .0                  .0
525.0               8.2795                1.8443                .02                    525.0         .0            .0                  .0
524.0               8.539                 1.8424                .0185                  524.0         .0            .0                  .0
549.0               8.2673                1.7372                .0213                  549.0         .0            .0                  .0
510.0               8.593                 1.8769                .0197                  510.0         .0            .0                  .0
518.0               8.5896                1.8562                .0188                  518.0         .0            .0                  .0
514.0               8.7709                1.8903                .0189                  514.0         .0            .0                  .0
482.0               9.1594                2.0024                .0191                  482.0         .0            .0                  .0
524.0               8.5105                1.8518                .0182                  524.0         .0            .0                  .0
527.0               8.4545                1.8291                .0201                  527.0         .0            .0                  .0
507.0               8.561                 1.9102                .018                   507.0         .0            .0                  .0
541.0               8.2329                1.7824                .0204                  540.0         .0            .0                  .0
495.0               9.0322                1.9095                .0357                  496.0         .0            .0                  .0
530.0               8.4991                1.8302                .0205                  530.0         .0            .0                  .0
539.0               8.3537                1.7879                .0188                  539.0         .0            .0                  .0
490.0               9.0143                1.97                  .0264                  490.0         .0            .0                  .0
534.0               8.0617                1.7913                .0193                  534.0         .0            .0                  .0
534.0               8.3196                1.8081                .0191                  534.0         .0            .0                  .0
540.0               8.122                 1.7894                .0188                  540.0         .0            .0                  .0
531.0               8.4041                1.8121                .0196                  531.0         .0            .0                  .0
524.0               8.4971                1.8371                .0232                  524.0         .0            .0                  .0
527.0               8.4223                1.8267                .0194                  527.0         .0            .0                  .0
547.0               8.2336                1.7544                .0187                  547.0         .0            .0                  .0
555.0               7.9478                1.7324                .0195                  555.0         .0            .0                  .0
521.0               8.5441                1.8482                .0221                  521.0         .0            .0                  .0
517.0               8.6023                1.8658                .0194                  517.0         .0            .0                  .0
536.0               8.2756                1.7916                .0188                  536.0         .0            .0                  .0
7.0                 8.0                   1.9624                .0176                  6.0           .0            .0                  .0
Server 0, get requests: 0

Thread 5
Throughput          Waiting time          Service time          Time to parse          Sets          Gets          Multi-gets          Misses
403.0               8.2995                1.7067                .0508                  404.0         .0            .0                  .0
552.0               8.6745                1.7255                .0242                  552.0         .0            .0                  .0
518.0               8.5896                1.8636                .0212                  518.0         .0            .0                  .0
527.0               8.315                 1.8197                1.3814                 526.0         .0            .0                  .0
553.0               7.9261                1.7374                .0208                  554.0         .0            .0                  .0
538.0               8.1095                1.7838                .0215                  538.0         .0            .0                  .0
515.0               8.3566                1.8723                .0241                  515.0         .0            .0                  .0
553.0               7.9946                1.7354                .0224                  553.0         .0            .0                  .0
529.0               8.5906                1.8297                .0211                  529.0         .0            .0                  .0
526.0               8.4763                1.8248                .0223                  526.0         .0            .0                  .0
688.0               6.3309                1.3865                .0207                  688.0         .0            .0                  .0
657.0               6.5638                1.4423                .0253                  657.0         .0            .0                  .0
570.0               7.62                  1.6951                .0216                  570.0         .0            .0                  .0
546.0               8.2468                1.7559                .0222                  546.0         .0            .0                  .0
537.0               8.5632                1.7966                .0225                  537.0         .0            .0                  .0
508.0               8.6424                1.8955                .024                   508.0         .0            .0                  .0
543.0               8.2335                1.7717                .0199                  543.0         .0            .0                  .0
525.0               8.4202                1.8257                .0211                  525.0         .0            .0                  .0
624.0               6.856                 1.5408                .0219                  624.0         .0            .0                  .0
671.0               6.2693                1.413                 .0213                  671.0         .0            .0                  .0
538.0               8.2263                1.7896                .0206                  538.0         .0            .0                  .0
545.0               8.1868                1.7658                .0213                  545.0         .0            .0                  .0
531.0               8.4275                1.8153                .0193                  531.0         .0            .0                  .0
544.0               8.1486                1.7706                .0189                  544.0         .0            .0                  .0
533.0               8.5019                1.8105                .0193                  533.0         .0            .0                  .0
503.0               8.8849                1.9205                .0192                  503.0         .0            .0                  .0
530.0               8.5518                1.808                 .0315                  530.0         .0            .0                  .0
600.0               7.3028                1.5906                .0196                  600.0         .0            .0                  .0
576.0               7.5529                1.6692                .0241                  576.0         .0            .0                  .0
528.0               8.2609                1.8219                .02                    528.0         .0            .0                  .0
502.0               8.8111                1.9168                .0226                  502.0         .0            .0                  .0
540.0               8.342                 1.7751                .0243                  540.0         .0            .0                  .0
543.0               8.3254                1.7749                .0196                  543.0         .0            .0                  .0
501.0               9.1076                1.9161                .023                   501.0         .0            .0                  .0
524.0               8.2552                1.8373                .0206                  524.0         .0            .0                  .0
525.0               8.557                 1.8441                .0195                  525.0         .0            .0                  .0
539.0               8.3648                1.7776                .0199                  539.0         .0            .0                  .0
523.0               8.6069                1.8507                .0198                  523.0         .0            .0                  .0
524.0               8.5924                1.8285                .0198                  524.0         .0            .0                  .0
515.0               8.7539                1.8786                .0225                  515.0         .0            .0                  .0
497.0               9.3474                1.9353                .0208                  497.0         .0            .0                  .0
516.0               8.706                 1.8718                .0193                  516.0         .0            .0                  .0
532.0               8.4578                1.8094                .0217                  532.0         .0            .0                  .0
525.0               8.5076                1.84                  .0204                  525.0         .0            .0                  .0
534.0               8.2561                1.7968                .0193                  534.0         .0            .0                  .0
486.0               8.9569                1.9826                .0212                  486.0         .0            .0                  .0
530.0               8.4124                1.8256                .0193                  530.0         .0            .0                  .0
536.0               8.3724                1.7994                .0193                  536.0         .0            .0                  .0
491.0               9.0528                1.9704                .0194                  491.0         .0            .0                  .0
539.0               8.0796                1.7757                .0191                  539.0         .0            .0                  .0
538.0               8.2672                1.7953                .0189                  538.0         .0            .0                  .0
546.0               8.1335                1.7657                .0203                  546.0         .0            .0                  .0
522.0               8.3346                1.8356                .0194                  522.0         .0            .0                  .0
523.0               8.5229                1.8417                .0218                  523.0         .0            .0                  .0
523.0               8.5134                1.8357                .0193                  523.0         .0            .0                  .0
561.0               8.153                 1.7091                .0188                  561.0         .0            .0                  .0
559.0               7.9714                1.7304                .0199                  559.0         .0            .0                  .0
522.0               8.4723                1.8409                .0192                  522.0         .0            .0                  .0
516.0               8.7311                1.8816                .0193                  516.0         .0            .0                  .0
536.0               8.1955                1.793                 .0195                  536.0         .0            .0                  .0
6.0                 8.3333                2.1847                .0179                  5.0           .0            .0                  .0
Server 0, get requests: 0

Thread 6
Throughput          Waiting time          Service time          Time to parse          Sets          Gets          Multi-gets          Misses
353.0               8.3475                1.8879                .0922                  354.0         .0            .0                  .0
438.0               8.8292                2.1817                .0438                  438.0         .0            .0                  .0
510.0               8.5714                1.8629                .0235                  510.0         .0            .0                  .0
540.0               8.3124                1.7804                .0239                  540.0         .0            .0                  .0
554.0               7.9712                1.7391                .0226                  554.0         .0            .0                  .0
550.0               8.1488                1.7378                .0201                  550.0         .0            .0                  .0
520.0               8.3129                1.835                 .0245                  520.0         .0            .0                  .0
547.0               8.115                 1.7447                .037                   547.0         .0            .0                  .0
526.0               8.4915                1.8405                .0215                  526.0         .0            .0                  .0
542.0               8.4365                1.7737                .0226                  542.0         .0            .0                  .0
678.0               6.3652                1.4038                .0218                  678.0         .0            .0                  .0
650.0               6.5591                1.4479                .0228                  650.0         .0            .0                  .0
576.0               7.6759                1.6671                .0229                  576.0         .0            .0                  .0
530.0               8.1149                1.8097                .0227                  530.0         .0            .0                  .0
503.0               8.5238                1.9148                .0241                  503.0         .0            .0                  .0
510.0               8.7319                1.8854                .0299                  510.0         .0            .0                  .0
550.0               8.2196                1.7462                .02                    550.0         .0            .0                  .0
515.0               8.5252                1.8642                .0204                  515.0         .0            .0                  .0
643.0               6.9643                1.4955                .0196                  643.0         .0            .0                  .0
684.0               6.2745                1.3918                .0195                  684.0         .0            .0                  .0
558.0               8.1592                1.7205                .0195                  558.0         .0            .0                  .0
545.0               8.1282                1.755                 .0343                  545.0         .0            .0                  .0
523.0               8.5                   1.8347                .0208                  523.0         .0            .0                  .0
501.0               7.9522                1.9407                .0205                  501.0         .0            .0                  .0
529.0               8.4132                1.8179                .0199                  529.0         .0            .0                  .0
509.0               8.8664                1.8958                .0201                  508.0         .0            .0                  .0
520.0               8.5096                1.847                 .025                   521.0         .0            .0                  .0
608.0               7.2299                1.5724                .0195                  608.0         .0            .0                  .0
584.0               7.6205                1.6495                .0203                  584.0         .0            .0                  .0
545.0               8.3578                1.7654                .0206                  544.0         .0            .0                  .0
502.0               8.9443                1.9058                .0234                  503.0         .0            .0                  .0
527.0               8.3049                1.8181                .0193                  527.0         .0            .0                  .0
534.0               8.2523                1.8094                .0211                  534.0         .0            .0                  .0
492.0               8.9412                1.951                 .0222                  492.0         .0            .0                  .0
522.0               8.1816                1.8376                .0214                  522.0         .0            .0                  .0
520.0               8.5923                1.8563                .0253                  519.0         .0            .0                  .0
532.0               8.3096                1.7988                .0217                  533.0         .0            .0                  .0
517.0               8.6486                1.8731                .0199                  517.0         .0            .0                  .0
515.0               8.5407                1.8667                .0192                  515.0         .0            .0                  .0
524.0               8.819                 1.8481                .0189                  524.0         .0            .0                  .0
481.0               9.2552                1.9978                .0178                  481.0         .0            .0                  .0
518.0               8.6031                1.8687                .0182                  518.0         .0            .0                  .0
537.0               8.3587                1.798                 .018                   537.0         .0            .0                  .0
524.0               8.52                  1.8444                .019                   524.0         .0            .0                  .0
544.0               8.2844                1.769                 .0199                  544.0         .0            .0                  .0
492.0               8.9615                1.9528                .0227                  492.0         .0            .0                  .0
539.0               8.4315                1.7864                .0287                  539.0         .0            .0                  .0
548.0               8.3825                1.7601                .019                   548.0         .0            .0                  .0
497.0               9.1345                1.9345                .0245                  497.0         .0            .0                  .0
547.0               8.0766                1.7503                .0192                  547.0         .0            .0                  .0
538.0               8.3525                1.7849                .0299                  538.0         .0            .0                  .0
555.0               8.0612                1.74                  .0237                  555.0         .0            .0                  .0
532.0               8.4859                1.8101                .0188                  532.0         .0            .0                  .0
530.0               8.4953                1.8124                .0199                  530.0         .0            .0                  .0
522.0               8.5488                1.8424                .0195                  522.0         .0            .0                  .0
539.0               8.213                 1.7843                .0204                  539.0         .0            .0                  .0
561.0               7.9004                1.7269                .0184                  561.0         .0            .0                  .0
522.0               8.5698                1.8483                .0186                  522.0         .0            .0                  .0
516.0               8.7041                1.8658                .0278                  516.0         .0            .0                  .0
541.0               8.179                 1.7772                .0206                  541.0         .0            .0                  .0
7.0                 8.8571                1.9484                .0177                  6.0           .0            .0                  .0
Server 0, get requests: 0

Thread 7
Throughput          Waiting time          Service time          Time to parse          Sets          Gets          Multi-gets          Misses
307.0               8.3149                2.2195                .0981                  308.0         .0            .0                  .0
559.0               8.7107                1.6807                .0249                  559.0         .0            .0                  .0
505.0               8.504                 1.9116                .0226                  505.0         .0            .0                  .0
545.0               8.2399                1.7651                .0218                  545.0         .0            .0                  .0
560.0               7.9109                1.72                  .0212                  560.0         .0            .0                  .0
537.0               8.2138                1.7888                .0214                  537.0         .0            .0                  .0
526.0               8.2846                1.815                 .0233                  526.0         .0            .0                  .0
535.0               8.1157                1.7872                .0291                  535.0         .0            .0                  .0
524.0               8.5124                1.8497                .0208                  524.0         .0            .0                  .0
521.0               8.4828                1.8489                .0221                  521.0         .0            .0                  .0
687.0               6.3256                1.3889                .0211                  687.0         .0            .0                  .0
677.0               6.587                 1.3998                .0219                  677.0         .0            .0                  .0
580.0               7.6265                1.6665                .0218                  580.0         .0            .0                  .0
528.0               8.1569                1.809                 .0246                  528.0         .0            .0                  .0
517.0               8.4942                1.8502                .0311                  517.0         .0            .0                  .0
514.0               8.7515                1.8753                .0208                  514.0         .0            .0                  .0
540.0               8.1238                1.7889                .0198                  540.0         .0            .0                  .0
528.0               8.4423                1.8157                .0209                  528.0         .0            .0                  .0
633.0               6.8801                1.5156                .022                   633.0         .0            .0                  .0
649.0               6.3446                1.4679                .02                    649.0         .0            .0                  .0
550.0               8.1815                1.7516                .02                    550.0         .0            .0                  .0
536.0               8.1695                1.7945                .0211                  536.0         .0            .0                  .0
519.0               8.4058                1.8515                .0195                  519.0         .0            .0                  .0
537.0               8.0781                1.8081                .0198                  537.0         .0            .0                  .0
515.0               8.4767                1.8664                .0244                  515.0         .0            .0                  .0
513.0               8.9163                1.8799                .0233                  513.0         .0            .0                  .0
522.0               8.5488                1.8434                .0214                  522.0         .0            .0                  .0
605.0               7.2294                1.5785                .024                   605.0         .0            .0                  .0
581.0               7.5275                1.6501                .0316                  581.0         .0            .0                  .0
545.0               8.2619                1.7661                .0195                  545.0         .0            .0                  .0
508.0               8.9057                1.8986                .0219                  508.0         .0            .0                  .0
531.0               8.3308                1.8132                .0192                  531.0         .0            .0                  .0
532.0               8.2481                1.8149                .0191                  531.0         .0            .0                  .0
489.0               9.0082                1.9678                .0231                  490.0         .0            .0                  .0
521.0               8.1724                1.8531                .0219                  521.0         .0            .0                  .0
529.0               8.6019                1.8277                .0211                  529.0         .0            .0                  .0
516.0               8.2456                1.8549                .0249                  516.0         .0            .0                  .0
512.0               8.6062                1.8883                .0188                  512.0         .0            .0                  .0
521.0               8.6533                1.8498                .0188                  521.0         .0            .0                  .0
496.0               8.6539                1.9455                .0187                  496.0         .0            .0                  .0
487.0               9.209                 1.9804                .0193                  487.0         .0            .0                  .0
523.0               8.5019                1.8392                .0307                  523.0         .0            .0                  .0
532.0               8.3659                1.8116                .0191                  532.0         .0            .0                  .0
530.0               8.58                  1.8236                .0188                  530.0         .0            .0                  .0
521.0               8.251                 1.8247                .0288                  521.0         .0            .0                  .0
497.0               8.9137                1.9298                .0236                  497.0         .0            .0                  .0
524.0               8.4381                1.8331                .0383                  524.0         .0            .0                  .0
529.0               8.3472                1.8194                .0192                  529.0         .0            .0                  .0
500.0               9.1836                1.9287                .0198                  500.0         .0            .0                  .0
546.0               8.0622                1.7509                .0252                  546.0         .0            .0                  .0
536.0               8.2626                1.8073                .0181                  536.0         .0            .0                  .0
541.0               8.0793                1.7838                .0188                  541.0         .0            .0                  .0
531.0               8.4474                1.8153                .0186                  531.0         .0            .0                  .0
526.0               8.5939                1.8308                .0203                  526.0         .0            .0                  .0
521.0               8.4866                1.8495                .019                   521.0         .0            .0                  .0
548.0               8.0874                1.7564                .0187                  548.0         .0            .0                  .0
551.0               7.9402                1.7601                .0186                  551.0         .0            .0                  .0
514.0               8.6583                1.8734                .0179                  514.0         .0            .0                  .0
518.0               8.7148                1.8597                .0228                  518.0         .0            .0                  .0
532.0               8.1407                1.7937                .0236                  532.0         .0            .0                  .0
6.0                 7.6667                2.149                 .0432                  5.0           .0            .0                  .0
Server 0, get requests: 0

Aggregated Statistics for a 1 seconds window of the entire middleware: 
Throughput          QueueLength          Waiting time          Service time          Time to parse          Sets          Gets          Multi-gets          Misses
2885.0              .0                   8.3581                1.8583                .0948                  2893.0        .0            .0                  .0
3914.0              33.0                 8.6694                1.988                 .0277                  3914.0        .0            .0                  .0
4105.0              30.0                 8.5409                1.8756                .0229                  4105.0        .0            .0                  .0
4317.0              32.0                 8.273                 1.7811                .1935                  4316.0        .0            .0                  .0
4463.0              37.0                 7.9572                1.7266                .021                   4464.0        .0            .0                  .0
4352.0              33.0                 8.1794                1.7647                .021                   4352.0        .0            .0                  .0
4237.0              40.0                 8.3309                1.8177                .0244                  4237.0        .0            .0                  .0
4364.0              32.0                 8.1049                1.7573                .0245                  4364.0        .0            .0                  .0
4206.0              40.0                 8.5228                1.842                 .021                   4206.0        .0            .0                  .0
4219.0              35.0                 8.5129                1.822                 .0229                  4219.0        .0            .0                  .0
5403.0              34.0                 6.3386                1.4118                .0216                  5403.0        .0            .0                  .0
5249.0              34.0                 6.5675                1.4422                .0243                  5249.0        .0            .0                  .0
4603.0              40.0                 7.6681                1.6761                .0222                  4602.0        .0            .0                  .0
4269.0              32.0                 8.1552                1.7929                .0257                  4270.0        .0            .0                  .0
4162.0              38.0                 8.5334                1.8493                .0251                  4162.0        .0            .0                  .0
4094.0              40.0                 8.7167                1.8803                .025                   4094.0        .0            .0                  .0
4334.0              39.0                 8.1631                1.7778                .0207                  4334.0        .0            .0                  .0
4174.0              35.0                 8.4328                1.8361                .0222                  4174.0        .0            .0                  .0
5023.0              40.0                 6.9056                1.5314                .0215                  5023.0        .0            .0                  .0
5357.0              20.0                 6.3287                1.4221                .0204                  5357.0        .0            .0                  .0
4383.0              32.0                 8.1539                1.7582                .0205                  4383.0        .0            .0                  .0
4328.0              32.0                 8.1667                1.7771                .0227                  4328.0        .0            .0                  .0
4192.0              32.0                 8.4379                1.8378                .0189                  4192.0        .0            .0                  .0
4266.0              31.0                 8.09                  1.8193                .0205                  4266.0        .0            .0                  .0
4205.0              33.0                 8.4991                1.8323                .0206                  4205.0        .0            .0                  .0
4038.0              40.0                 8.8608                1.9122                .0208                  4037.0        .0            .0                  .0
4197.0              37.0                 8.5552                1.8352                .023                   4197.0        .0            .0                  .0
4812.0              35.0                 7.2629                1.5892                .0203                  4813.0        .0            .0                  .0
4613.0              40.0                 7.5457                1.6707                .0223                  4612.0        .0            .0                  .0
4286.0              38.0                 8.3152                1.7962                .0207                  4286.0        .0            .0                  .0
4028.0              32.0                 8.8871                1.912                 .2985                  4029.0        .0            .0                  .0
4252.0              34.0                 8.2846                1.8072                .0214                  4252.0        .0            .0                  .0
4291.0              38.0                 8.2849                1.7986                .0195                  4290.0        .0            .0                  .0
3949.0              32.0                 9.0129                1.9448                .0214                  3950.0        .0            .0                  .0
4184.0              40.0                 8.2347                1.8445                .0205                  4184.0        .0            .0                  .0
4198.0              34.0                 8.5731                1.8406                .0205                  4197.0        .0            .0                  .0
4264.0              32.0                 8.2914                1.7915                .0225                  4265.0        .0            .0                  .0
4139.0              40.0                 8.6154                1.8663                .0202                  4139.0        .0            .0                  .0
4169.0              40.0                 8.6163                1.8408                .0202                  4169.0        .0            .0                  .0
4109.0              40.0                 8.744                 1.8867                .0198                  4109.0        .0            .0                  .0
3917.0              39.0                 9.2377                1.9689                .0194                  3917.0        .0            .0                  .0
4169.0              34.0                 8.5985                1.8549                .0201                  4169.0        .0            .0                  .0
4249.0              32.0                 8.4132                1.8145                .02                    4249.0        .0            .0                  .0
4180.0              29.0                 8.5383                1.849                 .019                   4180.0        .0            .0                  .0
4283.0              34.0                 8.2738                1.7927                .0212                  4281.0        .0            .0                  .0
3941.0              33.0                 8.9893                1.9461                .0236                  3943.0        .0            .0                  .0
4247.0              40.0                 8.4129                1.8212                .0232                  4247.0        .0            .0                  .0
4262.0              30.0                 8.3675                1.8069                .0199                  4262.0        .0            .0                  .0
3943.0              32.0                 9.099                 1.9567                .0243                  3943.0        .0            .0                  .0
4369.0              36.0                 8.0943                1.7539                .0205                  4369.0        .0            .0                  .0
4301.0              40.0                 8.2993                1.7925                .0212                  4301.0        .0            .0                  .0
4333.0              40.0                 8.0926                1.7806                .0209                  4333.0        .0            .0                  .0
4208.0              32.0                 8.4166                1.8307                .0189                  4208.0        .0            .0                  .0
4193.0              40.0                 8.516                 1.8369                .0215                  4193.0        .0            .0                  .0
4224.0              31.0                 8.4926                1.8216                .0197                  4224.0        .0            .0                  .0
4363.0              40.0                 8.1662                1.76                  .0208                  4363.0        .0            .0                  .0
4446.0              38.0                 7.9369                1.7367                .0211                  4446.0        .0            .0                  .0
4132.0              25.0                 8.5547                1.8617                .0198                  4132.0        .0            .0                  .0
4120.0              36.0                 8.6838                1.8754                .0209                  4120.0        .0            .0                  .0
4315.0              32.0                 8.1823                1.7794                .0202                  4315.0        .0            .0                  .0
53.0                31.0                 8.1399                2.0155                .0227                  45.0          .0            .0                  .0
The following results are aggregated for all threads, normalized for one second
Throughput(ops/sec):  (avg)4211.16,  (std)313.89
QueueLength: (avg)30.43,  (std)11.3
WaitingTime(msec): (avg)8.2655,  (std).5723
ServiceTime(msec): (avg)1.8011,  (std).1149
ParseTime(msec): (avg).0301, (std).0411
Sets(ops/sec): 		 (avg)4211.16,  (std)313.84
Gets(ops/sec): 		 (avg).0,  (std).0
Multi-gets(ops/sec):  (avg).0,  (std).0
Misses(ops/sec):      (avg).0,  (std).0
Miss ratio: ?
Avg time between two tasks: .157

Tot response time: average_waitingTime + average_serviceTime + average_parseTime + average_timeBetweenTwoTasks

max response time : 11.3831
min response time: 7.9282

7.9282:   ##
8.2737:   #
8.6192:   #
8.9646:   #
9.3101:   #
9.6556:   #
10.0011:   #############
10.3466:   ####################
10.6921:   ###############
11.0376:   ###
11.3831:   ###
