
Thread 0
Throughput          Waiting time          Service time          Time to parse          Sets          Gets          Multi-gets          Misses
379.0               18.6105               1.8033                .0944                  380.0         .0            .0                  .0
532.0               18.5572               1.7829                .024                   532.0         .0            .0                  .0
522.0               19.2811               1.8402                -.7421                 522.0         .0            .0                  .0
488.0               20.8176               1.9832                .0216                  488.0         .0            .0                  .0
559.0               18.8211               1.7225                .0213                  558.0         .0            .0                  .0
540.0               19.163                1.7771                .0247                  540.0         .0            .0                  .0
530.0               19.6516               1.7922                .0206                  531.0         .0            .0                  .0
497.0               20.6566               1.9357                .0211                  497.0         .0            .0                  .0
533.0               19.2191               1.7952                .0221                  533.0         .0            .0                  .0
540.0               19.4991               1.7823                .0234                  540.0         .0            .0                  .0
527.0               19.1023               1.8216                .0224                  527.0         .0            .0                  .0
533.0               19.3783               1.7945                .0215                  533.0         .0            .0                  .0
517.0               20.3127               1.8728                .028                   517.0         .0            .0                  .0
545.0               20.4487               1.758                 .0232                  545.0         .0            .0                  .0
513.0               20.8171               1.8768                .0224                  513.0         .0            .0                  .0
521.0               19.9138               1.847                 .0247                  521.0         .0            .0                  .0
509.0               20.551                1.8666                .0348                  509.0         .0            .0                  .0
515.0               20.3953               1.874                 .0332                  515.0         .0            .0                  .0
502.0               20.8608               1.9093                .0219                  502.0         .0            .0                  .0
517.0               19.5347               1.8586                .0255                  517.0         .0            .0                  .0
553.0               18.8736               1.7353                .02                    553.0         .0            .0                  .0
562.0               18.7425               1.7076                .0204                  562.0         .0            .0                  .0
538.0               19.4879               1.7933                .0192                  538.0         .0            .0                  .0
526.0               19.7097               1.8173                .0187                  526.0         .0            .0                  .0
554.0               18.8865               1.7269                .0217                  554.0         .0            .0                  .0
549.0               18.7345               1.7569                .0192                  549.0         .0            .0                  .0
531.0               19.7068               1.8217                .0186                  531.0         .0            .0                  .0
489.0               20.602                1.9778                .0189                  489.0         .0            .0                  .0
513.0               20.1401               1.8779                .0193                  513.0         .0            .0                  .0
540.0               19.9335               1.7859                .0186                  540.0         .0            .0                  .0
549.0               18.8018               1.7512                .019                   549.0         .0            .0                  .0
538.0               19.2913               1.7902                .0197                  538.0         .0            .0                  .0
517.0               20.3475               1.8578                .021                   517.0         .0            .0                  .0
516.0               19.4739               1.8657                .0218                  516.0         .0            .0                  .0
543.0               19.421                1.7628                .0232                  543.0         .0            .0                  .0
508.0               20.0766               1.8951                .0199                  508.0         .0            .0                  .0
542.0               19.6648               1.7654                .0192                  542.0         .0            .0                  .0
529.0               20.0585               1.8354                .0184                  529.0         .0            .0                  .0
544.0               19.0679               1.7641                .0196                  544.0         .0            .0                  .0
519.0               19.4673               1.8528                .0218                  519.0         .0            .0                  .0
494.0               20.8889               1.954                 .0192                  494.0         .0            .0                  .0
528.0               19.2722               1.8263                .0183                  528.0         .0            .0                  .0
531.0               19.8515               1.819                 .0196                  531.0         .0            .0                  .0
522.0               19.2811               1.8346                .0198                  522.0         .0            .0                  .0
519.0               19.9904               1.8581                .0187                  519.0         .0            .0                  .0
571.0               18.4361               1.6944                .0205                  570.0         .0            .0                  .0
525.0               20.1103               1.83                  .0205                  526.0         .0            .0                  .0
526.0               19.5161               1.8333                .0199                  526.0         .0            .0                  .0
533.0               19.7753               1.7911                .0326                  533.0         .0            .0                  .0
521.0               20.2222               1.8482                .0199                  521.0         .0            .0                  .0
534.0               19.7458               1.7999                .0194                  534.0         .0            .0                  .0
517.0               20.3822               1.8634                .0231                  517.0         .0            .0                  .0
523.0               19.8779               1.8377                .0201                  523.0         .0            .0                  .0
537.0               19.2435               1.7981                .0191                  537.0         .0            .0                  .0
540.0               19.1959               1.7738                .0205                  540.0         .0            .0                  .0
502.0               21.1928               1.9192                .0193                  502.0         .0            .0                  .0
520.0               19.8426               1.8481                .0217                  520.0         .0            .0                  .0
517.0               19.9498               1.8728                .0211                  517.0         .0            .0                  .0
559.0               18.4554               1.7213                .0192                  559.0         .0            .0                  .0
556.0               18.6625               1.7337                .0194                  556.0         .0            .0                  .0
5.0                 12.4                  2.1163                .0167                  4.0           .0            .0                  .0
Server 0, get requests: 0

Thread 1
Throughput          Waiting time          Service time          Time to parse          Sets          Gets          Multi-gets          Misses
366.0               19.2016               1.8702                .1025                  367.0         .0            .0                  .0
492.0               18.9757               1.9179                .0429                  492.0         .0            .0                  .0
543.0               19.3474               1.7739                .0295                  543.0         .0            .0                  .0
500.0               20.8483               1.9171                .0279                  500.0         .0            .0                  .0
559.0               18.6732               1.7196                .0199                  559.0         .0            .0                  .0
554.0               19.1045               1.735                 .0218                  554.0         .0            .0                  .0
533.0               19.5768               1.7823                .0234                  533.0         .0            .0                  .0
506.0               20.8166               1.9004                .0222                  506.0         .0            .0                  .0
550.0               19.1851               1.7239                .0431                  550.0         .0            .0                  .0
532.0               19.6961               1.7935                .0334                  532.0         .0            .0                  .0
541.0               19.1956               1.7751                .0273                  541.0         .0            .0                  .0
539.0               19.4296               1.7724                .0226                  539.0         .0            .0                  .0
490.0               20.2363               1.983                 .0106                  490.0         .0            .0                  .0
397.0               20.3618               2.44                  .0412                  397.0         .0            .0                  .0
512.0               20.7602               1.8785                .0223                  512.0         .0            .0                  .0
531.0               20.0094               1.796                 .0241                  531.0         .0            .0                  .0
510.0               20.5323               1.8781                .0234                  510.0         .0            .0                  .0
512.0               20.3216               1.8914                .0228                  512.0         .0            .0                  .0
496.0               20.996                1.9257                .0219                  496.0         .0            .0                  .0
548.0               19.5938               1.7633                .0213                  548.0         .0            .0                  .0
538.0               18.9128               1.7791                .023                   538.0         .0            .0                  .0
558.0               18.9052               1.7223                .0186                  558.0         .0            .0                  .0
535.0               19.4851               1.8044                .0192                  535.0         .0            .0                  .0
537.0               19.6357               1.789                 .0188                  537.0         .0            .0                  .0
539.0               18.9611               1.7719                .0242                  539.0         .0            .0                  .0
563.0               18.6879               1.7097                .0206                  563.0         .0            .0                  .0
539.0               19.6944               1.7943                .0184                  539.0         .0            .0                  .0
520.0               20.6135               1.8561                .0189                  519.0         .0            .0                  .0
525.0               20.1901               1.8305                .0188                  526.0         .0            .0                  .0
533.0               19.7753               1.804                 .0194                  533.0         .0            .0                  .0
568.0               18.8418               1.6878                .0219                  568.0         .0            .0                  .0
545.0               19.4524               1.7693                .0185                  545.0         .0            .0                  .0
517.0               20.2973               1.8628                .0231                  517.0         .0            .0                  .0
520.0               19.5077               1.8505                .0226                  519.0         .0            .0                  .0
543.0               19.5221               1.7664                .0197                  544.0         .0            .0                  .0
507.0               20.0394               1.9009                .0193                  507.0         .0            .0                  .0
527.0               19.6837               1.8195                .0198                  527.0         .0            .0                  .0
538.0               20.1132               1.8071                .0187                  538.0         .0            .0                  .0
541.0               19.19                 1.7687                .0188                  541.0         .0            .0                  .0
531.0               19.5244               1.8064                .0241                  531.0         .0            .0                  .0
491.0               20.9004               1.9284                .0206                  491.0         .0            .0                  .0
534.0               19.2355               1.7972                .0202                  534.0         .0            .0                  .0
536.0               19.8436               1.8                   .0194                  536.0         .0            .0                  .0
522.0               19.1625               1.841                 .0196                  522.0         .0            .0                  .0
526.0               19.9279               1.8372                .0189                  526.0         .0            .0                  .0
567.0               18.4102               1.6992                .0194                  567.0         .0            .0                  .0
527.0               20.0682               1.8316                .0187                  527.0         .0            .0                  .0
531.0               19.4756               1.817                 .0195                  531.0         .0            .0                  .0
523.0               19.5363               1.8219                .0312                  523.0         .0            .0                  .0
518.0               20.2909               1.8611                .0195                  518.0         .0            .0                  .0
532.0               19.8143               1.8022                .0184                  532.0         .0            .0                  .0
511.0               20.4023               1.8892                .019                   511.0         .0            .0                  .0
526.0               19.814                1.8325                .0188                  526.0         .0            .0                  .0
541.0               19.2362               1.7824                .0214                  541.0         .0            .0                  .0
536.0               19.1974               1.7921                .0205                  536.0         .0            .0                  .0
502.0               21.161                1.9107                .0205                  502.0         .0            .0                  .0
529.0               19.9132               1.8176                .0201                  529.0         .0            .0                  .0
515.0               20.0329               1.8809                .0194                  515.0         .0            .0                  .0
560.0               18.5936               1.7201                .0181                  560.0         .0            .0                  .0
558.0               18.6261               1.7298                .0184                  558.0         .0            .0                  .0
5.0                 12.6                  2.2611                .02                    4.0           .0            .0                  .0
Server 0, get requests: 0

Thread 2
Throughput          Waiting time          Service time          Time to parse          Sets          Gets          Multi-gets          Misses
360.0               18.7812               1.9589                .0619                  361.0         .0            .0                  .0
572.0               18.6248               1.6601                .0232                  572.0         .0            .0                  .0
528.0               19.3459               1.8293                .0246                  528.0         .0            .0                  .0
502.0               20.666                1.9202                .0214                  502.0         .0            .0                  .0
553.0               18.6606               1.7397                .0219                  553.0         .0            .0                  .0
550.0               19.1906               1.7508                .021                   550.0         .0            .0                  .0
526.0               19.6793               1.8335                .0205                  526.0         .0            .0                  .0
508.0               20.7033               1.8931                .0227                  508.0         .0            .0                  .0
533.0               19.118                1.7698                .0507                  533.0         .0            .0                  .0
531.0               19.4831               1.7984                .0253                  531.0         .0            .0                  .0
537.0               19.2974               1.7934                .0224                  537.0         .0            .0                  .0
536.0               19.4507               1.7805                .0224                  536.0         .0            .0                  .0
526.0               20.3624               1.8452                .0225                  526.0         .0            .0                  .0
532.0               20.5103               1.7966                .0339                  532.0         .0            .0                  .0
493.0               20.8846               1.9504                .0227                  493.0         .0            .0                  .0
514.0               19.9864               1.8689                .0244                  514.0         .0            .0                  .0
500.0               20.4731               1.9106                .0237                  500.0         .0            .0                  .0
506.0               20.4793               1.9205                .0216                  506.0         .0            .0                  .0
492.0               20.9858               1.9501                .0214                  492.0         .0            .0                  .0
528.0               19.6068               1.8327                .0213                  528.0         .0            .0                  .0
537.0               19.0149               1.7894                .021                   537.0         .0            .0                  .0
542.0               18.8748               1.777                 .0183                  542.0         .0            .0                  .0
533.0               19.5861               1.8037                .0206                  533.0         .0            .0                  .0
541.0               19.6365               1.7713                .0206                  541.0         .0            .0                  .0
546.0               18.9269               1.7415                .0206                  546.0         .0            .0                  .0
552.0               18.745                1.748                 .0193                  552.0         .0            .0                  .0
531.0               19.7387               1.8182                .0235                  531.0         .0            .0                  .0
506.0               20.7968               1.9074                .0191                  506.0         .0            .0                  .0
510.0               20.2035               1.8898                .02                    510.0         .0            .0                  .0
522.0               19.8489               1.8367                .0255                  522.0         .0            .0                  .0
549.0               18.8145               1.7451                .0248                  549.0         .0            .0                  .0
533.0               19.279                1.8135                .018                   533.0         .0            .0                  .0
508.0               20.2697               1.8993                .0236                  507.0         .0            .0                  .0
527.0               19.7462               1.824                 .0218                  528.0         .0            .0                  .0
524.0               19.3086               1.8389                .02                    524.0         .0            .0                  .0
520.0               20.1152               1.8517                .0195                  520.0         .0            .0                  .0
522.0               19.6329               1.8267                .0275                  522.0         .0            .0                  .0
531.0               20.0226               1.8314                .019                   531.0         .0            .0                  .0
543.0               19.0092               1.774                 .0202                  543.0         .0            .0                  .0
536.0               19.6536               1.7953                .0197                  536.0         .0            .0                  .0
502.0               20.992                1.9212                .0201                  502.0         .0            .0                  .0
542.0               19.2965               1.767                 .0237                  542.0         .0            .0                  .0
512.0               19.6433               1.8843                .0211                  512.0         .0            .0                  .0
543.0               19.375                1.7605                .0209                  543.0         .0            .0                  .0
520.0               19.9386               1.8547                .0191                  520.0         .0            .0                  .0
558.0               18.4401               1.7346                .0177                  558.0         .0            .0                  .0
518.0               20.1118               1.8648                .018                   518.0         .0            .0                  .0
522.0               19.5449               1.8481                .018                   522.0         .0            .0                  .0
531.0               19.7744               1.8104                .0235                  531.0         .0            .0                  .0
509.0               20.1686               1.9024                .0189                  509.0         .0            .0                  .0
522.0               19.6807               1.8438                .0196                  522.0         .0            .0                  .0
498.0               20.2645               1.9419                .0192                  498.0         .0            .0                  .0
521.0               19.8774               1.8451                .0205                  521.0         .0            .0                  .0
533.0               19.2303               1.8053                .0189                  533.0         .0            .0                  .0
525.0               19.0837               1.8323                .02                    525.0         .0            .0                  .0
500.0               21.0699               1.9286                .0217                  500.0         .0            .0                  .0
525.0               19.7985               1.8285                .0188                  525.0         .0            .0                  .0
535.0               19.944                1.8101                .0233                  535.0         .0            .0                  .0
555.0               18.545                1.7349                .0188                  555.0         .0            .0                  .0
548.0               18.725                1.758                 .0181                  548.0         .0            .0                  .0
5.0                 12.4                  2.1854                .018                   4.0           .0            .0                  .0
Server 0, get requests: 0

Thread 3
Throughput          Waiting time          Service time          Time to parse          Sets          Gets          Multi-gets          Misses
374.0               18.2246               1.8818                .0749                  374.0         .0            .0                  .0
580.0               18.6954               1.6267                .0235                  581.0         .0            .0                  .0
530.0               19.5028               1.8181                .0238                  530.0         .0            .0                  .0
506.0               20.7298               1.9039                .0236                  506.0         .0            .0                  .0
570.0               18.8196               1.1624                .544                   570.0         .0            .0                  .0
538.0               19.2041               1.7903                .0236                  538.0         .0            .0                  .0
534.0               19.5607               1.8018                .0232                  534.0         .0            .0                  .0
508.0               20.6012               1.8966                .0217                  508.0         .0            .0                  .0
545.0               19.1886               1.733                 .0466                  545.0         .0            .0                  .0
533.0               19.4007               1.8034                .0223                  533.0         .0            .0                  .0
550.0               19.2704               1.7455                .0274                  550.0         .0            .0                  .0
524.0               19.3333               1.8167                .0206                  524.0         .0            .0                  .0
514.0               20.2621               1.8875                .0236                  514.0         .0            .0                  .0
556.0               20.553                1.7267                .0226                  556.0         .0            .0                  .0
504.0               20.7545               1.9093                .0218                  504.0         .0            .0                  .0
528.0               20.0454               1.8226                .0232                  528.0         .0            .0                  .0
511.0               20.4258               1.8666                .0255                  511.0         .0            .0                  .0
529.0               20.4358               1.833                 .022                   529.0         .0            .0                  .0
505.0               20.9269               1.8953                .0213                  505.0         .0            .0                  .0
535.0               19.6953               1.8112                .0207                  535.0         .0            .0                  .0
557.0               19.0358               1.7251                .0187                  557.0         .0            .0                  .0
553.0               18.9513               1.7328                .0299                  553.0         .0            .0                  .0
536.0               19.4972               1.7949                .0191                  536.0         .0            .0                  .0
531.0               19.5695               1.8117                .0219                  531.0         .0            .0                  .0
540.0               18.8762               1.7564                .0283                  540.0         .0            .0                  .0
572.0               18.7243               1.6845                .0189                  572.0         .0            .0                  .0
537.0               19.6413               1.789                 .0204                  537.0         .0            .0                  .0
507.0               20.7219               1.8966                .0309                  507.0         .0            .0                  .0
510.0               20.2701               1.8873                .0185                  510.0         .0            .0                  .0
531.0               19.9173               1.8204                .0175                  531.0         .0            .0                  .0
563.0               18.844                1.6979                .0209                  563.0         .0            .0                  .0
536.0               19.4562               1.8044                .0186                  536.0         .0            .0                  .0
513.0               20.2899               1.8822                .0184                  513.0         .0            .0                  .0
536.0               19.6331               1.7864                .0225                  536.0         .0            .0                  .0
555.0               19.5054               1.7362                .0197                  555.0         .0            .0                  .0
516.0               20.1915               1.8631                .0206                  516.0         .0            .0                  .0
526.0               19.8159               1.8196                .0191                  526.0         .0            .0                  .0
520.0               20.0211               1.8623                .0221                  520.0         .0            .0                  .0
542.0               19.105                1.7698                .0231                  542.0         .0            .0                  .0
538.0               19.5325               1.7747                .0195                  538.0         .0            .0                  .0
516.0               20.8743               1.868                 .02                    516.0         .0            .0                  .0
557.0               19.4534               1.7273                .0181                  557.0         .0            .0                  .0
541.0               19.8339               1.7801                .024                   541.0         .0            .0                  .0
543.0               19.4007               1.7667                .0194                  543.0         .0            .0                  .0
529.0               19.9849               1.8247                .0182                  529.0         .0            .0                  .0
572.0               18.5402               1.6903                .0245                  572.0         .0            .0                  .0
514.0               20.1262               1.8754                .0221                  514.0         .0            .0                  .0
535.0               19.5037               1.8019                .0186                  535.0         .0            .0                  .0
520.0               19.833                1.8554                .0195                  520.0         .0            .0                  .0
510.0               20.1781               1.8911                .0265                  510.0         .0            .0                  .0
529.0               19.5981               1.813                 .022                   529.0         .0            .0                  .0
521.0               20.2356               1.8504                .0202                  521.0         .0            .0                  .0
527.0               19.7822               1.8294                .019                   527.0         .0            .0                  .0
548.0               19.153                1.7562                .0209                  548.0         .0            .0                  .0
551.0               19.1793               1.7473                .0187                  551.0         .0            .0                  .0
492.0               21.2434               1.96                  .0219                  492.0         .0            .0                  .0
526.0               19.8786               1.8187                .0229                  526.0         .0            .0                  .0
505.0               19.9644               1.9052                .0198                  505.0         .0            .0                  .0
567.0               18.5986               1.7001                .0179                  567.0         .0            .0                  .0
552.0               18.6275               1.7454                .0185                  552.0         .0            .0                  .0
3.0                 10.0                  3.8128                .0174                  2.0           .0            .0                  .0
Server 0, get requests: 0

Thread 4
Throughput          Waiting time          Service time          Time to parse          Sets          Gets          Multi-gets          Misses
393.0               18.6005               1.8175                .066                   393.0         .0            .0                  .0
541.0               18.5701               1.7438                .0245                  542.0         .0            .0                  .0
521.0               19.1497               1.8364                .0343                  521.0         .0            .0                  .0
507.0               20.7657               1.8962                .0247                  507.0         .0            .0                  .0
563.0               18.7748               1.7017                .023                   563.0         .0            .0                  .0
546.0               19.075                1.7574                .0233                  546.0         .0            .0                  .0
528.0               19.5595               1.8261                .0206                  528.0         .0            .0                  .0
506.0               20.5562               1.9004                .0218                  506.0         .0            .0                  .0
534.0               19.1607               1.7723                .0234                  534.0         .0            .0                  .0
546.0               19.4333               1.7652                .023                   546.0         .0            .0                  .0
538.0               19.2597               1.7901                .0233                  538.0         .0            .0                  .0
530.0               19.3164               1.8033                .0234                  530.0         .0            .0                  .0
522.0               20.3996               1.8492                .022                   522.0         .0            .0                  .0
552.0               20.5732               1.7386                .0238                  552.0         .0            .0                  .0
501.0               20.7968               1.9242                .0218                  501.0         .0            .0                  .0
520.0               19.8541               1.8486                .0243                  520.0         .0            .0                  .0
501.0               20.4841               1.9025                .0252                  501.0         .0            .0                  .0
508.0               20.4931               1.9007                .03                    508.0         .0            .0                  .0
498.0               20.8076               1.9255                .0234                  498.0         .0            .0                  .0
526.0               19.6084               1.8349                .0238                  525.0         .0            .0                  .0
550.0               19.029                1.7454                .0193                  551.0         .0            .0                  .0
559.0               18.8464               1.7191                .0239                  559.0         .0            .0                  .0
537.0               19.5465               1.7952                .0186                  537.0         .0            .0                  .0
537.0               19.6264               1.7944                .0201                  537.0         .0            .0                  .0
537.0               18.9554               1.7824                .0203                  537.0         .0            .0                  .0
554.0               18.7027               1.7416                .0202                  554.0         .0            .0                  .0
534.0               19.6449               1.809                 .0184                  534.0         .0            .0                  .0
500.0               20.5429               1.9271                .0203                  500.0         .0            .0                  .0
519.0               20.1154               1.8524                .0206                  519.0         .0            .0                  .0
532.0               19.8086               1.8123                .0198                  532.0         .0            .0                  .0
545.0               18.7839               1.7591                .0226                  545.0         .0            .0                  .0
537.0               19.4376               1.7935                .0224                  536.0         .0            .0                  .0
518.0               20.3218               1.8599                .0194                  519.0         .0            .0                  .0
536.0               19.7337               1.7947                .0206                  536.0         .0            .0                  .0
540.0               19.512                1.7767                .0209                  540.0         .0            .0                  .0
517.0               20.1506               1.8575                .019                   517.0         .0            .0                  .0
541.0               19.7288               1.7698                .0192                  541.0         .0            .0                  .0
525.0               20.0266               1.8479                .0216                  525.0         .0            .0                  .0
542.0               19.0847               1.7655                .0223                  542.0         .0            .0                  .0
514.0               19.4932               1.867                 .0229                  514.0         .0            .0                  .0
491.0               21.0427               1.9698                .019                   491.0         .0            .0                  .0
538.0               19.3191               1.7893                .0195                  538.0         .0            .0                  .0
531.0               19.8102               1.8193                .0189                  531.0         .0            .0                  .0
529.0               19.4208               1.8162                .0182                  529.0         .0            .0                  .0
522.0               20.086                1.8487                .0182                  522.0         .0            .0                  .0
564.0               18.4142               1.7181                .0185                  564.0         .0            .0                  .0
532.0               20.1501               1.8082                .0208                  532.0         .0            .0                  .0
534.0               19.486                1.8029                .0186                  534.0         .0            .0                  .0
529.0               19.5679               1.8148                .0214                  529.0         .0            .0                  .0
509.0               20.1059               1.9002                .0193                  509.0         .0            .0                  .0
539.0               19.7722               1.7644                .0217                  539.0         .0            .0                  .0
521.0               20.4157               1.8507                .019                   521.0         .0            .0                  .0
528.0               19.8582               1.8246                .0199                  528.0         .0            .0                  .0
546.0               19.192                1.7649                .0187                  546.0         .0            .0                  .0
541.0               19.2362               1.7776                .0215                  541.0         .0            .0                  .0
512.0               21.1949               1.8813                .0211                  512.0         .0            .0                  .0
527.0               19.9564               1.8195                .0207                  527.0         .0            .0                  .0
525.0               20.0019               1.8275                .0205                  525.0         .0            .0                  .0
555.0               18.4532               1.735                 .018                   555.0         .0            .0                  .0
564.0               18.6336               1.7069                .0199                  564.0         .0            .0                  .0
5.0                 12.8                  2.102                 .0169                  4.0           .0            .0                  .0
Server 0, get requests: 0

Thread 5
Throughput          Waiting time          Service time          Time to parse          Sets          Gets          Multi-gets          Misses
367.0               19.1984               1.8421                .1005                  368.0         .0            .0                  .0
494.0               19.101                1.9277                .0248                  494.0         .0            .0                  .0
544.0               19.4018               1.7727                .0227                  544.0         .0            .0                  .0
491.0               20.8252               1.9614                .0224                  491.0         .0            .0                  .0
546.0               18.6143               1.7501                .0351                  546.0         .0            .0                  .0
542.0               19.221                1.7618                .0316                  542.0         .0            .0                  .0
532.0               19.6098               1.7886                .021                   532.0         .0            .0                  .0
518.0               20.7784               1.8569                .0213                  518.0         .0            .0                  .0
542.0               19.2413               1.7425                .0273                  542.0         .0            .0                  .0
529.0               19.5509               1.8055                .0265                  529.0         .0            .0                  .0
551.0               19.2808               1.7381                .0207                  551.0         .0            .0                  .0
532.0               19.4371               1.7693                .0276                  532.0         .0            .0                  .0
495.0               20.2218               1.9503                .0224                  495.0         .0            .0                  .0
392.0               20.3868               2.4819                .022                   392.0         .0            .0                  .0
506.0               20.8935               1.8994                .0215                  506.0         .0            .0                  .0
529.0               19.9019               1.8211                .0213                  529.0         .0            .0                  .0
510.0               20.4384               1.8574                .0414                  510.0         .0            .0                  .0
512.0               20.5146               1.8912                .0215                  512.0         .0            .0                  .0
493.0               20.9656               1.9457                .024                   493.0         .0            .0                  .0
535.0               19.5597               1.8073                .0215                  535.0         .0            .0                  .0
553.0               19.083                1.7357                .0199                  553.0         .0            .0                  .0
549.0               18.8782               1.7547                .0204                  549.0         .0            .0                  .0
529.0               19.5019               1.822                 .0201                  529.0         .0            .0                  .0
535.0               19.6474               1.7882                .0318                  535.0         .0            .0                  .0
541.0               18.9041               1.7674                .0208                  541.0         .0            .0                  .0
546.0               18.6892               1.7555                .0351                  546.0         .0            .0                  .0
544.0               19.6752               1.7665                .0199                  544.0         .0            .0                  .0
512.0               20.6745               1.8832                .0186                  512.0         .0            .0                  .0
522.0               20.1549               1.8419                .0185                  522.0         .0            .0                  .0
512.0               19.8499               1.884                 .0196                  512.0         .0            .0                  .0
565.0               18.7597               1.6978                .0195                  565.0         .0            .0                  .0
544.0               19.3303               1.77                  .02                    544.0         .0            .0                  .0
528.0               20.2798               1.8192                .0189                  528.0         .0            .0                  .0
527.0               19.6136               1.8255                .0212                  527.0         .0            .0                  .0
543.0               19.5404               1.7771                .019                   543.0         .0            .0                  .0
524.0               20.1029               1.8336                .0196                  524.0         .0            .0                  .0
530.0               19.6742               1.8069                .0227                  530.0         .0            .0                  .0
534.0               20.1364               1.8165                .019                   534.0         .0            .0                  .0
546.0               19.3108               1.7574                .0211                  546.0         .0            .0                  .0
542.0               19.5948               1.7639                .0197                  542.0         .0            .0                  .0
497.0               21.0542               1.94                  .0254                  497.0         .0            .0                  .0
547.0               19.3193               1.7485                .0214                  547.0         .0            .0                  .0
545.0               19.8516               1.7715                .0183                  545.0         .0            .0                  .0
533.0               19.412                1.7919                .0319                  533.0         .0            .0                  .0
520.0               19.9367               1.8489                .0184                  520.0         .0            .0                  .0
572.0               18.3969               1.6885                .021                   571.0         .0            .0                  .0
529.0               20.1962               1.8232                .0186                  530.0         .0            .0                  .0
532.0               19.4765               1.8037                .019                   532.0         .0            .0                  .0
520.0               19.7294               1.8494                .0215                  520.0         .0            .0                  .0
519.0               20.2692               1.8595                .0218                  519.0         .0            .0                  .0
532.0               19.7542               1.7997                .0202                  532.0         .0            .0                  .0
515.0               20.3973               1.8407                .0391                  515.0         .0            .0                  .0
527.0               19.983                1.8253                .0191                  527.0         .0            .0                  .0
557.0               19.1792               1.7332                .0191                  557.0         .0            .0                  .0
539.0               19.263                1.7681                .0255                  539.0         .0            .0                  .0
486.0               20.9774               1.9808                .0215                  486.0         .0            .0                  .0
521.0               19.8199               1.8387                .0193                  521.0         .0            .0                  .0
516.0               19.9845               1.8812                .0192                  516.0         .0            .0                  .0
558.0               18.5224               1.7283                .0187                  558.0         .0            .0                  .0
561.0               18.6246               1.7208                .018                   561.0         .0            .0                  .0
5.0                 12.2                  2.2615                .0189                  4.0           .0            .0                  .0
Server 0, get requests: 0

Thread 6
Throughput          Waiting time          Service time          Time to parse          Sets          Gets          Multi-gets          Misses
358.0               19.1114               1.9396                .071                   359.0         .0            .0                  .0
581.0               18.6649               1.6348                .0242                  581.0         .0            .0                  .0
536.0               19.4618               1.8012                .0209                  536.0         .0            .0                  .0
500.0               20.6747               1.92                  .0257                  500.0         .0            .0                  .0
551.0               18.7645               1.7431                .0216                  551.0         .0            .0                  .0
539.0               19.1833               1.7853                .0231                  539.0         .0            .0                  .0
523.0               19.6164               1.8374                .0218                  523.0         .0            .0                  .0
516.0               20.6221               1.8707                .0212                  515.0         .0            .0                  .0
528.0               19.1323               1.8171                .0211                  529.0         .0            .0                  .0
533.0               19.5524               1.2279                .5929                  533.0         .0            .0                  .0
540.0               19.342                1.7724                .0253                  540.0         .0            .0                  .0
534.0               19.3888               1.7746                .0215                  534.0         .0            .0                  .0
527.0               20.267                1.8385                .0234                  527.0         .0            .0                  .0
536.0               20.4358               1.7904                .0256                  536.0         .0            .0                  .0
497.0               20.9096               1.9369                .0217                  497.0         .0            .0                  .0
520.0               19.8887               1.8438                .0226                  520.0         .0            .0                  .0
499.0               20.482                1.9114                .0283                  499.0         .0            .0                  .0
516.0               20.528                1.8797                .0206                  516.0         .0            .0                  .0
503.0               20.9127               1.8985                .0255                  503.0         .0            .0                  .0
529.0               19.7415               1.8302                .0206                  529.0         .0            .0                  .0
540.0               18.9501               1.7848                .0195                  540.0         .0            .0                  .0
538.0               18.8033               1.7902                .0202                  538.0         .0            .0                  .0
533.0               19.5955               1.8041                .0193                  533.0         .0            .0                  .0
531.0               19.5996               1.8092                .0274                  531.0         .0            .0                  .0
544.0               18.9156               1.7575                .0226                  544.0         .0            .0                  .0
554.0               18.6973               1.7413                .0187                  554.0         .0            .0                  .0
526.0               19.6509               1.8403                .019                   526.0         .0            .0                  .0
498.0               20.6533               1.9394                .019                   498.0         .0            .0                  .0
515.0               20.0427               1.8702                .0227                  514.0         .0            .0                  .0
528.0               19.834                1.8251                .0227                  529.0         .0            .0                  .0
548.0               18.7923               1.7556                .0186                  548.0         .0            .0                  .0
537.0               19.3141               1.799                 .0189                  537.0         .0            .0                  .0
505.0               20.2747               1.9106                .0196                  505.0         .0            .0                  .0
519.0               19.5885               1.8518                .0221                  519.0         .0            .0                  .0
532.0               19.379                1.8082                .0241                  532.0         .0            .0                  .0
525.0               20.1369               1.829                 .0201                  525.0         .0            .0                  .0
509.0               19.6784               1.8782                .0222                  509.0         .0            .0                  .0
529.0               20.0226               1.8369                .019                   529.0         .0            .0                  .0
539.0               19.0796               1.7822                .0176                  539.0         .0            .0                  .0
521.0               19.4579               .8058                 .0199                  521.0         .0            .0                  .0
501.0               21.0199               1.9298                .0207                  501.0         .0            .0                  .0
537.0               19.3216               1.7924                .0184                  537.0         .0            .0                  .0
521.0               19.6858               1.8481                .0183                  521.0         .0            .0                  .0
546.0               19.4497               1.7577                .0178                  546.0         .0            .0                  .0
512.0               19.9883               1.8857                .0193                  512.0         .0            .0                  .0
565.0               18.2792               1.7154                .0174                  565.0         .0            .0                  .0
511.0               20.2129               1.8902                .0181                  511.0         .0            .0                  .0
529.0               19.5453               1.8129                .0217                  529.0         .0            .0                  .0
531.0               19.6842               1.809                 .0236                  531.0         .0            .0                  .0
509.0               20.0825               1.901                 .0192                  508.0         .0            .0                  .0
533.0               19.8184               1.8021                .0206                  534.0         .0            .0                  .0
502.0               20.2227               1.922                 .0189                  502.0         .0            .0                  .0
527.0               19.6705               1.8247                .0207                  527.0         .0            .0                  .0
532.0               19.2045               1.814                 .0192                  532.0         .0            .0                  .0
535.0               19.1847               1.8027                .0187                  535.0         .0            .0                  .0
489.0               21.0469               1.965                 .0193                  489.0         .0            .0                  .0
524.0               19.8114               1.8341                .0198                  524.0         .0            .0                  .0
527.0               19.9678               1.8419                .0198                  527.0         .0            .0                  .0
560.0               18.5312               1.7178                .022                   560.0         .0            .0                  .0
556.0               18.6625               1.7339                .0174                  556.0         .0            .0                  .0
5.0                 12.4                  2.1868                .0233                  4.0           .0            .0                  .0
Server 0, get requests: 0

Thread 7
Throughput          Waiting time          Service time          Time to parse          Sets          Gets          Multi-gets          Misses
375.0               18.1867               1.8314                .1096                  375.0         .0            .0                  .0
570.0               18.7618               1.6656                .0249                  571.0         .0            .0                  .0
535.0               19.4888               1.8062                .0219                  535.0         .0            .0                  .0
510.0               20.9706               1.8836                .0275                  510.0         .0            .0                  .0
555.0               18.6349               1.7319                .0226                  555.0         .0            .0                  .0
540.0               19.268                1.7743                .0219                  540.0         .0            .0                  .0
543.0               19.5882               1.7727                .0203                  543.0         .0            .0                  .0
509.0               20.6882               1.8974                .0207                  509.0         .0            .0                  .0
563.0               19.1241               1.6985                .0228                  563.0         .0            .0                  .0
527.0               19.4773               1.8249                .0229                  527.0         .0            .0                  .0
551.0               19.3786               1.7436                .0262                  551.0         .0            .0                  .0
536.0               19.3855               1.7782                .0213                  536.0         .0            .0                  .0
528.0               20.3119               1.837                 .0227                  528.0         .0            .0                  .0
556.0               20.5171               1.7222                .0257                  556.0         .0            .0                  .0
504.0               20.9822               1.9088                .0292                  504.0         .0            .0                  .0
525.0               19.9087               1.8226                .0231                  525.0         .0            .0                  .0
518.0               20.5029               1.8473                .0235                  518.0         .0            .0                  .0
517.0               20.6486               1.8778                .0212                  517.0         .0            .0                  .0
506.0               20.8659               1.8932                .0233                  506.0         .0            .0                  .0
538.0               19.6679               1.7964                .0214                  538.0         .0            .0                  .0
548.0               19.0965               1.7582                .0193                  548.0         .0            .0                  .0
570.0               18.8529               1.6823                .019                   570.0         .0            .0                  .0
544.0               19.5284               1.7706                .0227                  544.0         .0            .0                  .0
525.0               19.6388               1.8355                .0192                  525.0         .0            .0                  .0
539.0               18.9111               1.7698                .0226                  539.0         .0            .0                  .0
571.0               18.6783               1.6859                .0197                  571.0         .0            .0                  .0
529.0               19.7774               1.8201                .0193                  529.0         .0            .0                  .0
503.0               20.6548               1.9155                .0225                  503.0         .0            .0                  .0
523.0               20.229                1.845                 .0203                  523.0         .0            .0                  .0
528.0               19.8809               1.8245                .0187                  528.0         .0            .0                  .0
561.0               18.7758               1.7031                .0211                  561.0         .0            .0                  .0
534.0               19.4374               1.8095                .0198                  534.0         .0            .0                  .0
517.0               20.3056               1.8707                -.7988                 516.0         .0            .0                  .0
542.0               19.6365               1.7754                .02                    543.0         .0            .0                  .0
540.0               19.5896               1.7862                .0194                  540.0         .0            .0                  .0
525.0               20.1958               1.8321                .0207                  525.0         .0            .0                  .0
523.0               19.7519               1.8316                .0184                  523.0         .0            .0                  .0
524.0               20.1086               1.8572                .0189                  524.0         .0            .0                  .0
549.0               19.2109               1.7505                .018                   549.0         .0            .0                  .0
537.0               19.5762               1.786                 .0195                  537.0         .0            .0                  .0
505.0               20.913                1.8815                .0252                  505.0         .0            .0                  .0
543.0               19.3401               1.7637                .0198                  543.0         .0            .0                  .0
531.0               19.7778               1.8214                -.8335                 530.0         .0            .0                  .0
538.0               19.423                1.7844                .0181                  539.0         .0            .0                  .0
539.0               19.9741               1.7848                .019                   539.0         .0            .0                  .0
571.0               18.451                1.6965                .0186                  571.0         .0            .0                  .0
539.0               20.0481               1.7879                .019                   539.0         .0            .0                  .0
540.0               19.5046               1.788                 .0186                  540.0         .0            .0                  .0
531.0               19.7538               1.8113                .0227                  531.0         .0            .0                  .0
517.0               20.2085               1.8679                .0194                  517.0         .0            .0                  .0
529.0               19.6811               1.8214                .0181                  529.0         .0            .0                  .0
516.0               20.3578               1.8513                .0191                  516.0         .0            .0                  .0
536.0               20.0577               1.7975                .0187                  536.0         .0            .0                  .0
557.0               19.2025               1.7284                .0198                  557.0         .0            .0                  .0
540.0               19.2773               1.7828                .0195                  540.0         .0            .0                  .0
499.0               21.11                 1.9317                .022                   499.0         .0            .0                  .0
527.0               19.8731               1.8183                .0229                  527.0         .0            .0                  .0
526.0               20.0285               1.8361                .0249                  526.0         .0            .0                  .0
569.0               18.5842               1.6911                .0182                  569.0         .0            .0                  .0
573.0               18.777                1.6786                .0171                  573.0         .0            .0                  .0
5.0                 12.0                  2.267                 .0299                  4.0           .0            .0                  .0
Server 0, get requests: 0

Aggregated Statistics for a 1 seconds window of the entire middleware: 
Throughput          QueueLength          Waiting time          Service time          Time to parse          Sets          Gets          Multi-gets          Misses
2972.0              .0                   18.7394               1.8681                .0851                  2977.0        .0            .0                  .0
4362.0              83.0                 18.7439               1.7449                .0265                  4365.0        .0            .0                  .0
4259.0              88.0                 19.3724               1.8097                -.0705                 4259.0        .0            .0                  .0
4004.0              78.0                 20.7872               1.9232                .0243                  4004.0        .0            .0                  .0
4456.0              80.0                 18.7204               1.6589                .0887                  4455.0        .0            .0                  .0
4349.0              83.0                 19.1762               1.7665                .0239                  4349.0        .0            .0                  .0
4249.0              81.0                 19.6053               1.8043                .0214                  4250.0        .0            .0                  .0
4068.0              78.0                 20.6778               1.8939                .0216                  4067.0        .0            .0                  .0
4328.0              81.0                 19.1712               1.7566                .0321                  4329.0        .0            .0                  .0
4271.0              88.0                 19.5116               1.7251                .0962                  4271.0        .0            .0                  .0
4335.0              88.0                 19.2658               1.7725                .0244                  4335.0        .0            .0                  .0
4264.0              77.0                 19.39                 1.7862                .0226                  4264.0        .0            .0                  .0
4119.0              88.0                 20.2967               1.8829                .0219                  4119.0        .0            .0                  .0
4066.0              82.0                 20.4733               1.9318                .0273                  4066.0        .0            .0                  .0
4030.0              87.0                 20.8498               1.9105                .0229                  4030.0        .0            .0                  .0
4188.0              81.0                 19.9386               1.8338                .0235                  4188.0        .0            .0                  .0
4058.0              81.0                 20.4862               1.8801                .0282                  4058.0        .0            .0                  .0
4115.0              88.0                 20.4771               1.8835                .0241                  4115.0        .0            .0                  .0
3995.0              80.0                 20.9152               1.9179                .0228                  3995.0        .0            .0                  .0
4256.0              88.0                 19.626                1.8168                .022                   4255.0        .0            .0                  .0
4376.0              82.0                 18.9995               1.7566                .0201                  4377.0        .0            .0                  .0
4431.0              88.0                 18.8568               1.7357                .0213                  4431.0        .0            .0                  .0
4285.0              88.0                 19.5286               1.7985                .0198                  4285.0        .0            .0                  .0
4263.0              80.0                 19.633                1.8021                .0223                  4263.0        .0            .0                  .0
4340.0              82.0                 18.9171               1.7592                .0226                  4340.0        .0            .0                  .0
4461.0              88.0                 18.7074               1.7279                .0215                  4461.0        .0            .0                  .0
4271.0              87.0                 19.6912               1.8074                .0197                  4271.0        .0            .0                  .0
4035.0              81.0                 20.6575               1.9129                .021                   4034.0        .0            .0                  .0
4137.0              77.0                 20.1682               1.8619                .0199                  4137.0        .0            .0                  .0
4226.0              79.0                 19.856                1.8241                .0202                  4227.0        .0            .0                  .0
4448.0              83.0                 18.8017               1.7247                .0211                  4448.0        .0            .0                  .0
4304.0              88.0                 19.3748               1.7937                .0195                  4303.0        .0            .0                  .0
4123.0              80.0                 20.2983               1.8703                -.0819                 4122.0        .0            .0                  .0
4223.0              84.0                 19.6167               1.8218                .0216                  4224.0        .0            .0                  .0
4320.0              86.0                 19.4723               1.7816                .0207                  4321.0        .0            .0                  .0
4142.0              81.0                 20.1261               1.8579                .0198                  4142.0        .0            .0                  .0
4220.0              81.0                 19.7038               1.8147                .021                   4220.0        .0            .0                  .0
4230.0              88.0                 20.0637               1.8368                .0196                  4230.0        .0            .0                  .0
4346.0              80.0                 19.1323               1.7665                .0201                  4346.0        .0            .0                  .0
4238.0              84.0                 19.5375               1.6815                .0209                  4238.0        .0            .0                  .0
3997.0              82.0                 20.9607               1.9241                .0213                  3997.0        .0            .0                  .0
4326.0              80.0                 19.3197               1.7764                .0199                  4326.0        .0            .0                  .0
4248.0              88.0                 19.7872               1.818                 -.0867                 4247.0        .0            .0                  .0
4276.0              76.0                 19.3656               1.7941                .0207                  4277.0        .0            .0                  .0
4187.0              88.0                 19.9784               1.8429                .0187                  4187.0        .0            .0                  .0
4540.0              88.0                 18.421                1.7046                .0197                  4538.0        .0            .0                  .0
4195.0              84.0                 20.128                1.8389                .0195                  4197.0        .0            .0                  .0
4249.0              85.0                 19.5066               1.8135                .0192                  4249.0        .0            .0                  .0
4218.0              81.0                 19.7068               1.8204                .0245                  4218.0        .0            .0                  .0
4112.0              78.0                 20.1907               1.8789                .0206                  4111.0        .0            .0                  .0
4250.0              82.0                 19.7331               1.8058                .02                    4251.0        .0            .0                  .0
4101.0              88.0                 20.3348               1.8762                .0222                  4101.0        .0            .0                  .0
4215.0              88.0                 19.8651               1.8271                .0196                  4215.0        .0            .0                  .0
4351.0              88.0                 19.2051               1.7728                .0196                  4351.0        .0            .0                  .0
4307.0              85.0                 19.2022               1.7846                .0206                  4307.0        .0            .0                  .0
3982.0              83.0                 21.1246               1.9347                .0209                  3982.0        .0            .0                  .0
4199.0              88.0                 19.8617               1.8279                .0208                  4199.0        .0            .0                  .0
4166.0              88.0                 19.9842               1.857                 .021                   4166.0        .0            .0                  .0
4483.0              80.0                 18.5354               1.7186                .0189                  4483.0        .0            .0                  .0
4468.0              81.0                 18.6673               1.7259                .0184                  4468.0        .0            .0                  .0
38.0                30.0                 12.1                  2.3991                .0201                  30.0          .0            .0                  .0
The following results are aggregated for all threads, normalized for one second
Throughput(ops/sec):  (avg)4148.7,  (std)157.46
QueueLength: (avg)72.91,  (std)24.62
WaitingTime(msec): (avg)19.563,  (std).6616
ServiceTime(msec): (avg)1.8237,  (std).0649
ParseTime(msec): (avg).02, (std).0259
Sets(ops/sec): 		 (avg)4148.7,  (std)157.52
Gets(ops/sec): 		 (avg).0,  (std).0
Multi-gets(ops/sec):  (avg).0,  (std).0
Misses(ops/sec):      (avg).0,  (std).0
Miss ratio: ?
Avg time between two tasks: .2667

Tot response time: average_waitingTime + average_serviceTime + average_parseTime + average_timeBetweenTwoTasks

max response time : 23.3468
min response time: 14.7859

14.7859:   #
15.642:   
16.4981:   
17.3542:   
18.2103:   
19.0664:   
19.9225:   
20.7785:   ############
21.6346:   ############################
22.4907:   ###############
23.3468:   #####
