
Thread 0
Throughput          Waiting time          Service time          Time to parse          Sets          Gets          Multi-gets          Misses
392.0               2.1247                1.6802                .1195                  393.0         .0            .0                  .0
550.0               2.1125                1.6666                .0268                  550.0         .0            .0                  .0
629.0               2.0921                1.5065                .0258                  629.0         .0            .0                  .0
655.0               2.1479                1.4478                .0246                  655.0         .0            .0                  .0
601.0               2.2874                1.5695                .026                   601.0         .0            .0                  .0
648.0               2.1587                1.46                  .0251                  648.0         .0            .0                  .0
632.0               2.1722                1.4864                .0253                  632.0         .0            .0                  .0
617.0               2.2314                1.5166                .0267                  617.0         .0            .0                  .0
625.0               2.2396                1.515                 .0244                  625.0         .0            .0                  .0
617.0               2.3786                1.5405                .0243                  617.0         .0            .0                  .0
631.0               2.2595                1.4995                .0268                  631.0         .0            .0                  .0
446.0               2.5906                2.1631                .0257                  446.0         .0            .0                  .0
623.0               2.321                 1.5206                .0265                  623.0         .0            .0                  .0
603.0               2.1821                1.5611                .0335                  603.0         .0            .0                  .0
638.0               2.1033                1.4798                .0256                  638.0         .0            .0                  .0
592.0               2.2917                1.5866                .0269                  592.0         .0            .0                  .0
591.0               2.3801                1.593                 .0259                  591.0         .0            .0                  .0
647.0               2.091                 1.4635                .0236                  647.0         .0            .0                  .0
609.0               2.2989                1.5651                .0249                  609.0         .0            .0                  .0
581.0               2.3625                1.0822                .5654                  581.0         .0            .0                  .0
635.0               2.1368                1.479                 .0363                  635.0         .0            .0                  .0
616.0               2.2885                1.5405                .0239                  616.0         .0            .0                  .0
645.0               2.1842                1.4516                .0294                  645.0         .0            .0                  .0
604.0               2.2959                1.5585                .0269                  604.0         .0            .0                  .0
626.0               2.2313                1.5199                .024                   626.0         .0            .0                  .0
666.0               2.0645                1.4059                .0229                  666.0         .0            .0                  .0
614.0               2.2195                1.5306                .0284                  614.0         .0            .0                  .0
643.0               2.0792                1.4575                .0225                  643.0         .0            .0                  .0
654.0               2.0244                1.4296                .0254                  654.0         .0            .0                  .0
600.0               2.3361                1.576                 .0233                  600.0         .0            .0                  .0
606.0               2.2224                1.5505                .0247                  606.0         .0            .0                  .0
579.0               2.4948                1.6333                .0268                  579.0         .0            .0                  .0
654.0               2.0916                1.4433                .0268                  654.0         .0            .0                  .0
581.0               2.3866                1.6245                .0295                  581.0         .0            .0                  .0
618.0               1.9952                1.5162                .028                   618.0         .0            .0                  .0
614.0               2.3171                1.5286                .0247                  614.0         .0            .0                  .0
624.0               2.312                 1.5179                .026                   624.0         .0            .0                  .0
629.0               2.1667                1.5204                .023                   629.0         .0            .0                  .0
608.0               2.3465                1.5497                .0223                  608.0         .0            .0                  .0
647.0               2.1435                1.453                 .0235                  647.0         .0            .0                  .0
650.0               2.1014                1.4555                .0218                  650.0         .0            .0                  .0
570.0               2.5079                1.677                 .0224                  570.0         .0            .0                  .0
644.0               2.2202                1.4702                .0245                  644.0         .0            .0                  .0
648.0               2.168                 1.468                 .0219                  648.0         .0            .0                  .0
606.0               2.2537                1.5477                .0219                  606.0         .0            .0                  .0
626.0               2.1866                1.5167                .0223                  626.0         .0            .0                  .0
584.0               2.441                 1.6269                .0237                  584.0         .0            .0                  .0
610.0               2.2766                1.567                 .0228                  610.0         .0            .0                  .0
631.0               2.1313                1.4938                .0225                  631.0         .0            .0                  .0
622.0               2.0722                1.5194                .0221                  622.0         .0            .0                  .0
629.0               2.1635                1.5086                .0222                  629.0         .0            .0                  .0
630.0               2.2868                1.5083                .0229                  630.0         .0            .0                  .0
619.0               2.2097                1.5102                .0218                  619.0         .0            .0                  .0
600.0               2.3062                1.5964                .0238                  600.0         .0            .0                  .0
587.0               2.4507                1.6111                .022                   587.0         .0            .0                  .0
627.0               2.1911                1.5122                .0227                  627.0         .0            .0                  .0
611.0               2.3252                1.5593                .0239                  611.0         .0            .0                  .0
620.0               2.2609                1.5311                .0231                  620.0         .0            .0                  .0
623.0               2.1571                1.5256                .0263                  623.0         .0            .0                  .0
605.0               2.2264                1.563                 .0229                  604.0         .0            .0                  .0
8.0                 .125                  .6502                 .0183                  8.0           .0            .0                  .0
Server 0, get requests: 0

Thread 1
Throughput          Waiting time          Service time          Time to parse          Sets          Gets          Multi-gets          Misses
375.0               2.176                 1.6893                .1677                  375.0         .0            .0                  .0
552.0               2.0307                1.6448                .0604                  553.0         .0            .0                  .0
641.0               2.0872                1.4815                .0252                  641.0         .0            .0                  .0
668.0               2.1091                1.4171                .0246                  668.0         .0            .0                  .0
605.0               2.2211                1.5496                .0263                  605.0         .0            .0                  .0
641.0               2.1324                1.4568                .0323                  641.0         .0            .0                  .0
634.0               2.2142                1.4863                .0271                  634.0         .0            .0                  .0
596.0               2.2462                1.5753                .0269                  596.0         .0            .0                  .0
622.0               2.2247                1.5322                .0258                  622.0         .0            .0                  .0
602.0               2.3234                1.5652                .0275                  602.0         .0            .0                  .0
627.0               2.2643                1.5199                .0275                  627.0         .0            .0                  .0
606.0               2.4333                1.5675                .0274                  606.0         .0            .0                  .0
608.0               2.3465                1.5613                .0261                  608.0         .0            .0                  .0
613.0               2.2948                1.547                 .0229                  613.0         .0            .0                  .0
635.0               2.0723                1.4939                .0235                  635.0         .0            .0                  .0
599.0               2.265                 1.5723                .0241                  599.0         .0            .0                  .0
589.0               2.4254                1.6206                .0232                  589.0         .0            .0                  .0
662.0               2.0618                1.4333                .0248                  662.0         .0            .0                  .0
604.0               2.2479                1.5753                .0228                  604.0         .0            .0                  .0
588.0               2.4312                1.6097                .0234                  588.0         .0            .0                  .0
633.0               2.142                 1.4843                .023                   633.0         .0            .0                  .0
616.0               2.3177                1.5411                .0232                  616.0         .0            .0                  .0
627.0               2.2086                1.5089                .0222                  627.0         .0            .0                  .0
623.0               2.3419                1.5145                .0221                  622.0         .0            .0                  .0
625.0               2.2636                1.5231                .0273                  626.0         .0            .0                  .0
666.0               2.0435                1.4038                .0216                  666.0         .0            .0                  .0
616.0               2.1656                1.5291                .0246                  615.0         .0            .0                  .0
639.0               2.1797                1.4687                .0285                  640.0         .0            .0                  .0
652.0               2.0628                1.4434                .0241                  652.0         .0            .0                  .0
618.0               2.2359                1.5284                .0232                  618.0         .0            .0                  .0
615.0               2.2305                1.5226                .0248                  615.0         .0            .0                  .0
575.0               2.3681                1.6436                .025                   575.0         .0            .0                  .0
657.0               2.114                 1.453                 .0223                  657.0         .0            .0                  .0
615.0               2.2938                1.5197                .0223                  615.0         .0            .0                  .0
625.0               2.1613                1.5155                .0267                  625.0         .0            .0                  .0
615.0               2.2403                1.5265                .0241                  615.0         .0            .0                  .0
623.0               2.2708                1.5214                .0217                  623.0         .0            .0                  .0
624.0               2.1952                1.5204                .0234                  624.0         .0            .0                  .0
589.0               2.2136                1.6023                .0323                  589.0         .0            .0                  .0
652.0               2.0965                1.445                 .0218                  652.0         .0            .0                  .0
647.0               2.0602                1.4593                .0298                  647.0         .0            .0                  .0
594.0               2.437                 1.6066                .0231                  594.0         .0            .0                  .0
638.0               2.2332                1.4869                .0264                  638.0         .0            .0                  .0
646.0               2.1084                1.4744                .0224                  645.0         .0            .0                  .0
604.0               2.2314                1.5513                .0236                  605.0         .0            .0                  .0
636.0               2.1287                1.4873                .0247                  636.0         .0            .0                  .0
599.0               2.365                 1.5901                .0232                  599.0         .0            .0                  .0
584.0               2.306                 1.6297                .0233                  584.0         .0            .0                  .0
626.0               2.1707                1.5145                .0252                  626.0         .0            .0                  .0
631.0               2.1044                1.4929                .0241                  631.0         .0            .0                  .0
630.0               2.168                 1.5029                .0236                  630.0         .0            .0                  .0
625.0               2.2768                1.524                 .0261                  624.0         .0            .0                  .0
612.0               2.2557                1.5287                .0249                  613.0         .0            .0                  .0
609.0               2.3049                1.5644                .0226                  609.0         .0            .0                  .0
583.0               2.4538                1.6314                .0227                  583.0         .0            .0                  .0
632.0               2.1343                1.4959                .0262                  632.0         .0            .0                  .0
608.0               2.2742                1.5659                .0258                  608.0         .0            .0                  .0
620.0               2.2512                1.5231                .0349                  620.0         .0            .0                  .0
628.0               2.1224                1.5073                .0247                  628.0         .0            .0                  .0
622.0               2.1897                1.5167                .0249                  621.0         .0            .0                  .0
4.0                 .0                    .8196                 .0399                  4.0           .0            .0                  .0
Server 0, get requests: 0

Thread 2
Throughput          Waiting time          Service time          Time to parse          Sets          Gets          Multi-gets          Misses
375.0               2.2747                1.7145                .0887                  375.0         .0            .0                  .0
543.0               2.1011                1.7012                .0289                  544.0         .0            .0                  .0
623.0               2.1474                1.5246                .0259                  623.0         .0            .0                  .0
659.0               2.1485                1.4398                .024                   659.0         .0            .0                  .0
609.0               2.2246                1.5513                .0255                  609.0         .0            .0                  .0
648.0               2.1803                1.4565                .0278                  648.0         .0            .0                  .0
627.0               2.2313                1.5006                -.513                  626.0         .0            .0                  .0
586.0               2.3203                1.5984                .0245                  587.0         .0            .0                  .0
606.0               2.2471                1.5686                .028                   606.0         .0            .0                  .0
612.0               2.3214                1.5565                .0252                  612.0         .0            .0                  .0
630.0               2.3122                1.4992                .0236                  630.0         .0            .0                  .0
446.0               2.4877                2.1615                .0277                  446.0         .0            .0                  .0
622.0               2.3146                1.5197                .0278                  622.0         .0            .0                  .0
605.0               2.1964                1.5648                .0255                  605.0         .0            .0                  .0
640.0               2.0983                1.4722                .0237                  640.0         .0            .0                  .0
604.0               2.2793                1.5618                .024                   604.0         .0            .0                  .0
591.0               2.3497                1.6007                .0325                  591.0         .0            .0                  .0
648.0               2.114                 1.4597                .0286                  648.0         .0            .0                  .0
598.0               2.3189                1.5961                .0261                  598.0         .0            .0                  .0
586.0               2.4293                1.6108                .0254                  586.0         .0            .0                  .0
634.0               2.1811                1.4828                .0247                  634.0         .0            .0                  .0
602.0               2.2874                1.5766                1.0566                 601.0         .0            .0                  .0
640.0               2.1713                1.4673                .0291                  641.0         .0            .0                  .0
613.0               2.2708                1.5243                .0327                  612.0         .0            .0                  .0
637.0               2.1787                1.4873                .0247                  638.0         .0            .0                  .0
669.0               2.0791                1.3915                .0279                  669.0         .0            .0                  .0
616.0               2.2614                1.5232                -.8125                 615.0         .0            .0                  .0
649.0               2.1092                1.4405                .0326                  650.0         .0            .0                  .0
663.0               2.0633                1.4087                .0229                  663.0         .0            .0                  .0
607.0               2.2204                1.5644                .0238                  607.0         .0            .0                  .0
617.0               2.2055                1.526                 .0223                  617.0         .0            .0                  .0
585.0               2.4147                1.6136                .0229                  585.0         .0            .0                  .0
653.0               2.0963                1.4545                .0262                  653.0         .0            .0                  .0
577.0               2.3772                1.6456                .0258                  577.0         .0            .0                  .0
623.0               2.109                 1.5197                .0227                  623.0         .0            .0                  .0
598.0               2.3422                1.5727                .0224                  598.0         .0            .0                  .0
616.0               2.2901                1.5408                .0222                  616.0         .0            .0                  .0
629.0               2.1794                1.5093                .0239                  629.0         .0            .0                  .0
602.0               2.325                 1.5489                .0286                  602.0         .0            .0                  .0
655.0               2.1067                1.433                 .0217                  655.0         .0            .0                  .0
647.0               2.1096                1.4586                .0222                  647.0         .0            .0                  .0
573.0               2.4443                1.6602                .0223                  573.0         .0            .0                  .0
642.0               2.1913                1.4795                .0218                  642.0         .0            .0                  .0
644.0               2.1659                1.4774                .0221                  644.0         .0            .0                  .0
602.0               2.2736                1.558                 .0241                  602.0         .0            .0                  .0
629.0               2.1762                1.5117                .0229                  629.0         .0            .0                  .0
592.0               2.344                 1.6008                .0271                  592.0         .0            .0                  .0
589.0               2.3034                1.6198                .0248                  589.0         .0            .0                  .0
628.0               2.1494                1.5064                .0221                  628.0         .0            .0                  .0
622.0               2.1766                1.5092                .0292                  622.0         .0            .0                  .0
625.0               2.2252                1.4966                .022                   625.0         .0            .0                  .0
624.0               2.312                 1.5312                .0229                  624.0         .0            .0                  .0
617.0               2.2589                1.5283                .0226                  617.0         .0            .0                  .0
588.0               2.3141                1.6112                .0295                  588.0         .0            .0                  .0
592.0               2.4722                1.6079                .0226                  592.0         .0            .0                  .0
623.0               2.1667                1.5239                .0227                  623.0         .0            .0                  .0
627.0               2.3392                1.5167                .0225                  627.0         .0            .0                  .0
621.0               2.1543                1.5268                .0246                  621.0         .0            .0                  .0
610.0               2.1244                1.5598                .022                   610.0         .0            .0                  .0
604.0               2.2169                1.5634                .0237                  603.0         .0            .0                  .0
6.0                 .0                    .5606                 .0846                  6.0           .0            .0                  .0
Server 0, get requests: 0

Thread 3
Throughput          Waiting time          Service time          Time to parse          Sets          Gets          Multi-gets          Misses
377.0               2.13                  1.8005                .1256                  377.0         .0            .0                  .0
542.0               2.0055                1.6905                .0275                  543.0         .0            .0                  .0
642.0               2.0747                1.4773                .0263                  642.0         .0            .0                  .0
651.0               2.0951                1.4508                .0242                  651.0         .0            .0                  .0
596.0               2.2278                1.5893                .0244                  596.0         .0            .0                  .0
653.0               2.1315                1.4435                .029                   653.0         .0            .0                  .0
621.0               2.2524                1.519                 .0245                  621.0         .0            .0                  .0
593.0               2.2896                1.5751                .0278                  593.0         .0            .0                  .0
597.0               2.2508                1.5868                .0264                  597.0         .0            .0                  .0
611.0               2.3235                1.5557                .0267                  611.0         .0            .0                  .0
620.0               2.2786                1.5203                .0247                  620.0         .0            .0                  .0
608.0               2.4007                1.5623                .03                    608.0         .0            .0                  .0
609.0               2.3295                1.5553                .0261                  609.0         .0            .0                  .0
600.0               2.2895                1.5803                .0245                  600.0         .0            .0                  .0
618.0               2.0614                1.5408                .0244                  618.0         .0            .0                  .0
586.0               2.23                  1.6126                .0225                  586.0         .0            .0                  .0
581.0               2.4588                1.6488                .0226                  581.0         .0            .0                  .0
640.0               2.1217                1.4768                .0261                  640.0         .0            .0                  .0
612.0               2.2936                1.0164                .5679                  612.0         .0            .0                  .0
576.0               2.3778                1.6488                .0285                  576.0         .0            .0                  .0
634.0               2.1543                1.4842                .0246                  634.0         .0            .0                  .0
609.0               2.2918                1.5601                .0254                  609.0         .0            .0                  .0
628.0               2.1701                1.4978                .0243                  628.0         .0            .0                  .0
620.0               2.2786                .7258                 .822                   620.0         .0            .0                  .0
618.0               2.2132                1.5459                .0242                  618.0         .0            .0                  .0
665.0               2.021                 1.4101                .0214                  665.0         .0            .0                  .0
616.0               2.1656                1.5266                .0239                  615.0         .0            .0                  .0
642.0               2.1135                1.4697                .0216                  643.0         .0            .0                  .0
657.0               2.0562                1.4206                .0223                  657.0         .0            .0                  .0
615.0               2.2711                1.5442                .0223                  615.0         .0            .0                  .0
616.0               2.1848                1.5249                .0231                  616.0         .0            .0                  .0
568.0               2.3884                1.6687                .0222                  568.0         .0            .0                  .0
657.0               2.0851                1.4503                .0223                  657.0         .0            .0                  .0
589.0               2.361                 1.6106                .0223                  589.0         .0            .0                  .0
631.0               2.068                 1.5023                .0219                  631.0         .0            .0                  .0
604.0               2.3025                1.55                  .0256                  604.0         .0            .0                  .0
608.0               2.2709                1.5614                .0227                  608.0         .0            .0                  .0
628.0               2.1272                1.5244                .0224                  628.0         .0            .0                  .0
590.0               2.291                 1.6085                .0256                  590.0         .0            .0                  .0
645.0               2.1285                1.457                 .0218                  645.0         .0            .0                  .0
648.0               2.0293                1.4566                .0238                  647.0         .0            .0                  .0
590.0               2.4382                1.6091                .0258                  591.0         .0            .0                  .0
634.0               2.1858                1.5019                .0222                  634.0         .0            .0                  .0
637.0               2.1771                1.496                 .0221                  637.0         .0            .0                  .0
602.0               2.262                 1.565                 .0213                  602.0         .0            .0                  .0
627.0               2.1624                1.5128                .0277                  627.0         .0            .0                  .0
598.0               2.2955                1.5931                .0221                  598.0         .0            .0                  .0
601.0               2.2193                1.5865                .0224                  601.0         .0            .0                  .0
625.0               2.1294                1.5084                .0224                  625.0         .0            .0                  .0
625.0               2.1342                1.5127                .0217                  625.0         .0            .0                  .0
633.0               2.205                 1.4854                .0221                  633.0         .0            .0                  .0
618.0               2.3667                1.5435                .0213                  618.0         .0            .0                  .0
603.0               2.257                 1.5631                .6726                  602.0         .0            .0                  .0
604.0               2.3383                1.5745                .0233                  605.0         .0            .0                  .0
583.0               2.4247                1.639                 .0226                  583.0         .0            .0                  .0
632.0               2.218                 1.5009                .0226                  632.0         .0            .0                  .0
602.0               2.2935                1.583                 .0232                  602.0         .0            .0                  .0
609.0               2.2754                1.552                 .033                   609.0         .0            .0                  .0
621.0               2.0997                1.5277                .0224                  621.0         .0            .0                  .0
622.0               2.2251                1.5145                .0217                  621.0         .0            .0                  .0
7.0                 .1429                 .644                  .0213                  7.0           .0            .0                  .0
Server 0, get requests: 0

Thread 4
Throughput          Waiting time          Service time          Time to parse          Sets          Gets          Multi-gets          Misses
374.0               2.288                 1.6763                .1323                  375.0         .0            .0                  .0
649.0               2.2508                1.3968                .0299                  649.0         .0            .0                  .0
639.0               2.1219                1.4852                .0248                  639.0         .0            .0                  .0
664.0               2.1128                1.4269                .0263                  664.0         .0            .0                  .0
590.0               2.2741                1.5878                .0412                  590.0         .0            .0                  .0
655.0               2.1021                1.4376                .0302                  655.0         .0            .0                  .0
640.0               2.22                  1.4743                .0243                  640.0         .0            .0                  .0
592.0               2.3811                1.5765                .0279                  592.0         .0            .0                  .0
634.0               2.2236                1.4983                .0254                  634.0         .0            .0                  .0
624.0               2.3424                1.5223                .0262                  624.0         .0            .0                  .0
620.0               2.2721                1.535                 .0236                  620.0         .0            .0                  .0
629.0               2.5603                1.5079                .0249                  629.0         .0            .0                  .0
622.0               2.3852                1.5294                .0266                  622.0         .0            .0                  .0
639.0               2.2359                1.48                  .0236                  639.0         .0            .0                  .0
651.0               2.092                 1.4542                .0249                  651.0         .0            .0                  .0
605.0               2.2112                1.5591                .0213                  605.0         .0            .0                  .0
620.0               2.4058                1.539                 .0236                  620.0         .0            .0                  .0
657.0               2.1277                1.44                  .0216                  657.0         .0            .0                  .0
614.0               2.2976                1.5454                .0237                  614.0         .0            .0                  .0
573.0               2.5244                1.6537                .0321                  573.0         .0            .0                  .0
642.0               2.1384                1.4753                .022                   642.0         .0            .0                  .0
648.0               2.339                 1.464                 .0225                  648.0         .0            .0                  .0
637.0               2.2429                1.488                 .0258                  637.0         .0            .0                  .0
607.0               2.3388                1.5587                .0292                  607.0         .0            .0                  .0
624.0               2.2032                1.5196                .0265                  624.0         .0            .0                  .0
650.0               2.0445                1.4398                .0215                  650.0         .0            .0                  .0
652.0               2.2757                1.4459                .0215                  652.0         .0            .0                  .0
652.0               2.1164                1.4512                .0256                  652.0         .0            .0                  .0
648.0               2.0508                1.4462                .025                   648.0         .0            .0                  .0
627.0               2.3471                1.514                 .0236                  627.0         .0            .0                  .0
605.0               2.2607                1.5387                .0224                  605.0         .0            .0                  .0
585.0               2.5529                1.6213                .0227                  585.0         .0            .0                  .0
663.0               2.0934                1.4361                .0237                  663.0         .0            .0                  .0
610.0               2.3895                1.5587                .0216                  610.0         .0            .0                  .0
609.0               2.118                 1.5543                .0225                  609.0         .0            .0                  .0
603.0               2.3146                1.5638                .0223                  603.0         .0            .0                  .0
625.0               2.3227                1.5153                .0222                  625.0         .0            .0                  .0
641.0               2.2414                1.4881                .0219                  641.0         .0            .0                  .0
609.0               2.3131                1.5524                .0284                  609.0         .0            .0                  .0
649.0               2.1262                1.4523                .0214                  649.0         .0            .0                  .0
634.0               2.0425                1.4901                .0221                  634.0         .0            .0                  .0
594.0               2.4824                1.5898                .0231                  594.0         .0            .0                  .0
647.0               2.2577                1.4681                .0269                  647.0         .0            .0                  .0
649.0               2.1464                1.4672                .025                   648.0         .0            .0                  .0
611.0               2.2729                1.5414                .0227                  612.0         .0            .0                  .0
619.0               2.2016                1.5379                .0226                  619.0         .0            .0                  .0
601.0               2.4692                1.5846                .0211                  601.0         .0            .0                  .0
591.0               2.3277                1.6034                .0276                  591.0         .0            .0                  .0
641.0               2.1994                1.4828                .0217                  641.0         .0            .0                  .0
618.0               2.1745                1.5371                .0232                  618.0         .0            .0                  .0
636.0               2.1586                1.4871                .0225                  636.0         .0            .0                  .0
636.0               2.314                 1.5007                .0223                  636.0         .0            .0                  .0
627.0               2.2834                1.5009                .0244                  627.0         .0            .0                  .0
592.0               2.2951                1.611                 .0256                  592.0         .0            .0                  .0
583.0               2.4675                1.6375                .0239                  583.0         .0            .0                  .0
621.0               2.1383                1.5275                .0254                  621.0         .0            .0                  .0
603.0               2.3195                1.246                 .3601                  603.0         .0            .0                  .0
617.0               2.3026                1.5351                .025                   617.0         .0            .0                  .0
626.0               2.2344                1.5156                .022                   626.0         .0            .0                  .0
615.0               2.1672                1.541                 .0227                  615.0         .0            .0                  .0
7.0                 .0                    .6428                 .0178                  6.0           .0            .0                  .0
Server 0, get requests: 0

Thread 5
Throughput          Waiting time          Service time          Time to parse          Sets          Gets          Multi-gets          Misses
421.0               2.3507                1.5476                .1122                  422.0         .0            .0                  .0
676.0               2.1876                1.3421                .035                   676.0         .0            .0                  .0
620.0               2.2367                1.5282                .0223                  620.0         .0            .0                  .0
662.0               2.1523                1.4343                .0243                  662.0         .0            .0                  .0
587.0               2.3027                1.6112                .0261                  587.0         .0            .0                  .0
669.0               2.1627                1.4072                .0239                  669.0         .0            .0                  .0
650.0               2.2028                1.4431                .0293                  650.0         .0            .0                  .0
621.0               2.3039                1.5081                .0256                  621.0         .0            .0                  .0
654.0               2.2656                1.4511                .0274                  654.0         .0            .0                  .0
611.0               2.335                 1.5551                .0258                  611.0         .0            .0                  .0
631.0               2.2753                1.4963                .0331                  631.0         .0            .0                  .0
630.0               2.4453                1.5056                .0302                  630.0         .0            .0                  .0
630.0               2.3756                1.5121                .0236                  630.0         .0            .0                  .0
615.0               2.2776                1.5326                .0259                  615.0         .0            .0                  .0
664.0               2.1609                1.4226                .0261                  664.0         .0            .0                  .0
608.0               2.2414                1.5492                .0242                  608.0         .0            .0                  .0
602.0               2.3798                1.5666                .0249                  602.0         .0            .0                  .0
651.0               2.1212                1.4489                .0233                  651.0         .0            .0                  .0
630.0               2.273                 1.5121                .0245                  629.0         .0            .0                  .0
589.0               2.4458                1.5999                .0317                  590.0         .0            .0                  .0
648.0               2.1202                1.456                 .0232                  648.0         .0            .0                  .0
613.0               2.2638                1.5486                .025                   613.0         .0            .0                  .0
643.0               2.1863                1.4704                .0221                  643.0         .0            .0                  .0
618.0               2.2989                1.5241                .0243                  618.0         .0            .0                  .0
630.0               2.2092                1.5053                .024                   630.0         .0            .0                  .0
676.0               2.0384                1.3817                .0238                  676.0         .0            .0                  .0
630.0               2.2662                1.5015                .025                   630.0         .0            .0                  .0
669.0               2.1045                1.4066                .022                   669.0         .0            .0                  .0
675.0               2.105                 1.3869                .0224                  675.0         .0            .0                  .0
623.0               2.3253                1.5249                .0216                  623.0         .0            .0                  .0
625.0               2.254                 1.5054                .0224                  625.0         .0            .0                  .0
595.0               2.4346                1.5795                .0248                  595.0         .0            .0                  .0
663.0               2.1837                1.4351                .0247                  663.0         .0            .0                  .0
614.0               2.322                 1.5539                .0223                  614.0         .0            .0                  .0
639.0               2.1234                1.4798                .0223                  639.0         .0            .0                  .0
615.0               2.375                 1.5278                .0223                  615.0         .0            .0                  .0
634.0               2.2819                1.4957                .0251                  634.0         .0            .0                  .0
652.0               2.2573                1.4618                .0234                  652.0         .0            .0                  .0
612.0               2.3246                1.5476                .0223                  612.0         .0            .0                  .0
639.0               2.2188                1.4656                .0292                  639.0         .0            .0                  .0
647.0               2.0741                1.4571                .0238                  647.0         .0            .0                  .0
595.0               2.4698                1.5879                .0266                  595.0         .0            .0                  .0
658.0               2.2595                1.4418                .0246                  658.0         .0            .0                  .0
646.0               2.1391                1.4741                .0212                  646.0         .0            .0                  .0
616.0               2.2447                1.5417                .0233                  616.0         .0            .0                  .0
649.0               2.2462                1.4601                .0224                  649.0         .0            .0                  .0
607.0               2.4243                1.567                 .0314                  607.0         .0            .0                  .0
630.0               2.2821                1.5081                .0216                  630.0         .0            .0                  .0
641.0               2.176                 1.4732                .0226                  641.0         .0            .0                  .0
645.0               2.1533                1.451                 .0208                  645.0         .0            .0                  .0
634.0               2.148                 1.4747                .0208                  634.0         .0            .0                  .0
625.0               2.3296                1.5283                .0209                  624.0         .0            .0                  .0
624.0               2.272                 1.5006                .0233                  625.0         .0            .0                  .0
624.0               2.2864                1.5213                .0342                  624.0         .0            .0                  .0
590.0               2.4179                1.6112                .0237                  590.0         .0            .0                  .0
639.0               2.1703                1.4813                .0219                  639.0         .0            .0                  .0
618.0               2.3053                1.5446                .0223                  618.0         .0            .0                  .0
625.0               2.2061                1.505                 .0235                  625.0         .0            .0                  .0
643.0               2.222                 1.4707                .025                   643.0         .0            .0                  .0
625.0               2.2384                1.5051                .0229                  624.0         .0            .0                  .0
6.0                 .0                    .5778                 .0192                  6.0           .0            .0                  .0
Server 0, get requests: 0

Thread 6
Throughput          Waiting time          Service time          Time to parse          Sets          Gets          Multi-gets          Misses
417.0               2.3278                1.5618                .0973                  418.0         .0            .0                  .0
668.0               2.2033                1.4003                .0253                  668.0         .0            .0                  .0
673.0               2.181                 1.4131                .0244                  673.0         .0            .0                  .0
683.0               2.1564                1.3902                .0241                  683.0         .0            .0                  .0
609.0               2.2393                1.5406                .0259                  609.0         .0            .0                  .0
674.0               2.1407                1.3942                .03                    674.0         .0            .0                  .0
654.0               2.258                 1.4406                .0248                  654.0         .0            .0                  .0
615.0               2.2808                1.5257                .0281                  615.0         .0            .0                  .0
630.0               2.2235                1.5127                .0254                  630.0         .0            .0                  .0
636.0               2.3297                1.492                 .0248                  636.0         .0            .0                  .0
647.0               2.2685                1.4556                .0251                  647.0         .0            .0                  .0
610.0               2.4697                1.5533                .0253                  610.0         .0            .0                  .0
620.0               2.3752                1.5247                .0313                  620.0         .0            .0                  .0
627.0               2.2675                1.5072                .0225                  627.0         .0            .0                  .0
653.0               2.0673                1.4455                .0222                  653.0         .0            .0                  .0
620.0               2.351                 1.5343                .0222                  620.0         .0            .0                  .0
589.0               2.3854                1.6229                .025                   588.0         .0            .0                  .0
653.0               2.1651                1.4494                .0233                  654.0         .0            .0                  .0
612.0               2.3524                1.1026                .4726                  612.0         .0            .0                  .0
580.0               2.3683                1.631                 .0269                  580.0         .0            .0                  .0
647.0               2.1836                1.4646                .0214                  647.0         .0            .0                  .0
613.0               2.3583                1.5524                .0251                  613.0         .0            .0                  .0
653.0               2.1835                1.4465                .0219                  653.0         .0            .0                  .0
614.0               2.2033                1.5235                .0236                  614.0         .0            .0                  .0
658.0               2.2204                1.445                 .0219                  657.0         .0            .0                  .0
671.0               2.0432                1.3743                .0234                  672.0         .0            .0                  .0
604.0               2.1983                1.5555                .0255                  604.0         .0            .0                  .0
653.0               2.0887                1.4348                1.2639                 653.0         .0            .0                  .0
663.0               2.0377                1.4012                .0284                  663.0         .0            .0                  .0
617.0               2.2961                1.5374                .0227                  617.0         .0            .0                  .0
626.0               2.2249                1.51                  .0248                  626.0         .0            .0                  .0
577.0               2.4723                1.6509                .0235                  577.0         .0            .0                  .0
675.0               2.1124                1.4031                .0217                  675.0         .0            .0                  .0
594.0               2.3966                1.5893                .0252                  594.0         .0            .0                  .0
617.0               2.1197                1.5359                .0224                  617.0         .0            .0                  .0
621.0               2.2797                1.5124                .0248                  621.0         .0            .0                  .0
622.0               2.3034                1.5268                .0231                  622.0         .0            .0                  .0
632.0               2.1946                1.5095                .0246                  632.0         .0            .0                  .0
609.0               2.4049                1.5475                .0221                  609.0         .0            .0                  .0
662.0               2.1252                1.4267                .0242                  662.0         .0            .0                  .0
636.0               2.0942                1.4884                .0222                  636.0         .0            .0                  .0
590.0               2.4755                1.6126                .022                   590.0         .0            .0                  .0
661.0               2.2085                1.4325                .0231                  661.0         .0            .0                  .0
666.0               2.1574                1.4306                .021                   666.0         .0            .0                  .0
617.0               2.2362                1.5255                .0222                  617.0         .0            .0                  .0
628.0               2.1447                1.5084                .0236                  628.0         .0            .0                  .0
614.0               2.335                 1.5456                .022                   614.0         .0            .0                  .0
604.0               2.3273                1.5896                .0216                  604.0         .0            .0                  .0
635.0               2.1289                1.4915                .0212                  635.0         .0            .0                  .0
632.0               2.1232                1.495                 .0245                  632.0         .0            .0                  .0
639.0               2.1531                1.4716                .0225                  639.0         .0            .0                  .0
639.0               2.3188                1.49                  .0231                  639.0         .0            .0                  .0
631.0               2.2484                1.4922                .0225                  631.0         .0            .0                  .0
637.0               2.3009                1.4815                .0282                  637.0         .0            .0                  .0
607.0               2.4556                1.5683                .0227                  607.0         .0            .0                  .0
659.0               2.0894                1.4351                .0211                  659.0         .0            .0                  .0
637.0               2.3511                1.4923                .0246                  637.0         .0            .0                  .0
626.0               2.2679                1.5116                .0231                  626.0         .0            .0                  .0
616.0               2.1524                1.5426                .0234                  616.0         .0            .0                  .0
631.0               2.2108                1.4956                .0215                  630.0         .0            .0                  .0
6.0                 .0                    .5789                 .0198                  6.0           .0            .0                  .0
Server 0, get requests: 0

Thread 7
Throughput          Waiting time          Service time          Time to parse          Sets          Gets          Multi-gets          Misses
416.0               2.3285                1.6224                .0736                  417.0         .0            .0                  .0
481.0               2.083                 1.9563                .0267                  481.0         .0            .0                  .0
679.0               2.2176                1.3849                .0312                  679.0         .0            .0                  .0
683.0               2.1447                1.3901                .0242                  683.0         .0            .0                  .0
619.0               2.3629                1.5247                .0246                  619.0         .0            .0                  .0
686.0               2.1601                1.3773                .027                   686.0         .0            .0                  .0
656.0               2.2374                1.4449                .0234                  656.0         .0            .0                  .0
630.0               2.3027                1.4819                .0269                  630.0         .0            .0                  .0
628.0               2.221                 1.5152                .0262                  628.0         .0            .0                  .0
625.0               2.3307                1.5208                .0252                  625.0         .0            .0                  .0
637.0               2.3401                1.4826                .0243                  637.0         .0            .0                  .0
634.0               2.5591                1.5017                .0234                  634.0         .0            .0                  .0
631.0               2.3275                1.5065                .0238                  631.0         .0            .0                  .0
629.0               2.2937                1.5003                .0254                  629.0         .0            .0                  .0
667.0               2.0868                1.41                  .0324                  667.0         .0            .0                  .0
631.0               2.2437                1.4893                .022                   631.0         .0            .0                  .0
594.0               2.3513                1.607                 .0237                  594.0         .0            .0                  .0
654.0               2.174                 1.452                 .0228                  654.0         .0            .0                  .0
608.0               2.2545                1.5671                .0223                  608.0         .0            .0                  .0
578.0               2.3782                1.6363                .0231                  578.0         .0            .0                  .0
654.0               2.1542                1.4542                .0206                  654.0         .0            .0                  .0
629.0               2.3635                1.5103                .0233                  629.0         .0            .0                  .0
651.0               2.2163                1.4566                .0224                  651.0         .0            .0                  .0
635.0               2.3496                1.4838                .0225                  634.0         .0            .0                  .0
635.0               2.2704                1.4961                .0242                  636.0         .0            .0                  .0
679.0               2.0691                1.3719                .0216                  679.0         .0            .0                  .0
596.0               2.2315                1.6004                .0215                  595.0         .0            .0                  .0
652.0               2.1455                1.4369                .0215                  653.0         .0            .0                  .0
665.0               2.0511                1.4187                .0223                  665.0         .0            .0                  .0
625.0               2.2923                1.5184                .0231                  625.0         .0            .0                  .0
633.0               2.2098                1.4866                .0239                  633.0         .0            .0                  .0
596.0               2.4372                1.5825                .0248                  596.0         .0            .0                  .0
676.0               2.1004                1.4117                .0211                  676.0         .0            .0                  .0
591.0               2.4189                1.6094                .0228                  591.0         .0            .0                  .0
627.0               2.0924                1.5011                .025                   627.0         .0            .0                  .0
616.0               2.3209                1.5211                .0254                  616.0         .0            .0                  .0
629.0               2.2905                1.5056                .0257                  629.0         .0            .0                  .0
660.0               2.2269                1.4519                .0218                  660.0         .0            .0                  .0
629.0               2.3286                1.5018                .0225                  629.0         .0            .0                  .0
659.0               2.1636                1.4256                .0226                  659.0         .0            .0                  .0
652.0               2.1026                1.4537                .0204                  652.0         .0            .0                  .0
594.0               2.4084                1.596                 .0218                  594.0         .0            .0                  .0
652.0               2.2389                1.455                 .0203                  652.0         .0            .0                  .0
662.0               2.175                 1.4387                .0232                  662.0         .0            .0                  .0
621.0               2.291                 1.5154                .0219                  621.0         .0            .0                  .0
651.0               2.1994                1.4551                .021                   651.0         .0            .0                  .0
621.0               2.3553                1.5408                .0215                  621.0         .0            .0                  .0
623.0               2.3157                1.5289                .0218                  623.0         .0            .0                  .0
629.0               2.1381                1.5044                .0225                  629.0         .0            .0                  .0
649.0               2.2231                1.4564                .0244                  649.0         .0            .0                  .0
638.0               2.1784                1.4683                .0207                  638.0         .0            .0                  .0
643.0               2.2671                1.4831                .0213                  643.0         .0            .0                  .0
643.0               2.2842                1.4574                .0206                  643.0         .0            .0                  .0
642.0               2.3142                1.4874                .0205                  642.0         .0            .0                  .0
616.0               2.4846                1.5461                .0224                  616.0         .0            .0                  .0
662.0               2.1433                1.4289                .02                    662.0         .0            .0                  .0
624.0               2.3408                1.5237                .025                   624.0         .0            .0                  .0
628.0               2.2607                1.5111                .0199                  628.0         .0            .0                  .0
632.0               2.169                 1.5062                .023                   632.0         .0            .0                  .0
653.0               2.2037                1.4431                .0223                  652.0         .0            .0                  .0
10.0                .0                    .6322                 .0173                  10.0          .0            .0                  .0
Server 0, get requests: 0

Aggregated Statistics for a 1 seconds window of the entire middleware: 
Throughput          QueueLength          Waiting time          Service time          Time to parse          Sets          Gets          Multi-gets          Misses
3147.0              .0                   2.25                  1.6616                .1146                  3152.0        .0            .0                  .0
4661.0              .0                   2.1218                1.5998                .0326                  4664.0        .0            .0                  .0
5146.0              14.0                 2.1448                1.4752                .0257                  5146.0        .0            .0                  .0
5325.0              16.0                 2.1334                1.4246                .0245                  5325.0        .0            .0                  .0
4816.0              15.0                 2.2675                1.5655                .0275                  4816.0        .0            .0                  .0
5274.0              13.0                 2.1461                1.4291                .0282                  5274.0        .0            .0                  .0
5114.0              13.0                 2.2235                1.4744                -.0418                 5113.0        .0            .0                  .0
4850.0              10.0                 2.2945                1.5447                .0268                  4851.0        .0            .0                  .0
4996.0              16.0                 2.237                 1.5225                .0261                  4996.0        .0            .0                  .0
4938.0              11.0                 2.3356                1.5385                .0257                  4938.0        .0            .0                  .0
5043.0              9.0                  2.2838                1.5011                .0261                  5043.0        .0            .0                  .0
4609.0              9.0                  2.4933                1.6904                .0268                  4609.0        .0            .0                  .0
4965.0              9.0                  2.3469                1.5287                .0265                  4965.0        .0            .0                  .0
4931.0              9.0                  2.2547                1.5342                .0255                  4931.0        .0            .0                  .0
5166.0              16.0                 2.0928                1.4649                .0254                  5166.0        .0            .0                  .0
4845.0              7.0                  2.2642                1.5582                .0234                  4845.0        .0            .0                  .0
4757.0              12.0                 2.392                 1.5998                .0252                  4756.0        .0            .0                  .0
5212.0              10.0                 2.1221                1.4529                .0243                  5213.0        .0            .0                  .0
4887.0              16.0                 2.2921                1.435                 .1481                  4886.0        .0            .0                  .0
4651.0              14.0                 2.4147                1.559                 .0946                  4652.0        .0            .0                  .0
5127.0              10.0                 2.1513                1.4725                .0245                  5127.0        .0            .0                  .0
4946.0              16.0                 2.3137                1.5367                .1531                  4945.0        .0            .0                  .0
5124.0              11.0                 2.1954                1.4734                .0247                  5125.0        .0            .0                  .0
4934.0              11.0                 2.2972                1.4266                .1254                  4931.0        .0            .0                  .0
5053.0              7.0                  2.2237                1.5053                .0246                  5055.0        .0            .0                  .0
5342.0              5.0                  2.0504                1.3974                .023                   5343.0        .0            .0                  .0
4944.0              16.0                 2.223                 1.5266                -.0802                 4940.0        .0            .0                  .0
5199.0              .0                   2.1171                1.4458                .1798                  5203.0        .0            .0                  .0
5277.0              13.0                 2.0564                1.4194                .0241                  5277.0        .0            .0                  .0
4932.0              16.0                 2.2905                1.5384                .023                   4932.0        .0            .0                  .0
4943.0              16.0                 2.2241                1.5206                .0236                  4943.0        .0            .0                  .0
4660.0              13.0                 2.4454                1.6242                .0241                  4660.0        .0            .0                  .0
5298.0              14.0                 2.1096                1.4359                .0236                  5298.0        .0            .0                  .0
4771.0              16.0                 2.3682                1.5889                .024                   4771.0        .0            .0                  .0
4989.0              16.0                 2.0984                1.5156                .0239                  4989.0        .0            .0                  .0
4886.0              16.0                 2.3115                1.5379                .024                   4886.0        .0            .0                  .0
4981.0              11.0                 2.2928                1.5231                .0236                  4981.0        .0            .0                  .0
5095.0              16.0                 2.1986                1.4982                .0231                  5095.0        .0            .0                  .0
4848.0              10.0                 2.3184                1.5573                .0255                  4848.0        .0            .0                  .0
5208.0              12.0                 2.1386                1.4448                .0233                  5208.0        .0            .0                  .0
5161.0              16.0                 2.0767                1.4649                .0233                  5160.0        .0            .0                  .0
4700.0              9.0                  2.4579                1.6174                .0234                  4701.0        .0            .0                  .0
5176.0              8.0                  2.2244                1.467                 .0237                  5176.0        .0            .0                  .0
5198.0              16.0                 2.1546                1.4658                .0224                  5196.0        .0            .0                  .0
4879.0              5.0                  2.2582                1.5432                .0226                  4881.0        .0            .0                  .0
5065.0              8.0                  2.1807                1.4988                .0234                  5065.0        .0            .0                  .0
4816.0              8.0                  2.3787                1.5811                .024                   4816.0        .0            .0                  .0
4832.0              13.0                 2.2948                1.5791                .0233                  4832.0        .0            .0                  .0
5056.0              8.0                  2.1529                1.4969                .0225                  5056.0        .0            .0                  .0
5044.0              10.0                 2.1452                1.4967                .0238                  5044.0        .0            .0                  .0
5064.0              7.0                  2.175                 1.4869                .022                   5064.0        .0            .0                  .0
5040.0              16.0                 2.309                 1.5136                .0226                  5038.0        .0            .0                  .0
4976.0              8.0                  2.2587                1.5102                .1041                  4977.0        .0            .0                  .0
4896.0              11.0                 2.3075                1.556                 .026                   4897.0        .0            .0                  .0
4741.0              8.0                  2.4534                1.6066                .0228                  4741.0        .0            .0                  .0
5095.0              16.0                 2.1564                1.4882                .0228                  5095.0        .0            .0                  .0
4930.0              16.0                 2.3186                1.5039                .0659                  4930.0        .0            .0                  .0
4966.0              13.0                 2.2474                1.5245                .0259                  4966.0        .0            .0                  .0
4999.0              16.0                 2.1602                1.5194                .0236                  4999.0        .0            .0                  .0
4977.0              1.0                  2.2098                1.5178                .0228                  4970.0        .0            .0                  .0
54.0                .0                   .0335                 .6383                 .0298                  53.0          .0            .0                  .0
The following results are aggregated for all threads, normalized for one second
Throughput(ops/sec):  (avg)4877.95,  (std)205.09
QueueLength: (avg)10.1,  (std)5.14
WaitingTime(msec): (avg)2.2047,  (std).1098
ServiceTime(msec): (avg)1.5021,  (std).058
ParseTime(msec): (avg).0347, (std).0384
Sets(ops/sec): 		 (avg)4877.95,  (std)205.02
Gets(ops/sec): 		 (avg).0,  (std).0
Multi-gets(ops/sec):  (avg).0,  (std).0
Misses(ops/sec):      (avg).0,  (std).0
Miss ratio: ?
Avg time between two tasks: .1183

Tot response time: average_waitingTime + average_serviceTime + average_parseTime + average_timeBetweenTwoTasks

max response time : 4.3288
min response time: .8198

.8198:   #
1.1707:   
1.5216:   
1.8725:   
2.2234:   
2.5743:   
2.9252:   
3.2761:   
3.627:   ###################
3.9779:   ####################################
4.3288:   #####
