
Thread 0
Throughput          Waiting time          Service time          Time to parse          Sets          Gets          Multi-gets          Misses
8.0                 .375                  15.2315               .1373                  8.0           .0            .0                  .0
107.0               .0841                 .7978                 .0417                  107.0         .0            .0                  .0
95.0                .0632                 4.1057                .0359                  95.0          .0            .0                  .0
58.0                .0345                 4.2719                .0365                  58.0          .0            .0                  .0
58.0                .0345                 .7827                 .0325                  58.0          .0            .0                  .0
160.0               .125                  .7634                 .0305                  160.0         .0            .0                  .0
62.0                .129                  .7901                 .0329                  62.0          .0            .0                  .0
83.0                .0241                 1.4093                .0325                  83.0          .0            .0                  .0
118.0               .1345                 .8398                 .0257                  119.0         .0            .0                  .0
75.0                .0533                 3.9768                .0459                  74.0          .0            .0                  .0
51.0                .2308                 8.5018                .0252                  52.0          .0            .0                  .0
39.0                .05                   10.394                .0262                  39.0          .0            .0                  .0
65.0                .0462                 .8417                 .0231                  64.0          .0            .0                  .0
115.0               .0957                 .9098                 .0234                  115.0         .0            .0                  .0
27.0                .1786                 6.8344                .0227                  28.0          .0            .0                  .0
133.0               .1203                 1.7782                .0254                  132.0         .0            .0                  .0
37.0                .0541                 10.9416               .0293                  37.0          .0            .0                  .0
37.0                .0526                 1.0161                .0271                  38.0          .0            .0                  .0
22.0                .1364                 52.95                 .022                   21.0          .0            .0                  .0
15.0                .0667                 21.1504               .0371                  15.0          .0            .0                  .0
87.0                .0805                 .8484                 .0235                  87.0          .0            .0                  .0
30.0                .0333                 9.5947                .0387                  30.0          .0            .0                  .0
86.0                .0465                 3.1025                .0226                  86.0          .0            .0                  .0
90.0                .1111                 5.7345                .0235                  90.0          .0            .0                  .0
60.0                .05                   .9277                 .0251                  60.0          .0            .0                  .0
37.0                .1053                 11.4356               .0224                  38.0          .0            .0                  .0
51.0                .0                    9.4821                .0214                  51.0          .0            .0                  .0
151.0               .0464                 1.1604                .0264                  150.0         .0            .0                  .0
24.0                .125                  .7963                 .0212                  24.0          .0            .0                  .0
51.0                .098                  11.6786               .027                   51.0          .0            .0                  .0
30.0                .0667                 8.5829                .0212                  30.0          .0            .0                  .0
124.0               .0726                 .8308                 .0228                  124.0         .0            .0                  .0
16.0                .0625                 1.1323                .0243                  16.0          .0            .0                  .0
113.0               .1062                 .9637                 .0256                  113.0         .0            .0                  .0
37.0                .027                  10.2621               .0355                  37.0          .0            .0                  .0
128.0               .0703                 .748                  .026                   128.0         .0            .0                  .0
36.0                .0833                 2.3872                .0285                  36.0          .0            .0                  .0
160.0               .0813                 .7542                 .0266                  160.0         .0            .0                  .0
196.0               .051                  .7898                 .0257                  196.0         .0            .0                  .0
194.0               .0722                 .9068                 .0263                  194.0         .0            .0                  .0
186.0               .1016                 .8971                 .0243                  187.0         .0            .0                  .0
197.0               .0355                 .931                  .0237                  196.0         .0            .0                  .0
184.0               .0652                 .8597                 .0236                  184.0         .0            .0                  .0
196.0               .0408                 .7344                 .0266                  196.0         .0            .0                  .0
192.0               .0885                 .829                  .0242                  192.0         .0            .0                  .0
184.0               .0978                 .8767                 .0292                  184.0         .0            .0                  .0
206.0               .058                  .7895                 .0239                  207.0         .0            .0                  .0
218.0               .0642                 .7431                 .0257                  217.0         .0            .0                  .0
183.0               .0984                 .8571                 .0238                  183.0         .0            .0                  .0
183.0               .0601                 .8556                 .0241                  183.0         .0            .0                  .0
201.0               .0746                 .8074                 .0234                  201.0         .0            .0                  .0
196.0               .0714                 .783                  .0236                  196.0         .0            .0                  .0
193.0               .0725                 .7363                 .0226                  193.0         .0            .0                  .0
180.0               .0833                 1.1495                .0227                  180.0         .0            .0                  .0
204.0               .0735                 .8263                 .0242                  204.0         .0            .0                  .0
195.0               .0718                 .8241                 .0318                  195.0         .0            .0                  .0
155.0               .0839                 1.9531                .0259                  155.0         .0            .0                  .0
216.0               .0694                 .6899                 .0243                  216.0         .0            .0                  .0
206.0               .0922                 .7218                 .0253                  206.0         .0            .0                  .0
188.0               .0798                 .7378                 .0221                  188.0         .0            .0                  .0
Server 0, get requests: 0

Thread 1
Throughput          Waiting time          Service time          Time to parse          Sets          Gets          Multi-gets          Misses
8.0                 .0                    1.3634                .0985                  8.0           .0            .0                  .0
87.0                .1136                 5.083                 .0481                  88.0          .0            .0                  .0
95.0                .0842                 .7703                 .0349                  94.0          .0            .0                  .0
42.0                .0714                 7.4865                .0324                  42.0          .0            .0                  .0
28.0                .0345                 10.3706               .0339                  29.0          .0            .0                  .0
140.0               .0709                 .7959                 .0322                  140.0         .0            .0                  .0
59.0                .0508                 6.1583                .0367                  58.0          .0            .0                  .0
79.0                .0875                 .7593                 .0338                  80.0          .0            .0                  .0
132.0               .0455                 3.3022                .0277                  131.0         .0            .0                  .0
72.0                .0694                 .8276                 .0239                  72.0          .0            .0                  .0
58.0                .2203                 .9721                 .0275                  59.0          .0            .0                  .0
43.0                .0465                 9.2036                .0271                  42.0          .0            .0                  .0
64.0                .0781                 .9651                 .0259                  64.0          .0            .0                  .0
85.0                .1294                 4.6863                .0243                  85.0          .0            .0                  .0
26.0                .0385                 1.5107                .0249                  26.0          .0            .0                  .0
114.0               .113                  3.8398                .0274                  115.0         .0            .0                  .0
36.0                .1111                 9.5784                .0275                  35.0          .0            .0                  .0
45.0                .0217                 7.9621                .0278                  46.0          .0            .0                  .0
25.0                .0                    14.9827               .0245                  24.0          .0            .0                  .0
15.0                .0667                 9.0405                .0225                  15.0          .0            .0                  .0
57.0                .1724                 5.5766                .0222                  58.0          .0            .0                  .0
29.0                .0                    27.3586               .0274                  28.0          .0            .0                  .0
79.0                .0253                 .9283                 .0212                  79.0          .0            .0                  .0
96.0                .0928                 .7317                 .0233                  97.0          .0            .0                  .0
28.0                .0714                 19.4478               .0264                  27.0          .0            .0                  .0
37.0                .1351                 10.5632               .0253                  37.0          .0            .0                  .0
49.0                .1                    .9189                 .0236                  50.0          .0            .0                  .0
154.0               .0903                 2.4986                .0235                  154.0         .0            .0                  .0
22.0                .0455                 1.016                 .0298                  21.0          .0            .0                  .0
59.0                .1017                 .7208                 .0254                  59.0          .0            .0                  .0
24.0                .125                  17.7796               .0242                  24.0          .0            .0                  .0
123.0               .0407                 2.8118                .0223                  123.0         .0            .0                  .0
18.0                .1053                 1.0865                .0217                  19.0          .0            .0                  .0
117.0               .094                  .9231                 .0262                  116.0         .0            .0                  .0
38.0                .0789                 1.1005                .0271                  38.0          .0            .0                  .0
98.0                .1224                 4.0682                .0244                  98.0          .0            .0                  .0
43.0                .1163                 .7932                 .0265                  43.0          .0            .0                  .0
167.0               .0659                 .8479                 .0272                  167.0         .0            .0                  .0
200.0               .065                  .852                  .0278                  200.0         .0            .0                  .0
194.0               .0515                 .8666                 .0419                  194.0         .0            .0                  .0
188.0               .0904                 .9331                 .0273                  188.0         .0            .0                  .0
177.0               .0734                 .8685                 .0289                  177.0         .0            .0                  .0
186.0               .0914                 .862                  .0237                  186.0         .0            .0                  .0
198.0               .0354                 .7405                 .0268                  198.0         .0            .0                  .0
194.0               .0825                 .7949                 .0262                  194.0         .0            .0                  .0
187.0               .0426                 .8434                 .025                   188.0         .0            .0                  .0
200.0               .095                  .7757                 .0249                  199.0         .0            .0                  .0
199.0               .0553                 .7508                 .024                   199.0         .0            .0                  .0
177.0               .0899                 .7845                 .0228                  178.0         .0            .0                  .0
192.0               .1302                 .851                  .0245                  191.0         .0            .0                  .0
192.0               .1042                 .7776                 .0219                  192.0         .0            .0                  .0
203.0               .0394                 .7493                 .0225                  203.0         .0            .0                  .0
189.0               .0847                 .8645                 .0267                  189.0         .0            .0                  .0
183.0               .0437                 .8544                 .0258                  183.0         .0            .0                  .0
200.0               .07                   .8051                 .0255                  200.0         .0            .0                  .0
200.0               .05                   .7782                 .0261                  200.0         .0            .0                  .0
150.0               .1133                 2.2489                .0252                  150.0         .0            .0                  .0
208.0               .0574                 .7169                 .0244                  209.0         .0            .0                  .0
210.0               .0714                 .7463                 .0233                  209.0         .0            .0                  .0
193.0               .0777                 .7337                 .0251                  193.0         .0            .0                  .0
1.0                 .0                    1.3973                .0215                  1.0           .0            .0                  .0
Server 0, get requests: 0

Thread 2
Throughput          Waiting time          Service time          Time to parse          Sets          Gets          Multi-gets          Misses
7.0                 .25                   64.5008               .0898                  8.0           .0            .0                  .0
109.0               .0367                 1.4943                .043                   108.0         .0            .0                  .0
97.0                .0928                 .7825                 .0343                  97.0          .0            .0                  .0
53.0                .0755                 1.112                 .0301                  53.0          .0            .0                  .0
58.0                .0169                 .8588                 .0281                  59.0          .0            .0                  .0
131.0               .0682                 .785                  .0299                  131.0         .0            .0                  .0
57.0                .1404                 7.5857                .0274                  56.0          .0            .0                  .0
32.0                .0                    10.5142               .0295                  33.0          .0            .0                  .0
117.0               .0593                 4.4114                .024                   117.0         .0            .0                  .0
67.0                .1194                 12.2445               .0265                  66.0          .0            .0                  .0
59.0                .0508                 .7029                 .0238                  59.0          .0            .0                  .0
42.0                .093                  .8638                 .0229                  43.0          .0            .0                  .0
60.0                .0333                 7.7822                .0229                  59.0          .0            .0                  .0
107.0               .0748                 1.4615                .0284                  107.0         .0            .0                  .0
16.0                .0625                 32.2145               .026                   16.0          .0            .0                  .0
124.0               .056                  .897                  .022                   125.0         .0            .0                  .0
35.0                .1714                 18.8991               .0283                  34.0          .0            .0                  .0
47.0                .0851                 .8346                 .0223                  47.0          .0            .0                  .0
24.0                .0417                 .7883                 .0227                  24.0          .0            .0                  .0
18.0                .0                    .6665                 .031                   18.0          .0            .0                  .0
79.0                .1139                 4.762                 .0241                  79.0          .0            .0                  .0
31.0                .0323                 8.1494                .0249                  31.0          .0            .0                  .0
80.0                .1125                 .8668                 .0258                  80.0          .0            .0                  .0
95.0                .0842                 .9025                 .0266                  95.0          .0            .0                  .0
61.0                .1129                 .7714                 .0244                  62.0          .0            .0                  .0
45.0                .0667                 2.1341                .0228                  44.0          .0            .0                  .0
49.0                .0612                 12.3441               .0251                  49.0          .0            .0                  .0
149.0               .1074                 2.006                 .027                   149.0         .0            .0                  .0
29.0                .1034                 .6914                 .0213                  29.0          .0            .0                  .0
39.0                .1                    .6391                 .023                   40.0          .0            .0                  .0
26.0                .1154                 32.2251               .0341                  25.0          .0            .0                  .0
126.0               .0714                 .8534                 .0225                  126.0         .0            .0                  .0
19.0                .0526                 4.4055                .0254                  19.0          .0            .0                  .0
78.0                .0513                 5.951                 .0223                  78.0          .0            .0                  .0
38.0                .0                    2.1017                .023                   38.0          .0            .0                  .0
123.0               .0732                 .6979                 .0227                  123.0         .0            .0                  .0
38.0                .0789                 2.2746                .0251                  38.0          .0            .0                  .0
159.0               .025                  .7557                 .0229                  160.0         .0            .0                  .0
192.0               .0833                 .8481                 .0261                  191.0         .0            .0                  .0
187.0               .107                  .8323                 .0247                  187.0         .0            .0                  .0
189.0               .0952                 .9452                 .0311                  189.0         .0            .0                  .0
192.0               .0833                 .8583                 .0244                  192.0         .0            .0                  .0
183.0               .1038                 .8708                 .0248                  183.0         .0            .0                  .0
197.0               .0406                 .7843                 .0253                  197.0         .0            .0                  .0
193.0               .0928                 .7444                 .028                   194.0         .0            .0                  .0
187.0               .0909                 .8811                 .026                   186.0         .0            .0                  .0
192.0               .0829                 .8206                 .0239                  193.0         .0            .0                  .0
196.0               .0812                 .801                  .0258                  196.0         .0            .0                  .0
185.0               .0432                 .8186                 .0256                  184.0         .0            .0                  .0
193.0               .114                  .777                  .0265                  193.0         .0            .0                  .0
207.0               .0385                 .7277                 .0229                  208.0         .0            .0                  .0
195.0               .0615                 .8005                 .0257                  194.0         .0            .0                  .0
193.0               .1031                 .852                  .0263                  194.0         .0            .0                  .0
176.0               .0511                 .7953                 .0249                  175.0         .0            .0                  .0
199.0               .0955                 .8621                 .0237                  199.0         .0            .0                  .0
205.0               .0537                 .7546                 .0278                  205.0         .0            .0                  .0
162.0               .0802                 .8071                 .0266                  162.0         .0            .0                  .0
202.0               .0739                 .6468                 .0279                  203.0         .0            .0                  .0
196.0               .0714                 .7478                 .0246                  195.0         .0            .0                  .0
188.0               .0532                 .7866                 .0246                  188.0         .0            .0                  .0
1.0                 .0                    .4666                 .0266                  1.0           .0            .0                  .0
Server 0, get requests: 0

Thread 3
Throughput          Waiting time          Service time          Time to parse          Sets          Gets          Multi-gets          Misses
8.0                 .0                    .7358                 .0786                  8.0           .0            .0                  .0
97.0                .0825                 .9953                 .0449                  97.0          .0            .0                  .0
91.0                .0989                 .7926                 .0347                  91.0          .0            .0                  .0
56.0                .0536                 .8942                 .0313                  56.0          .0            .0                  .0
64.0                .0                    .8314                 .0297                  64.0          .0            .0                  .0
168.0               .0417                 .8674                 .035                   168.0         .0            .0                  .0
59.0                .0847                 .8027                 .0339                  59.0          .0            .0                  .0
87.0                .092                  1.1274                .0353                  87.0          .0            .0                  .0
128.0               .0703                 1.1212                .0267                  128.0         .0            .0                  .0
74.0                .0946                 4.2035                .0268                  74.0          .0            .0                  .0
62.0                .0806                 1.0668                .0247                  62.0          .0            .0                  .0
51.0                .1154                 3.5721                .0265                  52.0          .0            .0                  .0
61.0                .1311                 2.6476                .0264                  60.0          .0            .0                  .0
120.0               .0992                 1.3731                .0256                  121.0         .0            .0                  .0
28.0                .1071                 14.7433               .0306                  27.0          .0            .0                  .0
135.0               .1407                 1.078                 .0247                  135.0         .0            .0                  .0
54.0                .1481                 7.0949                .0264                  54.0          .0            .0                  .0
48.0                .1042                 .7807                 .0237                  48.0          .0            .0                  .0
26.0                .0385                 .6653                 .0234                  26.0          .0            .0                  .0
17.0                .1667                 19.541                .0233                  18.0          .0            .0                  .0
97.0                .0825                 2.7362                .028                   96.0          .0            .0                  .0
32.0                .0312                 1.3645                .0273                  32.0          .0            .0                  .0
89.0                .1124                 1.2302                .0282                  89.0          .0            .0                  .0
104.0               .0865                 1.3342                .0268                  104.0         .0            .0                  .0
55.0                .1091                 3.1116                .0275                  55.0          .0            .0                  .0
50.0                .06                   1.0007                .0238                  50.0          .0            .0                  .0
52.0                .0577                 .8412                 .0234                  52.0          .0            .0                  .0
156.0               .1154                 .7716                 .0234                  156.0         .0            .0                  .0
28.0                .1034                 16.0755               .0256                  29.0          .0            .0                  .0
63.0                .0476                 13.1545               .0225                  62.0          .0            .0                  .0
30.0                .0333                 .8221                 .0274                  30.0          .0            .0                  .0
133.0               .0677                 .9188                 .0293                  133.0         .0            .0                  .0
20.0                .05                   15.975                .0285                  20.0          .0            .0                  .0
123.0               .0565                 1.3656                .0259                  124.0         .0            .0                  .0
40.0                .05                   12.9999               .0247                  40.0          .0            .0                  .0
133.0               .1128                 .7975                 .0246                  132.0         .0            .0                  .0
43.0                .0909                 5.6579                .0283                  44.0          .0            .0                  .0
169.0               .0237                 4.1075                .0235                  168.0         .0            .0                  .0
205.0               .0488                 .8816                 .0262                  205.0         .0            .0                  .0
194.0               .0722                 .9093                 .0245                  194.0         .0            .0                  .0
202.0               .0594                 .8886                 .0279                  202.0         .0            .0                  .0
198.0               .0606                 .9483                 .0223                  198.0         .0            .0                  .0
209.0               .0957                 .8543                 .0251                  209.0         .0            .0                  .0
218.0               .0413                 .8181                 .0253                  218.0         .0            .0                  .0
208.0               .0526                 .8017                 .0268                  209.0         .0            .0                  .0
193.0               .1088                 .8984                 .0265                  192.0         .0            .0                  .0
204.0               .0588                 .799                  .024                   204.0         .0            .0                  .0
216.0               .0602                 .7742                 .0223                  216.0         .0            .0                  .0
191.0               .1042                 .8619                 .0265                  192.0         .0            .0                  .0
210.0               .109                  .8483                 .0237                  210.0         .0            .0                  .0
216.0               .0417                 .7872                 .0237                  215.0         .0            .0                  .0
200.0               .06                   .8034                 .0226                  200.0         .0            .0                  .0
215.0               .0787                 .9115                 .0242                  216.0         .0            .0                  .0
199.0               .0503                 .8114                 .0243                  198.0         .0            .0                  .0
193.0               .0466                 .9288                 .0219                  193.0         .0            .0                  .0
211.0               .1043                 .7792                 .0243                  211.0         .0            .0                  .0
168.0               .0476                 .8535                 .0306                  168.0         .0            .0                  .0
210.0               .081                  .6925                 .0227                  210.0         .0            .0                  .0
217.0               .0645                 .8377                 .0229                  217.0         .0            .0                  .0
202.0               .1089                 .7765                 .0417                  202.0         .0            .0                  .0
2.0                 .0                    5.2909                .0288                  2.0           .0            .0                  .0
Server 0, get requests: 0

Thread 4
Throughput          Waiting time          Service time          Time to parse          Sets          Gets          Multi-gets          Misses
7.0                 .125                  1.073                 .0624                  8.0           .0            .0                  .0
95.0                .0737                 2.2231                .044                   94.0          .0            .0                  .0
95.0                .0421                 1.3861                .034                   95.0          .0            .0                  .0
58.0                .1207                 .9477                 .0336                  58.0          .0            .0                  .0
54.0                .0185                 5.61                  .0277                  54.0          .0            .0                  .0
148.0               .1141                 .7708                 .0302                  149.0         .0            .0                  .0
50.0                .08                   15.1338               .0285                  49.0          .0            .0                  .0
67.0                .1045                 5.5577                .0265                  67.0          .0            .0                  .0
112.0               .0885                 1.6506                .0249                  113.0         .0            .0                  .0
50.0                .1                    7.0147                .0215                  49.0          .0            .0                  .0
56.0                .0536                 1.8869                .0236                  56.0          .0            .0                  .0
44.0                .0909                 3.762                 .0237                  44.0          .0            .0                  .0
35.0                .0833                 12.0619               .0239                  36.0          .0            .0                  .0
112.0               .1429                 3.7394                .0244                  111.0         .0            .0                  .0
26.0                .1154                 .8555                 .0252                  26.0          .0            .0                  .0
136.0               .0588                 1.2174                .0222                  136.0         .0            .0                  .0
47.0                .1042                 1.8711                .0261                  48.0          .0            .0                  .0
17.0                .4118                 39.4217               .0228                  16.0          .0            .0                  .0
9.0                 .0                    20.8572               .0244                  9.0           .0            .0                  .0
17.0                .1765                 17.8828               .0241                  17.0          .0            .0                  .0
82.0                .0854                 .8537                 .0229                  82.0          .0            .0                  .0
29.0                .0345                 14.7514               .0242                  29.0          .0            .0                  .0
36.0                .027                  13.4745               .0237                  37.0          .0            .0                  .0
75.0                .0526                 7.9567                .0247                  75.0          .0            .0                  .0
60.0                .0667                 7.2954                .0232                  59.0          .0            .0                  .0
46.0                .1702                 6.1194                .0252                  47.0          .0            .0                  .0
26.0                .0769                 12.9715               .022                   25.0          .0            .0                  .0
154.0               .1688                 1.9026                .0292                  154.0         .0            .0                  .0
24.0                .0417                 .7161                 .0277                  24.0          .0            .0                  .0
58.0                .0517                 .6527                 .0266                  58.0          .0            .0                  .0
27.0                .1852                 .8016                 .0243                  27.0          .0            .0                  .0
124.0               .0726                 .8265                 .0279                  124.0         .0            .0                  .0
17.0                .1176                 11.9378               .0218                  17.0          .0            .0                  .0
91.0                .1648                 4.3413                .0214                  91.0          .0            .0                  .0
38.0                .0789                 .6217                 .022                   38.0          .0            .0                  .0
117.0               .0847                 .7137                 .0207                  118.0         .0            .0                  .0
34.0                .0294                 15.9393               .0216                  33.0          .0            .0                  .0
133.0               .0752                 1.8618                .0212                  133.0         .0            .0                  .0
192.0               .0677                 .8253                 .0222                  192.0         .0            .0                  .0
198.0               .0606                 .823                  .0217                  198.0         .0            .0                  .0
195.0               .0564                 .8644                 .022                   195.0         .0            .0                  .0
189.0               .0582                 .8497                 .0214                  189.0         .0            .0                  .0
182.0               .0824                 .8173                 .0219                  182.0         .0            .0                  .0
204.0               .098                  .6799                 .0211                  204.0         .0            .0                  .0
197.0               .0914                 .6959                 .021                   197.0         .0            .0                  .0
194.0               .0979                 .8427                 .0226                  194.0         .0            .0                  .0
206.0               .068                  .7547                 .021                   206.0         .0            .0                  .0
209.0               .067                  .6877                 .0212                  209.0         .0            .0                  .0
184.0               .0978                 .8398                 .0241                  184.0         .0            .0                  .0
187.0               .0428                 .7983                 .0254                  187.0         .0            .0                  .0
205.0               .0683                 .7328                 .0238                  205.0         .0            .0                  .0
195.0               .0714                 .7461                 .0215                  196.0         .0            .0                  .0
183.0               .0874                 .791                  .0232                  182.0         .0            .0                  .0
189.0               .0895                 .8191                 .0251                  190.0         .0            .0                  .0
204.0               .0392                 .7731                 .0211                  203.0         .0            .0                  .0
214.0               .0981                 .7037                 .0211                  214.0         .0            .0                  .0
165.0               .097                  .7533                 .0263                  165.0         .0            .0                  .0
207.0               .0531                 .5976                 .0256                  207.0         .0            .0                  .0
202.0               .0842                 .7352                 .0237                  202.0         .0            .0                  .0
178.0               .0449                 .7738                 .023                   178.0         .0            .0                  .0
1.0                 .0                    .6767                 .0254                  1.0           .0            .0                  .0
Server 0, get requests: 0

Thread 5
Throughput          Waiting time          Service time          Time to parse          Sets          Gets          Multi-gets          Misses
4.0                 .0                    160.5801              .0752                  4.0           .0            .0                  .0
79.0                .075                  1.8123                .1165                  80.0          .0            .0                  .0
85.0                .1176                 4.6542                .0344                  84.0          .0            .0                  .0
59.0                .1186                 .8494                 .0324                  59.0          .0            .0                  .0
60.0                .1667                 4.1207                .0303                  60.0          .0            .0                  .0
134.0               .0821                 1.9024                .0295                  134.0         .0            .0                  .0
42.0                .0698                 14.0315               .0285                  43.0          .0            .0                  .0
81.0                .0741                 1.8819                .0299                  80.0          .0            .0                  .0
128.0               .0938                 .7617                 .0231                  128.0         .0            .0                  .0
69.0                .0286                 1.2486                .023                   70.0          .0            .0                  .0
50.0                .08                   5.6721                .0237                  49.0          .0            .0                  .0
34.0                .0294                 18.5358               .0252                  34.0          .0            .0                  .0
68.0                .1029                 .894                  .0224                  68.0          .0            .0                  .0
108.0               .0926                 1.1638                .0228                  108.0         .0            .0                  .0
28.0                .1429                 7.0763                .0253                  28.0          .0            .0                  .0
139.0               .0719                 1.4476                .0219                  139.0         .0            .0                  .0
54.0                .0926                 .8478                 .0253                  54.0          .0            .0                  .0
48.0                .1042                 .6965                 .0245                  48.0          .0            .0                  .0
25.0                .04                   21.0916               .0227                  25.0          .0            .0                  .0
12.0                .0                    .748                  .0203                  12.0          .0            .0                  .0
46.0                .0638                 14.6463               .023                   47.0          .0            .0                  .0
10.0                .0909                 19.101                .0244                  10.0          .0            .0                  .0
79.0                .0625                 1.4077                .0239                  79.0          .0            .0                  .0
92.0                .1087                 .8345                 .022                   91.0          .0            .0                  .0
39.0                .05                   14.1894               .0242                  40.0          .0            .0                  .0
44.0                .1136                 .9248                 .0227                  43.0          .0            .0                  .0
52.0                .0385                 8.3991                .024                   52.0          .0            .0                  .0
156.0               .1019                 .6695                 .022                   157.0         .0            .0                  .0
28.0                .0345                 .9082                 .0218                  28.0          .0            .0                  .0
55.0                .125                  8.9833                .021                   55.0          .0            .0                  .0
17.0                .0                    54.5997               .0252                  16.0          .0            .0                  .0
119.0               .0504                 .8636                 .0231                  119.0         .0            .0                  .0
20.0                .05                   .8703                 .0221                  20.0          .0            .0                  .0
104.0               .0577                 1.4496                .0231                  104.0         .0            .0                  .0
38.0                .1053                 .8413                 .0225                  38.0          .0            .0                  .0
99.0                .1818                 3.9665                .022                   99.0          .0            .0                  .0
39.0                .0                    .8227                 .0214                  39.0          .0            .0                  .0
170.0               .0588                 .7484                 .0218                  170.0         .0            .0                  .0
194.0               .0718                 .7923                 .0235                  195.0         .0            .0                  .0
193.0               .0829                 .8662                 .0241                  192.0         .0            .0                  .0
185.0               .0699                 .9226                 .0221                  186.0         .0            .0                  .0
184.0               .0595                 .9207                 .0244                  184.0         .0            .0                  .0
185.0               .0757                 .7872                 .0229                  184.0         .0            .0                  .0
204.0               .1029                 .751                  .0286                  204.0         .0            .0                  .0
199.0               .075                  .7755                 .0228                  200.0         .0            .0                  .0
189.0               .0423                 .8755                 .0217                  188.0         .0            .0                  .0
205.0               .078                  .7922                 .0222                  205.0         .0            .0                  .0
199.0               .0955                 .7801                 .0221                  199.0         .0            .0                  .0
184.0               .0435                 .9241                 .0232                  184.0         .0            .0                  .0
206.0               .1117                 .8101                 .0254                  206.0         .0            .0                  .0
191.0               .0729                 .7451                 .024                   192.0         .0            .0                  .0
201.0               .0348                 .8498                 .0251                  200.0         .0            .0                  .0
191.0               .1099                 .8165                 .0219                  191.0         .0            .0                  .0
184.0               .0595                 .8542                 .0269                  185.0         .0            .0                  .0
193.0               .1036                 .7977                 .0235                  192.0         .0            .0                  .0
192.0               .0625                 .8288                 .0217                  192.0         .0            .0                  .0
170.0               .0819                 .7181                 .0227                  171.0         .0            .0                  .0
201.0               .0697                 .6349                 .022                   200.0         .0            .0                  .0
203.0               .0936                 .7057                 .0237                  203.0         .0            .0                  .0
190.0               .0842                 .7531                 .0221                  190.0         .0            .0                  .0
1.0                 .0                    .8636                 .0177                  1.0           .0            .0                  .0
Server 0, get requests: 0

Thread 6
Throughput          Waiting time          Service time          Time to parse          Sets          Gets          Multi-gets          Misses
81.0                .0864                 8.6498                .0542                  80.0          .0            .0                  .0
97.0                .0714                 .8198                 .0359                  98.0          .0            .0                  .0
43.0                .1163                 10.35                 .0325                  42.0          .0            .0                  .0
51.0                .0769                 5.0797                .0279                  52.0          .0            .0                  .0
107.0               .1028                 3.7928                .0323                  106.0         .0            .0                  .0
58.0                .069                  .7864                 .0395                  58.0          .0            .0                  .0
80.0                .0247                 .9839                 .0325                  81.0          .0            .0                  .0
127.0               .063                  3.3909                .026                   126.0         .0            .0                  .0
75.0                .0789                 .7994                 .0245                  76.0          .0            .0                  .0
44.0                .1364                 6.6585                .023                   43.0          .0            .0                  .0
44.0                .0909                 2.0729                .0238                  44.0          .0            .0                  .0
51.0                .1176                 11.1013               .0248                  51.0          .0            .0                  .0
114.0               .0789                 1.3803                .0228                  114.0         .0            .0                  .0
8.0                 .4444                 77.6298               .0244                  9.0           .0            .0                  .0
132.0               .0227                 .981                  .0231                  131.0         .0            .0                  .0
50.0                .0784                 .7371                 .024                   51.0          .0            .0                  .0
33.0                .0606                 6.1289                .023                   32.0          .0            .0                  .0
26.0                .1154                 .8231                 .0217                  26.0          .0            .0                  .0
24.0                .1667                 5.8167                .0237                  24.0          .0            .0                  .0
89.0                .1778                 .8025                 .0252                  90.0          .0            .0                  .0
24.0                .08                   16.6608               .0226                  24.0          .0            .0                  .0
53.0                .1509                 8.8319                .0237                  52.0          .0            .0                  .0
60.0                .1                    8.8915                .0246                  60.0          .0            .0                  .0
56.0                .1607                 1.0663                .0254                  56.0          .0            .0                  .0
41.0                .0732                 .7561                 .0236                  41.0          .0            .0                  .0
57.0                .0702                 10.1899               .0241                  57.0          .0            .0                  .0
129.0               .0853                 2.1272                .0244                  129.0         .0            .0                  .0
24.0                .0417                 .8238                 .0265                  24.0          .0            .0                  .0
74.0                .1081                 .8893                 .0245                  74.0          .0            .0                  .0
27.0                .037                  16.0361               .0253                  27.0          .0            .0                  .0
112.0               .0619                 3.6519                .0252                  113.0         .0            .0                  .0
7.0                 .0                    63.4747               .0228                  6.0           .0            .0                  .0
114.0               .1053                 .8575                 .0267                  114.0         .0            .0                  .0
15.0                .0                    39.6567               .0251                  15.0          .0            .0                  .0
124.0               .04                   .7779                 .0231                  125.0         .0            .0                  .0
39.0                .1026                 4.7074                .0267                  38.0          .0            .0                  .0
164.0               .061                  .7316                 .0222                  164.0         .0            .0                  .0
197.0               .1015                 .7504                 .0272                  197.0         .0            .0                  .0
196.0               .0663                 .8331                 .0245                  196.0         .0            .0                  .0
184.0               .0543                 .9118                 .0241                  184.0         .0            .0                  .0
192.0               .0729                 .8369                 .0243                  192.0         .0            .0                  .0
184.0               .0815                 .824                  .0251                  184.0         .0            .0                  .0
203.0               .0443                 .7194                 .0239                  203.0         .0            .0                  .0
194.0               .0515                 .7643                 .0249                  194.0         .0            .0                  .0
187.0               .1016                 .8218                 .0255                  187.0         .0            .0                  .0
191.0               .0628                 .7757                 .0262                  191.0         .0            .0                  .0
205.0               .0922                 .7619                 .0268                  206.0         .0            .0                  .0
182.0               .1044                 .8832                 .0261                  181.0         .0            .0                  .0
185.0               .0973                 .8311                 .0261                  185.0         .0            .0                  .0
189.0               .0952                 .7885                 .0284                  189.0         .0            .0                  .0
199.0               .0804                 .7798                 .0285                  199.0         .0            .0                  .0
197.0               .066                  .8414                 .024                   197.0         .0            .0                  .0
185.0               .1297                 .834                  .0258                  185.0         .0            .0                  .0
187.0               .0802                 1.1592                .0562                  187.0         .0            .0                  .0
199.0               .1005                 .8472                 .0238                  199.0         .0            .0                  .0
163.0               .0675                 .7834                 .0256                  163.0         .0            .0                  .0
206.0               .0773                 .7158                 .025                   207.0         .0            .0                  .0
207.0               .087                  .7589                 .0246                  206.0         .0            .0                  .0
186.0               .1075                 .7384                 .0232                  186.0         .0            .0                  .0
1.0                 .0                    .6171                 .0258                  1.0           .0            .0                  .0
Server 0, get requests: 0

Thread 7
Throughput          Waiting time          Service time          Time to parse          Sets          Gets          Multi-gets          Misses
7.0                 .1429                 .7837                 .146                   7.0           .0            .0                  .0
89.0                .1011                 .8917                 .0462                  89.0          .0            .0                  .0
97.0                .0722                 4.0783                .0349                  97.0          .0            .0                  .0
53.0                .1296                 4.5276                .034                   54.0          .0            .0                  .0
58.0                .069                  7.1097                .0295                  57.0          .0            .0                  .0
146.0               .0479                 .7545                 .0346                  146.0         .0            .0                  .0
59.0                .1695                 6.1575                .0305                  59.0          .0            .0                  .0
81.0                .0617                 .7309                 .0306                  81.0          .0            .0                  .0
125.0               .032                  1.6341                .0291                  125.0         .0            .0                  .0
76.0                .0909                 3.9789                .0348                  77.0          .0            .0                  .0
37.0                .0526                 13.2614               .0317                  37.0          .0            .0                  .0
43.0                .0465                 13.6575               .0248                  42.0          .0            .0                  .0
63.0                .0952                 .9766                 .0274                  63.0          .0            .0                  .0
113.0               .0973                 1.0328                .0392                  113.0         .0            .0                  .0
27.0                .1481                 5.4197                .023                   27.0          .0            .0                  .0
134.0               .0746                 .8325                 .0215                  134.0         .0            .0                  .0
38.0                .1053                 19.0046               .0231                  38.0          .0            .0                  .0
37.0                .2632                 .8274                 .0234                  38.0          .0            .0                  .0
25.0                .08                   21.8247               .03                    24.0          .0            .0                  .0
12.0                .0833                 37.3926               .0222                  12.0          .0            .0                  .0
90.0                .1                    .8378                 .0265                  90.0          .0            .0                  .0
31.0                .0323                 4.2349                .0276                  31.0          .0            .0                  .0
76.0                .0526                 4.1218                .0234                  76.0          .0            .0                  .0
84.0                .119                  3.9347                .0229                  84.0          .0            .0                  .0
56.0                .125                  2.0653                .0271                  56.0          .0            .0                  .0
38.0                .0256                 11.0343               .0267                  39.0          .0            .0                  .0
52.0                .0566                 9.5313                .0245                  52.0          .0            .0                  .0
150.0               .0795                 1.163                 .027                   150.0         .0            .0                  .0
26.0                .0769                 .973                  .0237                  25.0          .0            .0                  .0
54.0                .0727                 2.7169                .0289                  55.0          .0            .0                  .0
28.0                .2143                 18.6378               .0253                  27.0          .0            .0                  .0
125.0               .048                  .9135                 .0262                  125.0         .0            .0                  .0
17.0                .0588                 15.988                .0218                  17.0          .0            .0                  .0
123.0               .0976                 .8515                 .0264                  123.0         .0            .0                  .0
40.0                .05                   9.2458                .03                    40.0          .0            .0                  .0
124.0               .129                  1.6495                .0251                  124.0         .0            .0                  .0
41.0                .0976                 2.4374                .0258                  41.0          .0            .0                  .0
153.0               .0974                 .7612                 .0225                  154.0         .0            .0                  .0
189.0               .0635                 .7976                 .0254                  188.0         .0            .0                  .0
188.0               .0688                 .9325                 .0267                  189.0         .0            .0                  .0
185.0               .0378                 .8806                 .0232                  184.0         .0            .0                  .0
178.0               .1011                 .9474                 .0269                  178.0         .0            .0                  .0
187.0               .0909                 .8709                 .0251                  187.0         .0            .0                  .0
206.0               .0583                 .7766                 .0265                  206.0         .0            .0                  .0
200.0               .085                  .7549                 .0221                  200.0         .0            .0                  .0
187.0               .0535                 .8193                 .0233                  187.0         .0            .0                  .0
190.0               .089                  .6699                 .1396                  191.0         .0            .0                  .0
213.0               .108                  .7575                 .026                   212.0         .0            .0                  .0
177.0               .096                  .8631                 .0326                  177.0         .0            .0                  .0
203.0               .0493                 .8274                 .0243                  203.0         .0            .0                  .0
217.0               .0876                 .7808                 .0283                  217.0         .0            .0                  .0
208.0               .0766                 .8095                 .025                   209.0         .0            .0                  .0
189.0               .0899                 .8095                 .0264                  188.0         .0            .0                  .0
183.0               .082                  1.2054                .0233                  183.0         .0            .0                  .0
196.0               .0459                 .7455                 .0225                  196.0         .0            .0                  .0
196.0               .1224                 .7283                 .0265                  196.0         .0            .0                  .0
162.0               .142                  1.8241                .0263                  162.0         .0            .0                  .0
196.0               .0867                 .687                  .0288                  196.0         .0            .0                  .0
206.0               .0631                 .8043                 .0292                  206.0         .0            .0                  .0
191.0               .089                  .7193                 .0276                  191.0         .0            .0                  .0
1.0                 1.0                   .6612                 .0269                  1.0           .0            .0                  .0
Server 0, get requests: 0

Aggregated Statistics for a 1 seconds window of the entire middleware: 
Throughput          QueueLength          Waiting time          Service time          Time to parse          Sets          Gets          Multi-gets          Misses
49.0                .0                   .1116                 30.5335               .086                   52.0          .0            .0                  .0
744.0               .0                   .0816                 2.7434                .0548                  743.0         .0            .0                  .0
752.0               .0                   .0803                 2.1737                .0349                  751.0         .0            .0                  .0
422.0               .0                   .09                   3.8049                .0328                  422.0         .0            .0                  .0
431.0               .0                   .0521                 4.3454                .03                    433.0         .0            .0                  .0
1134.0              .0                   .0816                 1.304                 .0318                  1134.0        .0            .0                  .0
446.0               .0                   .0992                 6.4308                .0322                  444.0         .0            .0                  .0
590.0               .0                   .0586                 2.8706                .0313                  592.0         .0            .0                  .0
987.0               .0                   .0733                 2.139                 .0259                  987.0         .0            .0                  .0
558.0               .0                   .0794                 4.2867                .0284                  558.0         .0            .0                  .0
417.0               .0                   .1131                 4.8403                .0254                  417.0         .0            .0                  .0
340.0               .0                   .0703                 7.7577                .025                   340.0         .0            .0                  .0
467.0               .0                   .086                  4.6588                .0246                  465.0         .0            .0                  .0
874.0               .0                   .1013                 1.9684                .0264                  874.0         .0            .0                  .0
186.0               .0                   .1547                 18.2855               .0253                  187.0         .0            .0                  .0
1047.0              .0                   .0823                 1.5089                .0235                  1047.0        .0            .0                  .0
351.0               .0                   .1081                 8.6218                .0263                  351.0         .0            .0                  .0
312.0               .0                   .1379                 7.2085                .0243                  313.0         .0            .0                  .0
182.0               .0                   .0565                 16.7479               .0239                  179.0         .0            .0                  .0
130.0               .0                   .0908                 14.0298               .0255                  131.0         .0            .0                  .0
627.0               .0                   .1095                 3.883                 .0244                  629.0         .0            .0                  .0
216.0               .0                   .0418                 12.6519               .0272                  215.0         .0            .0                  .0
578.0               .0                   .0737                 4.2455                .0241                  578.0         .0            .0                  .0
696.0               .0                   .0944                 3.79                  .0243                  696.0         .0            .0                  .0
415.0               .0                   .0932                 6.1094                .0254                  415.0         .0            .0                  .0
338.0               .0                   .0937                 5.496                 .0241                  339.0         .0            .0                  .0
388.0               .0                   .0576                 8.0847                .0235                  388.0         .0            .0                  .0
1199.0              .0                   .0994                 1.5374                .0254                  1199.0        .0            .0                  .0
205.0               .0                   .0715                 2.75                  .0247                  204.0         .0            .0                  .0
453.0               .0                   .0881                 4.9294                .0249                  454.0         .0            .0                  .0
209.0               .0                   .0971                 18.6856               .0259                  206.0         .0            .0                  .0
986.0               .0                   .0607                 1.4588                .0249                  987.0         .0            .0                  .0
134.0               .0                   .0621                 14.3588               .0235                  134.0         .0            .0                  .0
863.0               .0                   .0917                 2.0879                .0247                  863.0         .0            .0                  .0
284.0               .0                   .0488                 9.6037                .0262                  284.0         .0            .0                  .0
946.0               1.0                  .1018                 1.6774                .0236                  947.0         .0            .0                  .0
313.0               .0                   .0749                 4.3774                .0255                  312.0         .0            .0                  .0
1275.0              .0                   .061                  1.321                 .0235                  1276.0        .0            .0                  .0
1565.0              .0                   .0691                 .8172                 .0255                  1564.0        .0            .0                  .0
1544.0              1.0                  .0727                 .8712                 .0268                  1544.0        .0            .0                  .0
1514.0              .0                   .0706                 .9054                 .0252                  1515.0        .0            .0                  .0
1507.0              .0                   .0681                 .8951                 .0245                  1506.0        .0            .0                  .0
1500.0              .0                   .0858                 .8433                 .024                   1499.0        .0            .0                  .0
1626.0              .0                   .0577                 .7505                 .0255                  1626.0        .0            .0                  .0
1577.0              .0                   .0774                 .7701                 .0245                  1580.0        .0            .0                  .0
1508.0              .0                   .0794                 .8574                 .025                   1506.0        .0            .0                  .0
1594.0              .0                   .0741                 .7722                 .0382                  1596.0        .0            .0                  .0
1655.0              .0                   .0779                 .757                  .0242                  1654.0        .0            .0                  .0
1463.0              .0                   .0847                 .854                  .0256                  1463.0        .0            .0                  .0
1559.0              1.0                  .0893                 .8248                 .025                   1558.0        .0            .0                  .0
1618.0              .0                   .0729                 .7684                 .0245                  1619.0        .0            .0                  .0
1597.0              .0                   .0619                 .7902                 .0243                  1597.0        .0            .0                  .0
1550.0              .0                   .0865                 .8278                 .0244                  1550.0        .0            .0                  .0
1479.0              .0                   .0736                 .9154                 .0249                  1479.0        .0            .0                  .0
1576.0              .0                   .0693                 .8622                 .0273                  1574.0        .0            .0                  .0
1612.0              .0                   .0829                 .7805                 .0254                  1612.0        .0            .0                  .0
1295.0              1.0                  .0892                 1.2427                .0262                  1296.0        .0            .0                  .0
1646.0              .0                   .0711                 .6727                 .0251                  1648.0        .0            .0                  .0
1647.0              .0                   .0784                 .7572                 .0247                  1644.0        .0            .0                  .0
1516.0              .0                   .0807                 .7524                 .0262                  1516.0        .0            .0                  .0
8.0                 .0                   .125                  1.2467                .0216                  8.0           .0            .0                  .0
The following results are aggregated for all threads, normalized for one second
Throughput(ops/sec):  (avg)896.72,  (std)538.9
QueueLength: (avg).06,  (std).24
WaitingTime(msec): (avg).0824,  (std).0192
ServiceTime(msec): (avg)4.4728,  (std)4.5468
ParseTime(msec): (avg).0274, (std).0047
Sets(ops/sec): 		 (avg)896.72,  (std)538.97
Gets(ops/sec): 		 (avg).0,  (std).0
Multi-gets(ops/sec):  (avg).0,  (std).0
Misses(ops/sec):      (avg).0,  (std).0
Miss ratio: ?
Avg time between two tasks: .0686

Tot response time: average_waitingTime + average_serviceTime + average_parseTime + average_timeBetweenTwoTasks

max response time : 30.7998
min response time: .8375

.8375:   ################################
3.8337:   ##############
6.8299:   ######
9.8262:   ##
12.8224:   ##
15.8186:   ##
18.8148:   ##
21.8111:   
24.8073:   
27.8035:   
30.7998:   #
