
Thread 0
Throughput          Waiting time          Service time          Time to parse          Sets          Gets          Multi-gets          Misses
375.0               16.5559               1.9028                .0688                  376.0         .0            .0                  .0
576.0               15.3154               1.629                 .0248                  576.0         .0            .0                  .0
750.0               13.1864               1.2483                .0258                  750.0         .0            .0                  .0
787.0               13.0685               1.2011                .021                   787.0         .0            .0                  .0
787.0               13.217                1.2                   .023                   787.0         .0            .0                  .0
760.0               13.6728               1.2418                .0221                  760.0         .0            .0                  .0
761.0               13.6588               1.2432                .0212                  761.0         .0            .0                  .0
690.0               14.8755               1.3713                .0239                  690.0         .0            .0                  .0
778.0               13.4653               1.2146                .0224                  778.0         .0            .0                  .0
822.0               12.7473               1.1378                .0269                  822.0         .0            .0                  .0
792.0               13.1463               1.1879                .022                   792.0         .0            .0                  .0
791.0               13.1086               1.1858                .0216                  791.0         .0            .0                  .0
794.0               12.8629               1.187                 .0204                  794.0         .0            .0                  .0
812.0               12.6913               1.1646                .0191                  812.0         .0            .0                  .0
865.0               11.8995               1.0885                .0203                  865.0         .0            .0                  .0
791.0               12.8939               1.192                 .0222                  791.0         .0            .0                  .0
830.0               12.355                1.1324                .0214                  830.0         .0            .0                  .0
739.0               14.0636               1.2864                .022                   738.0         .0            .0                  .0
794.0               13.1434               1.1884                .019                   795.0         .0            .0                  .0
795.0               13.2023               1.1907                .0201                  795.0         .0            .0                  .0
781.0               12.9207               1.2137                .0196                  781.0         .0            .0                  .0
787.0               13.1612               1.1964                .0244                  787.0         .0            .0                  .0
843.0               12.032                1.1094                .0204                  843.0         .0            .0                  .0
792.0               13.1211               1.1902                .0189                  792.0         .0            .0                  .0
805.0               12.7233               1.1706                .0204                  805.0         .0            .0                  .0
795.0               13.1093               1.1821                .0205                  795.0         .0            .0                  .0
792.0               13.174                1.1905                .0223                  792.0         .0            .0                  .0
794.0               12.6881               1.1796                .0205                  794.0         .0            .0                  .0
828.0               12.5356               1.1411                .0194                  828.0         .0            .0                  .0
773.0               13.1925               1.2191                .0201                  773.0         .0            .0                  .0
779.0               13.2782               1.2055                .0211                  779.0         .0            .0                  .0
772.0               13.088                1.2038                .025                   772.0         .0            .0                  .0
765.0               13.7324               2.0312                -.7757                 765.0         .0            .0                  .0
763.0               13.5118               1.2425                .0211                  763.0         .0            .0                  .0
770.0               13.2802               1.2244                .0261                  770.0         .0            .0                  .0
805.0               13.0509               1.1708                .0213                  805.0         .0            .0                  .0
799.0               12.8912               1.1815                .0198                  799.0         .0            .0                  .0
774.0               13.0155               1.2186                .0215                  774.0         .0            .0                  .0
787.0               13.3147               1.2068                .0188                  787.0         .0            .0                  .0
823.0               12.5789               1.1369                .0191                  823.0         .0            .0                  .0
817.0               12.8435               1.1603                .0192                  817.0         .0            .0                  .0
761.0               13.6811               1.2402                .0238                  761.0         .0            .0                  .0
764.0               13.5294               1.2457                .0184                  764.0         .0            .0                  .0
791.0               13.1982               1.1996                .0185                  791.0         .0            .0                  .0
809.0               12.5988               1.1701                .019                   809.0         .0            .0                  .0
779.0               13.2397               1.211                 .0187                  779.0         .0            .0                  .0
822.0               12.7217               1.1494                .0181                  822.0         .0            .0                  .0
794.0               12.9333               1.1919                .0187                  794.0         .0            .0                  .0
790.0               13.0885               1.1969                .0198                  790.0         .0            .0                  .0
681.0               14.7845               1.3905                .0235                  681.0         .0            .0                  .0
742.0               13.9812               1.2577                .0311                  742.0         .0            .0                  .0
784.0               13.214                1.1996                .0239                  784.0         .0            .0                  .0
728.0               14.3146               1.2871                .0225                  727.0         .0            .0                  .0
691.0               13.7182               1.3587                .0214                  692.0         .0            .0                  .0
829.0               12.6952               1.1381                .0196                  829.0         .0            .0                  .0
829.0               12.4337               1.135                 .0201                  829.0         .0            .0                  .0
694.0               15.0043               1.3636                .0261                  694.0         .0            .0                  .0
714.0               13.9021               1.3108                .0296                  714.0         .0            .0                  .0
789.0               14.0101               1.2024                .02                    789.0         .0            .0                  .0
740.0               13.3671               1.2571                .0246                  740.0         .0            .0                  .0
18.0                9.1111                1.2376                .0175                  17.0          .0            .0                  .0
Server 0, get requests: 0

Thread 1
Throughput          Waiting time          Service time          Time to parse          Sets          Gets          Multi-gets          Misses
493.0               16.1619               1.3357                .1096                  494.0         .0            .0                  .0
739.0               15.7595               1.2473                .0502                  739.0         .0            .0                  .0
814.0               13.4442               1.153                 .021                   814.0         .0            .0                  .0
798.0               12.9599               1.1822                .0231                  798.0         .0            .0                  .0
789.0               13.1886               1.1988                .0223                  789.0         .0            .0                  .0
762.0               13.6868               1.2422                .0214                  762.0         .0            .0                  .0
770.0               13.69                 1.2299                .021                   770.0         .0            .0                  .0
694.0               14.905                1.3702                .0213                  694.0         .0            .0                  .0
779.0               13.5173               1.2159                .0208                  778.0         .0            .0                  .0
822.0               12.6622               1.1442                .0218                  823.0         .0            .0                  .0
780.0               13.2023               1.2065                .0259                  780.0         .0            .0                  .0
782.0               13.0805               1.2031                .0262                  782.0         .0            .0                  .0
805.0               12.8784               1.1732                .02                    805.0         .0            .0                  .0
822.0               12.7217               1.1503                .0224                  822.0         .0            .0                  .0
847.0               11.8809               1.1003                .022                   847.0         .0            .0                  .0
801.0               12.9489               1.1751                .0227                  801.0         .0            .0                  .0
823.0               12.2658               1.1459                .0189                  823.0         .0            .0                  .0
758.0               14.029                1.2526                .0206                  758.0         .0            .0                  .0
817.0               13.1504               1.1548                .0193                  817.0         .0            .0                  .0
776.0               13.13                 1.2158                .0198                  776.0         .0            .0                  .0
811.0               12.8448               1.1617                1.411                  811.0         .0            .0                  .0
802.0               13.1183               1.1751                .0204                  802.0         .0            .0                  .0
865.0               11.9319               1.0821                .0225                  865.0         .0            .0                  .0
786.0               13.0445               1.1957                .0221                  786.0         .0            .0                  .0
831.0               12.5709               1.1294                .0213                  831.0         .0            .0                  .0
806.0               13.1128               1.1751                .0192                  806.0         .0            .0                  .0
765.0               12.9961               1.2364                .0211                  765.0         .0            .0                  .0
817.0               12.6834               1.1439                .0195                  817.0         .0            .0                  .0
830.0               12.515                1.1388                .0189                  830.0         .0            .0                  .0
779.0               13.141                1.2134                .0194                  779.0         .0            .0                  .0
777.0               13.1928               1.2067                .022                   777.0         .0            .0                  .0
812.0               13.1562               1.161                 .0223                  812.0         .0            .0                  .0
761.0               13.664                1.2439                .0226                  761.0         .0            .0                  .0
790.0               13.5512               1.2015                .0186                  790.0         .0            .0                  .0
786.0               13.2071               1.206                 .0201                  786.0         .0            .0                  .0
802.0               12.9813               1.1753                .0184                  802.0         .0            .0                  .0
817.0               12.945                1.1447                .0335                  817.0         .0            .0                  .0
794.0               13.1321               1.1646                .0191                  794.0         .0            .0                  .0
785.0               13.3193               1.2066                .0186                  785.0         .0            .0                  .0
827.0               12.506                1.1425                .0192                  827.0         .0            .0                  .0
804.0               12.8025               1.1774                .0186                  804.0         .0            .0                  .0
767.0               13.4687               1.2359                .0183                  767.0         .0            .0                  .0
783.0               13.4732               1.2094                .0213                  783.0         .0            .0                  .0
788.0               13.1648               1.2034                .0187                  788.0         .0            .0                  .0
834.0               12.6922               1.1292                .0207                  834.0         .0            .0                  .0
783.0               13.1862               1.213                 .0182                  783.0         .0            .0                  .0
811.0               12.7007               1.1674                .0178                  811.0         .0            .0                  .0
815.0               12.9657               1.1643                .0185                  815.0         .0            .0                  .0
796.0               13.1041               1.1626                .0382                  796.0         .0            .0                  .0
709.0               14.8761               1.3252                .0269                  709.0         .0            .0                  .0
734.0               13.9456               1.2866                .0234                  734.0         .0            .0                  .0
755.0               13.1111               1.2471                .0239                  755.0         .0            .0                  .0
736.0               14.4633               1.279                 .024                   735.0         .0            .0                  .0
741.0               13.7574               1.2579                .0231                  742.0         .0            .0                  .0
814.0               12.6172               1.1584                .0193                  814.0         .0            .0                  .0
827.0               12.4734               1.1392                .0187                  827.0         .0            .0                  .0
696.0               14.9957               1.3506                .0209                  696.0         .0            .0                  .0
753.0               14.0292               1.2569                .022                   753.0         .0            .0                  .0
693.0               13.6999               1.3612                .0314                  692.0         .0            .0                  .0
785.0               13.8919               1.1767                .0302                  786.0         .0            .0                  .0
21.0                9.5714                .9789                 .0176                  20.0          .0            .0                  .0
Server 0, get requests: 0

Thread 2
Throughput          Waiting time          Service time          Time to parse          Sets          Gets          Multi-gets          Misses
419.0               16.3286               1.6396                .0682                  420.0         .0            .0                  .0
707.0               15.548                1.3342                .023                   707.0         .0            .0                  .0
804.0               13.4161               1.1499                .0247                  804.0         .0            .0                  .0
811.0               12.883                1.162                 .0212                  811.0         .0            .0                  .0
761.0               13.1325               1.2456                .0211                  761.0         .0            .0                  .0
749.0               13.6653               1.2623                .022                   749.0         .0            .0                  .0
760.0               13.6505               1.2422                .0227                  760.0         .0            .0                  .0
688.0               14.8636               1.368                 .0334                  688.0         .0            .0                  .0
759.0               13.4645               1.2406                .0226                  759.0         .0            .0                  .0
796.0               12.6369               1.1779                .0217                  795.0         .0            .0                  .0
774.0               13.1665               1.2158                .0221                  775.0         .0            .0                  .0
777.0               13.0887               1.2162                .0221                  777.0         .0            .0                  .0
788.0               12.8175               1.2024                .0207                  788.0         .0            .0                  .0
803.0               12.5833               1.1772                .0196                  803.0         .0            .0                  .0
859.0               11.9174               1.087                 -.146                  859.0         .0            .0                  .0
780.0               12.9628               1.209                 .0201                  780.0         .0            .0                  .0
834.0               12.3305               1.1269                .0209                  834.0         .0            .0                  .0
738.0               14.0433               1.2886                .0203                  738.0         .0            .0                  .0
783.0               13.0638               1.2002                .0229                  783.0         .0            .0                  .0
786.0               13.2008               1.1938                .0215                  786.0         .0            .0                  .0
819.0               12.8366               1.1533                .0186                  819.0         .0            .0                  .0
780.0               13.0653               1.2059                .023                   780.0         .0            .0                  .0
848.0               11.9494               1.1075                .0223                  848.0         .0            .0                  .0
782.0               12.9936               1.2067                .0191                  782.0         .0            .0                  .0
803.0               12.546                1.1727                .0206                  803.0         .0            .0                  .0
780.0               13.0102               1.2058                .0217                  780.0         .0            .0                  .0
766.0               13.1199               1.234                 .0205                  766.0         .0            .0                  .0
801.0               12.7544               1.1775                .0203                  801.0         .0            .0                  .0
835.0               12.4593               1.1299                .0188                  835.0         .0            .0                  .0
766.0               13.1982               1.2228                .0274                  766.0         .0            .0                  .0
790.0               13.2111               1.1943                .0212                  790.0         .0            .0                  .0
781.0               13.1292               1.1987                .0207                  781.0         .0            .0                  .0
746.0               13.6519               1.8622                -.5714                 746.0         .0            .0                  .0
777.0               13.5398               1.2194                .022                   777.0         .0            .0                  .0
778.0               13.1913               1.2147                .0204                  778.0         .0            .0                  .0
795.0               12.9724               .7653                 .4421                  795.0         .0            .0                  .0
785.0               12.8384               1.1845                .0236                  785.0         .0            .0                  .0
754.0               13.0808               1.2368                .0237                  754.0         .0            .0                  .0
783.0               13.2615               1.2109                .0194                  783.0         .0            .0                  .0
816.0               12.541                1.1476                .022                   816.0         .0            .0                  .0
799.0               12.8063               1.186                 .0204                  799.0         .0            .0                  .0
772.0               13.6856               1.223                 .0216                  772.0         .0            .0                  .0
760.0               13.4231               1.2401                .0218                  760.0         .0            .0                  .0
787.0               13.1117               1.2037                .0188                  787.0         .0            .0                  .0
791.0               12.5934               1.1767                .0223                  791.0         .0            .0                  .0
780.0               13.2599               1.2179                .0183                  780.0         .0            .0                  .0
808.0               12.7046               1.1726                .0182                  808.0         .0            .0                  .0
801.0               12.7257               1.1787                .0204                  801.0         .0            .0                  .0
761.0               12.9829               1.2431                .0202                  761.0         .0            .0                  .0
700.0               14.8231               1.3454                .0225                  700.0         .0            .0                  .0
737.0               13.8171               1.2756                .0264                  737.0         .0            .0                  .0
813.0               13.2899               1.1501                .0211                  813.0         .0            .0                  .0
677.0               14.4912               1.387                 .0222                  677.0         .0            .0                  .0
712.0               13.7602               1.3312                .0213                  712.0         .0            .0                  .0
788.0               12.6692               1.2                   .0208                  788.0         .0            .0                  .0
819.0               12.4524               1.1534                .0191                  819.0         .0            .0                  .0
710.0               15.0366               1.3279                .0245                  710.0         .0            .0                  .0
705.0               13.9207               1.3328                .0327                  705.0         .0            .0                  .0
749.0               13.896                1.2399                .0234                  749.0         .0            .0                  .0
750.0               13.4967               1.2596                .0233                  750.0         .0            .0                  .0
21.0                8.6667                .9987                 .0235                  20.0          .0            .0                  .0
Server 0, get requests: 0

Thread 3
Throughput          Waiting time          Service time          Time to parse          Sets          Gets          Multi-gets          Misses
379.0               16.0421               1.7817                .1091                  380.0         .0            .0                  .0
563.0               15.0851               1.6931                .0246                  563.0         .0            .0                  .0
722.0               13.0415               1.3029                .0238                  722.0         .0            .0                  .0
769.0               12.7519               1.2278                .025                   769.0         .0            .0                  .0
754.0               13.0371               1.241                 .023                   754.0         .0            .0                  .0
741.0               13.535                1.276                 .0223                  741.0         .0            .0                  .0
747.0               13.5963               1.2678                .0226                  747.0         .0            .0                  .0
668.0               14.6263               1.4201                .0232                  668.0         .0            .0                  .0
745.0               13.2761               1.2692                .0223                  745.0         .0            .0                  .0
794.0               12.5315               1.1812                .024                   793.0         .0            .0                  .0
760.0               13.0329               1.2393                .023                   761.0         .0            .0                  .0
761.0               12.9514               1.2425                .0226                  761.0         .0            .0                  .0
789.0               12.7152               1.201                 .0203                  789.0         .0            .0                  .0
788.0               12.5349               1.1966                .0205                  788.0         .0            .0                  .0
844.0               11.7645               1.1119                .0215                  844.0         .0            .0                  .0
777.0               12.7519               1.2137                .0218                  777.0         .0            .0                  .0
814.0               12.1865               1.1523                .0197                  814.0         .0            .0                  .0
721.0               13.8338               1.3129                .0234                  721.0         .0            .0                  .0
760.0               12.9159               1.2405                .0233                  760.0         .0            .0                  .0
764.0               12.9412               1.2229                .0252                  764.0         .0            .0                  .0
777.0               12.6812               1.2067                1.3921                 777.0         .0            .0                  .0
765.0               12.9726               1.234                 .0212                  765.0         .0            .0                  .0
812.0               11.8044               1.1528                .0241                  812.0         .0            .0                  .0
769.0               12.8701               1.2276                .0237                  769.0         .0            .0                  .0
786.0               12.5006               1.2017                .0208                  786.0         .0            .0                  .0
759.0               12.8303               1.2442                .0203                  759.0         .0            .0                  .0
777.0               13.0296               1.2173                .0213                  777.0         .0            .0                  .0
771.0               12.5596               1.2218                .0197                  771.0         .0            .0                  .0
802.0               12.3624               1.1775                .0196                  802.0         .0            .0                  .0
754.0               13.0053               1.2516                .0211                  754.0         .0            .0                  .0
746.0               13.0643               1.2584                .0259                  746.0         .0            .0                  .0
737.0               13.0068               1.2707                .0354                  737.0         .0            .0                  .0
744.0               13.5544               1.2696                .0198                  744.0         .0            .0                  .0
751.0               13.2939               1.258                 .0209                  751.0         .0            .0                  .0
754.0               13.147                1.2493                .0202                  754.0         .0            .0                  .0
772.0               12.8797               1.2161                .0242                  772.0         .0            .0                  .0
787.0               12.7665               1.199                 .0259                  787.0         .0            .0                  .0
745.0               12.9236               1.2655                .022                   745.0         .0            .0                  .0
752.0               13.0983               1.2624                .0217                  752.0         .0            .0                  .0
783.0               12.3737               1.208                 .0204                  783.0         .0            .0                  .0
788.0               12.7288               1.2007                .02                    788.0         .0            .0                  .0
745.0               13.4853               1.2682                .022                   745.0         .0            .0                  .0
740.0               13.2955               1.2842                .0194                  740.0         .0            .0                  .0
764.0               13.0288               1.2411                .0201                  764.0         .0            .0                  .0
802.0               12.4857               1.1781                .0193                  802.0         .0            .0                  .0
747.0               13.0388               1.2659                .0219                  747.0         .0            .0                  .0
789.0               12.5266               1.1983                .02                    789.0         .0            .0                  .0
771.0               12.8135               1.231                 .0196                  771.0         .0            .0                  .0
764.0               12.834                1.2345                .0212                  764.0         .0            .0                  .0
656.0               14.691                1.4402                .0349                  656.0         .0            .0                  .0
702.0               13.889                1.3371                .0291                  702.0         .0            .0                  .0
743.0               13.0081               1.2671                .0241                  743.0         .0            .0                  .0
688.0               14.1364               1.3788                .0219                  688.0         .0            .0                  .0
739.0               13.6176               1.2734                .0262                  739.0         .0            .0                  .0
784.0               12.5758               1.2018                .0226                  784.0         .0            .0                  .0
802.0               12.3562               1.1729                .021                   802.0         .0            .0                  .0
658.0               14.83                 1.4334                .0226                  658.0         .0            .0                  .0
703.0               13.9744               1.3423                .0261                  703.0         .0            .0                  .0
705.0               13.6969               1.3451                .0215                  705.0         .0            .0                  .0
700.0               13.1755               1.3432                .0246                  700.0         .0            .0                  .0
19.0                8.2105                1.1251                .0234                  18.0          .0            .0                  .0
Server 0, get requests: 0

Thread 4
Throughput          Waiting time          Service time          Time to parse          Sets          Gets          Multi-gets          Misses
418.0               16.2649               .9539                 .7933                  419.0         .0            .0                  .0
704.0               15.4908               1.338                 .0254                  704.0         .0            .0                  .0
811.0               13.3387               1.1571                .0225                  811.0         .0            .0                  .0
813.0               13.0049               1.1579                .0238                  813.0         .0            .0                  .0
778.0               13.1823               1.2153                .0234                  778.0         .0            .0                  .0
754.0               13.6927               1.2541                .022                   754.0         .0            .0                  .0
765.0               13.6945               1.2406                .0217                  765.0         .0            .0                  .0
706.0               14.8501               1.3237                .0231                  706.0         .0            .0                  .0
767.0               13.5                  1.2286                .0211                  767.0         .0            .0                  .0
802.0               12.7273               1.1705                .0232                  802.0         .0            .0                  .0
782.0               13.2401               1.2046                .0224                  782.0         .0            .0                  .0
785.0               13.1756               1.2026                .0224                  785.0         .0            .0                  .0
798.0               12.8523               1.1869                .0201                  798.0         .0            .0                  .0
803.0               12.6866               1.1735                .0206                  803.0         .0            .0                  .0
874.0               11.9531               1.0751                .0209                  874.0         .0            .0                  .0
800.0               12.9988               1.1813                .0197                  800.0         .0            .0                  .0
837.0               12.3258               1.1224                .019                   837.0         .0            .0                  .0
741.0               14.0648               1.2796                .0221                  740.0         .0            .0                  .0
779.0               13.1679               1.2102                .0212                  780.0         .0            .0                  .0
781.0               13.1304               1.1955                .0341                  781.0         .0            .0                  .0
819.0               12.8585               1.151                 .0203                  819.0         .0            .0                  .0
803.0               13.1356               1.1727                .0201                  803.0         .0            .0                  .0
866.0               12.0092               1.0815                .0198                  866.0         .0            .0                  .0
800.0               13.0424               1.1856                .0185                  800.0         .0            .0                  .0
846.0               12.6234               1.1171                .0188                  846.0         .0            .0                  .0
792.0               13.0151               1.1923                .0193                  792.0         .0            .0                  .0
800.0               13.0924               1.1763                .0195                  800.0         .0            .0                  .0
806.0               12.7683               1.1711                .0189                  806.0         .0            .0                  .0
839.0               12.5143               1.1239                .021                   839.0         .0            .0                  .0
789.0               13.1686               1.1916                -.1438                 788.0         .0            .0                  .0
795.0               13.2349               1.1805                .0207                  796.0         .0            .0                  .0
789.0               13.1266               1.1878                .0193                  789.0         .0            .0                  .0
764.0               13.7686               1.2344                .0201                  764.0         .0            .0                  .0
768.0               13.554                1.236                 .0186                  768.0         .0            .0                  .0
773.0               13.2661               1.2261                .0207                  773.0         .0            .0                  .0
798.0               12.9925               1.1873                -.4082                 797.0         .0            .0                  .0
780.0               12.8156               1.2128                .019                   781.0         .0            .0                  .0
806.0               13.1623               1.1708                .0199                  806.0         .0            .0                  .0
783.0               13.2908               1.2112                .0187                  783.0         .0            .0                  .0
841.0               12.6033               1.1206                .0184                  841.0         .0            .0                  .0
800.0               12.8052               1.1821                .0179                  800.0         .0            .0                  .0
762.0               13.7628               1.2435                .02                    762.0         .0            .0                  .0
770.0               13.476                1.228                 .0205                  770.0         .0            .0                  .0
787.0               13.2081               1.2076                .0179                  787.0         .0            .0                  .0
816.0               12.6597               1.1611                .0194                  816.0         .0            .0                  .0
798.0               13.3054               1.1856                .0202                  798.0         .0            .0                  .0
820.0               12.7138               1.1516                .0188                  820.0         .0            .0                  .0
797.0               12.9048               1.1845                .0197                  797.0         .0            .0                  .0
797.0               13.0489               1.1801                .0225                  797.0         .0            .0                  .0
722.0               14.657                1.2925                .0254                  722.0         .0            .0                  .0
737.0               13.9037               1.2726                .0253                  737.0         .0            .0                  .0
827.0               13.3551               1.1359                .0223                  827.0         .0            .0                  .0
683.0               14.2807               1.3836                .0229                  683.0         .0            .0                  .0
739.0               13.8432               1.273                 .0208                  739.0         .0            .0                  .0
813.0               12.6523               1.1497                .0233                  813.0         .0            .0                  .0
822.0               12.486                1.147                 .0188                  822.0         .0            .0                  .0
702.0               15.0526               1.3384                .024                   702.0         .0            .0                  .0
707.0               13.983                1.305                 .0221                  707.0         .0            .0                  .0
758.0               13.9736               1.2183                .0209                  757.0         .0            .0                  .0
773.0               13.6421               1.1989                .0228                  774.0         .0            .0                  .0
22.0                8.9545                .9731                 .0171                  21.0          .0            .0                  .0
Server 0, get requests: 0

Thread 5
Throughput          Waiting time          Service time          Time to parse          Sets          Gets          Multi-gets          Misses
369.0               15.8568               1.8184                .0992                  370.0         .0            .0                  .0
561.0               15.1406               1.7068                .0251                  561.0         .0            .0                  .0
713.0               13.0798               1.3073                .0302                  713.0         .0            .0                  .0
770.0               12.8197               1.2265                .0227                  770.0         .0            .0                  .0
771.0               13.0609               1.2268                .0231                  771.0         .0            .0                  .0
735.0               13.5435               1.2872                .0222                  735.0         .0            .0                  .0
746.0               13.5676               1.2661                .0251                  746.0         .0            .0                  .0
678.0               14.7128               1.3987                .0231                  678.0         .0            .0                  .0
760.0               13.3101               1.246                 .0221                  760.0         .0            .0                  .0
803.0               12.5616               1.1706                .0252                  802.0         .0            .0                  .0
764.0               13.119                1.2359                .0225                  765.0         .0            .0                  .0
772.0               12.978                1.2223                .0231                  772.0         .0            .0                  .0
796.0               12.7315               1.1839                .02                    796.0         .0            .0                  .0
803.0               12.5336               1.1753                .0206                  803.0         .0            .0                  .0
849.0               11.8329               1.1053                .0216                  849.0         .0            .0                  .0
775.0               12.8119               1.2157                .024                   775.0         .0            .0                  .0
801.0               12.1796               1.1645                .0205                  801.0         .0            .0                  .0
718.0               13.9666               1.3217                .0204                  717.0         .0            .0                  .0
770.0               13.0195               1.2236                .02                    771.0         .0            .0                  .0
765.0               13.0339               1.2235                .0235                  765.0         .0            .0                  .0
791.0               12.7184               1.1907                .0215                  791.0         .0            .0                  .0
773.0               12.9871               1.2247                .0222                  773.0         .0            .0                  .0
827.0               11.8514               1.1329                .0238                  827.0         .0            .0                  .0
784.0               12.9146               1.2054                .0202                  784.0         .0            .0                  .0
795.0               12.5402               1.1841                .0206                  795.0         .0            .0                  .0
761.0               12.8478               1.2391                .0225                  761.0         .0            .0                  .0
770.0               13.0921               1.2264                .0229                  770.0         .0            .0                  .0
778.0               12.5905               1.1989                .0243                  778.0         .0            .0                  .0
803.0               12.4005               1.1625                .0279                  803.0         .0            .0                  .0
752.0               13.0199               1.2484                .0221                  752.0         .0            .0                  .0
742.0               13.0054               1.2667                .0213                  742.0         .0            .0                  .0
743.0               12.9772               1.2595                .0204                  743.0         .0            .0                  .0
749.0               13.592                1.2619                .0209                  749.0         .0            .0                  .0
749.0               13.3293               1.2672                .0198                  749.0         .0            .0                  .0
760.0               13.1434               1.2401                .0197                  760.0         .0            .0                  .0
776.0               12.8636               1.2144                .0224                  776.0         .0            .0                  .0
801.0               12.8142               1.1788                .0211                  801.0         .0            .0                  .0
751.0               12.9176               1.2416                .0382                  751.0         .0            .0                  .0
754.0               13.1311               1.257                 .0202                  754.0         .0            .0                  .0
804.0               12.4609               1.1763                .0211                  804.0         .0            .0                  .0
794.0               12.6528               1.1928                .0196                  794.0         .0            .0                  .0
741.0               13.4757               1.2724                .0214                  741.0         .0            .0                  .0
741.0               13.3383               1.282                 .0207                  741.0         .0            .0                  .0
769.0               13.0727               1.2299                .0201                  769.0         .0            .0                  .0
801.0               12.4776               1.1805                .0195                  801.0         .0            .0                  .0
765.0               13.0548               1.2401                .0198                  765.0         .0            .0                  .0
792.0               12.5624               1.1951                .0202                  792.0         .0            .0                  .0
781.0               12.8197               1.2102                .0215                  781.0         .0            .0                  .0
775.0               12.8518               1.2125                .0211                  775.0         .0            .0                  .0
640.0               14.6615               1.479                 .0255                  640.0         .0            .0                  .0
706.0               13.9024               1.3244                .0279                  706.0         .0            .0                  .0
764.0               12.9935               1.2328                .0225                  764.0         .0            .0                  .0
684.0               14.2423               1.3837                .0219                  684.0         .0            .0                  .0
728.0               13.69                 1.2941                .0226                  728.0         .0            .0                  .0
795.0               12.5188               1.1887                .0244                  795.0         .0            .0                  .0
825.0               12.3644               1.1438                .0204                  825.0         .0            .0                  .0
634.0               14.8362               1.4869                .026                   634.0         .0            .0                  .0
722.0               13.9585               1.2755                .0238                  722.0         .0            .0                  .0
735.0               13.784                1.2938                .0225                  735.0         .0            .0                  .0
733.0               13.203                1.292                 .023                   733.0         .0            .0                  .0
18.0                8.2222                1.2072                .0184                  17.0          .0            .0                  .0
Server 0, get requests: 0

Thread 6
Throughput          Waiting time          Service time          Time to parse          Sets          Gets          Multi-gets          Misses
377.0               16.5729               1.9333                .0242                  377.0         .0            .0                  .0
580.0               15.2405               1.6197                .0526                  581.0         .0            .0                  .0
735.0               13.1916               1.2768                .0219                  735.0         .0            .0                  .0
779.0               13.0564               1.21                  .0242                  779.0         .0            .0                  .0
787.0               13.2208               1.1999                .021                   787.0         .0            .0                  .0
749.0               13.6467               1.261                 .0253                  749.0         .0            .0                  .0
754.0               13.6583               1.2512                .0226                  754.0         .0            .0                  .0
685.0               14.8819               1.3727                .0221                  685.0         .0            .0                  .0
780.0               13.4097               1.2111                .022                   780.0         .0            .0                  .0
826.0               12.6372               1.133                 .0233                  826.0         .0            .0                  .0
776.0               13.2188               1.2136                .022                   776.0         .0            .0                  .0
780.0               13.0807               1.2041                .0218                  780.0         .0            .0                  .0
803.0               12.8756               1.18                  .02                    803.0         .0            .0                  .0
814.0               12.6601               1.1615                .0194                  814.0         .0            .0                  .0
878.0               11.934                1.0679                .0198                  878.0         .0            .0                  .0
799.0               12.9025               1.1812                .02                    799.0         .0            .0                  .0
828.0               12.3474               1.1319                .019                   828.0         .0            .0                  .0
737.0               14.0691               1.2957                .0196                  737.0         .0            .0                  .0
773.0               13.0245               1.2225                .0187                  773.0         .0            .0                  .0
782.0               13.0945               1.2011                .0199                  782.0         .0            .0                  .0
801.0               12.8591               1.1734                1.289                  801.0         .0            .0                  .0
777.0               13.1118               1.2164                .0205                  777.0         .0            .0                  .0
854.0               11.9719               1.0945                .0231                  854.0         .0            .0                  .0
788.0               13.0279               1.2004                .0194                  788.0         .0            .0                  .0
789.0               12.6519               1.1898                .0206                  789.0         .0            .0                  .0
794.0               13.0755               1.1859                .0214                  794.0         .0            .0                  .0
803.0               13.158                1.1736                .0198                  803.0         .0            .0                  .0
802.0               12.721                1.1753                .0194                  802.0         .0            .0                  .0
825.0               12.4758               1.138                 .0189                  825.0         .0            .0                  .0
759.0               13.1487               1.2406                .0194                  759.0         .0            .0                  .0
783.0               13.2755               1.2026                .0202                  783.0         .0            .0                  .0
782.0               13.1137               1.1977                .0186                  782.0         .0            .0                  .0
759.0               13.7339               1.239                 2.0442                 758.0         .0            .0                  .0
762.0               13.4856               1.2389                .0177                  763.0         .0            .0                  .0
771.0               13.3031               1.2315                .0181                  771.0         .0            .0                  .0
784.0               12.9707               1.2054                .0193                  784.0         .0            .0                  .0
792.0               12.9344               1.1744                .018                   792.0         .0            .0                  .0
773.0               13.0362               1.2213                .0198                  773.0         .0            .0                  .0
764.0               13.268                1.2442                .0197                  764.0         .0            .0                  .0
809.0               12.5852               1.1679                .0194                  809.0         .0            .0                  .0
804.0               12.7988               1.1789                .0192                  804.0         .0            .0                  .0
738.0               13.4046               1.2889                .0188                  738.0         .0            .0                  .0
750.0               13.4461               1.2652                .0198                  750.0         .0            .0                  .0
788.0               13.199                1.2055                .0183                  788.0         .0            .0                  .0
807.0               12.6176               1.1759                .0186                  807.0         .0            .0                  .0
784.0               13.2446               1.2094                .0194                  784.0         .0            .0                  .0
814.0               12.7202               1.1601                .0204                  814.0         .0            .0                  .0
796.0               12.9624               1.1911                .0188                  796.0         .0            .0                  .0
764.0               12.9974               1.2417                .0189                  764.0         .0            .0                  .0
688.0               14.7954               1.376                 .0214                  688.0         .0            .0                  .0
720.0               13.9723               1.3014                .0303                  720.0         .0            .0                  .0
735.0               13.0285               1.2805                .0219                  735.0         .0            .0                  .0
683.0               14.1742               1.3834                .0216                  682.0         .0            .0                  .0
766.0               13.8409               1.2248                .0297                  767.0         .0            .0                  .0
817.0               12.6528               1.1542                .0193                  817.0         .0            .0                  .0
821.0               12.4526               1.1473                .0208                  821.0         .0            .0                  .0
657.0               14.9422               1.4438                .0273                  657.0         .0            .0                  .0
759.0               13.9961               1.2307                .0226                  759.0         .0            .0                  .0
758.0               13.9631               1.2477                .0243                  758.0         .0            .0                  .0
721.0               13.3532               1.3039                .0334                  721.0         .0            .0                  .0
18.0                8.5556                1.1417                .019                   17.0          .0            .0                  .0
Server 0, get requests: 0

Thread 7
Throughput          Waiting time          Service time          Time to parse          Sets          Gets          Multi-gets          Misses
492.0               16.1585               1.3889                .0631                  492.0         .0            .0                  .0
742.0               15.7349               1.2549                .0251                  743.0         .0            .0                  .0
793.0               13.2859               1.1801                .0224                  793.0         .0            .0                  .0
796.0               12.926                1.1804                .0282                  796.0         .0            .0                  .0
789.0               13.2266               1.1994                .0212                  789.0         .0            .0                  .0
761.0               13.6102               1.2435                .0211                  761.0         .0            .0                  .0
750.0               13.7324               1.2621                .0241                  750.0         .0            .0                  .0
697.0               14.9155               1.3594                .0257                  697.0         .0            .0                  .0
775.0               13.4542               1.219                 .0216                  774.0         .0            .0                  .0
825.0               12.6041               1.1357                .024                   826.0         .0            .0                  .0
771.0               13.2124               1.2224                .0226                  771.0         .0            .0                  .0
787.0               13.0812               1.1939                .0244                  787.0         .0            .0                  .0
795.0               12.8756               1.1871                .0206                  795.0         .0            .0                  .0
806.0               12.6815               1.1702                .0232                  806.0         .0            .0                  .0
842.0               11.8588               1.1154                .0209                  842.0         .0            .0                  .0
798.0               12.8786               1.1744                .0208                  798.0         .0            .0                  .0
817.0               12.3068               1.1553                .0192                  817.0         .0            .0                  .0
745.0               14.0536               1.2765                .0202                  745.0         .0            .0                  .0
808.0               13.0952               1.1654                .0205                  808.0         .0            .0                  .0
789.0               13.1747               1.1992                .0189                  789.0         .0            .0                  .0
814.0               12.8047               1.1569                .0195                  814.0         .0            .0                  .0
779.0               13.0603               1.2078                .0216                  779.0         .0            .0                  .0
857.0               11.958                1.0965                .0189                  857.0         .0            .0                  .0
798.0               13.0338               1.1865                .0173                  798.0         .0            .0                  .0
826.0               12.6372               1.1354                .0223                  826.0         .0            .0                  .0
800.0               13.0574               1.1805                .0193                  800.0         .0            .0                  .0
760.0               13.1038               1.2436                .0196                  760.0         .0            .0                  .0
800.0               12.7628               1.1692                .0265                  800.0         .0            .0                  .0
812.0               12.5092               1.1616                .0183                  812.0         .0            .0                  .0
750.0               13.1971               1.2651                .0212                  750.0         .0            .0                  .0
776.0               13.1493               1.2131                .02                    776.0         .0            .0                  .0
798.0               13.0663               1.1829                .0214                  798.0         .0            .0                  .0
771.0               13.6991               1.2261                .7963                  770.0         .0            .0                  .0
771.0               13.4663               1.2293                .0189                  772.0         .0            .0                  .0
752.0               13.2178               1.255                 .0182                  752.0         .0            .0                  .0
805.0               13.0                  1.1712                .0209                  805.0         .0            .0                  .0
802.0               12.9701               1.1627                .0196                  802.0         .0            .0                  .0
802.0               13.2304               1.1667                .0195                  802.0         .0            .0                  .0
793.0               13.272                1.1908                .0181                  793.0         .0            .0                  .0
798.0               12.5169               1.1873                .0198                  798.0         .0            .0                  .0
798.0               12.821                1.1922                .0179                  798.0         .0            .0                  .0
765.0               13.3394               1.2377                .0205                  765.0         .0            .0                  .0
779.0               13.4551               1.2136                .0248                  779.0         .0            .0                  .0
786.0               13.1995               1.2044                .0182                  786.0         .0            .0                  .0
827.0               12.6087               1.1445                .0197                  827.0         .0            .0                  .0
777.0               13.1825               1.2164                .0209                  777.0         .0            .0                  .0
797.0               12.7005               1.1801                .0188                  797.0         .0            .0                  .0
815.0               12.8603               1.1616                .02                    815.0         .0            .0                  .0
801.0               13.0586               1.1768                .0223                  801.0         .0            .0                  .0
682.0               14.7555               1.3835                .0235                  682.0         .0            .0                  .0
749.0               13.9787               1.2573                .0253                  749.0         .0            .0                  .0
754.0               13.2358               1.2466                .0261                  754.0         .0            .0                  .0
722.0               14.5021               1.2893                .0263                  722.0         .0            .0                  .0
720.0               13.742                1.3168                .0229                  720.0         .0            .0                  .0
816.0               12.6071               1.151                 .0249                  816.0         .0            .0                  .0
823.0               12.4867               1.1457                .0194                  823.0         .0            .0                  .0
686.0               14.8443               1.3687                .0221                  686.0         .0            .0                  .0
731.0               13.8497               1.2811                .0218                  731.0         .0            .0                  .0
721.0               13.7576               1.3181                .0208                  721.0         .0            .0                  .0
792.0               13.8928               1.195                 .0207                  792.0         .0            .0                  .0
15.0                9.0                   1.4022                .0187                  14.0          .0            .0                  .0
Server 0, get requests: 0

Aggregated Statistics for a 1 seconds window of the entire middleware: 
Throughput          QueueLength          Waiting time          Service time          Time to parse          Sets          Gets          Multi-gets          Misses
3322.0              .0                   16.2427               1.5943                .1669                  3328.0        .0            .0                  .0
5172.0              82.0                 15.4143               1.4779                .0314                  5174.0        .0            .0                  .0
6142.0              80.0                 13.248                1.2219                .024                   6142.0        .0            .0                  .0
6323.0              80.0                 12.9338               1.1935                .0237                  6323.0        .0            .0                  .0
6216.0              82.0                 13.1582               1.2158                .0223                  6216.0        .0            .0                  .0
6011.0              80.0                 13.6316               1.2585                .0223                  6011.0        .0            .0                  .0
6053.0              88.0                 13.656                1.2504                .0226                  6053.0        .0            .0                  .0
5506.0              83.0                 14.8288               1.373                 .0245                  5506.0        .0            .0                  .0
6143.0              80.0                 13.4247               1.2306                .0219                  6141.0        .0            .0                  .0
6490.0              81.0                 12.6385               1.1563                .0238                  6489.0        .0            .0                  .0
6199.0              77.0                 13.1673               1.2157                .0228                  6202.0        .0            .0                  .0
6235.0              88.0                 13.0681               1.2088                .023                   6235.0        .0            .0                  .0
6368.0              88.0                 12.8261               1.1877                .0203                  6368.0        .0            .0                  .0
6451.0              83.0                 12.6366               1.1712                .0207                  6451.0        .0            .0                  .0
6858.0              80.0                 11.8802               1.0939                .0001                  6858.0        .0            .0                  .0
6321.0              81.0                 12.8937               1.1928                .0214                  6321.0        .0            .0                  .0
6584.0              84.0                 12.2872               1.1415                .0198                  6584.0        .0            .0                  .0
5897.0              88.0                 14.0155               1.2892                .0211                  5894.0        .0            .0                  .0
6284.0              81.0                 13.0726               1.2007                .0206                  6287.0        .0            .0                  .0
6238.0              83.0                 13.1135               1.2053                .0229                  6238.0        .0            .0                  .0
6413.0              80.0                 12.8155               1.1759                .524                   6413.0        .0            .0                  .0
6266.0              87.0                 13.0765               1.2041                .0217                  6266.0        .0            .0                  .0
6772.0              79.0                 11.9385               1.1072                .0219                  6772.0        .0            .0                  .0
6299.0              82.0                 13.006                1.1998                .0199                  6299.0        .0            .0                  .0
6481.0              83.0                 12.5992               1.1626                .0207                  6481.0        .0            .0                  .0
6287.0              80.0                 13.0073               1.2006                .0205                  6287.0        .0            .0                  .0
6233.0              86.0                 13.0957               1.2123                .0209                  6233.0        .0            .0                  .0
6369.0              80.0                 12.691                1.1797                .0211                  6369.0        .0            .0                  .0
6574.0              88.0                 12.4715               1.1467                .0203                  6574.0        .0            .0                  .0
6122.0              81.0                 13.1339               1.2316                .0009                  6121.0        .0            .0                  .0
6188.0              80.0                 13.1764               1.216                 .0215                  6189.0        .0            .0                  .0
6214.0              82.0                 13.083                1.2078                .0229                  6214.0        .0            .0                  .0
6059.0              82.0                 13.6745               1.421                 .1971                  6057.0        .0            .0                  .0
6131.0              88.0                 13.4665               1.2366                .0197                  6133.0        .0            .0                  .0
6144.0              81.0                 13.2195               1.2309                .0204                  6144.0        .0            .0                  .0
6337.0              82.0                 12.9639               1.1382                .0201                  6336.0        .0            .0                  .0
6363.0              82.0                 12.8719               1.1798                .0226                  6364.0        .0            .0                  .0
6199.0              80.0                 13.0623               1.2107                .023                   6199.0        .0            .0                  .0
6201.0              83.0                 13.2445               1.2237                .0194                  6201.0        .0            .0                  .0
6501.0              73.0                 12.5207               1.1609                .0199                  6501.0        .0            .0                  .0
6404.0              88.0                 12.7824               1.1838                .0191                  6404.0        .0            .0                  .0
6051.0              80.0                 13.5379               1.2512                .0208                  6051.0        .0            .0                  .0
6087.0              88.0                 13.4296               1.246                 .0209                  6087.0        .0            .0                  .0
6260.0              85.0                 13.1478               1.2119                .0188                  6260.0        .0            .0                  .0
6487.0              82.0                 12.5917               1.1645                .0198                  6487.0        .0            .0                  .0
6213.0              82.0                 13.189                1.2199                .0197                  6213.0        .0            .0                  .0
6453.0              87.0                 12.6688               1.1718                .019                   6453.0        .0            .0                  .0
6370.0              88.0                 12.8732               1.1892                .0197                  6370.0        .0            .0                  .0
6248.0              80.0                 12.9958               1.206                 .023                   6248.0        .0            .0                  .0
5478.0              81.0                 14.7555               1.379                 .0255                  5478.0        .0            .0                  .0
5827.0              76.0                 13.9237               1.2891                .0273                  5827.0        .0            .0                  .0
6175.0              84.0                 13.1545               1.22                  .0232                  6175.0        .0            .0                  .0
5601.0              81.0                 14.3256               1.3465                .0229                  5598.0        .0            .0                  .0
5836.0              83.0                 13.7462               1.2912                .0235                  5839.0        .0            .0                  .0
6456.0              83.0                 12.6236               1.1677                .0218                  6456.0        .0            .0                  .0
6568.0              83.0                 12.4382               1.148                 .0198                  6568.0        .0            .0                  .0
5437.0              85.0                 14.9427               1.3892                .0242                  5437.0        .0            .0                  .0
5794.0              81.0                 13.9517               1.2919                .0251                  5794.0        .0            .0                  .0
5908.0              81.0                 13.8476               1.2783                .0231                  5906.0        .0            .0                  .0
5994.0              81.0                 13.5028               1.2533                .0253                  5996.0        .0            .0                  .0
152.0               71.0                 8.7865                1.1331                .0194                  144.0         .0            .0                  .0
The following results are aggregated for all threads, normalized for one second
Throughput(ops/sec):  (avg)6045.33,  (std)339.78
QueueLength: (avg)72.62,  (std)23.64
WaitingTime(msec): (avg)13.188,  (std).6638
ServiceTime(msec): (avg)1.2288,  (std).0719
ParseTime(msec): (avg).0347, (std).0674
Sets(ops/sec): 		 (avg)6045.33,  (std)339.8
Gets(ops/sec): 		 (avg).0,  (std).0
Multi-gets(ops/sec):  (avg).0,  (std).0
Misses(ops/sec):      (avg).0,  (std).0
Miss ratio: ?
Avg time between two tasks: .2399

Tot response time: average_waitingTime + average_serviceTime + average_parseTime + average_timeBetweenTwoTasks

max response time : 18.2438
min response time: 10.1788

10.1788:   #
10.9853:   
11.7918:   
12.5983:   
13.4048:   ###
14.2113:   ############################
15.0178:   ###################
15.8243:   #####
16.6308:   ###
17.4373:   #
18.2438:   #
