
Thread 0
Throughput          Waiting time          Service time          Time to parse          Sets          Gets          Multi-gets          Misses
317.0               21.5881               1.4505                .8021                  318.0         .0            .0                  .0
409.0               22.2293               2.0236                .3222                  409.0         .0            .0                  .0
434.0               21.2851               1.8396                .4258                  434.0         .0            .0                  .0
404.0               21.0938               1.9664                .4469                  404.0         .0            .0                  .0
452.0               19.4106               1.8426                .3134                  452.0         .0            .0                  .0
439.0               20.0909               2.0632                .1568                  439.0         .0            .0                  .0
426.0               20.5504               1.9369                .3495                  426.0         .0            .0                  .0
410.0               21.944                2.0208                .362                   410.0         .0            .0                  .0
433.0               20.2949               1.8532                .3939                  433.0         .0            .0                  .0
458.0               19.3442               1.8684                .2579                  458.0         .0            .0                  .0
437.0               20.2603               1.9429                .2872                  437.0         .0            .0                  .0
435.0               20.7615               1.9071                .3332                  435.0         .0            .0                  .0
466.0               19.394                1.8705                .2123                  466.0         .0            .0                  .0
451.0               19.8142               1.8073                .3445                  451.0         .0            .0                  .0
467.0               19.5876               1.8809                .2088                  467.0         .0            .0                  .0
382.0               20.1462               2.6052                -.0471                 382.0         .0            .0                  .0
437.0               21.5091               1.8848                .3416                  437.0         .0            .0                  .0
399.0               21.8275               2.1173                .3265                  399.0         .0            .0                  .0
444.0               20.1888               1.9593                .2413                  444.0         .0            .0                  .0
405.0               22.4064               1.9581                .4548                  405.0         .0            .0                  .0
428.0               21.1049               2.1177                .1595                  428.0         .0            .0                  .0
444.0               20.0831               1.8223                .3709                  444.0         .0            .0                  .0
424.0               21.4094               1.8292                .4683                  424.0         .0            .0                  .0
425.0               20.8024               2.0802                .2216                  424.0         .0            .0                  .0
468.0               19.1681               1.9292                .1401                  469.0         .0            .0                  .0
439.0               20.3591               1.9515                .2761                  439.0         .0            .0                  .0
480.0               18.7193               1.8309                .1997                  480.0         .0            .0                  .0
444.0               19.9326               1.8733                .3179                  444.0         .0            .0                  .0
454.0               19.8945               1.9135                .2241                  454.0         .0            .0                  .0
440.0               20.0907               1.9786                .2361                  440.0         .0            .0                  .0
425.0               20.9085               2.0141                .2834                  425.0         .0            .0                  .0
448.0               19.9443               1.9113                .2651                  448.0         .0            .0                  .0
464.0               19.2645               1.6564                .4345                  464.0         .0            .0                  .0
438.0               20.5125               1.7811                .4534                  438.0         .0            .0                  .0
474.0               19.5347               1.5803                .4697                  474.0         .0            .0                  .0
481.0               18.6183               1.6698                .3523                  481.0         .0            .0                  .0
482.0               18.2899               1.7502                .2669                  482.0         .0            .0                  .0
433.0               20.447                1.9541                .2909                  433.0         .0            .0                  .0
428.0               20.7599               2.0312                .2482                  428.0         .0            .0                  .0
427.0               20.8014               2.0301                .2538                  427.0         .0            .0                  .0
404.0               22.7704               1.9637                .4456                  404.0         .0            .0                  .0
419.0               21.3143               2.2097                .1235                  419.0         .0            .0                  .0
420.0               21.4489               2.1824                .1423                  420.0         .0            .0                  .0
383.0               22.8646               1.9988                .5539                  383.0         .0            .0                  .0
420.0               21.4727               1.9856                .3247                  420.0         .0            .0                  .0
459.0               19.5652               1.7488                .366                   459.0         .0            .0                  .0
448.0               19.6659               1.9284                .2535                  448.0         .0            .0                  .0
472.0               18.9535               1.7735                .287                   472.0         .0            .0                  .0
433.0               20.9009               1.8632                .3851                  433.0         .0            .0                  .0
436.0               20.2815               1.8654                1.356                  436.0         .0            .0                  .0
445.0               19.778                2.1792                .0077                  445.0         .0            .0                  .0
427.0               20.486                1.9369                .3418                  427.0         .0            .0                  .0
451.0               19.458                1.7789                .3796                  451.0         .0            .0                  .0
446.0               20.0134               1.8305                .3543                  446.0         .0            .0                  .0
427.0               20.4988               1.9018                .3813                  426.0         .0            .0                  .0
451.0               19.8186               2.1315                .0207                  452.0         .0            .0                  .0
475.0               19.0777               1.6555                .3988                  475.0         .0            .0                  .0
423.0               20.809                1.8095                .4927                  423.0         .0            .0                  .0
440.0               20.4762               1.8344                .3885                  440.0         .0            .0                  .0
434.0               20.5241               1.988                 .2594                  434.0         .0            .0                  .0
10.0                17.6                  2.0429                .2619                  9.0           .0            .0                  .0
Server 0, get requests: 0
Server 1, get requests: 0
Server 2, get requests: 0

Thread 1
Throughput          Waiting time          Service time          Time to parse          Sets          Gets          Multi-gets          Misses
258.0               21.3861               1.8545                .9038                  259.0         .0            .0                  .0
423.0               22.4009               1.8973                .3594                  423.0         .0            .0                  .0
445.0               21.287                1.7683                .4408                  445.0         .0            .0                  .0
439.0               21.3091               1.9192                .2905                  439.0         .0            .0                  .0
463.0               19.4095               1.758                 .3463                  463.0         .0            .0                  .0
457.0               19.9934               1.9498                .1822                  457.0         .0            .0                  .0
440.0               20.7438               1.8449                .364                   440.0         .0            .0                  .0
410.0               21.8881               2.0239                .347                   410.0         .0            .0                  .0
448.0               20.3229               1.7515                .4206                  448.0         .0            .0                  .0
467.0               19.4402               1.7561                .3228                  467.0         .0            .0                  .0
440.0               20.2925               1.8873                .3229                  440.0         .0            .0                  .0
432.0               20.7991               1.8891                .3609                  432.0         .0            .0                  .0
458.0               19.4248               1.8697                .2518                  458.0         .0            .0                  .0
454.0               19.7495               1.7455                .3841                  454.0         .0            .0                  .0
459.0               19.5261               1.8717                .2552                  459.0         .0            .0                  .0
474.0               20.6484               1.985                 .0536                  474.0         .0            .0                  .0
444.0               21.2494               1.7682                .4189                  444.0         .0            .0                  .0
414.0               22.0072               1.9361                .4042                  414.0         .0            .0                  .0
443.0               20.1306               1.8964                .3041                  443.0         .0            .0                  .0
403.0               22.3267               1.8874                .5389                  403.0         .0            .0                  .0
422.0               20.9835               2.1277                .1686                  422.0         .0            .0                  .0
443.0               20.0473               1.7874                .403                   443.0         .0            .0                  .0
429.0               21.1884               1.8689                .4104                  429.0         .0            .0                  .0
433.0               20.8502               1.9978                .2537                  433.0         .0            .0                  .0
468.0               19.1791               1.9126                .1569                  468.0         .0            .0                  .0
437.0               20.4452               1.9527                .2833                  437.0         .0            .0                  .0
481.0               18.5934               1.7746                .2338                  481.0         .0            .0                  .0
460.0               19.9436               1.8521                .2461                  460.0         .0            .0                  .0
453.0               20.0286               1.916                 .2325                  453.0         .0            .0                  .0
453.0               20.0705               1.8868                .2632                  453.0         .0            .0                  .0
429.0               20.986                1.9681                .3009                  429.0         .0            .0                  .0
452.0               20.0177               1.8703                .2872                  452.0         .0            .0                  .0
468.0               19.2324               1.6231                .4513                  468.0         .0            .0                  .0
439.0               20.4864               1.7221                .5046                  439.0         .0            .0                  .0
460.0               19.3189               1.5396                .5718                  460.0         .0            .0                  .0
476.0               18.7547               1.6182                .418                   476.0         .0            .0                  .0
493.0               18.2591               1.7001                .2655                  493.0         .0            .0                  .0
447.0               20.4308               1.924                 .2607                  447.0         .0            .0                  .0
434.0               20.8046               1.9562                .2797                  434.0         .0            .0                  .0
434.0               20.7264               2.0001                .2603                  434.0         .0            .0                  .0
399.0               22.4575               1.9641                .4789                  399.0         .0            .0                  .0
414.0               21.5349               2.0925                .2633                  414.0         .0            .0                  .0
424.0               21.16                 2.119                 .1839                  424.0         .0            .0                  .0
398.0               23.0652               1.8933                .5576                  398.0         .0            .0                  .0
416.0               21.2854               1.9806                .3515                  416.0         .0            .0                  .0
470.0               19.4437               1.6925                .3788                  470.0         .0            .0                  .0
456.0               19.4486               1.8562                .2915                  456.0         .0            .0                  .0
470.0               18.879                1.72                  .3444                  470.0         .0            .0                  .0
426.0               20.8595               1.8495                .4137                  426.0         .0            .0                  .0
438.0               20.3462               1.839                 .3866                  438.0         .0            .0                  .0
450.0               19.6497               2.1486                .0152                  450.0         .0            .0                  .0
441.0               20.5317               1.8727                .3411                  441.0         .0            .0                  .0
463.0               19.5065               1.7673                .3349                  463.0         .0            .0                  .0
450.0               19.9956               1.7775                .387                   450.0         .0            .0                  .0
447.0               20.6652               1.8047                .3764                  447.0         .0            .0                  .0
454.0               19.7802               2.0278                .0973                  454.0         .0            .0                  .0
477.0               18.9289               1.6395                .4136                  477.0         .0            .0                  .0
441.0               20.9118               1.7218                .4698                  441.0         .0            .0                  .0
450.0               20.4457               1.7854                .3851                  450.0         .0            .0                  .0
441.0               20.5656               1.8986                .3092                  441.0         .0            .0                  .0
11.0                17.8182               2.1266                -.004                  10.0          .0            .0                  .0
Server 0, get requests: 0
Server 1, get requests: 0
Server 2, get requests: 0

Thread 2
Throughput          Waiting time          Service time          Time to parse          Sets          Gets          Multi-gets          Misses
284.0               21.6211               1.6393                .9178                  285.0         .0            .0                  .0
412.0               22.2155               1.9262                .4089                  412.0         .0            .0                  .0
424.0               21.24                 1.8445                .4567                  424.0         .0            .0                  .0
404.0               21.242                1.958                 .4545                  404.0         .0            .0                  .0
464.0               19.572                1.773                 .3259                  464.0         .0            .0                  .0
456.0               20.0416               1.9673                .17                    456.0         .0            .0                  .0
447.0               20.7567               1.8222                .3545                  447.0         .0            .0                  .0
411.0               21.8835               1.9758                .3919                  411.0         .0            .0                  .0
441.0               20.4118               1.7907                .4157                  441.0         .0            .0                  .0
468.0               19.3859               1.736                 .3253                  468.0         .0            .0                  .0
442.0               20.4661               1.9072                1.6974                 441.0         .0            .0                  .0
435.0               20.8627               1.8452                .3754                  436.0         .0            .0                  .0
461.0               19.3506               1.8454                .2639                  461.0         .0            .0                  .0
461.0               19.9805               1.7556                .3474                  461.0         .0            .0                  .0
465.0               19.7167               1.8563                .2445                  465.0         .0            .0                  .0
371.0               20.0753               3.0246                -.3924                 371.0         .0            .0                  .0
444.0               21.4899               1.8028                .3801                  444.0         .0            .0                  .0
407.0               21.8873               2.146                 .2494                  407.0         .0            .0                  .0
452.0               20.34                 1.9065                .2553                  452.0         .0            .0                  .0
409.0               22.5683               1.8495                .5449                  409.0         .0            .0                  .0
426.0               21.0258               2.1078                .1806                  426.0         .0            .0                  .0
446.0               19.9978               1.8216                .3669                  446.0         .0            .0                  .0
439.0               21.4568               1.8424                .387                   439.0         .0            .0                  .0
435.0               20.9014               1.9802                .2657                  435.0         .0            .0                  .0
472.0               19.2199               1.9226                .1335                  472.0         .0            .0                  .0
445.0               20.5381               1.8996                .2939                  445.0         .0            .0                  .0
483.0               18.626                1.7999                .2166                  483.0         .0            .0                  .0
446.0               20.1432               1.8831                .2985                  446.0         .0            .0                  .0
450.0               19.9335               1.9334                .2298                  450.0         .0            .0                  .0
456.0               20.1247               1.9055                .2329                  456.0         .0            .0                  .0
430.0               20.9745               1.9897                .2824                  430.0         .0            .0                  .0
448.0               20.1002               1.9256                .2517                  448.0         .0            .0                  .0
476.0               19.3878               1.5802                .458                   476.0         .0            .0                  .0
434.0               20.5632               1.7555                .4999                  434.0         .0            .0                  .0
464.0               19.4                  1.534                 .5613                  464.0         .0            .0                  .0
493.0               18.6073               1.619                 .3506                  493.0         .0            .0                  .0
491.0               18.4106               1.6872                .2929                  491.0         .0            .0                  .0
437.0               20.379                1.9339                .2989                  437.0         .0            .0                  .0
435.0               20.8073               1.9713                .2578                  435.0         .0            .0                  .0
431.0               20.8287               1.9776                .2776                  431.0         .0            .0                  .0
400.0               22.591                1.9606                .4873                  400.0         .0            .0                  .0
406.0               21.5283               2.123                 .2871                  406.0         .0            .0                  .0
414.0               21.2988               2.1425                .2159                  414.0         .0            .0                  .0
387.0               22.9459               1.9126                .6085                  387.0         .0            .0                  .0
426.0               21.6183               2.0024                .2776                  426.0         .0            .0                  .0
460.0               19.4729               1.7235                .3912                  460.0         .0            .0                  .0
456.0               19.6915               1.8504                .2917                  456.0         .0            .0                  .0
474.0               18.8484               1.7221                .3299                  474.0         .0            .0                  .0
442.0               20.8262               1.8038                .3962                  442.0         .0            .0                  .0
451.0               20.2478               1.7879                .373                   451.0         .0            .0                  .0
463.0               19.7565               2.1447                -.0365                 463.0         .0            .0                  .0
439.0               20.65                 1.8851                .34                    439.0         .0            .0                  .0
460.0               19.5618               1.7355                .3845                  460.0         .0            .0                  .0
451.0               20.0774               1.785                 .3774                  451.0         .0            .0                  .0
438.0               20.5877               1.8586                .3761                  438.0         .0            .0                  .0
455.0               19.7763               2.0549                .0736                  455.0         .0            .0                  .0
473.0               18.9093               1.6222                .4328                  473.0         .0            .0                  .0
429.0               20.9465               1.7442                .5274                  429.0         .0            .0                  .0
444.0               20.5506               1.7684                .4239                  444.0         .0            .0                  .0
441.0               20.5724               1.9057                .3037                  441.0         .0            .0                  .0
9.0                 18.3333               2.239                 .1425                  8.0           .0            .0                  .0
Server 0, get requests: 0
Server 1, get requests: 0
Server 2, get requests: 0

Thread 3
Throughput          Waiting time          Service time          Time to parse          Sets          Gets          Multi-gets          Misses
248.0               20.9197               2.1115                .8462                  249.0         .0            .0                  .0
415.0               22.3269               1.9254                .384                   415.0         .0            .0                  .0
425.0               21.2817               1.8321                .4517                  425.0         .0            .0                  .0
417.0               21.2919               1.9952                .3382                  417.0         .0            .0                  .0
448.0               19.3898               1.7906                .3881                  448.0         .0            .0                  .0
441.0               19.9615               2.04                  .1674                  441.0         .0            .0                  .0
422.0               20.7021               1.921                 .3823                  422.0         .0            .0                  .0
407.0               21.7794               2.0254                .3725                  407.0         .0            .0                  .0
430.0               20.3782               1.7834                .4851                  430.0         .0            .0                  .0
456.0               19.3217               1.7729                .3653                  456.0         .0            .0                  .0
429.0               20.4172               1.9446                .3321                  428.0         .0            .0                  .0
435.0               20.7225               1.8329                .4031                  436.0         .0            .0                  .0
451.0               19.3075               1.8997                .2604                  451.0         .0            .0                  .0
443.0               19.8086               1.7966                .3881                  443.0         .0            .0                  .0
444.0               19.4764               1.8835                .3145                  444.0         .0            .0                  .0
460.0               20.5761               2.0721                .0468                  459.0         .0            .0                  .0
442.0               21.5621               1.8207                .3754                  443.0         .0            .0                  .0
408.0               21.9169               1.9894                .3944                  408.0         .0            .0                  .0
444.0               20.2944               1.9265                .2665                  444.0         .0            .0                  .0
396.0               22.1159               1.9354                .5232                  396.0         .0            .0                  .0
423.0               20.922                2.1292                .1789                  422.0         .0            .0                  .0
434.0               19.9287               1.871                 .3605                  435.0         .0            .0                  .0
415.0               21.1322               1.89                  .4574                  415.0         .0            .0                  .0
422.0               20.7849               2.0413                .2708                  422.0         .0            .0                  .0
450.0               18.9756               2.0633                .0982                  450.0         .0            .0                  .0
430.0               20.5893               1.9588                .3095                  430.0         .0            .0                  .0
472.0               18.6152               1.8167                .2389                  472.0         .0            .0                  .0
452.0               19.8808               1.8488                .3064                  452.0         .0            .0                  .0
445.0               19.926                1.9013                .2808                  445.0         .0            .0                  .0
439.0               20.0341               1.9367                .2837                  439.0         .0            .0                  .0
424.0               20.9035               1.9683                .3358                  424.0         .0            .0                  .0
436.0               19.9725               1.9151                .3213                  436.0         .0            .0                  .0
459.0               19.2848               1.6284                .4859                  459.0         .0            .0                  .0
430.0               20.5267               1.7235                .5512                  430.0         .0            .0                  .0
440.0               19.2857               1.563                 .6513                  440.0         .0            .0                  .0
470.0               18.8238               1.6978                .3741                  470.0         .0            .0                  .0
482.0               18.2195               1.705                 .3151                  482.0         .0            .0                  .0
432.0               20.2471               1.9412                .31                    432.0         .0            .0                  .0
428.0               20.7086               2.0065                .2722                  428.0         .0            .0                  .0
426.0               20.7494               1.8899                .3919                  426.0         .0            .0                  .0
387.0               22.5206               1.955                 .5536                  387.0         .0            .0                  .0
396.0               21.0882               2.1668                .2994                  396.0         .0            .0                  .0
416.0               21.4365               2.1662                .1847                  416.0         .0            .0                  .0
388.0               23.0334               1.922                 .6021                  388.0         .0            .0                  .0
411.0               21.3544               1.9987                .3681                  411.0         .0            .0                  .0
452.0               19.4901               1.7325                .4195                  452.0         .0            .0                  .0
449.0               19.4778               1.8805                .3053                  449.0         .0            .0                  .0
465.0               18.7511               1.7597                .3344                  465.0         .0            .0                  .0
430.0               20.7378               1.8513                .3966                  430.0         .0            .0                  .0
431.0               20.2245               1.8648                .4064                  431.0         .0            .0                  .0
445.0               19.8206               2.138                 .0581                  445.0         .0            .0                  .0
430.0               20.4826               1.9411                .3298                  430.0         .0            .0                  .0
448.0               19.4076               1.8224                .3504                  448.0         .0            .0                  .0
438.0               19.918                1.8013                .4185                  438.0         .0            .0                  .0
432.0               20.4596               1.8451                .407                   432.0         .0            .0                  .0
439.0               19.7591               2.1205                .0917                  439.0         .0            .0                  .0
464.0               18.9419               1.6827                .4301                  464.0         .0            .0                  .0
418.0               21.0788               1.8281                .5006                  418.0         .0            .0                  .0
433.0               20.3963               1.8126                .4375                  433.0         .0            .0                  .0
428.0               20.3916               1.9674                .3037                  428.0         .0            .0                  .0
11.0                18.2727               2.0041                .1117                  10.0          .0            .0                  .0
Server 0, get requests: 0
Server 1, get requests: 0
Server 2, get requests: 0

Thread 4
Throughput          Waiting time          Service time          Time to parse          Sets          Gets          Multi-gets          Misses
312.0               21.1693               1.5984                .6834                  313.0         .0            .0                  .0
378.0               21.9789               1.9956                .5499                  378.0         .0            .0                  .0
406.0               21.2359               1.8446                .5853                  406.0         .0            .0                  .0
425.0               21.3638               1.9203                .364                   425.0         .0            .0                  .0
469.0               19.4234               1.7538                .3225                  469.0         .0            .0                  .0
436.0               20.0709               2.064                 .1669                  436.0         .0            .0                  .0
439.0               20.6886               1.8342                .3836                  439.0         .0            .0                  .0
407.0               21.7598               2.0072                .3855                  407.0         .0            .0                  .0
438.0               20.262                1.8121                .411                   438.0         .0            .0                  .0
464.0               19.4903               1.745                 .3517                  464.0         .0            .0                  .0
435.0               20.406                1.8384                .3822                  435.0         .0            .0                  .0
432.0               20.6744               1.8361                .4389                  432.0         .0            .0                  .0
457.0               19.4105               1.8369                .2889                  457.0         .0            .0                  .0
447.0               19.9018               1.7991                .361                   447.0         .0            .0                  .0
465.0               19.6009               1.8836                .2115                  465.0         .0            .0                  .0
476.0               20.4885               1.9937                .048                   476.0         .0            .0                  .0
390.0               21.2251               2.0951                .4101                  390.0         .0            .0                  .0
406.0               21.7568               1.9836                .4099                  406.0         .0            .0                  .0
437.0               20.2237               1.9433                .284                   437.0         .0            .0                  .0
402.0               22.2878               1.9103                .5169                  402.0         .0            .0                  .0
426.0               20.9953               2.0892                .198                   426.0         .0            .0                  .0
447.0               20.0089               1.7551                .4185                  447.0         .0            .0                  .0
422.0               21.4019               1.8552                .4672                  422.0         .0            .0                  .0
433.0               20.8295               1.9774                .28                    433.0         .0            .0                  .0
466.0               19.0578               1.9502                .135                   466.0         .0            .0                  .0
443.0               20.4234               1.9024                .3007                  443.0         .0            .0                  .0
476.0               18.6017               1.8034                .2453                  476.0         .0            .0                  .0
449.0               20.0289               1.874                 .2877                  449.0         .0            .0                  .0
454.0               19.9297               1.8194                .3134                  454.0         .0            .0                  .0
452.0               20.0552               1.883                 .2701                  452.0         .0            .0                  .0
420.0               20.943                1.9848                .3317                  420.0         .0            .0                  .0
446.0               19.9911               1.8763                .311                   446.0         .0            .0                  .0
455.0               19.2368               1.6038                .5281                  455.0         .0            .0                  .0
447.0               20.6004               1.6641                .5253                  447.0         .0            .0                  .0
449.0               19.2644               1.5497                .6124                  449.0         .0            .0                  .0
481.0               18.5747               1.6109                .4047                  481.0         .0            .0                  .0
494.0               18.3293               1.6627                .3081                  494.0         .0            .0                  .0
447.0               20.3638               1.8747                .3062                  447.0         .0            .0                  .0
435.0               20.8394               1.9842                .2623                  435.0         .0            .0                  .0
443.0               20.75                 1.9007                .306                   443.0         .0            .0                  .0
397.0               22.4749               1.9655                .4961                  397.0         .0            .0                  .0
434.0               21.6874               1.9968                .2446                  434.0         .0            .0                  .0
414.0               21.106                2.1134                .2454                  414.0         .0            .0                  .0
399.0               23.09                 1.8987                .5531                  399.0         .0            .0                  .0
425.0               21.3498               1.912                 .3736                  425.0         .0            .0                  .0
463.0               19.6336               1.6674                .4342                  463.0         .0            .0                  .0
453.0               19.5529               1.7462                .4058                  453.0         .0            .0                  .0
472.0               18.7569               1.732                 .3334                  472.0         .0            .0                  .0
430.0               20.7564               1.8441                .412                   430.0         .0            .0                  .0
443.0               20.2815               1.7696                .4311                  443.0         .0            .0                  .0
457.0               19.6703               2.0871                .0436                  457.0         .0            .0                  .0
439.0               20.5886               1.841                 .3807                  439.0         .0            .0                  .0
461.0               19.5303               1.7754                .3389                  461.0         .0            .0                  .0
451.0               19.9181               1.7571                .4065                  451.0         .0            .0                  .0
438.0               20.6446               1.7839                .4356                  438.0         .0            .0                  .0
454.0               19.7978               1.9951                .1339                  454.0         .0            .0                  .0
476.0               18.8826               1.5887                .457                   476.0         .0            .0                  .0
428.0               21.0583               1.8276                .4455                  428.0         .0            .0                  .0
437.0               20.5068               1.8087                .4274                  437.0         .0            .0                  .0
437.0               20.379                1.9118                .318                   437.0         .0            .0                  .0
10.0                16.9                  1.964                 .2461                  9.0           .0            .0                  .0
Server 0, get requests: 0
Server 1, get requests: 0
Server 2, get requests: 0

Thread 5
Throughput          Waiting time          Service time          Time to parse          Sets          Gets          Multi-gets          Misses
274.0               21.2182               1.8696                .6855                  275.0         .0            .0                  .0
369.0               22.0867               1.9449                9.8723                 368.0         .0            .0                  .0
400.0               21.4763               1.857                 .5484                  401.0         .0            .0                  .0
407.0               21.2181               1.9262                .4913                  407.0         .0            .0                  .0
462.0               19.4816               1.7729                .3399                  462.0         .0            .0                  .0
453.0               20.0352               1.9568                .1903                  453.0         .0            .0                  .0
442.0               20.763                1.8471                .3572                  442.0         .0            .0                  .0
418.0               21.9857               1.9851                .3507                  418.0         .0            .0                  .0
444.0               20.5034               1.7539                .4374                  444.0         .0            .0                  .0
467.0               19.5684               1.7426                .3323                  467.0         .0            .0                  .0
448.0               20.4788               1.8285                .3409                  448.0         .0            .0                  .0
440.0               20.8705               1.8256                .3797                  439.0         .0            .0                  .0
475.0               19.4454               1.7802                .2607                  476.0         .0            .0                  .0
456.0               19.8534               1.7803                .3329                  456.0         .0            .0                  .0
473.0               19.6224               1.8301                .2335                  473.0         .0            .0                  .0
381.0               19.9686               3.0307                -.4702                 381.0         .0            .0                  .0
397.0               21.3744               1.8758                .5848                  397.0         .0            .0                  .0
404.0               21.8765               2.1029                .3052                  404.0         .0            .0                  .0
449.0               20.3222               1.8945                .2704                  449.0         .0            .0                  .0
405.0               22.4532               1.8978                .5154                  405.0         .0            .0                  .0
436.0               21.1968               2.0655                .1722                  436.0         .0            .0                  .0
462.0               20.1382               1.7432                .3615                  462.0         .0            .0                  .0
427.0               21.4019               1.8875                .408                   427.0         .0            .0                  .0
442.0               20.9481               1.9699                .2313                  442.0         .0            .0                  .0
467.0               19.2628               1.8797                .1958                  467.0         .0            .0                  .0
443.0               20.5315               1.9229                .2766                  443.0         .0            .0                  .0
479.0               18.7188               1.8173                .2117                  479.0         .0            .0                  .0
454.0               20.1495               1.8357                .3065                  454.0         .0            .0                  .0
458.0               19.8845               1.8643                .2654                  458.0         .0            .0                  .0
462.0               20.1469               1.8849                .2232                  462.0         .0            .0                  .0
439.0               21.0523               1.9445                .2739                  439.0         .0            .0                  .0
449.0               20.0867               1.8463                .3234                  449.0         .0            .0                  .0
467.0               19.4188               1.5792                .4976                  467.0         .0            .0                  .0
443.0               20.705                1.7205                .4773                  443.0         .0            .0                  .0
458.0               19.4096               1.5586                .564                   458.0         .0            .0                  .0
490.0               18.7332               1.5973                .3763                  490.0         .0            .0                  .0
489.0               18.3429               1.6895                .2936                  489.0         .0            .0                  .0
443.0               20.3694               1.8985                .2995                  443.0         .0            .0                  .0
436.0               20.9291               1.9835                .2467                  436.0         .0            .0                  .0
439.0               20.8273               1.9579                .2647                  439.0         .0            .0                  .0
401.0               22.7612               1.9653                .4759                  401.0         .0            .0                  .0
431.0               21.6528               2.095                 .172                   431.0         .0            .0                  .0
430.0               21.5336               2.0972                .1748                  430.0         .0            .0                  .0
397.0               22.8869               1.8922                .5668                  397.0         .0            .0                  .0
426.0               21.5785               1.9923                .2858                  426.0         .0            .0                  .0
463.0               19.5366               1.7042                .3839                  463.0         .0            .0                  .0
462.0               19.6263               1.8518                .2637                  462.0         .0            .0                  .0
483.0               18.9421               1.7212                .2871                  483.0         .0            .0                  .0
433.0               20.9539               1.8839                .3619                  433.0         .0            .0                  .0
454.0               20.3143               1.4999                .6534                  454.0         .0            .0                  .0
464.0               19.7892               2.0972                .006                   464.0         .0            .0                  .0
443.0               20.6644               1.8457                .3585                  443.0         .0            .0                  .0
470.0               19.5372               1.7353                .3291                  470.0         .0            .0                  .0
454.0               20.1429               1.7709                .3785                  454.0         .0            .0                  .0
443.0               20.6667               1.8305                .3785                  443.0         .0            .0                  .0
456.0               19.8709               1.9997                .1239                  456.0         .0            .0                  .0
492.0               18.9858               1.6035                .3763                  492.0         .0            .0                  .0
433.0               21.0207               1.7496                .494                   433.0         .0            .0                  .0
446.0               20.528                1.7835                .3993                  446.0         .0            .0                  .0
444.0               20.618                1.8998                .2936                  444.0         .0            .0                  .0
10.0                17.8                  2.135                 .0987                  9.0           .0            .0                  .0
Server 0, get requests: 0
Server 1, get requests: 0
Server 2, get requests: 0

Thread 6
Throughput          Waiting time          Service time          Time to parse          Sets          Gets          Multi-gets          Misses
278.0               21.0394               1.8598                .6388                  279.0         .0            .0                  .0
430.0               22.3039               1.8785                .3728                  430.0         .0            .0                  .0
443.0               21.7703               1.7346                .4564                  443.0         .0            .0                  .0
447.0               21.5335               1.8618                .3174                  447.0         .0            .0                  .0
473.0               19.5717               1.7386                .3191                  473.0         .0            .0                  .0
464.0               20.3355               1.9187                .1821                  464.0         .0            .0                  .0
448.0               20.8486               1.8331                .3434                  448.0         .0            .0                  .0
427.0               22.0584               1.9548                .3288                  427.0         .0            .0                  .0
440.0               20.5125               1.825                 .3883                  440.0         .0            .0                  .0
471.0               19.589                1.7491                .3204                  471.0         .0            .0                  .0
457.0               20.4672               1.8352                .2989                  457.0         .0            .0                  .0
439.0               20.8773               1.8177                .404                   439.0         .0            .0                  .0
474.0               19.4758               1.7953                .2534                  474.0         .0            .0                  .0
447.0               19.9397               1.8013                .3544                  447.0         .0            .0                  .0
469.0               19.6766               1.8275                .2579                  469.0         .0            .0                  .0
479.0               20.7975               2.0138                -.4557                 478.0         .0            .0                  .0
449.0               21.4711               1.7883                .3775                  450.0         .0            .0                  .0
424.0               22.1529               1.9008                .3853                  424.0         .0            .0                  .0
461.0               20.1926               1.8346                .2813                  461.0         .0            .0                  .0
410.0               22.6204               1.8328                .5473                  410.0         .0            .0                  .0
441.0               21.2624               2.0358                .1738                  441.0         .0            .0                  .0
461.0               20.2165               1.7339                .3756                  461.0         .0            .0                  .0
425.0               21.331                1.8857                .4161                  425.0         .0            .0                  .0
440.0               20.9592               2.0075                .2167                  440.0         .0            .0                  .0
466.0               19.3298               1.9311                .1536                  466.0         .0            .0                  .0
451.0               20.6217               1.8338                .3291                  451.0         .0            .0                  .0
497.0               18.8233               1.7373                .223                   497.0         .0            .0                  .0
467.0               20.0085               1.8082                .2762                  467.0         .0            .0                  .0
458.0               20.0545               1.8208                .304                   458.0         .0            .0                  .0
442.0               20.2573               1.8715                .3373                  442.0         .0            .0                  .0
439.0               21.0955               1.9111                .3074                  439.0         .0            .0                  .0
457.0               20.214                1.8475                .2822                  457.0         .0            .0                  .0
474.0               19.4463               1.567                 .4808                  474.0         .0            .0                  .0
447.0               20.7076               1.6497                .5401                  447.0         .0            .0                  .0
485.0               19.4815               1.4555                .5414                  485.0         .0            .0                  .0
491.0               18.939                1.5967                .388                   491.0         .0            .0                  .0
501.0               18.4641               1.6356                .3033                  501.0         .0            .0                  .0
439.0               20.4023               1.9179                .3039                  439.0         .0            .0                  .0
446.0               21.0515               1.9336                .2578                  446.0         .0            .0                  .0
446.0               20.83                 1.903                 .2749                  446.0         .0            .0                  .0
407.0               22.8113               1.9295                .4674                  407.0         .0            .0                  .0
424.0               21.8494               2.0949                .2105                  424.0         .0            .0                  .0
436.0               21.5652               2.1025                .1327                  436.0         .0            .0                  .0
407.0               23.2966               1.8459                .5255                  407.0         .0            .0                  .0
414.0               21.2867               2.0031                .3515                  414.0         .0            .0                  .0
475.0               19.6155               1.6741                .3665                  475.0         .0            .0                  .0
466.0               19.6767               1.8257                .2764                  466.0         .0            .0                  .0
491.0               19.0671               1.6608                .3187                  491.0         .0            .0                  .0
446.0               20.9329               1.8218                .3596                  446.0         .0            .0                  .0
455.0               20.4452               1.7415                .4005                  455.0         .0            .0                  .0
462.0               19.9568               2.0605                .0502                  462.0         .0            .0                  .0
444.0               20.6652               1.8623                .3348                  444.0         .0            .0                  .0
476.0               19.7044               1.7084                .34                    476.0         .0            .0                  .0
459.0               20.2022               1.7596                .3597                  459.0         .0            .0                  .0
445.0               20.778                1.8141                .3822                  445.0         .0            .0                  .0
457.0               19.8428               2.037                 .0835                  457.0         .0            .0                  .0
487.0               18.9959               1.6043                .4013                  487.0         .0            .0                  .0
436.0               21.0206               1.7558                .4753                  436.0         .0            .0                  .0
452.0               20.585                1.7372                .406                   452.0         .0            .0                  .0
443.0               20.6959               1.9188                .2843                  443.0         .0            .0                  .0
10.0                18.2                  2.1435                .0805                  9.0           .0            .0                  .0
Server 0, get requests: 0
Server 1, get requests: 0
Server 2, get requests: 0

Thread 7
Throughput          Waiting time          Service time          Time to parse          Sets          Gets          Multi-gets          Misses
257.0               21.4922               1.9623                .8918                  258.0         .0            .0                  .0
361.0               22.0665               2.0014                .657                   360.0         .0            .0                  .0
403.0               21.4109               1.8593                .5594                  404.0         .0            .0                  .0
442.0               21.3431               1.8815                .3163                  442.0         .0            .0                  .0
465.0               19.4185               1.768                 .3222                  465.0         .0            .0                  .0
451.0               20.0465               1.9582                .1955                  451.0         .0            .0                  .0
433.0               20.7097               1.8338                .4186                  433.0         .0            .0                  .0
415.0               21.8582               1.9848                .3674                  415.0         .0            .0                  .0
439.0               20.4909               1.7931                .4216                  439.0         .0            .0                  .0
468.0               19.4925               1.7775                .2945                  468.0         .0            .0                  .0
440.0               20.4331               1.8504                .352                   440.0         .0            .0                  .0
437.0               20.7231               1.8301                .4147                  436.0         .0            .0                  .0
459.0               19.3739               1.8826                .2323                  460.0         .0            .0                  .0
450.0               19.8692               1.7902                .3535                  450.0         .0            .0                  .0
462.0               19.6415               1.8602                .2483                  462.0         .0            .0                  .0
474.0               20.7832               1.9784                .0647                  474.0         .0            .0                  .0
387.0               21.2835               2.0876                .4361                  387.0         .0            .0                  .0
424.0               22.0259               1.9152                .3769                  424.0         .0            .0                  .0
447.0               20.1629               1.902                 .2851                  447.0         .0            .0                  .0
400.0               22.2693               1.8683                .5683                  400.0         .0            .0                  .0
427.0               20.9766               2.1103                .1702                  427.0         .0            .0                  .0
444.0               19.982                1.7444                .4378                  444.0         .0            .0                  .0
425.0               21.4272               1.8587                .4426                  425.0         .0            .0                  .0
439.0               20.9                  1.9662                .2526                  439.0         .0            .0                  .0
468.0               19.1429               1.8983                .1749                  468.0         .0            .0                  .0
444.0               20.3843               1.9048                .2952                  444.0         .0            .0                  .0
483.0               18.6942               1.8283                .1867                  483.0         .0            .0                  .0
440.0               20.1179               1.9292                .2416                  440.0         .0            .0                  .0
445.0               19.8969               1.8707                .3064                  445.0         .0            .0                  .0
455.0               20.068                1.8904                .2414                  455.0         .0            .0                  .0
433.0               21.0968               1.9396                .3036                  433.0         .0            .0                  .0
449.0               20.0                  1.8533                .3135                  449.0         .0            .0                  .0
464.0               19.2409               1.5962                .4986                  464.0         .0            .0                  .0
442.0               20.4695               1.6918                .517                   442.0         .0            .0                  .0
467.0               19.453                1.5275                .5541                  467.0         .0            .0                  .0
480.0               18.7193               1.6547                .3688                  480.0         .0            .0                  .0
486.0               18.2053               1.6948                .3073                  486.0         .0            .0                  .0
448.0               20.392                1.8806                .3011                  448.0         .0            .0                  .0
436.0               20.8624               1.9547                .2796                  436.0         .0            .0                  .0
437.0               20.8311               1.9535                .2746                  437.0         .0            .0                  .0
401.0               22.4602               1.9383                .5017                  401.0         .0            .0                  .0
422.0               21.8747               2.1088                .2082                  422.0         .0            .0                  .0
425.0               21.3685               2.09                  .2083                  425.0         .0            .0                  .0
393.0               22.967                1.9088                .5793                  393.0         .0            .0                  .0
428.0               21.3823               1.9708                .3075                  428.0         .0            .0                  .0
463.0               19.4698               1.7104                .3886                  463.0         .0            .0                  .0
462.0               19.6026               1.8093                .3123                  462.0         .0            .0                  .0
473.0               18.9515               1.7135                .3365                  473.0         .0            .0                  .0
432.0               20.8545               1.8661                .3903                  432.0         .0            .0                  .0
447.0               20.349                1.7635                -.2097                 446.0         .0            .0                  .0
458.0               19.7669               2.1155                .0083                  459.0         .0            .0                  .0
441.0               20.5181               1.86                  .3529                  441.0         .0            .0                  .0
457.0               19.5633               1.7702                .3671                  457.0         .0            .0                  .0
457.0               20.0349               1.7586                .3756                  457.0         .0            .0                  .0
437.0               20.4315               1.8491                .3858                  437.0         .0            .0                  .0
454.0               19.6703               2.0594                .0606                  454.0         .0            .0                  .0
487.0               19.0102               1.6029                .4087                  487.0         .0            .0                  .0
422.0               20.9787               1.8318                .4585                  422.0         .0            .0                  .0
433.0               20.4194               1.8519                .3906                  433.0         .0            .0                  .0
442.0               20.5395               1.9015                .3123                  442.0         .0            .0                  .0
10.0                17.2                  2.1521                .1443                  9.0           .0            .0                  .0
Server 0, get requests: 0
Server 1, get requests: 0
Server 2, get requests: 0

Aggregated Statistics for a 1 seconds window of the entire middleware: 
Throughput          QueueLength          Waiting time          Service time          Time to parse          Sets          Gets          Multi-gets          Misses
2228.0              .0                   21.3043               1.7933                .7962                  2236.0        .0            .0                  .0
3197.0              75.0                 22.2011               1.9491                1.6158                 3195.0        .0            .0                  .0
3380.0              69.0                 21.3734               1.8225                .4906                  3382.0        .0            .0                  .0
3385.0              72.0                 21.2994               1.9286                .3774                  3385.0        .0            .0                  .0
3696.0              76.0                 19.4596               1.7747                .3347                  3696.0        .0            .0                  .0
3597.0              69.0                 20.0719               1.9897                .1764                  3597.0        .0            .0                  .0
3497.0              70.0                 20.7203               1.8591                .3691                  3497.0        .0            .0                  .0
3305.0              72.0                 21.8946               1.9972                .3632                  3305.0        .0            .0                  .0
3513.0              73.0                 20.3971               1.7954                .4217                  3513.0        .0            .0                  .0
3719.0              76.0                 19.454                1.7684                .3213                  3719.0        .0            .0                  .0
3528.0              72.0                 20.4027               1.8793                .5017                  3526.0        .0            .0                  .0
3485.0              72.0                 20.7864               1.848                 .3887                  3485.0        .0            .0                  .0
3701.0              65.0                 19.3978               1.8475                .253                   3703.0        .0            .0                  .0
3609.0              69.0                 19.8646               1.7845                .3583                  3609.0        .0            .0                  .0
3704.0              76.0                 19.606                1.8617                .2468                  3704.0        .0            .0                  .0
3497.0              68.0                 20.4355               2.3379                -.144                  3495.0        .0            .0                  .0
3390.0              72.0                 21.3956               1.8904                .4156                  3392.0        .0            .0                  .0
3286.0              72.0                 21.9314               2.0114                .3565                  3286.0        .0            .0                  .0
3577.0              76.0                 20.2319               1.9079                .2735                  3577.0        .0            .0                  .0
3230.0              70.0                 22.381                1.8924                .5262                  3230.0        .0            .0                  .0
3429.0              72.0                 21.0584               2.0979                .1752                  3428.0        .0            .0                  .0
3581.0              72.0                 20.0503               1.7849                .3868                  3582.0        .0            .0                  .0
3406.0              76.0                 21.3436               1.8647                .4321                  3406.0        .0            .0                  .0
3469.0              72.0                 20.8719               2.0026                .249                   3468.0        .0            .0                  .0
3725.0              71.0                 19.167                1.9359                .1485                  3726.0        .0            .0                  .0
3532.0              76.0                 20.4866               1.9158                .2955                  3532.0        .0            .0                  .0
3851.0              71.0                 18.674                1.8011                .2195                  3851.0        .0            .0                  .0
3612.0              69.0                 20.0256               1.8631                .2851                  3612.0        .0            .0                  .0
3617.0              76.0                 19.9435               1.8799                .2695                  3617.0        .0            .0                  .0
3599.0              70.0                 20.1059               1.9047                .261                   3599.0        .0            .0                  .0
3439.0              69.0                 20.995                1.965                 .3024                  3439.0        .0            .0                  .0
3585.0              72.0                 20.0408               1.8807                .2944                  3585.0        .0            .0                  .0
3727.0              69.0                 19.314                1.6043                .4794                  3727.0        .0            .0                  .0
3520.0              73.0                 20.5714               1.7135                .5086                  3520.0        .0            .0                  .0
3697.0              74.0                 19.3935               1.5385                .5658                  3697.0        .0            .0                  .0
3862.0              76.0                 18.7213               1.633                 .3791                  3862.0        .0            .0                  .0
3918.0              71.0                 18.3151               1.6906                .2941                  3918.0        .0            .0                  .0
3526.0              69.0                 20.3789               1.9156                .2964                  3526.0        .0            .0                  .0
3478.0              68.0                 20.8454               1.9776                .263                   3478.0        .0            .0                  .0
3483.0              69.0                 20.793                1.9516                .288                   3483.0        .0            .0                  .0
3196.0              73.0                 22.6059               1.9552                .4883                  3196.0        .0            .0                  .0
3346.0              70.0                 21.5662               2.111                 .2261                  3346.0        .0            .0                  .0
3379.0              70.0                 21.3647               2.1266                .186                   3379.0        .0            .0                  .0
3152.0              68.0                 23.0187               1.909                 .5684                  3152.0        .0            .0                  .0
3366.0              72.0                 21.416                1.9807                .3301                  3366.0        .0            .0                  .0
3705.0              76.0                 19.5284               1.7067                .3911                  3705.0        .0            .0                  .0
3652.0              76.0                 19.5928               1.8436                .3                     3652.0        .0            .0                  .0
3800.0              69.0                 18.8937               1.7254                .3214                  3800.0        .0            .0                  .0
3472.0              74.0                 20.8528               1.848                 .3894                  3472.0        .0            .0                  .0
3555.0              74.0                 20.3113               1.7665                .4747                  3554.0        .0            .0                  .0
3644.0              74.0                 19.7735               2.1214                .0191                  3645.0        .0            .0                  .0
3504.0              73.0                 20.5733               1.8806                .3475                  3504.0        .0            .0                  .0
3686.0              67.0                 19.5336               1.7617                .3531                  3686.0        .0            .0                  .0
3606.0              71.0                 20.0378               1.78                  .3822                  3606.0        .0            .0                  .0
3507.0              74.0                 20.5915               1.836                 .3904                  3506.0        .0            .0                  .0
3620.0              70.0                 19.7895               2.0532                .0856                  3621.0        .0            .0                  .0
3831.0              76.0                 18.9665               1.6249                .4148                  3831.0        .0            .0                  .0
3430.0              70.0                 20.978                1.7835                .483                   3430.0        .0            .0                  .0
3535.0              76.0                 20.4885               1.7977                .4073                  3535.0        .0            .0                  .0
3510.0              76.0                 20.5358               1.9239                .298                   3510.0        .0            .0                  .0
81.0                64.0                 17.7655               2.1009                .1352                  73.0          .0            .0                  .0
The following results are aggregated for all threads, normalized for one second
Throughput(ops/sec):  (avg)3461.59,  (std)181.94
QueueLength: (avg)63.41,  (std)20.63
WaitingTime(msec): (avg)20.3916,  (std).9794
ServiceTime(msec): (avg)1.877,  (std).1359
ParseTime(msec): (avg).3578, (std).2053
Sets(ops/sec): 		 (avg)3461.59,  (std)182.04
Gets(ops/sec): 		 (avg).0,  (std).0
Multi-gets(ops/sec):  (avg).0,  (std).0
Misses(ops/sec):      (avg).0,  (std).0
Miss ratio: ?
Avg time between two tasks: .2304

Tot response time: average_waitingTime + average_serviceTime + average_parseTime + average_timeBetweenTwoTasks

max response time : 25.9964
min response time: 20.2321

20.2321:   #
20.8085:   ###
21.3849:   ####
21.9614:   ###########
22.5378:   ##########
23.1143:   ###############
23.6907:   #########
24.2671:   ####
24.8436:   #
25.42:   #
25.9964:   ##
