
Thread 0
Throughput          Waiting time          Service time          Time to parse          Sets          Gets          Multi-gets          Misses
94.0                .2                    2.1018                -.022                  95.0          .0            .0                  .0
119.0               .0924                 1.5488                .3016                  118.0         .0            .0                  .0
134.0               .1567                 1.3695                .1094                  134.0         .0            .0                  .0
129.0               .0698                 1.8266                -.0195                 129.0         .0            .0                  .0
132.0               .0682                 1.6129                .2369                  132.0         .0            .0                  .0
134.0               .0593                 1.5579                .1771                  135.0         .0            .0                  .0
124.0               .064                  1.8619                .1246                  124.0         .0            .0                  .0
145.0               .0483                 1.6109                .0282                  144.0         .0            .0                  .0
142.0               .0775                 1.3945                .1662                  142.0         .0            .0                  .0
140.0               .05                   1.4863                .11                    140.0         .0            .0                  .0
139.0               .0576                 1.5622                .1408                  139.0         .0            .0                  .0
143.0               .0559                 1.5795                .0904                  143.0         .0            .0                  .0
145.0               .0483                 1.5913                .1059                  145.0         .0            .0                  .0
146.0               .1027                 1.4367                .0686                  146.0         .0            .0                  .0
145.0               .0552                 1.4356                .1119                  145.0         .0            .0                  .0
128.0               .0859                 1.8632                .0736                  128.0         .0            .0                  .0
140.0               .0714                 1.4166                .288                   140.0         .0            .0                  .0
140.0               .0922                 1.3955                .2863                  141.0         .0            .0                  .0
130.0               .0923                 1.5297                .3282                  129.0         .0            .0                  .0
132.0               .0752                 1.4607                .2279                  133.0         .0            .0                  .0
132.0               .0526                 1.4897                .2888                  132.0         .0            .0                  .0
140.0               .1071                 1.4897                .1689                  139.0         .0            .0                  .0
129.0               .0775                 1.411                 .2099                  129.0         .0            .0                  .0
129.0               .062                  1.4932                .1311                  129.0         .0            .0                  .0
132.0               .053                  1.8419                .0228                  132.0         .0            .0                  .0
137.0               .0942                 1.6847                .1928                  138.0         .0            .0                  .0
130.0               .0382                 1.6284                .142                   130.0         .0            .0                  .0
135.0               .1103                 1.4992                .203                   135.0         .0            .0                  .0
141.0               .0567                 1.5771                .1759                  140.0         .0            .0                  .0
133.0               .0752                 1.7146                -.0028                 133.0         .0            .0                  .0
128.0               .0938                 1.434                 .2184                  128.0         .0            .0                  .0
133.0               .0752                 1.4129                .2876                  133.0         .0            .0                  .0
144.0               .0903                 1.4229                .1852                  144.0         .0            .0                  .0
140.0               .0571                 1.6361                .0427                  140.0         .0            .0                  .0
145.0               .0276                 1.4198                .1089                  145.0         .0            .0                  .0
144.0               .0694                 1.3318                .1877                  144.0         .0            .0                  .0
138.0               .0652                 1.446                 .0687                  138.0         .0            .0                  .0
135.0               .0519                 1.5451                .2232                  135.0         .0            .0                  .0
142.0               .0845                 1.4589                .1273                  142.0         .0            .0                  .0
139.0               .0288                 1.4487                .1813                  139.0         .0            .0                  .0
142.0               .0915                 1.4464                .2528                  142.0         .0            .0                  .0
135.0               .0667                 1.385                 .3305                  135.0         .0            .0                  .0
126.0               .0556                 1.5959                .1492                  126.0         .0            .0                  .0
136.0               .073                  1.4789                .2312                  137.0         .0            .0                  .0
143.0               .0769                 1.2753                .2278                  142.0         .0            .0                  .0
140.0               .1786                 1.3355                .1559                  140.0         .0            .0                  .0
129.0               .0538                 1.5371                .19                    130.0         .0            .0                  .0
137.0               .1232                 1.446                 .4004                  137.0         .0            .0                  .0
141.0               .0426                 1.4343                .3272                  140.0         .0            .0                  .0
139.0               .0432                 1.3867                .2661                  139.0         .0            .0                  .0
135.0               .0593                 1.489                 .1875                  135.0         .0            .0                  .0
133.0               .0902                 1.6069                .1793                  133.0         .0            .0                  .0
130.0               .0385                 1.5707                .1655                  130.0         .0            .0                  .0
147.0               .0473                 1.4498                .176                   148.0         .0            .0                  .0
146.0               .1233                 1.4735                .0958                  145.0         .0            .0                  .0
135.0               .0889                 1.6607                .107                   135.0         .0            .0                  .0
134.0               .0889                 1.6058                .0438                  135.0         .0            .0                  .0
133.0               .0602                 1.5829                .1555                  132.0         .0            .0                  .0
133.0               .0376                 1.589                 .1284                  133.0         .0            .0                  .0
146.0               .089                  1.4521                .0846                  146.0         .0            .0                  .0
Server 0, get requests: 0
Server 1, get requests: 0
Server 2, get requests: 0

Thread 1
Throughput          Waiting time          Service time          Time to parse          Sets          Gets          Multi-gets          Misses
90.0                .1099                 1.7439                .0771                  91.0          .0            .0                  .0
122.0               .1803                 1.3481                .4602                  121.0         .0            .0                  .0
136.0               .0662                 1.4603                .2185                  136.0         .0            .0                  .0
124.0               .0403                 1.4651                .3093                  124.0         .0            .0                  .0
134.0               .0815                 1.5172                .1179                  135.0         .0            .0                  .0
128.0               .0775                 1.4675                .2894                  128.0         .0            .0                  .0
115.0               .0345                 2.0355                .28                    115.0         .0            .0                  .0
147.0               .0612                 1.5571                .1214                  146.0         .0            .0                  .0
142.0               .0423                 1.4366                .2515                  142.0         .0            .0                  .0
147.0               .0408                 1.2867                .3542                  147.0         .0            .0                  .0
137.0               .087                  1.475                 .1477                  138.0         .0            .0                  .0
139.0               .0719                 1.399                 .15                    138.0         .0            .0                  .0
147.0               .0541                 1.4464                .1388                  148.0         .0            .0                  .0
143.0               .0764                 1.506                 .2064                  143.0         .0            .0                  .0
141.0               .0709                 1.4133                .2709                  140.0         .0            .0                  .0
136.0               .0368                 1.7068                .0521                  136.0         .0            .0                  .0
137.0               .0292                 1.4441                .316                   137.0         .0            .0                  .0
131.0               .053                  1.3252                .3654                  132.0         .0            .0                  .0
140.0               .0429                 1.5407                .2212                  139.0         .0            .0                  .0
140.0               .0714                 1.3923                .2991                  140.0         .0            .0                  .0
131.0               .0763                 1.6855                .0681                  131.0         .0            .0                  .0
133.0               .0977                 1.4574                .2331                  133.0         .0            .0                  .0
136.0               .1029                 1.2663                .4662                  136.0         .0            .0                  .0
140.0               .0643                 1.3866                .2388                  141.0         .0            .0                  .0
122.0               .0569                 1.5671                .1556                  122.0         .0            .0                  .0
126.0               .0787                 1.5705                .1748                  126.0         .0            .0                  .0
140.0               .0786                 1.6957                .0865                  139.0         .0            .0                  .0
132.0               .0606                 1.526                 .2955                  132.0         .0            .0                  .0
132.0               .0833                 1.4225                .409                   132.0         .0            .0                  .0
136.0               .0221                 1.7839                -.0562                 136.0         .0            .0                  .0
129.0               .0543                 1.6359                .3166                  129.0         .0            .0                  .0
134.0               .1045                 1.4156                .2819                  134.0         .0            .0                  .0
142.0               .0915                 1.4228                .2316                  142.0         .0            .0                  .0
139.0               .0647                 1.3781                .1644                  139.0         .0            .0                  .0
140.0               .0709                 1.4357                .1824                  141.0         .0            .0                  .0
145.0               .0621                 1.4609                .1114                  144.0         .0            .0                  .0
129.0               .0692                 1.3834                .2411                  130.0         .0            .0                  .0
139.0               .05                   1.5684                .1413                  139.0         .0            .0                  .0
138.0               .0863                 1.4793                .1713                  138.0         .0            .0                  .0
152.0               .1176                 1.442                 .1083                  152.0         .0            .0                  .0
137.0               .0876                 1.4202                .2824                  136.0         .0            .0                  .0
134.0               .0672                 1.4323                .3163                  134.0         .0            .0                  .0
130.0               .0846                 1.8673                .2339                  130.0         .0            .0                  .0
138.0               .087                  1.5287                .1123                  138.0         .0            .0                  .0
138.0               .0725                 1.4203                .2001                  138.0         .0            .0                  .0
141.0               .0496                 1.4246                .2222                  141.0         .0            .0                  .0
137.0               .0657                 1.4869                .195                   137.0         .0            .0                  .0
132.0               .0985                 1.5627                .3245                  132.0         .0            .0                  .0
143.0               .0699                 1.4427                .219                   143.0         .0            .0                  .0
139.0               .05                   1.4927                .2447                  140.0         .0            .0                  .0
135.0               .0735                 1.4375                .1823                  135.0         .0            .0                  .0
132.0               .0606                 1.5462                .2103                  131.0         .0            .0                  .0
129.0               .0698                 1.5866                .3228                  129.0         .0            .0                  .0
143.0               .0486                 1.4437                .1312                  144.0         .0            .0                  .0
141.0               .0993                 1.4686                .0345                  140.0         .0            .0                  .0
134.0               .097                  1.5743                .1786                  134.0         .0            .0                  .0
136.0               .0662                 1.5521                .1652                  136.0         .0            .0                  .0
140.0               .0857                 1.5682                .2412                  140.0         .0            .0                  .0
128.0               .0859                 1.473                 .2992                  128.0         .0            .0                  .0
149.0               .0667                 1.4947                .0773                  150.0         .0            .0                  .0
1.0                 .0                    1.7572                .072                   .0            .0            .0                  .0
Server 0, get requests: 0
Server 1, get requests: 0
Server 2, get requests: 0

Thread 2
Throughput          Waiting time          Service time          Time to parse          Sets          Gets          Multi-gets          Misses
94.0                .0532                 1.5587                .3667                  94.0          .0            .0                  .0
123.0               .1138                 1.6841                .2087                  123.0         .0            .0                  .0
140.0               .0643                 1.5543                .2351                  140.0         .0            .0                  .0
136.0               .0803                 1.6191                .3013                  137.0         .0            .0                  .0
137.0               .1022                 1.5225                .2315                  136.0         .0            .0                  .0
132.0               .0451                 1.5563                .2848                  133.0         .0            .0                  .0
120.0               .0331                 2.0552                .145                   120.0         .0            .0                  .0
145.0               .1096                 1.1212                .5892                  145.0         .0            .0                  .0
137.0               .073                  1.5882                .1267                  136.0         .0            .0                  .0
147.0               .0952                 1.448                 .24                    147.0         .0            .0                  .0
140.0               .0638                 1.5755                .0704                  141.0         .0            .0                  .0
135.0               .0667                 1.5304                .1511                  134.0         .0            .0                  .0
134.0               .1045                 1.5175                .1591                  134.0         .0            .0                  .0
144.0               .0552                 1.5424                .1658                  145.0         .0            .0                  .0
142.0               .1197                 1.4692                .1624                  141.0         .0            .0                  .0
134.0               .0821                 1.7421                .0462                  134.0         .0            .0                  .0
139.0               .0357                 1.3924                .3345                  140.0         .0            .0                  .0
136.0               .0441                 1.4291                .4217                  135.0         .0            .0                  .0
134.0               .0522                 1.4742                .3204                  134.0         .0            .0                  .0
139.0               .0504                 1.5381                .2062                  139.0         .0            .0                  .0
136.0               .0511                 1.6477                .1119                  137.0         .0            .0                  .0
142.0               .014                  1.5589                .1431                  142.0         .0            .0                  .0
139.0               .0786                 1.3713                .1741                  139.0         .0            .0                  .0
138.0               .087                  1.7431                .0072                  137.0         .0            .0                  .0
141.0               .0922                 1.8319                .0947                  141.0         .0            .0                  .0
131.0               .0458                 1.638                 .1183                  131.0         .0            .0                  .0
129.0               .0769                 1.5614                .1827                  130.0         .0            .0                  .0
130.0               .1077                 1.6272                .1847                  129.0         .0            .0                  .0
132.0               .1053                 1.6896                .0785                  133.0         .0            .0                  .0
135.0               .0296                 2.1195                -.1439                 134.0         .0            .0                  .0
136.0               .0882                 1.5054                .2493                  136.0         .0            .0                  .0
137.0               .0949                 1.4994                .1626                  137.0         .0            .0                  .0
143.0               .1329                 1.3294                .2238                  143.0         .0            .0                  .0
150.0               .08                   1.4992                .1818                  150.0         .0            .0                  .0
144.0               .0694                 1.4137                .0981                  144.0         .0            .0                  .0
153.0               .0654                 1.3189                .1742                  153.0         .0            .0                  .0
139.0               .0786                 1.6989                .0327                  140.0         .0            .0                  .0
137.0               .0657                 1.4853                .2821                  136.0         .0            .0                  .0
141.0               .0638                 1.3728                .1944                  141.0         .0            .0                  .0
153.0               .0714                 1.5103                .0284                  153.0         .0            .0                  .0
144.0               .0764                 1.3946                .2741                  144.0         .0            .0                  .0
135.0               .1333                 1.5105                .2093                  135.0         .0            .0                  .0
136.0               .0441                 1.5758                .2195                  136.0         .0            .0                  .0
140.0               .0857                 1.5259                .1358                  140.0         .0            .0                  .0
149.0               .06                   1.39                  .2053                  150.0         .0            .0                  .0
140.0               .0929                 1.3758                .2543                  139.0         .0            .0                  .0
135.0               .0956                 1.6616                .2976                  136.0         .0            .0                  .0
132.0               .0977                 1.5261                .3892                  132.0         .0            .0                  .0
140.0               .0643                 1.4198                .3074                  139.0         .0            .0                  .0
143.0               .035                  1.4628                .2009                  143.0         .0            .0                  .0
143.0               .0625                 1.4737                .1593                  144.0         .0            .0                  .0
134.0               .1037                 1.521                 .2965                  134.0         .0            .0                  .0
137.0               .1095                 1.5822                .2734                  136.0         .0            .0                  .0
146.0               .0616                 1.4614                .1529                  146.0         .0            .0                  .0
137.0               .0876                 1.4283                .1848                  137.0         .0            .0                  .0
137.0               .1387                 1.5131                .2373                  137.0         .0            .0                  .0
138.0               .0725                 1.5481                .1405                  138.0         .0            .0                  .0
137.0               .0511                 1.6749                .1747                  137.0         .0            .0                  .0
127.0               .0625                 1.5046                .3023                  128.0         .0            .0                  .0
154.0               .0519                 1.3072                .1489                  153.0         .0            .0                  .0
Server 0, get requests: 0
Server 1, get requests: 0
Server 2, get requests: 0

Thread 3
Throughput          Waiting time          Service time          Time to parse          Sets          Gets          Multi-gets          Misses
94.0                .0957                 1.6168                .1137                  94.0          .0            .0                  .0
119.0               .05                   1.7084                .0955                  120.0         .0            .0                  .0
144.0               .0556                 1.3693                .2423                  143.0         .0            .0                  .0
131.0               .0763                 1.4196                .1936                  131.0         .0            .0                  .0
143.0               .1111                 1.5418                .1269                  144.0         .0            .0                  .0
135.0               .0741                 1.6307                .2013                  134.0         .0            .0                  .0
122.0               .0574                 1.9849                -.0491                 122.0         .0            .0                  .0
147.0               .0541                 1.3102                .2033                  148.0         .0            .0                  .0
141.0               .0775                 1.4429                .1213                  141.0         .0            .0                  .0
141.0               .0993                 1.2354                .3349                  140.0         .0            .0                  .0
138.0               .058                  1.7464                .034                   138.0         .0            .0                  .0
143.0               .0417                 1.4166                .2073                  144.0         .0            .0                  .0
139.0               .0786                 1.4619                .1421                  139.0         .0            .0                  .0
150.0               .0467                 1.4818                .0894                  149.0         .0            .0                  .0
145.0               .0483                 1.3521                .0952                  145.0         .0            .0                  .0
141.0               .0567                 1.5938                .1141                  141.0         .0            .0                  .0
146.0               .0822                 1.5023                .2269                  146.0         .0            .0                  .0
136.0               .0662                 1.3419                .2997                  136.0         .0            .0                  .0
141.0               .078                  1.5148                .2418                  141.0         .0            .0                  .0
131.0               .0152                 1.4543                .2124                  132.0         .0            .0                  .0
140.0               .05                   1.6075                .0712                  139.0         .0            .0                  .0
135.0               .0593                 1.4913                .1593                  135.0         .0            .0                  .0
148.0               .0671                 1.258                 .2614                  149.0         .0            .0                  .0
141.0               .0563                 1.4397                .189                   141.0         .0            .0                  .0
137.0               .073                  1.8695                .0164                  136.0         .0            .0                  .0
133.0               .0376                 1.6055                .0838                  133.0         .0            .0                  .0
143.0               .049                  1.5511                .1202                  143.0         .0            .0                  .0
139.0               .1079                 1.6163                .0993                  139.0         .0            .0                  .0
141.0               .0638                 1.3548                .3534                  141.0         .0            .0                  .0
135.0               .0368                 1.6741                .0289                  136.0         .0            .0                  .0
132.0               .0606                 1.3886                .3521                  131.0         .0            .0                  .0
142.0               .0493                 1.4914                .202                   142.0         .0            .0                  .0
146.0               .0342                 1.4039                .338                   146.0         .0            .0                  .0
145.0               .0828                 1.5858                .1212                  145.0         .0            .0                  .0
145.0               .0552                 1.4191                .1212                  145.0         .0            .0                  .0
152.0               .0327                 1.4034                .1069                  153.0         .0            .0                  .0
141.0               .0426                 1.3742                .2166                  140.0         .0            .0                  .0
146.0               .0822                 1.3919                .1991                  146.0         .0            .0                  .0
143.0               .049                  1.4169                .2167                  143.0         .0            .0                  .0
146.0               .0959                 1.4608                .1662                  146.0         .0            .0                  .0
139.0               .0935                 1.3355                .3237                  139.0         .0            .0                  .0
134.0               .0896                 1.5145                .1656                  134.0         .0            .0                  .0
139.0               .0719                 1.5096                .1899                  139.0         .0            .0                  .0
142.0               .0699                 1.5006                .1785                  143.0         .0            .0                  .0
145.0               .0414                 1.3711                .1797                  144.0         .0            .0                  .0
129.0               .0698                 1.463                 .808                   129.0         .0            .0                  .0
135.0               .0815                 1.6363                .2073                  135.0         .0            .0                  .0
135.0               .0593                 1.3952                .3931                  135.0         .0            .0                  .0
140.0               .1                    1.4358                .2369                  140.0         .0            .0                  .0
140.0               .0643                 1.5267                .2241                  140.0         .0            .0                  .0
141.0               .0426                 1.452                 .0967                  141.0         .0            .0                  .0
138.0               .0435                 1.5892                .2813                  138.0         .0            .0                  .0
138.0               .0791                 1.6027                .3006                  139.0         .0            .0                  .0
153.0               .085                  1.3819                .1542                  152.0         .0            .0                  .0
149.0               .0738                 1.4743                .1323                  149.0         .0            .0                  .0
135.0               .0368                 1.4684                .2738                  136.0         .0            .0                  .0
148.0               .0743                 1.5965                .0527                  147.0         .0            .0                  .0
139.0               .1079                 1.5425                .2126                  139.0         .0            .0                  .0
139.0               .0719                 1.503                 .1796                  139.0         .0            .0                  .0
146.0               .0616                 1.4029                .107                   146.0         .0            .0                  .0
Server 0, get requests: 0
Server 1, get requests: 0
Server 2, get requests: 0

Thread 4
Throughput          Waiting time          Service time          Time to parse          Sets          Gets          Multi-gets          Misses
99.0                .0909                 1.5063                .2856                  99.0          .0            .0                  .0
121.0               .0574                 1.6247                .1594                  122.0         .0            .0                  .0
141.0               .0284                 1.3037                .2194                  140.0         .0            .0                  .0
136.0               .0956                 1.4338                .2235                  136.0         .0            .0                  .0
136.0               .0588                 1.6167                .2312                  136.0         .0            .0                  .0
127.0               .0394                 1.4479                .2932                  127.0         .0            .0                  .0
116.0               .1034                 2.0744                .0314                  116.0         .0            .0                  .0
142.0               .0493                 1.3878                .1347                  142.0         .0            .0                  .0
133.0               .0602                 1.4756                .1393                  133.0         .0            .0                  .0
139.0               .0791                 1.174                 .3371                  139.0         .0            .0                  .0
134.0               .0444                 1.6561                .0228                  135.0         .0            .0                  .0
146.0               .0479                 1.7247                .03                    145.0         .0            .0                  .0
143.0               .0559                 1.5369                .1322                  143.0         .0            .0                  .0
143.0               .0972                 1.5543                .0733                  144.0         .0            .0                  .0
139.0               .1007                 1.5461                .0749                  138.0         .0            .0                  .0
138.0               .0725                 1.7999                .0633                  138.0         .0            .0                  .0
138.0               .0797                 1.3751                .3399                  138.0         .0            .0                  .0
142.0               .0775                 1.2843                .2381                  142.0         .0            .0                  .0
132.0               .0682                 1.3863                .3763                  132.0         .0            .0                  .0
132.0               .0909                 1.6345                .1591                  132.0         .0            .0                  .0
122.0               .0656                 1.538                 .1419                  122.0         .0            .0                  .0
137.0               .0876                 1.5094                .2384                  137.0         .0            .0                  .0
132.0               .0758                 1.3445                .3026                  132.0         .0            .0                  .0
136.0               .0809                 1.8617                -.06                   136.0         .0            .0                  .0
132.0               .0682                 1.6665                .1417                  132.0         .0            .0                  .0
132.0               .0606                 1.6279                .1585                  132.0         .0            .0                  .0
135.0               .0741                 1.5135                .1578                  135.0         .0            .0                  .0
131.0               .0687                 1.5641                .3062                  131.0         .0            .0                  .0
131.0               .0379                 1.5156                .2334                  132.0         .0            .0                  .0
126.0               .063                  1.7238                .1502                  126.0         .0            .0                  .0
129.0               .0853                 1.4957                .4229                  128.0         .0            .0                  .0
134.0               .0597                 1.3831                .1831                  134.0         .0            .0                  .0
144.0               .0764                 1.3871                .2089                  144.0         .0            .0                  .0
142.0               .0423                 1.3627                .207                   142.0         .0            .0                  .0
144.0               .0764                 1.4393                .1514                  144.0         .0            .0                  .0
140.0               .0496                 1.4259                .1546                  141.0         .0            .0                  .0
137.0               .0803                 1.581                 -.0011                 136.0         .0            .0                  .0
138.0               .0576                 1.5133                .2141                  139.0         .0            .0                  .0
140.0               .0857                 1.3933                .171                   139.0         .0            .0                  .0
148.0               .0537                 1.4886                .0363                  149.0         .0            .0                  .0
131.0               .0611                 1.4283                .3418                  130.0         .0            .0                  .0
129.0               .0775                 1.4166                .4164                  129.0         .0            .0                  .0
130.0               .0615                 1.4313                .2876                  130.0         .0            .0                  .0
137.0               .0438                 1.5397                .1736                  137.0         .0            .0                  .0
143.0               .0909                 1.418                 .287                   143.0         .0            .0                  .0
137.0               .058                  1.4081                .263                   138.0         .0            .0                  .0
134.0               .0597                 1.5078                .2065                  133.0         .0            .0                  .0
128.0               .0625                 1.5035                .3111                  128.0         .0            .0                  .0
133.0               .0602                 1.3999                .2354                  133.0         .0            .0                  .0
131.0               .0916                 1.335                 .3007                  131.0         .0            .0                  .0
135.0               .0889                 1.3666                .2442                  135.0         .0            .0                  .0
133.0               .0746                 1.5036                .1703                  134.0         .0            .0                  .0
127.0               .0394                 1.6829                .245                   126.0         .0            .0                  .0
137.0               .0657                 1.372                 .1977                  137.0         .0            .0                  .0
138.0               .087                  1.4892                .0836                  138.0         .0            .0                  .0
137.0               .0949                 1.4059                .1815                  137.0         .0            .0                  .0
144.0               .0903                 1.5926                .0954                  144.0         .0            .0                  .0
137.0               .0803                 1.5432                .1391                  137.0         .0            .0                  .0
132.0               .0758                 1.5087                .3849                  132.0         .0            .0                  .0
140.0               .1286                 1.4578                .1637                  140.0         .0            .0                  .0
Server 0, get requests: 0
Server 1, get requests: 0
Server 2, get requests: 0

Thread 5
Throughput          Waiting time          Service time          Time to parse          Sets          Gets          Multi-gets          Misses
93.0                .0851                 1.5293                .1769                  94.0          .0            .0                  .0
124.0               .1774                 1.4511                .2998                  123.0         .0            .0                  .0
140.0               .0857                 1.3292                .2411                  140.0         .0            .0                  .0
128.0               .062                  1.7588                .0119                  129.0         .0            .0                  .0
134.0               .0741                 1.4498                .1204                  134.0         .0            .0                  .0
131.0               .0611                 1.4155                .2223                  130.0         .0            .0                  .0
114.0               .0789                 1.7504                .2356                  114.0         .0            .0                  .0
142.0               .1056                 1.4663                .2134                  142.0         .0            .0                  .0
139.0               .0576                 1.4782                .1534                  139.0         .0            .0                  .0
140.0               .1                    1.1918                .3238                  140.0         .0            .0                  .0
133.0               .0752                 1.4623                .0844                  133.0         .0            .0                  .0
133.0               .0597                 1.4279                .128                   134.0         .0            .0                  .0
137.0               .1168                 1.4932                .1149                  136.0         .0            .0                  .0
151.0               .0728                 1.4604                .1017                  151.0         .0            .0                  .0
138.0               .0725                 1.4311                .113                   138.0         .0            .0                  .0
133.0               .0827                 1.6812                .1286                  133.0         .0            .0                  .0
137.0               .0511                 1.2988                .2489                  137.0         .0            .0                  .0
133.0               .0597                 1.3494                .3639                  134.0         .0            .0                  .0
131.0               .0379                 1.4805                .3137                  131.0         .0            .0                  .0
132.0               .0902                 1.4394                .2202                  132.0         .0            .0                  .0
136.0               .1022                 1.5199                .187                   136.0         .0            .0                  .0
138.0               .0725                 1.5041                .158                   137.0         .0            .0                  .0
142.0               .0775                 1.4234                .2376                  142.0         .0            .0                  .0
138.0               .058                  1.3788                .2395                  138.0         .0            .0                  .0
131.0               .0909                 1.5039                .1582                  132.0         .0            .0                  .0
126.0               .0317                 1.5694                .3091                  125.0         .0            .0                  .0
134.0               .0741                 1.6081                .169                   135.0         .0            .0                  .0
128.0               .0938                 1.7346                .1541                  127.0         .0            .0                  .0
127.0               .0709                 1.6184                .2385                  127.0         .0            .0                  .0
135.0               .0519                 1.7369                .0955                  135.0         .0            .0                  .0
129.0               .0769                 1.598                 .1018                  130.0         .0            .0                  .0
138.0               .0365                 1.3831                .257                   137.0         .0            .0                  .0
142.0               .0629                 1.3816                .213                   143.0         .0            .0                  .0
138.0               .0435                 1.4039                .1981                  137.0         .0            .0                  .0
142.0               .0775                 1.3426                .2348                  142.0         .0            .0                  .0
146.0               .0612                 1.3368                .1729                  147.0         .0            .0                  .0
138.0               .1014                 1.4658                .1788                  137.0         .0            .0                  .0
135.0               .0815                 1.4323                .1842                  135.0         .0            .0                  .0
143.0               .0347                 1.3786                .1917                  144.0         .0            .0                  .0
144.0               .0486                 1.4414                .0386                  143.0         .0            .0                  .0
126.0               .0945                 1.4454                .3297                  127.0         .0            .0                  .0
133.0               .0977                 1.3544                .2754                  132.0         .0            .0                  .0
129.0               .093                  1.4928                .1921                  129.0         .0            .0                  .0
135.0               .0667                 1.4451                .1629                  135.0         .0            .0                  .0
141.0               .0355                 1.2647                .2604                  141.0         .0            .0                  .0
130.0               .1                    1.3658                .34                    130.0         .0            .0                  .0
134.0               .0672                 1.5895                .1176                  134.0         .0            .0                  .0
131.0               .0534                 1.5348                .274                   131.0         .0            .0                  .0
142.0               .0704                 1.3989                .3026                  142.0         .0            .0                  .0
140.0               .0929                 1.3311                .2049                  140.0         .0            .0                  .0
129.0               .1163                 1.4098                .1851                  129.0         .0            .0                  .0
133.0               .0677                 1.465                 .1363                  133.0         .0            .0                  .0
128.0               .124                  1.5912                .1639                  129.0         .0            .0                  .0
142.0               .0986                 1.4187                .2153                  141.0         .0            .0                  .0
135.0               .0519                 1.457                 .0948                  135.0         .0            .0                  .0
134.0               .1185                 1.3735                .2184                  135.0         .0            .0                  .0
137.0               .0438                 1.4706                .0659                  136.0         .0            .0                  .0
129.0               .0615                 1.4565                .2434                  130.0         .0            .0                  .0
131.0               .0682                 1.5297                .2844                  131.0         .0            .0                  .0
140.0               .0857                 1.4462                .0743                  139.0         .0            .0                  .0
Server 0, get requests: 0
Server 1, get requests: 0
Server 2, get requests: 0

Thread 6
Throughput          Waiting time          Service time          Time to parse          Sets          Gets          Multi-gets          Misses
90.0                .1667                 2.2799                -.1079                 90.0          .0            .0                  .0
123.0               .122                  1.4303                .4639                  123.0         .0            .0                  .0
138.0               .0797                 1.3324                .1628                  138.0         .0            .0                  .0
129.0               .093                  1.5515                .3103                  129.0         .0            .0                  .0
135.0               .0889                 1.5368                .1192                  135.0         .0            .0                  .0
130.0               .0462                 1.5245                .1786                  130.0         .0            .0                  .0
126.0               .0952                 1.622                 .3055                  126.0         .0            .0                  .0
135.0               .0889                 1.4681                .1866                  135.0         .0            .0                  .0
149.0               .047                  1.4906                .2121                  149.0         .0            .0                  .0
141.0               .0563                 1.3152                .2511                  142.0         .0            .0                  .0
136.0               .0441                 1.5704                .1359                  135.0         .0            .0                  .0
143.0               .0769                 1.696                 .02                    143.0         .0            .0                  .0
140.0               .0643                 1.437                 .1824                  140.0         .0            .0                  .0
146.0               .0411                 1.4795                .1199                  146.0         .0            .0                  .0
137.0               .0876                 1.5744                .1101                  137.0         .0            .0                  .0
136.0               .0515                 1.5594                .1493                  136.0         .0            .0                  .0
140.0               .0643                 1.3457                .341                   140.0         .0            .0                  .0
144.0               .0833                 1.3222                .3386                  144.0         .0            .0                  .0
132.0               .0379                 1.3833                .3325                  132.0         .0            .0                  .0
136.0               .0588                 1.4098                .3426                  136.0         .0            .0                  .0
126.0               .1667                 1.5535                .204                   126.0         .0            .0                  .0
137.0               .0584                 1.5566                .2325                  137.0         .0            .0                  .0
139.0               .0432                 1.3974                .3431                  139.0         .0            .0                  .0
132.0               .0833                 1.549                 .0764                  132.0         .0            .0                  .0
127.0               .1016                 1.901                 .0348                  128.0         .0            .0                  .0
122.0               .1138                 1.6998                .1967                  122.0         .0            .0                  .0
135.0               .0444                 1.6147                .126                   134.0         .0            .0                  .0
127.0               .0551                 1.5957                .1943                  127.0         .0            .0                  .0
135.0               .0368                 1.4501                .3588                  136.0         .0            .0                  .0
130.0               .0462                 2.1577                -.1679                 129.0         .0            .0                  .0
131.0               .0687                 1.4041                .3119                  131.0         .0            .0                  .0
139.0               .0576                 1.4143                .2717                  139.0         .0            .0                  .0
141.0               .0493                 1.3817                .2313                  142.0         .0            .0                  .0
141.0               .0851                 1.3696                .1463                  140.0         .0            .0                  .0
141.0               .0567                 1.424                 .2138                  141.0         .0            .0                  .0
149.0               .0671                 1.4053                .1408                  149.0         .0            .0                  .0
140.0               .0643                 1.4239                .1325                  140.0         .0            .0                  .0
138.0               .0652                 1.5754                .1736                  138.0         .0            .0                  .0
142.0               .0634                 1.4259                .1231                  142.0         .0            .0                  .0
148.0               .0541                 1.4516                .1598                  148.0         .0            .0                  .0
137.0               .058                  1.4482                .2804                  138.0         .0            .0                  .0
137.0               .058                  1.4435                .3227                  137.0         .0            .0                  .0
131.0               .0382                 1.5145                .1132                  130.0         .0            .0                  .0
140.0               .0571                 1.4118                .2132                  140.0         .0            .0                  .0
148.0               .0541                 1.4186                .1867                  148.0         .0            .0                  .0
142.0               .0563                 1.35                  .3487                  142.0         .0            .0                  .0
137.0               .0584                 1.6097                .1121                  137.0         .0            .0                  .0
131.0               .0458                 1.4962                .289                   131.0         .0            .0                  .0
137.0               .0511                 1.4667                .2877                  137.0         .0            .0                  .0
143.0               .028                  1.4363                .3241                  143.0         .0            .0                  .0
133.0               .0821                 1.5081                .1502                  134.0         .0            .0                  .0
141.0               .0426                 1.3956                .4036                  140.0         .0            .0                  .0
129.0               .0388                 1.6175                .1385                  129.0         .0            .0                  .0
151.0               .0658                 1.3517                .2013                  152.0         .0            .0                  .0
152.0               .0592                 1.6508                -.0236                 151.0         .0            .0                  .0
131.0               .0687                 1.635                 .1915                  131.0         .0            .0                  .0
135.0               .0809                 1.3787                .1518                  136.0         .0            .0                  .0
137.0               .1533                 1.4389                .2254                  136.0         .0            .0                  .0
128.0               .0781                 1.655                 .1403                  128.0         .0            .0                  .0
155.0               .0903                 1.4941                .0923                  155.0         .0            .0                  .0
Server 0, get requests: 0
Server 1, get requests: 0
Server 2, get requests: 0

Thread 7
Throughput          Waiting time          Service time          Time to parse          Sets          Gets          Multi-gets          Misses
93.0                .086                  1.9321                .065                   93.0          .0            .0                  .0
114.0               .0526                 1.3944                .4382                  114.0         .0            .0                  .0
141.0               .1268                 1.3462                .1839                  142.0         .0            .0                  .0
130.0               .0763                 1.4187                .2558                  130.0         .0            .0                  .0
137.0               .0511                 1.5413                .2067                  136.0         .0            .0                  .0
128.0               .0781                 1.466                 .2273                  128.0         .0            .0                  .0
124.0               .0565                 1.8377                -.0207                 124.0         .0            .0                  .0
139.0               .0504                 1.5637                .1185                  139.0         .0            .0                  .0
134.0               .0373                 1.6026                .1395                  134.0         .0            .0                  .0
145.0               .0759                 1.2713                .3322                  145.0         .0            .0                  .0
132.0               .1136                 1.5793                .0446                  132.0         .0            .0                  .0
147.0               .0272                 1.6397                -.0076                 147.0         .0            .0                  .0
140.0               .0643                 1.4348                .1473                  140.0         .0            .0                  .0
141.0               .0851                 1.43                  .0507                  141.0         .0            .0                  .0
149.0               .0872                 1.3666                .1868                  149.0         .0            .0                  .0
136.0               .0441                 1.7114                .0266                  136.0         .0            .0                  .0
137.0               .0657                 1.3175                .3155                  137.0         .0            .0                  .0
146.0               .1096                 1.2892                .2646                  146.0         .0            .0                  .0
128.0               .0388                 1.4703                .2991                  129.0         .0            .0                  .0
138.0               .0725                 1.4747                .1888                  137.0         .0            .0                  .0
133.0               .0526                 1.6189                .0894                  133.0         .0            .0                  .0
137.0               .0803                 1.5368                .1334                  137.0         .0            .0                  .0
137.0               .0362                 1.3761                .229                   138.0         .0            .0                  .0
142.0               .0493                 1.4457                .157                   141.0         .0            .0                  .0
130.0               .0615                 1.803                 .0266                  130.0         .0            .0                  .0
135.0               .0296                 1.402                 .3821                  135.0         .0            .0                  .0
138.0               .0435                 1.4967                .1062                  138.0         .0            .0                  .0
137.0               .1022                 1.3779                .2217                  137.0         .0            .0                  .0
130.0               .0462                 1.7723                .2689                  130.0         .0            .0                  .0
133.0               .0376                 1.6728                .1573                  133.0         .0            .0                  .0
130.0               .0538                 1.4496                .3722                  130.0         .0            .0                  .0
144.0               .0347                 1.378                 .2071                  144.0         .0            .0                  .0
140.0               .0643                 1.4013                .1699                  140.0         .0            .0                  .0
144.0               .0552                 1.5744                .0298                  145.0         .0            .0                  .0
149.0               .047                  1.4958                .1848                  148.0         .0            .0                  .0
149.0               .0738                 1.368                 .1165                  149.0         .0            .0                  .0
140.0               .0714                 1.5014                .0904                  140.0         .0            .0                  .0
135.0               .0741                 1.4823                .2375                  135.0         .0            .0                  .0
146.0               .0411                 1.3844                .1736                  146.0         .0            .0                  .0
145.0               .0616                 1.4942                .081                   146.0         .0            .0                  .0
137.0               .0803                 1.3671                .2634                  136.0         .0            .0                  .0
131.0               .0763                 1.4075                .3015                  131.0         .0            .0                  .0
135.0               .0963                 1.864                 .231                   135.0         .0            .0                  .0
142.0               .0634                 1.4574                .2445                  142.0         .0            .0                  .0
150.0               .0333                 1.3284                .2899                  150.0         .0            .0                  .0
136.0               .0956                 1.3447                .1473                  136.0         .0            .0                  .0
134.0               .0667                 1.4901                .2319                  135.0         .0            .0                  .0
133.0               .0677                 1.4625                .3483                  132.0         .0            .0                  .0
138.0               .1007                 1.4552                .1785                  139.0         .0            .0                  .0
141.0               .0638                 1.3057                .3537                  140.0         .0            .0                  .0
148.0               .1149                 1.4735                .1666                  148.0         .0            .0                  .0
139.0               .0571                 1.4325                .2327                  140.0         .0            .0                  .0
138.0               .087                  1.4526                .2836                  137.0         .0            .0                  .0
155.0               .071                  1.4205                .1038                  155.0         .0            .0                  .0
150.0               .08                   1.5883                .0029                  150.0         .0            .0                  .0
128.0               .0391                 1.5002                .3177                  128.0         .0            .0                  .0
142.0               .0915                 1.5681                .0736                  142.0         .0            .0                  .0
140.0               .0857                 1.6256                .1595                  140.0         .0            .0                  .0
131.0               .0458                 1.6037                .1527                  131.0         .0            .0                  .0
142.0               .0352                 1.541                 .0581                  142.0         .0            .0                  .0
Server 0, get requests: 0
Server 1, get requests: 0
Server 2, get requests: 0

Aggregated Statistics for a 1 seconds window of the entire middleware: 
Throughput          QueueLength          Waiting time          Service time          Time to parse          Sets          Gets          Multi-gets          Misses
747.0               .0                   .1109                 1.7836                .1194                  750.0         .0            .0                  .0
965.0               .0                   .1057                 1.5237                .3034                  964.0         .0            .0                  .0
1114.0              .0                   .0829                 1.3831                .2016                  1113.0        .0            .0                  .0
1043.0              1.0                  .0742                 1.5617                .1982                  1045.0        .0            .0                  .0
1088.0              .0                   .0795                 1.5424                .1738                  1088.0        .0            .0                  .0
1045.0              .0                   .0601                 1.5083                .2342                  1045.0        .0            .0                  .0
961.0               .0                   .0654                 1.9027                .1316                  961.0         .0            .0                  .0
1142.0              .0                   .0709                 1.4357                .1994                  1141.0        .0            .0                  .0
1117.0              .0                   .059                  1.4887                .1637                  1116.0        .0            .0                  .0
1140.0              .0                   .0746                 1.3011                .2854                  1140.0        .0            .0                  .0
1089.0              .0                   .068                  1.5784                .0851                  1091.0        .0            .0                  .0
1129.0              .0                   .056                  1.5517                .0961                  1128.0        .0            .0                  .0
1125.0              1.0                  .0733                 1.4899                .1403                  1125.0        .0            .0                  .0
1164.0              .0                   .0722                 1.4864                .1095                  1165.0        .0            .0                  .0
1136.0              .0                   .0803                 1.4486                .1407                  1133.0        .0            .0                  .0
1082.0              .0                   .064                  1.7072                .0817                  1082.0        .0            .0                  .0
1114.0              .0                   .0599                 1.3866                .3013                  1115.0        .0            .0                  .0
1108.0              .0                   .0732                 1.3421                .3223                  1110.0        .0            .0                  .0
1068.0              .0                   .056                  1.4725                .3041                  1067.0        .0            .0                  .0
1080.0              .0                   .0656                 1.4755                .232                   1081.0        .0            .0                  .0
1056.0              .0                   .0771                 1.5826                .1453                  1056.0        .0            .0                  .0
1099.0              .0                   .0721                 1.513                 .1833                  1097.0        .0            .0                  .0
1102.0              1.0                  .0698                 1.356                 .278                   1104.0        .0            .0                  .0
1096.0              .0                   .0676                 1.5372                .1224                  1095.0        .0            .0                  .0
1052.0              .0                   .0747                 1.7481                .0814                  1053.0        .0            .0                  .0
1042.0              .0                   .0615                 1.5997                .202                   1042.0        .0            .0                  .0
1084.0              .0                   .0598                 1.5837                .1363                  1084.0        .0            .0                  .0
1059.0              .0                   .0883                 1.5676                .2074                  1057.0        .0            .0                  .0
1069.0              .0                   .0626                 1.55                  .2646                  1071.0        .0            .0                  .0
1063.0              .0                   .0453                 1.8229                .0076                  1062.0        .0            .0                  .0
1044.0              .0                   .0727                 1.4889                .2932                  1043.0        .0            .0                  .0
1101.0              .0                   .064                  1.4222                .2316                  1100.0        .0            .0                  .0
1142.0              .0                   .0752                 1.3913                .2252                  1144.0        .0            .0                  .0
1139.0              .0                   .0638                 1.4762                .1364                  1138.0        .0            .0                  .0
1150.0              .0                   .0601                 1.4238                .1619                  1150.0        .0            .0                  .0
1178.0              .0                   .0602                 1.3814                .1456                  1180.0        .0            .0                  .0
1102.0              .0                   .0716                 1.4843                .12                    1101.0        .0            .0                  .0
1103.0              1.0                  .066                  1.4992                .2069                  1103.0        .0            .0                  .0
1135.0              .0                   .0636                 1.4138                .1711                  1135.0        .0            .0                  .0
1175.0              .0                   .0665                 1.4672                .1                     1176.0        .0            .0                  .0
1093.0              .0                   .0804                 1.4107                .2935                  1092.0        .0            .0                  .0
1068.0              .0                   .0833                 1.433                 .2922                  1067.0        .0            .0                  .0
1056.0              .0                   .0682                 1.6064                .2021                  1055.0        .0            .0                  .0
1110.0              .0                   .0683                 1.486                 .1815                  1112.0        .0            .0                  .0
1157.0              .0                   .0581                 1.3608                .2296                  1156.0        .0            .0                  .0
1095.0              .0                   .0876                 1.3834                .3174                  1095.0        .0            .0                  .0
1075.0              1.0                  .0686                 1.5649                .1948                  1077.0        .0            .0                  .0
1059.0              .0                   .076                  1.4909                .3412                  1058.0        .0            .0                  .0
1114.0              .0                   .0699                 1.4317                .2618                  1113.0        .0            .0                  .0
1116.0              .0                   .0586                 1.4096                .2649                  1116.0        .0            .0                  .0
1099.0              .0                   .08                   1.4513                .1715                  1101.0        .0            .0                  .0
1083.0              .0                   .0675                 1.5075                .2388                  1083.0        .0            .0                  .0
1056.0              .0                   .0732                 1.5858                .2367                  1055.0        .0            .0                  .0
1174.0              .0                   .0679                 1.4124                .1665                  1175.0        .0            .0                  .0
1148.0              .0                   .0828                 1.5038                .0756                  1145.0        .0            .0                  .0
1071.0              .0                   .0853                 1.5164                .2132                  1073.0        .0            .0                  .0
1114.0              .0                   .076                  1.539                 .0986                  1114.0        .0            .0                  .0
1092.0              .0                   .0857                 1.5541                .1939                  1091.0        .0            .0                  .0
1049.0              .0                   .0657                 1.5458                .234                   1050.0        .0            .0                  .0
1172.0              .0                   .0761                 1.4495                .1008                  1171.0        .0            .0                  .0
1.0                 .0                   .0                    .2197                 .009                   .0            .0            .0                  .0
The following results are aggregated for all threads, normalized for one second
Throughput(ops/sec):  (avg)1072.95,  (std)49.76
QueueLength: (avg).07,  (std).26
WaitingTime(msec): (avg).0701,  (std).0098
ServiceTime(msec): (avg)1.4843,  (std).1073
ParseTime(msec): (avg).1895, (std).0733
Sets(ops/sec): 		 (avg)1072.95,  (std)49.78
Gets(ops/sec): 		 (avg).0,  (std).0
Multi-gets(ops/sec):  (avg).0,  (std).0
Misses(ops/sec):      (avg).0,  (std).0
Miss ratio: ?
Avg time between two tasks: .0652

Tot response time: average_waitingTime + average_serviceTime + average_parseTime + average_timeBetweenTwoTasks

max response time : 2.1648
min response time: .2938

.2938:   #
.4809:   
.668:   
.8551:   
1.0422:   
1.2293:   
1.4164:   
1.6035:   ##
1.7906:   ########################################
1.9777:   ################
2.1648:   ##
