
Thread 0
Throughput          Waiting time          Service time          Time to parse          Sets          Gets          Multi-gets          Misses
129.0               37.2308               4.577                 1.2364                 .0            130.0         .0                  .0
178.0               38.3352               5.2406                .3417                  .0            178.0         .0                  .0
186.0               37.6096               4.8358                .5254                  .0            186.0         .0                  .0
176.0               38.2203               5.3631                .2949                  .0            176.0         .0                  .0
178.0               38.9441               5.1404                .4606                  .0            178.0         .0                  .0
175.0               39.2614               5.0495                .6539                  .0            175.0         .0                  .0
174.0               39.16                 5.3346                .4019                  .0            174.0         .0                  .0
179.0               38.7611               5.0739                .505                   .0            179.0         .0                  .0
176.0               38.209                5.2982                .3798                  .0            176.0         .0                  .0
176.0               39.8814               5.2996                .3663                  .0            176.0         .0                  .0
182.0               38.7486               4.9154                .5738                  .0            182.0         .0                  .0
176.0               39.2486               5.1435                .5271                  .0            176.0         .0                  .0
172.0               38.7803               5.2882                .517                   .0            172.0         .0                  .0
180.0               38.6188               5.324                 .2303                  .0            180.0         .0                  .0
178.0               38.0                  5.1803                .4272                  .0            178.0         .0                  .0
189.0               40.3                  5.0985                .2027                  .0            189.0         .0                  .0
193.0               38.1134               4.9609                .1951                  .0            193.0         .0                  .0
180.0               37.6851               5.3299                .2154                  .0            180.0         .0                  .0
178.0               39.581                5.2464                .3661                  .0            178.0         .0                  .0
184.0               38.9405               5.1542                .2758                  .0            184.0         .0                  .0
181.0               38.9725               5.1838                .3463                  .0            181.0         .0                  .0
176.0               38.1073               5.354                 .2995                  .0            176.0         .0                  .0
177.0               38.927                5.2922                .3487                  .0            177.0         .0                  .0
167.0               39.9762               5.4565                .5254                  .0            167.0         .0                  .0
165.0               39.8494               5.9012                .1554                  .0            165.0         .0                  .0
169.0               39.0588               5.4534                .4537                  .0            169.0         .0                  .0
177.0               39.3202               5.5038                .1403                  .0            177.0         .0                  .0
169.0               38.9176               5.2862                .6266                  .0            169.0         .0                  .0
181.0               37.3901               5.2694                .2384                  .0            181.0         .0                  .0
169.0               39.5824               5.1148                .7975                  .0            169.0         .0                  .0
185.0               37.2527               5.1941                .2061                  .0            185.0         .0                  .0
178.0               38.4302               5.3242                .2895                  .0            178.0         .0                  .0
175.0               37.7216               5.383                 .3154                  .0            175.0         .0                  .0
171.0               38.3779               5.0896                .7549                  .0            171.0         .0                  .0
171.0               39.4535               5.6047                .2318                  .0            171.0         .0                  .0
175.0               38.8636               5.2799                .435                   .0            175.0         .0                  .0
183.0               38.4076               4.9611                .4969                  .0            183.0         .0                  .0
178.0               39.6089               5.3347                .2762                  .0            178.0         .0                  .0
177.0               39.0562               5.2053                .433                   .0            177.0         .0                  .0
162.0               39.0061               5.954                 .2241                  .0            162.0         .0                  .0
178.0               38.5978               5.3189                .2759                  .0            178.0         .0                  .0
178.0               38.9553               5.2436                .3659                  .0            178.0         .0                  .0
180.0               39.0331               5.2133                .3395                  .0            180.0         .0                  .0
176.0               39.2147               5.4702                .2066                  .0            176.0         .0                  .0
182.0               38.5191               5.1449                .3379                  .0            182.0         .0                  .0
174.0               38.9429               5.2844                .44                    .0            174.0         .0                  .0
173.0               38.977                5.149                 .6285                  .0            173.0         .0                  .0
176.0               39.0734               5.2325                .4365                  .0            176.0         .0                  .0
180.0               37.8729               5.1953                .3567                  .0            180.0         .0                  .0
174.0               38.7314               5.1298                .6105                  .0            174.0         .0                  .0
177.0               39.264                5.1134                .5385                  .0            177.0         .0                  .0
181.0               38.6813               5.4494                .0563                  .0            181.0         .0                  .0
180.0               38.8398               5.3452                .2061                  .0            180.0         .0                  .0
171.0               38.4826               5.4933                .3425                  .0            171.0         .0                  .0
179.0               39.1222               5.5192                .0583                  .0            179.0         .0                  .0
177.0               38.8483               5.3336                .3016                  .0            177.0         .0                  .0
178.0               38.2402               5.1066                .5122                  .0            178.0         .0                  .0
175.0               39.4489               5.3496                .3566                  .0            175.0         .0                  .0
167.0               39.4345               5.3144                .6621                  .0            167.0         .0                  .0
169.0               39.7118               5.512                 .3902                  .0            169.0         .0                  .0
9.0                 34.3333               5.4416                1.4438                 .0            8.0           .0                  .0
Server 0, get requests: 10559

Thread 1
Throughput          Waiting time          Service time          Time to parse          Sets          Gets          Multi-gets          Misses
133.0               37.0522               4.4174                1.1896                 .0            134.0         .0                  .0
182.0               38.3989               5.2983                .1664                  .0            182.0         .0                  .0
183.0               37.2717               5.2202                .2165                  .0            183.0         .0                  .0
177.0               38.1236               4.9842                .6513                  .0            177.0         .0                  .0
175.0               38.9148               5.4871                .2202                  .0            175.0         .0                  .0
176.0               38.791                5.0764                .5906                  .0            176.0         .0                  .0
176.0               38.9096               5.0916                .574                   .0            176.0         .0                  .0
188.0               39.1111               5.0998                .2083                  .0            188.0         .0                  .0
183.0               38.4728               5.176                 .2842                  .0            183.0         .0                  .0
173.0               39.477                5.1657                .6065                  .0            173.0         .0                  .0
182.0               39.1475               5.0698                .4105                  .0            182.0         .0                  .0
180.0               39.5249               5.3412                .2118                  .0            180.0         .0                  .0
174.0               39.6                  5.2069                .5276                  .0            174.0         .0                  .0
181.0               39.0165               5.1655                .3624                  .0            181.0         .0                  .0
180.0               38.2597               5.2222                .3144                  .0            180.0         .0                  .0
155.0               39.0128               6.0364                .4344                  .0            155.0         .0                  .0
173.0               37.6379               5.5924                .1625                  .0            173.0         .0                  .0
176.0               37.5819               5.3115                .3591                  .0            176.0         .0                  .0
176.0               39.4633               5.4098                .2662                  .0            176.0         .0                  .0
179.0               38.7778               5.0959                .4858                  .0            179.0         .0                  .0
185.0               39.2688               4.9982                .4115                  .0            185.0         .0                  .0
176.0               38.5932               5.5854                .0684                  .0            176.0         .0                  .0
176.0               38.8136               5.2384                .4404                  .0            176.0         .0                  .0
179.0               39.9556               5.3567                .2195                  .0            179.0         .0                  .0
174.0               40.0571               5.2974                .4445                  .0            174.0         .0                  .0
177.0               38.6798               5.1925                .4473                  .0            177.0         .0                  .0
172.0               39.1387               5.2615                .5456                  .0            172.0         .0                  .0
185.0               38.8602               5.2698                .1281                  .0            185.0         .0                  .0
179.0               37.8611               5.4351                .1392                  .0            179.0         .0                  .0
182.0               39.6339               5.2133                .2775                  .0            182.0         .0                  .0
186.0               37.3155               5.1707                .196                   .0            186.0         .0                  .0
178.0               38.4581               5.0877                .5233                  .0            178.0         .0                  .0
182.0               38.3934               4.9493                .5354                  .0            182.0         .0                  .0
179.0               38.5611               5.1112                .4736                  .0            179.0         .0                  .0
180.0               39.5801               5.0448                .5021                  .0            180.0         .0                  .0
183.0               39.1848               5.1219                .3476                  .0            183.0         .0                  .0
174.0               39.6857               5.1352                .5944                  .0            174.0         .0                  .0
169.0               39.1412               5.5588                .3504                  .0            169.0         .0                  .0
178.0               38.9777               4.9232                .6843                  .0            178.0         .0                  .0
181.0               39.8407               5.1453                .3781                  .0            181.0         .0                  .0
171.0               38.8314               4.9364                .9027                  .0            171.0         .0                  .0
182.0               39.0929               5.0685                .4189                  .0            182.0         .0                  .0
175.0               38.9148               5.4783                .2244                  .0            175.0         .0                  .0
176.0               39.2768               5.2416                .4378                  .0            176.0         .0                  .0
183.0               39.0326               5.1819                .2706                  .0            183.0         .0                  .0
177.0               39.4382               4.9958                .6424                  .0            177.0         .0                  .0
187.0               39.5372               5.0768                .2686                  .0            187.0         .0                  .0
180.0               38.8177               5.3406                .2037                  .0            180.0         .0                  .0
187.0               38.1011               5.0001                .3413                  .0            187.0         .0                  .0
180.0               38.9116               5.2782                .2654                  .0            180.0         .0                  .0
177.0               39.2135               5.0902                .5671                  .0            177.0         .0                  .0
187.0               38.5053               5.0487                .2809                  .0            187.0         .0                  .0
179.0               39.05                 5.1851                .3975                  .0            179.0         .0                  .0
176.0               38.6667               5.3705                .2951                  .0            176.0         .0                  .0
178.0               39.7318               5.3841                .2298                  .0            178.0         .0                  .0
184.0               39.2649               5.0826                .3447                  .0            184.0         .0                  .0
186.0               38.4759               5.233                 .1291                  .0            186.0         .0                  .0
178.0               39.257                5.1452                .4745                  .0            178.0         .0                  .0
177.0               39.2809               5.2003                .4397                  .0            177.0         .0                  .0
175.0               39.767                5.1277                .5684                  .0            175.0         .0                  .0
9.0                 36.1111               6.7393                .0518                  .0            8.0           .0                  .0
Server 0, get requests: 10681

Thread 2
Throughput          Waiting time          Service time          Time to parse          Sets          Gets          Multi-gets          Misses
126.0               36.7008               4.9329                .9724                  .0            127.0         .0                  .0
177.0               38.6011               5.1416                .4782                  .0            177.0         .0                  .0
179.0               36.9944               5.3231                .2341                  .0            179.0         .0                  .0
173.0               38.1839               5.1312                .631                   .0            173.0         .0                  .0
178.0               38.5196               5.3095                .3028                  .0            178.0         .0                  .0
169.0               38.4118               5.5173                .38                    .0            169.0         .0                  .0
180.0               38.2486               5.3299                .2189                  .0            180.0         .0                  .0
175.0               38.5057               5.1999                .5035                  .0            175.0         .0                  .0
183.0               37.9783               5.0084                .4443                  .0            183.0         .0                  .0
182.0               39.3934               5.2048                .2839                  .0            182.0         .0                  .0
177.0               38.691                5.1951                .44                    .0            177.0         .0                  .0
176.0               39.0282               5.2379                .4362                  .0            176.0         .0                  .0
185.0               38.914                5.1895                .2114                  .0            185.0         .0                  .0
179.0               39.2056               5.217                 .3713                  .0            179.0         .0                  .0
181.0               37.9176               5.4453                .0663                  .0            181.0         .0                  .0
153.0               38.5779               6.161                 .3914                  .0            153.0         .0                  .0
168.0               37.5917               5.6066                .3111                  .0            168.0         .0                  .0
182.0               37.8525               4.9059                .5792                  .0            182.0         .0                  .0
180.0               39.5856               5.2658                .2812                  .0            180.0         .0                  .0
179.0               38.7667               5.2884                .2948                  .0            179.0         .0                  .0
183.0               39.0163               5.0439                .4259                  .0            183.0         .0                  .0
176.0               38.6158               5.1498                .5029                  .0            176.0         .0                  .0
174.0               38.8971               5.4619                .2804                  .0            174.0         .0                  .0
169.0               39.9529               5.2144                .6916                  .0            169.0         .0                  .0
176.0               39.9266               5.3899                .2883                  .0            176.0         .0                  .0
180.0               39.2265               4.99                  .557                   .0            180.0         .0                  .0
178.0               38.7095               5.2493                .3622                  .0            178.0         .0                  .0
177.0               39.0787               5.5054                .1345                  .0            177.0         .0                  .0
186.0               37.1658               5.3016                .0669                  .0            186.0         .0                  .0
177.0               39.8764               5.3421                .2945                  .0            177.0         .0                  .0
178.0               37.1676               5.1729                .4393                  .0            178.0         .0                  .0
178.0               38.905                5.1876                .426                   .0            178.0         .0                  .0
180.0               38.7901               4.973                 .5724                  .0            180.0         .0                  .0
182.0               38.2295               5.1972                .291                   .0            182.0         .0                  .0
177.0               39.1404               5.1267                .5119                  .0            177.0         .0                  .0
181.0               39.033                5.25                  .2765                  .0            181.0         .0                  .0
176.0               38.9718               5.1707                .5038                  .0            176.0         .0                  .0
168.0               38.8876               5.6721                .2691                  .0            168.0         .0                  .0
177.0               39.1292               5.3456                .2963                  .0            177.0         .0                  .0
180.0               39.3646               5.0255                .5177                  .0            180.0         .0                  .0
178.0               38.7709               5.0375                .5793                  .0            178.0         .0                  .0
182.0               38.3552               5.1411                .3468                  .0            182.0         .0                  .0
176.0               39.0056               5.1203                .5517                  .0            176.0         .0                  .0
177.0               38.9888               5.4953                .1485                  .0            177.0         .0                  .0
174.0               39.08                 5.0823                .6504                  .0            174.0         .0                  .0
177.0               39.1629               5.3647                .2812                  .0            177.0         .0                  .0
182.0               39.2022               5.2246                .2629                  .0            182.0         .0                  .0
177.0               39.0843               5.122                 .517                   .0            177.0         .0                  .0
183.0               37.788                5.1234                .3297                  .0            183.0         .0                  .0
177.0               38.6966               5.1528                .4892                  .0            177.0         .0                  .0
176.0               39.3107               5.2654                .4242                  .0            176.0         .0                  .0
180.0               38.4309               5.2403                .2898                  .0            180.0         .0                  .0
179.0               38.7778               5.0884                .4989                  .0            179.0         .0                  .0
179.0               38.6389               5.0125                .5604                  .0            179.0         .0                  .0
171.0               39.5                  5.3101                .5285                  .0            171.0         .0                  .0
177.0               38.6685               5.3616                .2796                  .0            177.0         .0                  .0
180.0               38.4751               5.2013                .3473                  .0            180.0         .0                  .0
175.0               39.1193               5.4838                .245                   .0            175.0         .0                  .0
176.0               39.9266               5.3083                .3442                  .0            176.0         .0                  .0
170.0               38.7953               5.4237                .4424                  .0            170.0         .0                  .0
9.0                 35.3333               5.2908                1.5013                 .0            8.0           .0                  .0
Server 0, get requests: 10590

Thread 3
Throughput          Waiting time          Service time          Time to parse          Sets          Gets          Multi-gets          Misses
139.0               37.4071               4.4151                .8538                  .0            140.0         .0                  .0
191.0               39.651                4.7823                .4276                  .0            191.0         .0                  .0
191.0               38.7969               4.8051                .411                   .0            191.0         .0                  .0
187.0               39.117                5.121                 .2077                  .0            187.0         .0                  .0
178.0               39.0503               5.1593                .4532                  .0            178.0         .0                  .0
182.0               39.7705               5.255                 .2268                  .0            182.0         .0                  .0
190.0               39.8325               4.9576                .2928                  .0            190.0         .0                  .0
183.0               38.8967               5.0179                .434                   .0            183.0         .0                  .0
180.0               37.9171               5.4234                .1475                  .0            180.0         .0                  .0
177.0               40.0169               5.3208                .2965                  .0            177.0         .0                  .0
188.0               39.6878               5.1176                .1914                  .0            188.0         .0                  .0
175.0               38.733                5.486                 .2189                  .0            175.0         .0                  .0
182.0               39.7869               5.1391                .3479                  .0            182.0         .0                  .0
179.0               39.2222               5.2303                .3579                  .0            179.0         .0                  .0
188.0               39.4762               4.9617                .3458                  .0            188.0         .0                  .0
184.0               40.8919               5.208                 .2337                  .0            184.0         .0                  .0
188.0               38.5873               4.9629                .3316                  .0            188.0         .0                  .0
196.0               38.8629               5.0364                .0556                  .0            196.0         .0                  .0
186.0               39.8342               5.0395                .3356                  .0            186.0         .0                  .0
182.0               39.4645               4.9301                .558                   .0            182.0         .0                  .0
161.0               38.8765               6.0982                .1187                  .0            161.0         .0                  .0
189.0               39.2                  5.0431                .2211                  .0            189.0         .0                  .0
174.0               39.6114               5.1547                .5895                  .0            174.0         .0                  .0
179.0               39.7667               5.3736                .2013                  .0            179.0         .0                  .0
186.0               39.9893               5.04                  .3333                  .0            186.0         .0                  .0
185.0               39.8065               5.1229                .273                   .0            185.0         .0                  .0
187.0               40.1489               4.9328                .4095                  .0            187.0         .0                  .0
184.0               39.7568               5.3646                .0604                  .0            184.0         .0                  .0
191.0               38.7604               5.0783                .149                   .0            191.0         .0                  .0
176.0               39.8418               5.4509                .2214                  .0            176.0         .0                  .0
195.0               37.5357               4.7873                .3331                  .0            195.0         .0                  .0
184.0               39.0649               5.2282                .2044                  .0            184.0         .0                  .0
187.0               39.1223               5.2738                .0633                  .0            187.0         .0                  .0
190.0               39.2565               5.1961                .0615                  .0            190.0         .0                  .0
179.0               39.5889               5.4406                .1364                  .0            179.0         .0                  .0
182.0               39.1421               5.0639                .4296                  .0            182.0         .0                  .0
183.0               39.3152               5.0368                .4169                  .0            183.0         .0                  .0
186.0               40.0749               5.3073                .0647                  .0            186.0         .0                  .0
182.0               39.0109               5.2712                .212                   .0            182.0         .0                  .0
187.0               39.8511               4.9371                .4052                  .0            187.0         .0                  .0
186.0               39.3369               4.954                 .4135                  .0            186.0         .0                  .0
184.0               39.1459               5.295                 .1429                  .0            184.0         .0                  .0
190.0               40.3141               4.8613                .38                    .0            190.0         .0                  .0
183.0               39.5543               5.0521                .41                    .0            183.0         .0                  .0
187.0               39.5532               5.0167                .3188                  .0            187.0         .0                  .0
185.0               39.5699               5.2086                .1903                  .0            185.0         .0                  .0
184.0               39.5405               5.0223                .4054                  .0            184.0         .0                  .0
185.0               39.4409               5.2592                .1255                  .0            185.0         .0                  .0
189.0               38.1632               4.8858                .392                   .0            189.0         .0                  .0
187.0               38.9309               5.0736                .2701                  .0            187.0         .0                  .0
186.0               39.5936               5.2166                .1613                  .0            186.0         .0                  .0
186.0               39.1765               5.2288                .1302                  .0            186.0         .0                  .0
191.0               39.9219               5.0251                .2068                  .0            191.0         .0                  .0
187.0               39.6915               4.8517                .4822                  .0            187.0         .0                  .0
186.0               40.1016               5.2286                .1408                  .0            186.0         .0                  .0
181.0               39.8242               5.0865                .4272                  .0            181.0         .0                  .0
190.0               39.5026               5.2014                .0566                  .0            190.0         .0                  .0
180.0               39.9503               5.2712                .2764                  .0            180.0         .0                  .0
182.0               39.7705               5.3522                .1361                  .0            182.0         .0                  .0
184.0               39.4811               5.0211                .4007                  .0            184.0         .0                  .0
10.0                35.6                  6.006                 .0488                  .0            9.0           .0                  .0
Server 0, get requests: 11036

Thread 4
Throughput          Waiting time          Service time          Time to parse          Sets          Gets          Multi-gets          Misses
137.0               35.9783               4.6785                .4811                  .0            138.0         .0                  .0
182.0               38.9071               5.1863                .279                   .0            182.0         .0                  .0
184.0               37.2973               5.0674                .3458                  .0            184.0         .0                  .0
181.0               38.1374               5.3602                .144                   .0            181.0         .0                  .0
182.0               39.4262               5.1347                .3518                  .0            182.0         .0                  .0
184.0               39.4324               5.2094                .2145                  .0            184.0         .0                  .0
182.0               38.8251               5.0554                .4257                  .0            182.0         .0                  .0
182.0               39.0929               5.0236                .4246                  .0            182.0         .0                  .0
182.0               38.2842               4.9823                .5088                  .0            182.0         .0                  .0
174.0               39.3771               5.5259                .2087                  .0            174.0         .0                  .0
180.0               38.663                5.0573                .4904                  .0            180.0         .0                  .0
181.0               39.0659               5.2343                .2822                  .0            181.0         .0                  .0
177.0               39.4382               5.2001                .4383                  .0            177.0         .0                  .0
181.0               38.8846               5.2189                .3048                  .0            181.0         .0                  .0
180.0               38.2652               5.0492                .4964                  .0            180.0         .0                  .0
186.0               40.8289               5.1099                .2766                  .0            186.0         .0                  .0
191.0               38.0312               4.9732                .2366                  .0            191.0         .0                  .0
180.0               37.7017               4.9701                .5767                  .0            180.0         .0                  .0
181.0               39.5275               5.1474                .369                   .0            181.0         .0                  .0
176.0               38.1582               5.304                 .3727                  .0            176.0         .0                  .0
175.0               38.8011               5.4867                .2264                  .0            175.0         .0                  .0
184.0               38.2108               5.1236                .2847                  .0            184.0         .0                  .0
185.0               39.2581               5.0065                .3933                  .0            185.0         .0                  .0
178.0               40.162                5.2615                .3419                  .0            178.0         .0                  .0
177.0               40.0506               5.0528                .5963                  .0            177.0         .0                  .0
185.0               38.3495               5.1968                .2002                  .0            185.0         .0                  .0
176.0               39.565                5.2152                .4587                  .0            176.0         .0                  .0
173.0               39.1379               5.2494                .522                   .0            173.0         .0                  .0
185.0               37.7366               4.9741                .4232                  .0            185.0         .0                  .0
174.0               40.0057               5.301                 .4379                  .0            174.0         .0                  .0
183.0               37.712                4.8439                .6136                  .0            183.0         .0                  .0
176.0               38.2938               5.316                 .3621                  .0            176.0         .0                  .0
187.0               38.5957               4.9373                .3997                  .0            187.0         .0                  .0
179.0               38.4056               5.1572                .4231                  .0            179.0         .0                  .0
174.0               39.3829               5.5171                .2147                  .0            174.0         .0                  .0
177.0               38.7247               5.4221                .2332                  .0            177.0         .0                  .0
183.0               39.3152               5.1014                .3554                  .0            183.0         .0                  .0
180.0               39.5635               5.2781                .2702                  .0            180.0         .0                  .0
179.0               38.8333               4.9962                .5755                  .0            179.0         .0                  .0
163.0               38.8476               5.4626                .6809                  .0            163.0         .0                  .0
179.0               38.7111               5.0349                .5274                  .0            179.0         .0                  .0
181.0               38.4286               5.0213                .5041                  .0            181.0         .0                  .0
169.0               39.0882               4.7531                1.147                  .0            169.0         .0                  .0
180.0               38.884                5.2661                .2897                  .0            180.0         .0                  .0
179.0               39.4389               5.1468                .4306                  .0            179.0         .0                  .0
172.0               38.8439               5.5084                .2969                  .0            172.0         .0                  .0
181.0               39.2912               5.1758                .3405                  .0            181.0         .0                  .0
183.0               39.2065               5.2314                .2268                  .0            183.0         .0                  .0
184.0               38.1838               4.873                 .5583                  .0            184.0         .0                  .0
175.0               38.3125               5.1659                .5331                  .0            175.0         .0                  .0
183.0               38.9076               5.3307                .127                   .0            183.0         .0                  .0
174.0               38.6971               5.3037                .4344                  .0            174.0         .0                  .0
179.0               39.0444               5.3555                .2267                  .0            179.0         .0                  .0
174.0               39.12                 5.292                 .4395                  .0            174.0         .0                  .0
179.0               39.6833               5.0033                .5753                  .0            179.0         .0                  .0
176.0               39.0056               5.2616                .4162                  .0            176.0         .0                  .0
177.0               38.2303               5.2015                .4409                  .0            177.0         .0                  .0
181.0               38.5714               4.9547                .5635                  .0            181.0         .0                  .0
177.0               39.2247               5.1981                .4337                  .0            177.0         .0                  .0
182.0               39.2459               4.9945                .4962                  .0            182.0         .0                  .0
10.0                36.6                  5.9488                .0961                  .0            9.0           .0                  .0
Server 0, get requests: 10731

Thread 5
Throughput          Waiting time          Service time          Time to parse          Sets          Gets          Multi-gets          Misses
134.0               35.9333               4.782                 .7937                  .0            135.0         .0                  .0
180.0               38.5967               5.2336                .2917                  .0            180.0         .0                  .0
178.0               37.5922               4.9468                .647                   .0            178.0         .0                  .0
174.0               38.2057               5.327                 .394                   .0            174.0         .0                  .0
178.0               39.2291               5.1754                .4283                  .0            178.0         .0                  .0
176.0               39.2938               5.2956                .3814                  .0            176.0         .0                  .0
185.0               38.6183               5.1235                .2663                  .0            185.0         .0                  .0
181.0               38.3242               5.3649                .1521                  .0            181.0         .0                  .0
178.0               38.8212               5.1097                .5027                  .0            178.0         .0                  .0
171.0               39.6221               5.2293                .6012                  .0            171.0         .0                  .0
177.0               38.9831               4.9601                .6833                  .0            177.0         .0                  .0
179.0               39.4889               5.0169                .5628                  .0            179.0         .0                  .0
173.0               39.7701               5.2425                .5231                  .0            173.0         .0                  .0
181.0               38.8132               5.2542                .2766                  .0            181.0         .0                  .0
184.0               37.827                5.2194                .2025                  .0            184.0         .0                  .0
153.0               39.1623               5.8685                .6848                  .0            153.0         .0                  .0
171.0               37.657                5.5403                .2695                  .0            171.0         .0                  .0
184.0               37.9946               5.0661                .3629                  .0            184.0         .0                  .0
174.0               39.6857               5.3804                .3627                  .0            174.0         .0                  .0
177.0               38.309                5.2179                .4261                  .0            177.0         .0                  .0
185.0               38.9785               5.058                 .3524                  .0            185.0         .0                  .0
176.0               38.8588               5.2948                .3603                  .0            176.0         .0                  .0
178.0               39.5531               5.3296                .282                   .0            178.0         .0                  .0
171.0               40.3837               5.5369                .2975                  .0            171.0         .0                  .0
170.0               40.0877               5.2673                .6149                  .0            170.0         .0                  .0
177.0               38.9831               5.4333                .2068                  .0            177.0         .0                  .0
174.0               39.5943               5.0954                .6464                  .0            174.0         .0                  .0
179.0               39.3944               5.2327                .3498                  .0            179.0         .0                  .0
188.0               38.0317               5.2426                .0685                  .0            188.0         .0                  .0
174.0               39.9714               5.447                 .2856                  .0            174.0         .0                  .0
186.0               37.6898               4.963                 .4088                  .0            186.0         .0                  .0
178.0               38.6034               5.3336                .2773                  .0            178.0         .0                  .0
181.0               38.8132               5.3068                .2072                  .0            181.0         .0                  .0
176.0               38.5367               5.3837                .2862                  .0            176.0         .0                  .0
175.0               39.5284               5.175                 .5322                  .0            175.0         .0                  .0
180.0               39.3149               5.0634                .4965                  .0            180.0         .0                  .0
180.0               39.4696               5.2489                .2965                  .0            180.0         .0                  .0
172.0               39.5723               5.2955                .5139                  .0            172.0         .0                  .0
177.0               39.309                5.2867                .3528                  .0            177.0         .0                  .0
179.0               39.8222               5.149                 .4311                  .0            179.0         .0                  .0
177.0               39.0225               5.441                 .2004                  .0            177.0         .0                  .0
175.0               39.1875               4.9771                .73                    .0            175.0         .0                  .0
176.0               39.1808               5.359                 .3065                  .0            176.0         .0                  .0
173.0               40.0057               5.2532                .5291                  .0            173.0         .0                  .0
176.0               38.7966               5.2496                .4211                  .0            176.0         .0                  .0
179.0               39.1111               5.366                 .2126                  .0            179.0         .0                  .0
173.0               39.7874               5.5345                .2333                  .0            173.0         .0                  .0
178.0               38.8101               5.2589                .3572                  .0            178.0         .0                  .0
178.0               38.2682               5.1797                .4277                  .0            178.0         .0                  .0
179.0               39.0722               5.3479                .227                   .0            179.0         .0                  .0
179.0               39.2167               5.2454                .3478                  .0            179.0         .0                  .0
180.0               38.674                5.3441                .191                   .0            180.0         .0                  .0
173.0               39.2241               4.9624                .8129                  .0            173.0         .0                  .0
174.0               38.7829               5.3029                .4305                  .0            174.0         .0                  .0
174.0               39.1943               5.2062                .534                   .0            174.0         .0                  .0
180.0               38.8011               5.0336                .5135                  .0            180.0         .0                  .0
180.0               38.8785               5.1177                .429                   .0            180.0         .0                  .0
174.0               39.1943               5.2269                .5128                  .0            174.0         .0                  .0
172.0               39.6879               5.6049                .1989                  .0            172.0         .0                  .0
176.0               39.8305               5.3635                .3027                  .0            176.0         .0                  .0
10.0                37.5                  6.0192                .0478                  .0            9.0           .0                  .0
Server 0, get requests: 10580

Thread 6
Throughput          Waiting time          Service time          Time to parse          Sets          Gets          Multi-gets          Misses
135.0               36.3235               4.5347                .957                   .0            136.0         .0                  .0
174.0               39.0171               5.3337                .3878                  .0            174.0         .0                  .0
188.0               38.3228               5.1586                .1403                  .0            188.0         .0                  .0
183.0               38.962                5.1567                .2874                  .0            183.0         .0                  .0
177.0               39.1966               5.2756                .365                   .0            177.0         .0                  .0
183.0               39.7609               5.2481                .2042                  .0            183.0         .0                  .0
183.0               38.8859               5.1679                .2814                  .0            183.0         .0                  .0
183.0               39.5                  5.3857                .0698                  .0            183.0         .0                  .0
186.0               38.893                5.2338                .1359                  .0            186.0         .0                  .0
184.0               40.0541               5.1386                .2837                  .0            184.0         .0                  .0
177.0               39.1461               5.4364                .2045                  .0            177.0         .0                  .0
188.0               39.963                5.2227                .0833                  .0            188.0         .0                  .0
182.0               40.0984               5.2032                .295                   .0            182.0         .0                  .0
177.0               39.3427               5.0835                .5558                  .0            177.0         .0                  .0
182.0               38.5355               5.1851                .2984                  .0            182.0         .0                  .0
187.0               41.266                4.8693                .487                   .0            187.0         .0                  .0
186.0               38.8289               4.9977                .353                   .0            186.0         .0                  .0
187.0               38.4362               5.1369                .2007                  .0            187.0         .0                  .0
157.0               40.0696               6.2408                .1232                  .0            157.0         .0                  .0
184.0               39.227                5.0816                .3471                  .0            184.0         .0                  .0
188.0               40.1217               5.0702                .254                   .0            188.0         .0                  .0
185.0               39.4839               5.0649                .3152                  .0            185.0         .0                  .0
184.0               39.9243               5.0649                .3628                  .0            184.0         .0                  .0
180.0               40.3702               5.2125                .334                   .0            180.0         .0                  .0
181.0               39.956                5.2538                .2668                  .0            181.0         .0                  .0
182.0               39.4208               5.2063                .2752                  .0            182.0         .0                  .0
186.0               40.1872               5.0348                .3391                  .0            186.0         .0                  .0
181.0               39.6923               4.8199                .6996                  .0            181.0         .0                  .0
190.0               38.7906               4.9884                .2641                  .0            190.0         .0                  .0
179.0               40.0333               4.8674                .7075                  .0            179.0         .0                  .0
196.0               37.7107               4.7893                .309                   .0            196.0         .0                  .0
188.0               40.1693               5.0434                .2676                  .0            188.0         .0                  .0
184.0               39.2703               5.2291                .2005                  .0            184.0         .0                  .0
186.0               39.3743               5.2423                .1268                  .0            186.0         .0                  .0
187.0               39.4255               5.2075                .1325                  .0            187.0         .0                  .0
178.0               39.1229               5.3869                .2333                  .0            178.0         .0                  .0
181.0               39.489                5.346                 .1677                  .0            181.0         .0                  .0
186.0               40.123                5.1769                .1971                  .0            186.0         .0                  .0
188.0               39.1534               5.1085                .1999                  .0            188.0         .0                  .0
188.0               40.2698               5.1389                .1833                  .0            188.0         .0                  .0
185.0               39.3441               4.9048                .4828                  .0            185.0         .0                  .0
183.0               39.3859               5.1762                .2756                  .0            183.0         .0                  .0
182.0               39.776                5.1656                .3236                  .0            182.0         .0                  .0
188.0               39.4762               4.9446                .3732                  .0            188.0         .0                  .0
175.0               38.9716               5.4893                .2067                  .0            175.0         .0                  .0
186.0               40.1283               5.1579                .2152                  .0            186.0         .0                  .0
174.0               39.5257               5.351                 .3855                  .0            174.0         .0                  .0
181.0               39.3846               5.1579                .359                   .0            181.0         .0                  .0
187.0               38.867                5.1495                .1972                  .0            187.0         .0                  .0
184.0               39.8757               5.2848                .1367                  .0            184.0         .0                  .0
181.0               39.6044               5.2162                .3009                  .0            181.0         .0                  .0
180.0               38.8564               5.1543                .393                   .0            180.0         .0                  .0
177.0               39.0449               5.365                 .2784                  .0            177.0         .0                  .0
185.0               39.4355               5.1885                .2047                  .0            185.0         .0                  .0
182.0               40.0219               5.3567                .13                    .0            182.0         .0                  .0
183.0               39.7011               5.1922                .2641                  .0            183.0         .0                  .0
179.0               38.5556               5.222                 .3506                  .0            179.0         .0                  .0
182.0               39.6393               5.2404                .2727                  .0            182.0         .0                  .0
180.0               40.1602               5.1028                .4241                  .0            180.0         .0                  .0
181.0               40.4505               5.3798                .1315                  .0            181.0         .0                  .0
11.0                38.0909               4.3133                1.2471                 .0            10.0          .0                  .0
Server 0, get requests: 10927

Thread 7
Throughput          Waiting time          Service time          Time to parse          Sets          Gets          Multi-gets          Misses
152.0               34.9739               4.0563                .7982                  .0            153.0         .0                  .0
175.0               39.3523               5.3657                .3193                  .0            175.0         .0                  .0
183.0               37.913                5.0607                .3714                  .0            183.0         .0                  .0
182.0               38.8033               5.0274                .4467                  .0            182.0         .0                  .0
184.0               39.3243               4.8615                .571                   .0            184.0         .0                  .0
181.0               39.8901               5.3134                .2015                  .0            181.0         .0                  .0
174.0               39.0571               5.456                 .2768                  .0            174.0         .0                  .0
180.0               38.8895               5.1078                .435                   .0            180.0         .0                  .0
185.0               38.9409               5.0018                .3971                  .0            185.0         .0                  .0
178.0               39.2849               5.5229                .0832                  .0            178.0         .0                  .0
178.0               39.1453               5.3177                .2939                  .0            178.0         .0                  .0
171.0               39.2093               5.3107                .5277                  .0            171.0         .0                  .0
174.0               39.5943               5.1719                .5761                  .0            174.0         .0                  .0
180.0               39.1713               5.0567                .493                   .0            180.0         .0                  .0
179.0               38.9056               5.0003                .5717                  .0            179.0         .0                  .0
187.0               40.8883               5.1379                .2234                  .0            187.0         .0                  .0
185.0               39.3118               4.7402                .6358                  .0            185.0         .0                  .0
183.0               38.3967               5.0992                .3549                  .0            183.0         .0                  .0
176.0               39.9096               5.0929                .5841                  .0            176.0         .0                  .0
180.0               39.3094               5.1999                .3507                  .0            180.0         .0                  .0
171.0               39.5116               5.4761                .3766                  .0            171.0         .0                  .0
181.0               38.544                5.0676                .4293                  .0            181.0         .0                  .0
179.0               39.6333               5.1513                .4318                  .0            179.0         .0                  .0
173.0               40.4943               5.3499                .4212                  .0            173.0         .0                  .0
174.0               40.1886               5.4802                .2625                  .0            174.0         .0                  .0
177.0               39.6798               5.1098                .5254                  .0            177.0         .0                  .0
172.0               39.8208               5.4301                .3819                  .0            172.0         .0                  .0
181.0               39.2582               5.2337                .2825                  .0            181.0         .0                  .0
175.0               38.1761               5.112                 .5943                  .0            175.0         .0                  .0
177.0               40.236                5.1918                .4506                  .0            177.0         .0                  .0
187.0               37.5426               5.0025                .3364                  .0            187.0         .0                  .0
181.0               39.4176               5.1088                .412                   .0            181.0         .0                  .0
178.0               38.6983               5.2554                .3508                  .0            178.0         .0                  .0
185.0               39.2473               4.9932                .4065                  .0            185.0         .0                  .0
179.0               39.6111               5.1845                .3948                  .0            179.0         .0                  .0
178.0               39.257                5.3506                .2736                  .0            178.0         .0                  .0
173.0               39.2759               5.4756                .289                   .0            173.0         .0                  .0
176.0               39.8927               5.5576                .1216                  .0            176.0         .0                  .0
179.0               39.1833               4.9956                .5811                  .0            179.0         .0                  .0
177.0               39.927                5.4432                .2103                  .0            177.0         .0                  .0
185.0               39.3226               5.1881                .199                   .0            185.0         .0                  .0
174.0               39.6286               5.2388                .5034                  .0            174.0         .0                  .0
180.0               39.1878               5.0458                .5                     .0            180.0         .0                  .0
171.0               39.3488               5.4859                .3623                  .0            171.0         .0                  .0
174.0               39.7257               5.223                 .5092                  .0            174.0         .0                  .0
175.0               39.3295               5.1875                .5155                  .0            175.0         .0                  .0
169.0               39.3706               5.5357                .3715                  .0            169.0         .0                  .0
176.0               39.3616               5.5281                .1509                  .0            176.0         .0                  .0
179.0               38.45                 5.0824                .5014                  .0            179.0         .0                  .0
180.0               39.2044               5.3358                .2035                  .0            180.0         .0                  .0
171.0               39.4709               5.5653                .2871                  .0            171.0         .0                  .0
179.0               39.3556               4.9967                .5717                  .0            179.0         .0                  .0
176.0               38.8927               5.3949                .281                   .0            176.0         .0                  .0
181.0               40.0385               5.0551                .4553                  .0            181.0         .0                  .0
167.0               39.7738               5.4925                .4864                  .0            167.0         .0                  .0
174.0               39.0629               5.2253                .5111                  .0            174.0         .0                  .0
182.0               38.8634               5.359                 .1289                  .0            182.0         .0                  .0
180.0               39.8729               5.2321                .3232                  .0            180.0         .0                  .0
180.0               40.0                  5.3467                .2013                  .0            180.0         .0                  .0
176.0               40.3729               5.3778                .2888                  .0            176.0         .0                  .0
7.0                 36.1429               8.6621                .0655                  .0            6.0           .0                  .0
Server 0, get requests: 10656

Aggregated Statistics for a 1 seconds window of the entire middleware: 
Throughput          QueueLength          Waiting time          Service time          Time to parse          Sets          Gets          Multi-gets          Misses
1085.0              .0                   36.45                 4.5492                .9103                  .0            1093.0        .0                  .0
1439.0              58.0                 38.8574               5.1978                .3364                  .0            1439.0        .0                  .0
1472.0              58.0                 37.7247               5.0522                .3614                  .0            1472.0        .0                  .0
1433.0              58.0                 38.4691               5.1838                .3821                  .0            1433.0        .0                  .0
1430.0              58.0                 39.0756               5.1929                .3941                  .0            1430.0        .0                  .0
1426.0              58.0                 39.3265               5.2456                .3566                  .0            1426.0        .0                  .0
1444.0              58.0                 38.9421               5.1896                .3422                  .0            1444.0        .0                  .0
1451.0              58.0                 38.8852               5.1592                .3416                  .0            1451.0        .0                  .0
1453.0              58.0                 38.4396               5.1542                .35                    .0            1453.0        .0                  .0
1415.0              58.0                 39.6384               5.3009                .3412                  .0            1415.0        .0                  .0
1441.0              58.0                 39.0266               5.1337                .411                   .0            1441.0        .0                  .0
1426.0              58.0                 39.2827               5.2491                .3563                  .0            1426.0        .0                  .0
1419.0              58.0                 39.4978               5.2052                .4296                  .0            1419.0        .0                  .0
1438.0              58.0                 39.0344               5.1938                .369                   .0            1438.0        .0                  .0
1452.0              58.0                 38.3983               5.1579                .3403                  .0            1452.0        .0                  .0
1394.0              58.0                 40.116                5.4362                .3667                  .0            1394.0        .0                  .0
1455.0              54.0                 38.2199               5.1718                .3119                  .0            1455.0        .0                  .0
1468.0              58.0                 38.0639               5.107                 .3381                  .0            1468.0        .0                  .0
1408.0              58.0                 39.7071               5.3529                .336                   .0            1408.0        .0                  .0
1441.0              58.0                 38.8691               5.159                 .3889                  .0            1441.0        .0                  .0
1429.0              57.0                 39.1934               5.3019                .314                   .0            1429.0        .0                  .0
1443.0              58.0                 38.7017               5.2104                .3102                  .0            1443.0        .0                  .0
1427.0              58.0                 39.3272               5.2124                .3911                  .0            1427.0        .0                  .0
1396.0              58.0                 40.1327               5.3452                .3791                  .0            1396.0        .0                  .0
1403.0              58.0                 40.0132               5.3353                .3703                  .0            1403.0        .0                  .0
1432.0              58.0                 39.1506               5.2131                .3673                  .0            1432.0        .0                  .0
1422.0              58.0                 39.5606               5.2153                .4105                  .0            1422.0        .0                  .0
1429.0              58.0                 39.262                5.2452                .3504                  .0            1429.0        .0                  .0
1475.0              58.0                 37.9891               5.1752                .243                   .0            1475.0        .0                  .0
1408.0              58.0                 39.8976               5.241                 .4341                  .0            1408.0        .0                  .0
1496.0              58.0                 37.4908               4.9905                .3553                  .0            1496.0        .0                  .0
1441.0              58.0                 38.9178               5.2037                .3453                  .0            1441.0        .0                  .0
1454.0              58.0                 38.6756               5.1635                .3306                  .0            1454.0        .0                  .0
1448.0              58.0                 38.7486               5.1713                .3529                  .0            1448.0        .0                  .0
1422.0              58.0                 39.4639               5.2876                .3321                  .0            1422.0        .0                  .0
1434.0              58.0                 39.0804               5.2423                .3407                  .0            1434.0        .0                  .0
1433.0              58.0                 39.2412               5.1845                .3901                  .0            1433.0        .0                  .0
1415.0              58.0                 39.608                5.3976                .2579                  .0            1415.0        .0                  .0
1437.0              58.0                 39.0816               5.1415                .4169                  .0            1437.0        .0                  .0
1417.0              58.0                 39.6161               5.2819                .3788                  .0            1417.0        .0                  .0
1439.0              58.0                 38.9922               5.102                 .4476                  .0            1439.0        .0                  .0
1439.0              58.0                 39.0225               5.1452                .4109                  .0            1439.0        .0                  .0
1428.0              58.0                 39.3126               5.1246                .4716                  .0            1428.0        .0                  .0
1424.0              58.0                 39.3437               5.2761                .3447                  .0            1424.0        .0                  .0
1430.0              58.0                 39.1397               5.1918                .3932                  .0            1430.0        .0                  .0
1425.0              58.0                 39.3159               5.2592                .3493                  .0            1425.0        .0                  .0
1423.0              58.0                 39.404                5.2587                .362                   .0            1423.0        .0                  .0
1436.0              58.0                 39.1474               5.2663                .2971                  .0            1436.0        .0                  .0
1467.0              58.0                 38.2118               5.0612                .388                   .0            1467.0        .0                  .0
1436.0              58.0                 38.9669               5.2211                .3419                  .0            1436.0        .0                  .0
1430.0              58.0                 39.3227               5.2554                .3442                  .0            1430.0        .0                  .0
1447.0              58.0                 38.7971               5.2208                .2934                  .0            1447.0        .0                  .0
1434.0              58.0                 39.0995               5.2152                .3635                  .0            1434.0        .0                  .0
1427.0              58.0                 39.1071               5.1958                .4013                  .0            1427.0        .0                  .0
1416.0              58.0                 39.6411               5.3126                .3354                  .0            1416.0        .0                  .0
1432.0              58.0                 39.1471               5.1971                .3822                  .0            1432.0        .0                  .0
1452.0              58.0                 38.6527               5.2053                .2993                  .0            1452.0        .0                  .0
1425.0              58.0                 39.3817               5.238                 .3781                  .0            1425.0        .0                  .0
1411.0              58.0                 39.6857               5.3034                .355                   .0            1411.0        .0                  .0
1413.0              58.0                 39.7069               5.275                 .3776                  .0            1413.0        .0                  .0
75.0                58.0                 36.2139               6.0526                .5628                  .0            67.0          .0                  .0
The following results are aggregated for all threads, normalized for one second
Throughput(ops/sec):  (avg)1405.9,  (std)33.22
QueueLength: (avg)51.1,  (std)16.48
WaitingTime(msec): (avg)38.9965,  (std).5432
ServiceTime(msec): (avg)5.2185,  (std).0781
ParseTime(msec): (avg).3727, (std).0426
Sets(ops/sec): 		 (avg).0,  (std).0
Gets(ops/sec): 		 (avg)1405.9,  (std)33.22
Multi-gets(ops/sec):  (avg).0,  (std).0
Misses(ops/sec):      (avg).0,  (std).0
Miss ratio: .0
Avg time between two tasks: .2849

Tot response time: average_waitingTime + average_serviceTime + average_parseTime + average_timeBetweenTwoTasks

max response time : 46.2038
min response time: 42.1944

42.1944:   #
42.5953:   
42.9963:   ##
43.3972:   #
43.7982:   ####
44.1991:   ###
44.6001:   ##########
45.001:   ###################
45.402:   ##############
45.8029:   ####
46.2038:   ###
