
Thread 0
Throughput          Waiting time          Service time          Time to parse          Sets          Gets          Multi-gets          Misses
148.0               47.8121               4.4266                .5287                  .0            149.0         .0                  .0
182.0               60.8142               5.1851                .2804                  .0            182.0         .0                  .0
194.0               57.9436               4.8401                .288                   .0            194.0         .0                  .0
184.0               59.3622               5.1908                .2218                  .0            184.0         .0                  .0
185.0               58.7849               5.033                 .3592                  .0            185.0         .0                  .0
183.0               60.5217               5.1802                .2745                  .0            183.0         .0                  .0
172.0               60.2717               5.1479                .6639                  .0            172.0         .0                  .0
180.0               60.6243               5.1903                .3566                  .0            180.0         .0                  .0
174.0               59.6229               5.5235                .2092                  .0            174.0         .0                  .0
184.0               60.1405               5.1521                .2818                  .0            184.0         .0                  .0
179.0               61.1722               5.197                 .3861                  .0            179.0         .0                  .0
176.0               61.5254               5.1694                .5021                  .0            176.0         .0                  .0
182.0               60.1148               5.138                 .3468                  .0            182.0         .0                  .0
182.0               60.776                5.1378                .3442                  .0            182.0         .0                  .0
141.0               60.8028               6.1436                .9557                  .0            141.0         .0                  .0
160.0               58.3168               5.8832                .3556                  .0            160.0         .0                  .0
190.0               58.0471               4.9994                .2528                  .0            190.0         .0                  .0
184.0               58.9189               4.9593                .4682                  .0            184.0         .0                  .0
183.0               59.8967               5.3957                .0599                  .0            183.0         .0                  .0
183.0               59.663                5.3347                .1239                  .0            183.0         .0                  .0
185.0               60.3118               5.1962                .2014                  .0            185.0         .0                  .0
179.0               61.2611               5.0847                .4935                  .0            179.0         .0                  .0
180.0               60.1326               5.3448                .2165                  .0            180.0         .0                  .0
174.0               59.0114               5.0582                .6652                  .0            174.0         .0                  .0
184.0               58.8703               5.21                  .2143                  .0            184.0         .0                  .0
192.0               59.7979               5.0868                .1196                  .0            192.0         .0                  .0
177.0               60.8708               5.3705                .2763                  .0            177.0         .0                  .0
188.0               59.2646               5.1196                .1931                  .0            188.0         .0                  .0
180.0               60.5912               5.0413                .5021                  .0            180.0         .0                  .0
182.0               60.0                  5.1578                .3275                  .0            182.0         .0                  .0
180.0               60.0829               5.203                 .3467                  .0            180.0         .0                  .0
176.0               60.1808               5.155                 .5169                  .0            176.0         .0                  .0
177.0               60.4719               5.2672                .37                    .0            177.0         .0                  .0
179.0               60.5                  5.1459                .4356                  .0            179.0         .0                  .0
186.0               59.877                5.0947                .2767                  .0            186.0         .0                  .0
181.0               60.0055               5.1939                .3482                  .0            181.0         .0                  .0
175.0               59.483                5.2716                .4102                  .0            175.0         .0                  .0
180.0               59.7624               5.1503                .3909                  .0            180.0         .0                  .0
177.0               58.9494               5.3549                .2957                  .0            177.0         .0                  .0
182.0               59.0874               5.1328                .3537                  .0            182.0         .0                  .0
191.0               58.776                5.0302                .1942                  .0            191.0         .0                  .0
173.0               61.2989               5.1897                .5864                  .0            173.0         .0                  .0
185.0               58.7151               5.341                 .0585                  .0            185.0         .0                  .0
180.0               59.6077               5.0193                .5122                  .0            180.0         .0                  .0
178.0               60.5922               5.1761                .4348                  .0            178.0         .0                  .0
172.0               60.4624               5.4182                .3837                  .0            172.0         .0                  .0
180.0               60.1271               5.2672                .2868                  .0            180.0         .0                  .0
187.0               60.7447               5.1344                .2026                  .0            187.0         .0                  .0
180.0               60.3039               5.0542                .4993                  .0            180.0         .0                  .0
181.0               59.4725               5.1803                .3364                  .0            181.0         .0                  .0
190.0               58.1204               4.9971                .2555                  .0            190.0         .0                  .0
187.0               58.5532               5.0908                .2519                  .0            187.0         .0                  .0
178.0               59.324                5.1042                .513                   .0            178.0         .0                  .0
180.0               59.1934               5.346                 .2018                  .0            180.0         .0                  .0
179.0               60.1667               5.3788                .2042                  .0            179.0         .0                  .0
180.0               60.9116               5.1226                .424                   .0            180.0         .0                  .0
180.0               59.6575               5.4655                .0792                  .0            180.0         .0                  .0
183.0               59.8261               5.1907                .2741                  .0            183.0         .0                  .0
169.0               61.1412               5.4494                .4581                  .0            169.0         .0                  .0
179.0               60.9556               5.2465                .3307                  .0            179.0         .0                  .0
12.0                54.25                 5.1941                1.1568                 .0            11.0          .0                  .0
Server 0, get requests: 10784

Thread 1
Throughput          Waiting time          Service time          Time to parse          Sets          Gets          Multi-gets          Misses
138.0               48.6906               4.3367                .957                   .0            139.0         .0                  .0
179.0               60.5111               5.2436                .3139                  .0            179.0         .0                  .0
193.0               58.0309               5.0798                .0768                  .0            193.0         .0                  .0
180.0               58.8619               5.1741                .3582                  .0            180.0         .0                  .0
172.0               58.3757               5.4772                .3246                  .0            172.0         .0                  .0
179.0               59.9556               5.2527                .3248                  .0            179.0         .0                  .0
184.0               61.1676               5.0088                .4236                  .0            184.0         .0                  .0
180.0               60.6298               5.3341                .2118                  .0            180.0         .0                  .0
172.0               60.1156               5.4007                .325                   .0            172.0         .0                  .0
181.0               60.6923               5.0561                .5376                  .0            181.0         .0                  .0
179.0               61.4111               5.2336                .3468                  .0            179.0         .0                  .0
181.0               61.3791               5.1714                .3436                  .0            181.0         .0                  .0
186.0               60.1604               5.1659                .2058                  .0            186.0         .0                  .0
176.0               60.7006               5.3151                .3594                  .0            176.0         .0                  .0
187.0               60.6064               5.1492                .1969                  .0            187.0         .0                  .0
168.0               57.929                5.7155                .2182                  .0            168.0         .0                  .0
165.0               57.0904               5.7758                .2807                  .0            165.0         .0                  .0
188.0               58.9471               5.1853                .1261                  .0            188.0         .0                  .0
183.0               59.9022               5.18                  .2746                  .0            183.0         .0                  .0
182.0               60.1366               5.2686                .2192                  .0            182.0         .0                  .0
181.0               60.3022               5.2892                .222                   .0            181.0         .0                  .0
180.0               60.895                5.1281                .4286                  .0            180.0         .0                  .0
177.0               60.2753               5.2951                .3558                  .0            177.0         .0                  .0
187.0               59.1011               5.1372                .1898                  .0            187.0         .0                  .0
186.0               58.7647               5.1674                .2015                  .0            186.0         .0                  .0
177.0               59.191                5.2893                .3559                  .0            177.0         .0                  .0
172.0               59.8786               5.1686                .6442                  .0            172.0         .0                  .0
178.0               59.6927               5.196                 .4121                  .0            178.0         .0                  .0
170.0               60.2573               5.3414                .5226                  .0            170.0         .0                  .0
179.0               59.7111               5.1549                .4278                  .0            179.0         .0                  .0
176.0               60.2429               5.0407                .635                   .0            176.0         .0                  .0
174.0               60.6914               5.3872                .3467                  .0            174.0         .0                  .0
181.0               60.4341               5.1217                .3945                  .0            181.0         .0                  .0
175.0               60.1023               5.3694                .3417                  .0            175.0         .0                  .0
181.0               59.4725               5.2319                .2856                  .0            181.0         .0                  .0
183.0               60.0815               5.2633                .2169                  .0            183.0         .0                  .0
182.0               59.4098               5.0971                .3625                  .0            182.0         .0                  .0
174.0               59.36                 5.5368                .2046                  .0            174.0         .0                  .0
185.0               58.5215               5.0052                .4012                  .0            185.0         .0                  .0
182.0               59.5027               5.1305                .3414                  .0            182.0         .0                  .0
181.0               58.5879               5.2006                .3126                  .0            181.0         .0                  .0
175.0               61.1023               5.3594                .3622                  .0            175.0         .0                  .0
180.0               58.9613               5.1309                .4128                  .0            180.0         .0                  .0
174.0               59.44                 5.2356                .5009                  .0            174.0         .0                  .0
182.0               59.4317               5.2223                .2653                  .0            182.0         .0                  .0
183.0               60.5217               5.2143                .2356                  .0            183.0         .0                  .0
175.0               59.9716               5.3614                .3492                  .0            175.0         .0                  .0
177.0               60.3315               5.2719                .3719                  .0            177.0         .0                  .0
176.0               59.7175               5.0367                .6385                  .0            176.0         .0                  .0
188.0               58.7196               5.1194                .1903                  .0            188.0         .0                  .0
189.0               57.3526               5.0484                .2295                  .0            189.0         .0                  .0
183.0               57.587                5.0916                .3712                  .0            183.0         .0                  .0
178.0               59.4972               5.1182                .4974                  .0            178.0         .0                  .0
184.0               59.1568               5.1063                .326                   .0            184.0         .0                  .0
183.0               60.3207               5.2566                .2002                  .0            183.0         .0                  .0
174.0               61.1543               5.0005                .7355                  .0            174.0         .0                  .0
188.0               60.1534               5.0566                .2534                  .0            188.0         .0                  .0
181.0               60.1154               5.3942                .1297                  .0            181.0         .0                  .0
178.0               61.9721               5.1758                .4344                  .0            178.0         .0                  .0
183.0               61.1304               5.3249                .1276                  .0            183.0         .0                  .0
12.0                54.1667               6.2471                .0546                  .0            11.0          .0                  .0
Server 0, get requests: 10757

Thread 2
Throughput          Waiting time          Service time          Time to parse          Sets          Gets          Multi-gets          Misses
145.0               48.4315               4.478                 .5947                  .0            146.0         .0                  .0
181.0               60.4231               5.2163                .2818                  .0            181.0         .0                  .0
192.0               58.3005               4.9803                .2035                  .0            192.0         .0                  .0
178.0               58.5866               5.3003                .2921                  .0            178.0         .0                  .0
173.0               58.8908               5.5462                .2237                  .0            173.0         .0                  .0
172.0               58.8555               5.2863                .5178                  .0            172.0         .0                  .0
180.0               59.663                5.1909                .3572                  .0            180.0         .0                  .0
179.0               59.5444               5.1987                .3857                  .0            179.0         .0                  .0
185.0               59.1344               5.0263                .3637                  .0            185.0         .0                  .0
167.0               59.9821               5.5258                .4615                  .0            167.0         .0                  .0
170.0               60.7895               5.5727                .3059                  .0            170.0         .0                  .0
175.0               61.1705               5.314                 .386                   .0            175.0         .0                  .0
171.0               59.6802               5.1653                .6779                  .0            171.0         .0                  .0
173.0               60.6839               5.3068                .4641                  .0            173.0         .0                  .0
181.0               60.6319               5.2454                .277                   .0            181.0         .0                  .0
188.0               58.0317               5.0797                .2284                  .0            188.0         .0                  .0
190.0               57.6702               4.9168                .3347                  .0            190.0         .0                  .0
184.0               58.7622               5.1234                .3025                  .0            184.0         .0                  .0
180.0               59.4807               5.1918                .3549                  .0            180.0         .0                  .0
184.0               59.8919               5.2311                .1936                  .0            184.0         .0                  .0
180.0               60.3867               5.0151                .536                   .0            180.0         .0                  .0
174.0               60.2743               5.1633                .5749                  .0            174.0         .0                  .0
176.0               59.3616               5.0602                .6121                  .0            176.0         .0                  .0
171.0               59.0174               5.1799                .6633                  .0            171.0         .0                  .0
180.0               58.2597               5.4023                .1381                  .0            180.0         .0                  .0
188.0               59.6455               4.8992                .418                   .0            188.0         .0                  .0
181.0               60.5604               5.3141                .2008                  .0            181.0         .0                  .0
183.0               59.2228               5.1528                .3125                  .0            183.0         .0                  .0
180.0               59.989                5.1865                .3576                  .0            180.0         .0                  .0
178.0               59.4469               5.1757                .4327                  .0            178.0         .0                  .0
175.0               59.9318               5.5021                .2057                  .0            175.0         .0                  .0
178.0               60.514                5.174                 .4353                  .0            178.0         .0                  .0
177.0               59.6629               5.235                 .4078                  .0            177.0         .0                  .0
179.0               59.8278               5.1405                .4366                  .0            179.0         .0                  .0
177.0               59.8202               5.0826                .5601                  .0            177.0         .0                  .0
186.0               60.2086               5.2113                .1737                  .0            186.0         .0                  .0
178.0               58.9609               5.2538                .3365                  .0            178.0         .0                  .0
180.0               59.5193               5.1177                .43                    .0            180.0         .0                  .0
183.0               58.6141               5.3255                .1363                  .0            183.0         .0                  .0
179.0               59.8778               5.1618                .4177                  .0            179.0         .0                  .0
184.0               58.2649               5.2243                .1962                  .0            184.0         .0                  .0
179.0               60.7389               5.3096                .2795                  .0            179.0         .0                  .0
184.0               58.5081               5.1554                .2662                  .0            184.0         .0                  .0
181.0               59.4451               5.1092                .4082                  .0            181.0         .0                  .0
181.0               60.033                5.2006                .3161                  .0            181.0         .0                  .0
178.0               60.1508               5.3352                .2741                  .0            178.0         .0                  .0
180.0               59.5967               5.3436                .2014                  .0            180.0         .0                  .0
175.0               60.2386               5.42                  .2866                  .0            175.0         .0                  .0
175.0               59.7216               4.9752                .7355                  .0            175.0         .0                  .0
178.0               58.905                5.173                 .4364                  .0            178.0         .0                  .0
187.0               57.1755               4.9939                .3452                  .0            187.0         .0                  .0
184.0               57.5135               5.152                 .2748                  .0            184.0         .0                  .0
186.0               58.6417               5.2438                .1331                  .0            186.0         .0                  .0
181.0               58.8901               5.0307                .4901                  .0            181.0         .0                  .0
177.0               59.7865               5.2265                .4135                  .0            177.0         .0                  .0
173.0               60.8908               5.4617                .3046                  .0            173.0         .0                  .0
183.0               59.7228               5.1228                .3389                  .0            183.0         .0                  .0
181.0               59.989                5.1808                .339                   .0            181.0         .0                  .0
169.0               61.4471               5.3132                .594                   .0            169.0         .0                  .0
175.0               60.2273               5.1856                .5203                  .0            175.0         .0                  .0
11.0                54.8182               5.586                 .0509                  .0            10.0          .0                  .0
Server 0, get requests: 10733

Thread 3
Throughput          Waiting time          Service time          Time to parse          Sets          Gets          Multi-gets          Misses
141.0               48.6972               4.4578                .7628                  .0            142.0         .0                  .0
176.0               60.2203               5.2162                .3939                  .0            176.0         .0                  .0
197.0               58.1566               4.6869                .3678                  .0            197.0         .0                  .0
188.0               58.9418               5.0904                .2087                  .0            188.0         .0                  .0
179.0               59.1333               5.4326                .1432                  .0            179.0         .0                  .0
183.0               60.1902               4.9193                .5363                  .0            183.0         .0                  .0
179.0               60.2                  5.3613                .2233                  .0            179.0         .0                  .0
186.0               60.7059               5.1302                .236                   .0            186.0         .0                  .0
184.0               59.5081               5.1451                .2759                  .0            184.0         .0                  .0
186.0               60.3155               4.879                 .4968                  .0            186.0         .0                  .0
181.0               61.1648               5.1955                .325                   .0            181.0         .0                  .0
180.0               61.3481               5.079                 .4626                  .0            180.0         .0                  .0
186.0               60.2086               5.0913                .2821                  .0            186.0         .0                  .0
174.0               61.08                 5.3924                .3465                  .0            174.0         .0                  .0
186.0               60.9305               5.0996                .2745                  .0            186.0         .0                  .0
185.0               59.0591               4.7225                .6715                  .0            185.0         .0                  .0
188.0               58.6243               5.1101                .197                   .0            188.0         .0                  .0
182.0               58.6667               5.1193                .369                   .0            182.0         .0                  .0
185.0               59.3602               4.9735                .4231                  .0            185.0         .0                  .0
182.0               60.2514               5.0371                .4506                  .0            182.0         .0                  .0
179.0               60.0889               5.5149                .0623                  .0            179.0         .0                  .0
175.0               60.6591               5.1877                .5183                  .0            175.0         .0                  .0
182.0               60.1202               5.0954                .4064                  .0            182.0         .0                  .0
180.0               58.8177               5.2532                .2818                  .0            180.0         .0                  .0
178.0               58.9497               5.0174                .5876                  .0            178.0         .0                  .0
187.0               59.3351               5.116                 .2304                  .0            187.0         .0                  .0
176.0               60.6045               5.0199                .6583                  .0            176.0         .0                  .0
184.0               59.0                  5.2963                .133                   .0            184.0         .0                  .0
174.0               60.0229               5.2924                .4419                  .0            174.0         .0                  .0
179.0               59.8056               5.0771                .5003                  .0            179.0         .0                  .0
181.0               60.1813               4.8575                .6556                  .0            181.0         .0                  .0
179.0               60.8944               5.2977                .2866                  .0            179.0         .0                  .0
177.0               60.3202               5.1945                .4477                  .0            177.0         .0                  .0
179.0               60.3111               5.0451                .5273                  .0            179.0         .0                  .0
183.0               59.0326               5.1071                .3553                  .0            183.0         .0                  .0
180.0               59.7514               5.3054                .2675                  .0            180.0         .0                  .0
185.0               59.5215               5.0904                .2799                  .0            185.0         .0                  .0
181.0               59.7637               5.0383                .4804                  .0            181.0         .0                  .0
181.0               58.6319               5.0446                .4816                  .0            181.0         .0                  .0
183.0               59.9674               5.0778                .37                    .0            183.0         .0                  .0
185.0               59.2043               4.9039                .4914                  .0            185.0         .0                  .0
178.0               60.9441               5.1908                .4295                  .0            178.0         .0                  .0
180.0               59.674                5.2629                .2855                  .0            180.0         .0                  .0
183.0               59.8424               5.1741                .2749                  .0            183.0         .0                  .0
177.0               59.8989               5.4581                .1859                  .0            177.0         .0                  .0
173.0               60.4598               5.0926                .6763                  .0            173.0         .0                  .0
178.0               60.4246               5.4804                .13                    .0            178.0         .0                  .0
178.0               60.3743               5.1223                .4869                  .0            178.0         .0                  .0
186.0               59.6845               5.0925                .2801                  .0            186.0         .0                  .0
190.0               59.3927               4.9999                .2572                  .0            190.0         .0                  .0
178.0               57.7263               5.3914                .2154                  .0            178.0         .0                  .0
185.0               58.6774               4.915                 .4791                  .0            185.0         .0                  .0
182.0               59.3224               5.1964                .2947                  .0            182.0         .0                  .0
185.0               59.0753               5.0646                .3434                  .0            185.0         .0                  .0
177.0               60.3876               5.2076                .429                   .0            177.0         .0                  .0
177.0               61.191                5.4307                .2078                  .0            177.0         .0                  .0
175.0               59.3693               5.3677                .338                   .0            175.0         .0                  .0
181.0               59.1484               5.3397                .1848                  .0            181.0         .0                  .0
184.0               62.0541               4.9518                .4736                  .0            184.0         .0                  .0
181.0               60.3626               5.2543                .2634                  .0            181.0         .0                  .0
11.0                56.0                  4.3865                2.4884                 .0            10.0          .0                  .0
Server 0, get requests: 10855

Thread 4
Throughput          Waiting time          Service time          Time to parse          Sets          Gets          Multi-gets          Misses
136.0               49.1241               4.4201                .9256                  .0            137.0         .0                  .0
174.0               60.1714               5.1312                .622                   .0            174.0         .0                  .0
184.0               57.5676               4.9647                .4431                  .0            184.0         .0                  .0
177.0               58.5787               5.1096                .5191                  .0            177.0         .0                  .0
177.0               58.4719               5.1354                .503                   .0            177.0         .0                  .0
171.0               59.8198               5.2984                .5397                  .0            171.0         .0                  .0
172.0               59.5896               5.503                 .3068                  .0            172.0         .0                  .0
173.0               59.9368               5.0939                .6756                  .0            173.0         .0                  .0
180.0               58.9558               5.1505                .3203                  .0            180.0         .0                  .0
179.0               59.7333               5.2597                .3992                  .0            179.0         .0                  .0
171.0               60.4826               5.5238                .3143                  .0            171.0         .0                  .0
176.0               60.6215               5.3666                .3062                  .0            176.0         .0                  .0
170.0               59.4327               5.499                 .3729                  .0            170.0         .0                  .0
173.0               59.8506               5.4023                .3695                  .0            173.0         .0                  .0
177.0               59.9157               5.2765                .3704                  .0            177.0         .0                  .0
182.0               57.7158               5.2912                .1898                  .0            182.0         .0                  .0
186.0               58.0642               5.0973                .2614                  .0            186.0         .0                  .0
189.0               59.0789               5.0859                .2032                  .0            189.0         .0                  .0
183.0               59.6522               5.1374                .3182                  .0            183.0         .0                  .0
183.0               59.8043               5.1112                .3472                  .0            183.0         .0                  .0
178.0               60.2067               5.3153                .2955                  .0            178.0         .0                  .0
179.0               60.4611               5.2346                .343                   .0            179.0         .0                  .0
176.0               59.6102               5.1996                .4892                  .0            176.0         .0                  .0
179.0               59.1278               5.0932                .4728                  .0            179.0         .0                  .0
186.0               58.3904               5.029                 .339                   .0            186.0         .0                  .0
186.0               59.2086               5.1127                .2593                  .0            186.0         .0                  .0
183.0               59.8098               5.039                 .4226                  .0            183.0         .0                  .0
177.0               59.309                5.1365                .5074                  .0            177.0         .0                  .0
184.0               60.0054               5.2283                .1956                  .0            184.0         .0                  .0
184.0               59.4378               5.1469                .2792                  .0            184.0         .0                  .0
175.0               59.8011               5.4985                .2102                  .0            175.0         .0                  .0
181.0               60.3736               5.3132                .2014                  .0            181.0         .0                  .0
184.0               60.1622               5.2972                .1262                  .0            184.0         .0                  .0
175.0               59.2102               5.2834                .4262                  .0            175.0         .0                  .0
181.0               58.6209               5.3844                .1359                  .0            181.0         .0                  .0
176.0               59.1469               5.2801                .4191                  .0            176.0         .0                  .0
182.0               58.918                5.2588                .2048                  .0            182.0         .0                  .0
178.0               59.0838               5.1924                .4152                  .0            178.0         .0                  .0
182.0               58.4426               5.2962                .1973                  .0            182.0         .0                  .0
175.0               60.0966               5.2716                .4279                  .0            175.0         .0                  .0
183.0               57.837                5.2366                .2173                  .0            183.0         .0                  .0
176.0               60.4011               5.3757                .3003                  .0            176.0         .0                  .0
181.0               58.7308               5.1844                .3364                  .0            181.0         .0                  .0
177.0               59.3034               5.2887                .3501                  .0            177.0         .0                  .0
180.0               59.8177               5.191                 .3567                  .0            180.0         .0                  .0
176.0               60.3446               5.0977                .5756                  .0            176.0         .0                  .0
181.0               60.1374               5.1799                .338                   .0            181.0         .0                  .0
174.0               60.5086               5.5344                .2055                  .0            174.0         .0                  .0
177.0               59.8652               4.983                 .6592                  .0            177.0         .0                  .0
182.0               58.8251               5.2127                .2733                  .0            182.0         .0                  .0
185.0               56.7097               5.2549                .1411                  .0            185.0         .0                  .0
181.0               58.0275               5.0982                .4184                  .0            181.0         .0                  .0
182.0               58.918                5.1451                .3499                  .0            182.0         .0                  .0
182.0               58.5355               5.2251                .266                   .0            182.0         .0                  .0
177.0               59.6742               5.3462                .2939                  .0            177.0         .0                  .0
176.0               60.548                5.3775                .2931                  .0            176.0         .0                  .0
179.0               60.1333               5.2606                .3206                  .0            179.0         .0                  .0
180.0               59.5525               5.3502                .1979                  .0            180.0         .0                  .0
174.0               61.4857               5.3015                .4371                  .0            174.0         .0                  .0
172.0               60.6532               5.3538                .4525                  .0            172.0         .0                  .0
11.0                56.2727               5.5937                .0473                  .0            10.0          .0                  .0
Server 0, get requests: 10700

Thread 5
Throughput          Waiting time          Service time          Time to parse          Sets          Gets          Multi-gets          Misses
143.0               47.8125               4.4815                .5949                  .0            144.0         .0                  .0
194.0               60.3846               4.7591                .3652                  .0            194.0         .0                  .0
196.0               58.3096               4.7827                .3557                  .0            196.0         .0                  .0
179.0               58.3167               5.1309                .428                   .0            179.0         .0                  .0
187.0               58.3511               5.1983                .1386                  .0            187.0         .0                  .0
187.0               59.5106               5.0624                .2761                  .0            187.0         .0                  .0
177.0               59.6966               5.1102                .5304                  .0            177.0         .0                  .0
183.0               60.0489               5.2527                .2077                  .0            183.0         .0                  .0
181.0               59.5714               5.1666                .3437                  .0            181.0         .0                  .0
180.0               60.0442               5.1232                .4325                  .0            180.0         .0                  .0
175.0               60.858                5.4203                .2914                  .0            175.0         .0                  .0
171.0               60.8605               5.0221                .8131                  .0            171.0         .0                  .0
184.0               59.4432               5.0775                .3454                  .0            184.0         .0                  .0
177.0               60.8258               5.1337                .5131                  .0            177.0         .0                  .0
185.0               60.0538               4.988                 .4159                  .0            185.0         .0                  .0
195.0               58.1224               4.9733                .126                   .0            195.0         .0                  .0
187.0               58.5053               4.9115                .4207                  .0            187.0         .0                  .0
163.0               58.4207               5.6394                .5085                  .0            163.0         .0                  .0
157.0               59.1709               6.1288                .2124                  .0            157.0         .0                  .0
150.0               60.0728               6.1891                .4724                  .0            150.0         .0                  .0
166.0               60.1437               5.5971                .4192                  .0            166.0         .0                  .0
182.0               60.8525               5.207                 .2815                  .0            182.0         .0                  .0
184.0               59.8432               5.2976                .1417                  .0            184.0         .0                  .0
183.0               59.1033               5.1539                .2894                  .0            183.0         .0                  .0
186.0               59.2513               5.162                 .2054                  .0            186.0         .0                  .0
135.0               58.6838               6.6503                .7523                  .0            135.0         .0                  .0
182.0               60.5956               5.271                 .2201                  .0            182.0         .0                  .0
186.0               59.5348               4.9013                .4631                  .0            186.0         .0                  .0
180.0               60.0829               5.3361                .2142                  .0            180.0         .0                  .0
181.0               59.5989               5.2588                .2558                  .0            181.0         .0                  .0
181.0               60.5                  5.2457                .2721                  .0            181.0         .0                  .0
180.0               60.7901               5.2215                .3245                  .0            180.0         .0                  .0
180.0               60.3315               5.1703                .3714                  .0            180.0         .0                  .0
180.0               60.442                5.27                  .2815                  .0            180.0         .0                  .0
179.0               59.6167               5.2498                .3306                  .0            179.0         .0                  .0
174.0               59.1543               5.4766                .2871                  .0            174.0         .0                  .0
185.0               59.8656               5.1469                .2262                  .0            185.0         .0                  .0
188.0               59.2063               5.1874                .1224                  .0            188.0         .0                  .0
191.0               58.7083               4.9282                .3068                  .0            191.0         .0                  .0
180.0               59.9779               5.128                 .4137                  .0            180.0         .0                  .0
184.0               58.2378               5.0376                .3875                  .0            184.0         .0                  .0
180.0               60.6133               5.3582                .1995                  .0            180.0         .0                  .0
182.0               58.8142               5.1553                .3322                  .0            182.0         .0                  .0
186.0               60.5348               5.1589                .2031                  .0            186.0         .0                  .0
179.0               59.7944               5.3697                .2089                  .0            179.0         .0                  .0
178.0               60.514                5.3964                .2064                  .0            178.0         .0                  .0
183.0               60.2391               5.1466                .3159                  .0            183.0         .0                  .0
183.0               60.337                5.131                 .3258                  .0            183.0         .0                  .0
181.0               60.1868               5.4022                .1145                  .0            181.0         .0                  .0
184.0               58.6649               5.1225                .3088                  .0            184.0         .0                  .0
190.0               58.4346               4.9835                .2623                  .0            190.0         .0                  .0
191.0               58.9167               5.1736                .0571                  .0            191.0         .0                  .0
184.0               59.5514               5.2411                .1936                  .0            184.0         .0                  .0
185.0               59.0914               5.0175                .3842                  .0            185.0         .0                  .0
184.0               60.1351               4.9379                .4868                  .0            184.0         .0                  .0
179.0               61.0                  5.3864                .1892                  .0            179.0         .0                  .0
176.0               59.5537               5.1829                .4963                  .0            176.0         .0                  .0
174.0               59.3829               5.2314                .5111                  .0            174.0         .0                  .0
179.0               61.3389               5.3731                .2053                  .0            179.0         .0                  .0
178.0               60.2458               5.4358                .1626                  .0            178.0         .0                  .0
12.0                54.9167               6.3632                .051                   .0            11.0          .0                  .0
Server 0, get requests: 10786

Thread 6
Throughput          Waiting time          Service time          Time to parse          Sets          Gets          Multi-gets          Misses
149.0               46.26                 4.3952                .4528                  .0            150.0         .0                  .0
152.0               60.268                6.1573                .3139                  .0            152.0         .0                  .0
141.0               55.7887               6.9197                .2384                  .0            141.0         .0                  .0
188.0               59.2063               5.0905                .2104                  .0            188.0         .0                  .0
180.0               58.9337               5.3412                .2045                  .0            180.0         .0                  .0
184.0               59.5676               5.1581                .2677                  .0            184.0         .0                  .0
177.0               60.8034               5.066                 .5757                  .0            177.0         .0                  .0
179.0               59.7444               4.9921                .5904                  .0            179.0         .0                  .0
179.0               59.5111               5.196                 .4088                  .0            179.0         .0                  .0
185.0               60.7097               5.0902                .2829                  .0            185.0         .0                  .0
176.0               61.0565               5.3159                .3632                  .0            176.0         .0                  .0
174.0               61.1086               5.266                 .4697                  .0            174.0         .0                  .0
183.0               59.7717               5.1196                .338                   .0            183.0         .0                  .0
184.0               60.8973               5.2759                .1506                  .0            184.0         .0                  .0
192.0               60.456                4.9821                .2271                  .0            192.0         .0                  .0
190.0               57.8848               5.0172                .1972                  .0            190.0         .0                  .0
184.0               58.3459               5.2215                .2002                  .0            184.0         .0                  .0
189.0               58.8316               5.0099                .2742                  .0            189.0         .0                  .0
179.0               59.1444               5.4348                .1431                  .0            179.0         .0                  .0
183.0               60.4185               5.1063                .3521                  .0            183.0         .0                  .0
175.0               60.2614               5.193                 .5079                  .0            175.0         .0                  .0
172.0               60.3699               5.5019                .3081                  .0            172.0         .0                  .0
192.0               60.6321               5.0315                .1816                  .0            192.0         .0                  .0
188.0               59.4603               5.1793                .1202                  .0            188.0         .0                  .0
185.0               58.6989               5.1312                .2658                  .0            185.0         .0                  .0
190.0               59.2461               4.9269                .3322                  .0            190.0         .0                  .0
181.0               60.1978               5.2778                .2449                  .0            181.0         .0                  .0
183.0               59.1033               5.2582                .189                   .0            183.0         .0                  .0
181.0               60.8022               5.2443                .2787                  .0            181.0         .0                  .0
180.0               59.6796               5.2143                .332                   .0            180.0         .0                  .0
188.0               59.6508               5.053                 .2617                  .0            188.0         .0                  .0
180.0               60.5525               4.9812                .5638                  .0            180.0         .0                  .0
180.0               60.6188               5.209                 .3403                  .0            180.0         .0                  .0
188.0               59.9471               5.0468                .2627                  .0            188.0         .0                  .0
186.0               59.7647               5.2474                .1255                  .0            186.0         .0                  .0
178.0               60.0503               5.0215                .6065                  .0            178.0         .0                  .0
182.0               59.5082               5.2443                .2102                  .0            182.0         .0                  .0
187.0               59.4362               5.2164                .1256                  .0            187.0         .0                  .0
186.0               58.3155               4.8959                .4768                  .0            186.0         .0                  .0
182.0               59.4645               4.9285                .5538                  .0            182.0         .0                  .0
188.0               58.3757               4.9755                .3361                  .0            188.0         .0                  .0
180.0               60.674                5.1369                .4138                  .0            180.0         .0                  .0
186.0               59.2139               5.1953                .1888                  .0            186.0         .0                  .0
183.0               59.6141               5.094                 .3483                  .0            183.0         .0                  .0
183.0               59.6304               5.1304                .3285                  .0            183.0         .0                  .0
186.0               61.123                5.1754                .1908                  .0            186.0         .0                  .0
182.0               59.9071               5.1395                .3485                  .0            182.0         .0                  .0
178.0               60.6872               5.2041                .406                   .0            178.0         .0                  .0
188.0               60.2275               5.1868                .1262                  .0            188.0         .0                  .0
185.0               58.5968               5.1359                .2668                  .0            185.0         .0                  .0
184.0               57.5351               5.1434                .2841                  .0            184.0         .0                  .0
188.0               57.8095               5.0123                .2929                  .0            188.0         .0                  .0
183.0               59.3098               4.8867                .5707                  .0            183.0         .0                  .0
185.0               59.1559               4.9985                .4046                  .0            185.0         .0                  .0
180.0               60.1326               5.0702                .4765                  .0            180.0         .0                  .0
174.0               61.12                 5.531                 .2062                  .0            174.0         .0                  .0
184.0               59.9622               5.2385                .192                   .0            184.0         .0                  .0
180.0               59.6685               5.2649                .277                   .0            180.0         .0                  .0
177.0               61.5955               5.2019                .4306                  .0            177.0         .0                  .0
176.0               60.6328               5.2672                .4101                  .0            176.0         .0                  .0
11.0                56.0                  5.6014                .059                   .0            10.0          .0                  .0
Server 0, get requests: 10873

Thread 7
Throughput          Waiting time          Service time          Time to parse          Sets          Gets          Multi-gets          Misses
134.0               48.9037               4.7466                13.1278                .0            135.0         .0                  .0
174.0               60.3371               5.3898                .3236                  .0            174.0         .0                  .0
191.0               57.7917               4.8993                .312                   .0            191.0         .0                  .0
180.0               58.6464               5.269                 .2623                  .0            180.0         .0                  .0
169.0               58.3059               5.4557                .4499                  .0            169.0         .0                  .0
179.0               59.5278               5.3307                -4.0741                .0            180.0         .0                  .0
184.0               60.3696               5.0865                .3687                  .0            183.0         .0                  .0
169.0               59.7706               5.5204                .388                   .0            169.0         .0                  .0
179.0               59.2611               5.1413                .4312                  .0            179.0         .0                  .0
172.0               59.9017               5.439                 .3746                  .0            172.0         .0                  .0
178.0               60.8492               5.2666                .3507                  .0            178.0         .0                  .0
173.0               60.7701               5.562                 .2059                  .0            173.0         .0                  .0
174.0               59.7257               5.3003                .4345                  .0            174.0         .0                  .0
174.0               60.8114               5.3597                .3782                  .0            174.0         .0                  .0
183.0               60.462                5.1838                .2839                  .0            183.0         .0                  .0
187.0               58.3085               5.1467                .1888                  .0            187.0         .0                  .0
185.0               57.8978               5.1162                .2768                  .0            185.0         .0                  .0
181.0               58.456                5.2959                .2208                  .0            181.0         .0                  .0
190.0               59.3455               5.1233                .1302                  .0            190.0         .0                  .0
184.0               59.4432               5.2202                .2077                  .0            184.0         .0                  .0
176.0               60.226                5.4561                .2173                  .0            176.0         .0                  .0
176.0               60.322                5.5297                .142                   .0            176.0         .0                  .0
174.0               59.7829               5.3508                .4035                  .0            174.0         .0                  .0
181.0               59.3077               5.1716                .3331                  .0            181.0         .0                  .0
177.0               58.4045               5.3756                .2653                  .0            177.0         .0                  .0
186.0               59.4011               5.3042                .0625                  .0            186.0         .0                  .0
172.0               60.1156               5.3227                .4921                  .0            172.0         .0                  .0
171.0               58.9709               5.5394                .2908                  .0            171.0         .0                  .0
175.0               60.3523               5.286                 .4194                  .0            175.0         .0                  .0
176.0               60.1921               5.286                 .392                   .0            176.0         .0                  .0
174.0               59.7143               5.6122                .128                   .0            174.0         .0                  .0
170.0               60.2164               5.5171                .3499                  .0            170.0         .0                  .0
168.0               60.3787               5.6633                .2883                  .0            168.0         .0                  .0
176.0               59.5819               5.3965                .2741                  .0            176.0         .0                  .0
177.0               58.8989               5.2573                .3855                  .0            177.0         .0                  .0
179.0               59.4333               5.1733                .4231                  .0            179.0         .0                  .0
180.0               59.4033               5.1307                .4001                  .0            180.0         .0                  .0
178.0               59.2402               5.2988                .3102                  .0            178.0         .0                  .0
181.0               58.467                5.0491                .4753                  .0            181.0         .0                  .0
174.0               60.0                  5.5048                .2244                  .0            174.0         .0                  .0
175.0               58.9432               5.1885                .5194                  .0            175.0         .0                  .0
173.0               60.2816               5.4773                .3058                  .0            173.0         .0                  .0
182.0               58.4153               5.2426                .2517                  .0            182.0         .0                  .0
176.0               59.5198               5.5279                .1248                  .0            176.0         .0                  .0
179.0               59.9389               5.2215                .3587                  .0            179.0         .0                  .0
172.0               60.1676               5.3203                .4842                  .0            172.0         .0                  .0
174.0               59.9486               5.23                  .5163                  .0            174.0         .0                  .0
172.0               60.2254               5.3556                .4512                  .0            172.0         .0                  .0
174.0               59.5314               5.4593                .2818                  .0            174.0         .0                  .0
175.0               58.858                4.8281                .8832                  .0            175.0         .0                  .0
185.0               57.5806               5.1902                .2014                  .0            185.0         .0                  .0
183.0               57.6141               4.9757                .481                   .0            183.0         .0                  .0
177.0               58.618                5.4502                .1995                  .0            177.0         .0                  .0
176.0               59.2203               5.3956                .2785                  .0            176.0         .0                  .0
176.0               60.0169               5.1666                .51                    .0            176.0         .0                  .0
173.0               60.8391               5.566                 .2035                  .0            173.0         .0                  .0
170.0               59.8246               5.1266                .7518                  .0            170.0         .0                  .0
173.0               59.5862               5.3511                .4266                  .0            173.0         .0                  .0
168.0               61.7515               5.2532                .6864                  .0            168.0         .0                  .0
175.0               60.4375               5.2833                .4266                  .0            175.0         .0                  .0
11.0                55.2727               5.5727                1.3198                 .0            10.0          .0                  .0
Server 0, get requests: 10580

Aggregated Statistics for a 1 seconds window of the entire middleware: 
Throughput          QueueLength          Waiting time          Service time          Time to parse          Sets          Gets          Multi-gets          Misses
1134.0              .0                   48.2165               4.4678                2.243                  .0            1142.0        .0                  .0
1412.0              83.0                 60.3912               5.2873                .3618                  .0            1412.0        .0                  .0
1488.0              82.0                 57.7362               5.1442                .2857                  .0            1488.0        .0                  .0
1454.0              80.0                 58.8126               5.1695                .3126                  .0            1454.0        .0                  .0
1422.0              80.0                 58.6559               5.3275                .2933                  .0            1422.0        .0                  .0
1438.0              85.0                 59.7436               5.186                 -.1671                 .0            1439.0        .0                  .0
1425.0              86.0                 60.2202               5.1843                .4312                  .0            1424.0        .0                  .0
1429.0              82.0                 60.1256               5.214                 .3815                  .0            1429.0        .0                  .0
1434.0              80.0                 59.4601               5.2187                .3347                  .0            1434.0        .0                  .0
1434.0              82.0                 60.1899               5.1906                .4084                  .0            1434.0        .0                  .0
1409.0              88.0                 60.973                5.3407                .3354                  .0            1409.0        .0                  .0
1406.0              88.0                 61.098                5.2438                .4362                  .0            1406.0        .0                  .0
1436.0              88.0                 59.8172               5.1946                .3754                  .0            1436.0        .0                  .0
1413.0              88.0                 60.7032               5.2905                .3657                  .0            1413.0        .0                  .0
1432.0              88.0                 60.4824               5.2585                .3752                  .0            1432.0        .0                  .0
1455.0              88.0                 58.171                5.2286                .2719                  .0            1455.0        .0                  .0
1475.0              87.0                 58.0307               5.1436                .278                   .0            1475.0        .0                  .0
1460.0              88.0                 58.7603               5.1773                .3091                  .0            1460.0        .0                  .0
1440.0              88.0                 59.4941               5.3207                .2396                  .0            1440.0        .0                  .0
1431.0              88.0                 59.9602               5.3123                .2958                  .0            1431.0        .0                  .0
1420.0              88.0                 60.2409               5.3221                .3077                  .0            1420.0        .0                  .0
1417.0              88.0                 60.6369               5.2546                .3862                  .0            1417.0        .0                  .0
1441.0              88.0                 59.9698               5.2094                .3508                  .0            1441.0        .0                  .0
1443.0              88.0                 59.1183               5.1533                .377                   .0            1443.0        .0                  .0
1462.0              88.0                 58.6987               5.1869                .2771                  .0            1462.0        .0                  .0
1441.0              88.0                 59.3136               5.2982                .3163                  .0            1441.0        .0                  .0
1424.0              88.0                 60.3291               5.223                 .3949                  .0            1424.0        .0                  .0
1450.0              88.0                 59.2623               5.2                   .3126                  .0            1450.0        .0                  .0
1424.0              88.0                 60.2629               5.2445                .3665                  .0            1424.0        .0                  .0
1439.0              88.0                 59.734                5.1839                .3684                  .0            1439.0        .0                  .0
1430.0              88.0                 60.0131               5.2516                .3394                  .0            1430.0        .0                  .0
1418.0              88.0                 60.5266               5.2559                .3782                  .0            1418.0        .0                  .0
1424.0              88.0                 60.2975               5.2698                .3433                  .0            1424.0        .0                  .0
1431.0              88.0                 59.9903               5.2122                .3732                  .0            1431.0        .0                  .0
1450.0              88.0                 59.3879               5.2069                .3069                  .0            1450.0        .0                  .0
1437.0              88.0                 59.729                5.2407                .3428                  .0            1437.0        .0                  .0
1449.0              88.0                 59.3838               5.1867                .3038                  .0            1449.0        .0                  .0
1446.0              88.0                 59.4215               5.2173                .3099                  .0            1446.0        .0                  .0
1466.0              88.0                 58.5813               5.1124                .3464                  .0            1466.0        .0                  .0
1437.0              88.0                 59.7468               5.167                 .3878                  .0            1437.0        .0                  .0
1471.0              88.0                 58.5283               5.0997                .3318                  .0            1471.0        .0                  .0
1414.0              88.0                 60.7568               5.2997                .3596                  .0            1414.0        .0                  .0
1460.0              88.0                 58.8791               5.2085                .2665                  .0            1460.0        .0                  .0
1440.0              88.0                 59.6634               5.2009                .3403                  .0            1440.0        .0                  .0
1439.0              88.0                 59.8921               5.2462                .3069                  .0            1439.0        .0                  .0
1418.0              88.0                 60.468                5.2563                .3783                  .0            1418.0        .0                  .0
1433.0              88.0                 60.044                5.2686                .3108                  .0            1433.0        .0                  .0
1424.0              88.0                 60.4309               5.2717                .3421                  .0            1424.0        .0                  .0
1437.0              88.0                 59.9048               5.1487                .4169                  .0            1437.0        .0                  .0
1463.0              88.0                 58.9293               5.0965                .369                   .0            1463.0        .0                  .0
1488.0              88.0                 57.5794               5.1254                .2418                  .0            1488.0        .0                  .0
1482.0              88.0                 58.0874               5.0636                .3283                  .0            1482.0        .0                  .0
1450.0              88.0                 59.1478               5.1732                .344                   .0            1450.0        .0                  .0
1458.0              88.0                 59.0398               5.148                 .3368                  .0            1458.0        .0                  .0
1433.0              88.0                 60.0775               5.1988                .3768                  .0            1433.0        .0                  .0
1406.0              88.0                 60.9569               5.3595                .3205                  .0            1406.0        .0                  .0
1435.0              88.0                 59.7971               5.2277                .3463                  .0            1435.0        .0                  .0
1433.0              88.0                 59.6586               5.2879                .2925                  .0            1433.0        .0                  .0
1398.0              88.0                 61.5982               5.2525                .4649                  .0            1398.0        .0                  .0
1419.0              88.0                 60.5806               5.2939                .3367                  .0            1419.0        .0                  .0
91.0                80.0                 55.2121               5.5681                .6535                  .0            83.0          .0                  .0
The following results are aggregated for all threads, normalized for one second
Throughput(ops/sec):  (avg)1410.95,  (std)33.16
QueueLength: (avg)76.75,  (std)24.84
WaitingTime(msec): (avg)59.4249,  (std).8846
ServiceTime(msec): (avg)5.2146,  (std).0635
ParseTime(msec): (avg).3692, (std).0865
Sets(ops/sec): 		 (avg).0,  (std).0
Gets(ops/sec): 		 (avg)1410.95,  (std)33.17
Multi-gets(ops/sec):  (avg).0,  (std).0
Misses(ops/sec):      (avg).0,  (std).0
Miss ratio: .0
Avg time between two tasks: .38

Tot response time: average_waitingTime + average_serviceTime + average_parseTime + average_timeBetweenTwoTasks

max response time : 67.6956
min response time: 55.3073

55.3073:   #
56.5461:   
57.785:   
59.0238:   
60.2626:   
61.5015:   #
62.7403:   #
63.9791:   #######
65.218:   ########################
66.4568:   #########################
67.6956:   ##
