
Thread 0
Throughput          Waiting time          Service time          Time to parse          Sets          Gets          Multi-gets          Misses
147.0               3.8041                4.0059                .9008                  .0            148.0         .0                  .0
188.0               8.1376                4.8186                .4407                  .0            188.0         .0                  .0
195.0               9.9694                4.8823                .2194                  .0            195.0         .0                  .0
186.0               9.4706                4.9376                .4156                  .0            186.0         .0                  .0
186.0               9.2995                5.2008                .1559                  .0            186.0         .0                  .0
190.0               9.5707                5.1299                .124                   .0            190.0         .0                  .0
187.0               9.5372                5.2136                .1289                  .0            187.0         .0                  .0
184.0               9.5676                5.2222                .2093                  .0            184.0         .0                  .0
188.0               9.6402                4.8697                .4608                  .0            188.0         .0                  .0
183.0               9.4457                5.0899                .338                   .0            183.0         .0                  .0
185.0               9.5645                5.3324                .0642                  .0            185.0         .0                  .0
186.0               9.6043                5.081                 .2894                  .0            186.0         .0                  .0
186.0               9.6203                4.9818                .388                   .0            186.0         .0                  .0
190.0               8.6963                4.8627                .3909                  .0            190.0         .0                  .0
185.0               6.6613                5.0862                .2749                  .0            185.0         .0                  .0
200.0               8.4179                4.7283                .2625                  .0            200.0         .0                  .0
199.0               6.2                   4.5867                .4073                  .0            199.0         .0                  .0
192.0               6.2073                4.8112                .3123                  .0            192.0         .0                  .0
187.0               5.8191                4.9547                .3263                  .0            187.0         .0                  .0
195.0               6.7041                4.8846                .1844                  .0            195.0         .0                  .0
181.0               5.2582                5.2631                .2031                  .0            181.0         .0                  .0
192.0               7.7772                4.7686                .4091                  .0            192.0         .0                  .0
188.0               7.672                 4.8667                .4519                  .0            188.0         .0                  .0
180.0               5.9834                5.2367                .2781                  .0            180.0         .0                  .0
179.0               5.0722                5.1422                .3467                  .0            179.0         .0                  .0
176.0               9.2938                5.3249                .3602                  .0            176.0         .0                  .0
181.0               7.956                 5.0101                .4974                  .0            181.0         .0                  .0
182.0               8.5519                5.1563                .3355                  .0            182.0         .0                  .0
181.0               8.5549                5.4516                .0627                  .0            181.0         .0                  .0
184.0               9.5405                5.1076                .3354                  .0            184.0         .0                  .0
183.0               10.0                  5.0449                .3988                  .0            183.0         .0                  .0
190.0               9.5602                4.9393                .3184                  .0            190.0         .0                  .0
182.0               10.0055               5.0267                .4789                  .0            182.0         .0                  .0
185.0               9.7903                5.1099                .2721                  .0            185.0         .0                  .0
179.0               10.1722               4.8883                .6911                  .0            179.0         .0                  .0
186.0               9.861                 5.2516                .1198                  .0            186.0         .0                  .0
189.0               9.8737                4.8997                .3715                  .0            189.0         .0                  .0
188.0               9.5185                5.2146                .1112                  .0            188.0         .0                  .0
187.0               9.9415                5.008                 .3296                  .0            187.0         .0                  .0
186.0               9.7219                5.0194                .3171                  .0            186.0         .0                  .0
184.0               9.6703                5.0241                .4098                  .0            184.0         .0                  .0
180.0               9.1713                5.2864                .257                   .0            180.0         .0                  .0
182.0               8.9508                5.1198                .3674                  .0            182.0         .0                  .0
185.0               7.7742                4.9091                .4694                  .0            185.0         .0                  .0
186.0               8.4866                5.173                 .177                   .0            186.0         .0                  .0
179.0               6.1667                5.3589                .1803                  .0            179.0         .0                  .0
182.0               7.8798                5.2854                .189                   .0            182.0         .0                  .0
177.0               9.0056                5.1566                .483                   .0            177.0         .0                  .0
183.0               7.3913                5.2292                .213                   .0            183.0         .0                  .0
184.0               7.9135                5.2609                .1241                  .0            184.0         .0                  .0
188.0               7.6772                5.0412                .2625                  .0            188.0         .0                  .0
187.0               8.9149                5.1436                .2013                  .0            187.0         .0                  .0
190.0               7.2251                4.9341                .313                   .0            190.0         .0                  .0
192.0               8.2176                5.0216                .1719                  .0            192.0         .0                  .0
193.0               7.701                 4.8168                .3738                  .0            193.0         .0                  .0
192.0               8.2124                4.8301                .345                   .0            192.0         .0                  .0
185.0               7.7581                4.8964                .5047                  .0            185.0         .0                  .0
189.0               5.2474                4.9521                .2468                  .0            189.0         .0                  .0
189.0               7.9                   5.2189                .0449                  .0            189.0         .0                  .0
182.0               5.2404                5.0889                .3335                  .0            182.0         .0                  .0
106.0               .2358                 2.2708                .2434                  .0            105.0         .0                  .0
65.0                .1385                 .7054                 .0412                  .0            65.0          .0                  .0
Server 0, get requests: 11298

Thread 1
Throughput          Waiting time          Service time          Time to parse          Sets          Gets          Multi-gets          Misses
173.0               3.1552                3.5378                .5723                  .0            174.0         .0                  .0
166.0               7.1557                5.6408                .3362                  .0            166.0         .0                  .0
134.0               8.1481                7.2538                .1662                  .0            134.0         .0                  .0
191.0               9.1042                4.9616                .2699                  .0            191.0         .0                  .0
190.0               9.199                 4.9006                .3272                  .0            190.0         .0                  .0
188.0               9.4392                5.1216                .1934                  .0            188.0         .0                  .0
186.0               9.7112                5.0971                .2723                  .0            186.0         .0                  .0
190.0               9.6963                5.0045                .2547                  .0            190.0         .0                  .0
176.0               9.548                 5.2675                .39                    .0            176.0         .0                  .0
186.0               9.123                 5.176                 .2018                  .0            186.0         .0                  .0
186.0               9.9626                5.0414                .3428                  .0            186.0         .0                  .0
186.0               9.7219                5.0342                .3196                  .0            186.0         .0                  .0
188.0               9.7619                4.6981                .6134                  .0            188.0         .0                  .0
190.0               8.3979                5.1196                .1371                  .0            190.0         .0                  .0
185.0               7.1183                5.0101                .3419                  .0            185.0         .0                  .0
198.0               8.2362                4.6049                .4379                  .0            198.0         .0                  .0
198.0               6.4673                4.6323                .3798                  .0            198.0         .0                  .0
189.0               6.3684                4.6369                .6141                  .0            189.0         .0                  .0
189.0               5.9526                4.9489                .2677                  .0            189.0         .0                  .0
193.0               6.8608                4.8046                .2938                  .0            193.0         .0                  .0
189.0               5.5632                4.7914                .4592                  .0            189.0         .0                  .0
198.0               7.9548                4.8857                .1292                  .0            198.0         .0                  .0
188.0               7.6138                5.0469                .2662                  .0            188.0         .0                  .0
181.0               6.0275                5.231                 .2426                  .0            181.0         .0                  .0
189.0               4.8                   4.934                 .27                    .0            189.0         .0                  .0
183.0               9.3859                5.1922                .2924                  .0            183.0         .0                  .0
185.0               8.2312                4.9637                .4                     .0            185.0         .0                  .0
190.0               8.4974                5.0764                .181                   .0            190.0         .0                  .0
187.0               9.0319                5.1245                .2095                  .0            187.0         .0                  .0
185.0               9.871                 5.1665                .2337                  .0            185.0         .0                  .0
190.0               9.7068                5.07                  .1916                  .0            190.0         .0                  .0
186.0               9.8075                4.8488                .5212                  .0            186.0         .0                  .0
185.0               9.7312                5.1526                .2621                  .0            185.0         .0                  .0
180.0               9.9503                5.1958                .3339                  .0            180.0         .0                  .0
189.0               9.6526                5.0993                .1841                  .0            189.0         .0                  .0
186.0               10.1604               5.0383                .335                   .0            186.0         .0                  .0
170.0               9.2573                5.4376                .4225                  .0            170.0         .0                  .0
192.0               9.5959                5.0961                .1187                  .0            192.0         .0                  .0
191.0               9.7292                5.1004                .1242                  .0            191.0         .0                  .0
185.0               10.0161               5.1797                .1868                  .0            185.0         .0                  .0
187.0               9.9362                5.0739                .2678                  .0            187.0         .0                  .0
188.0               9.0794                4.7955                .4781                  .0            188.0         .0                  .0
181.0               9.0934                4.8157                .6991                  .0            181.0         .0                  .0
186.0               8.0                   5.0232                .339                   .0            186.0         .0                  .0
181.0               8.3242                5.3242                .1856                  .0            181.0         .0                  .0
183.0               6.538                 5.1984                .1989                  .0            183.0         .0                  .0
186.0               7.5027                4.9507                .4137                  .0            186.0         .0                  .0
190.0               9.0                   4.9492                .3029                  .0            190.0         .0                  .0
189.0               7.9579                4.9994                .2649                  .0            189.0         .0                  .0
185.0               8.1774                5.1507                .2049                  .0            185.0         .0                  .0
189.0               8.0211                4.8409                .4333                  .0            189.0         .0                  .0
186.0               9.0695                5.0369                .3368                  .0            186.0         .0                  .0
191.0               8.1042                4.9148                .3089                  .0            191.0         .0                  .0
187.0               8.1277                5.0012                .3317                  .0            187.0         .0                  .0
179.0               7.8056                5.2242                .3537                  .0            179.0         .0                  .0
191.0               7.5417                5.0323                .1825                  .0            191.0         .0                  .0
190.0               7.911                 5.1385                .1199                  .0            190.0         .0                  .0
186.0               5.1979                5.1621                .1197                  .0            186.0         .0                  .0
185.0               7.7258                5.1237                .2482                  .0            185.0         .0                  .0
187.0               5.6543                5.0272                .2575                  .0            187.0         .0                  .0
116.0               .181                  2.8899                .0432                  .0            115.0         .0                  .0
76.0                .1974                 1.7605                .0423                  .0            76.0          .0                  .0
Server 0, get requests: 11330

Thread 2
Throughput          Waiting time          Service time          Time to parse          Sets          Gets          Multi-gets          Misses
153.0               3.6494                4.051                 .5522                  .0            154.0         .0                  .0
186.0               8.1711                4.9607                .369                   .0            186.0         .0                  .0
204.0               9.8098                4.6889                .1838                  .0            204.0         .0                  .0
189.0               9.4211                4.9212                .3477                  .0            189.0         .0                  .0
176.0               8.9379                5.2435                .4251                  .0            176.0         .0                  .0
180.0               9.6575                5.0548                .4908                  .0            180.0         .0                  .0
183.0               9.6304                5.0916                .3613                  .0            183.0         .0                  .0
183.0               9.6576                5.1259                .3385                  .0            183.0         .0                  .0
187.0               9.6489                5.0439                .2886                  .0            187.0         .0                  .0
181.0               9.4505                5.238                 .2794                  .0            181.0         .0                  .0
185.0               9.7151                5.0208                .3918                  .0            185.0         .0                  .0
186.0               9.7112                5.0369                .3227                  .0            186.0         .0                  .0
183.0               9.6304                5.3336                .1179                  .0            183.0         .0                  .0
183.0               8.7663                5.0772                .3803                  .0            183.0         .0                  .0
180.0               6.9613                5.082                 .4291                  .0            180.0         .0                  .0
198.0               8.3869                4.8516                .1863                  .0            198.0         .0                  .0
197.0               6.0606                4.6584                .3828                  .0            197.0         .0                  .0
193.0               6.1495                4.7579                .3263                  .0            193.0         .0                  .0
184.0               5.7081                5.212                 .1582                  .0            184.0         .0                  .0
187.0               7.3351                4.679                 .5982                  .0            187.0         .0                  .0
184.0               5.3297                4.9031                .487                   .0            184.0         .0                  .0
195.0               7.5561                4.7671                .3085                  .0            195.0         .0                  .0
180.0               7.5028                5.4279                .1279                  .0            180.0         .0                  .0
183.0               6.4022                5.1573                .2578                  .0            183.0         .0                  .0
176.0               5.2599                5.0973                .4976                  .0            176.0         .0                  .0
181.0               8.8242                5.1154                .4072                  .0            181.0         .0                  .0
181.0               7.9725                5.1796                .3375                  .0            181.0         .0                  .0
181.0               8.6538                5.1679                .3464                  .0            181.0         .0                  .0
177.0               8.4719                5.2984                .3473                  .0            177.0         .0                  .0
177.0               9.3989                5.1457                .5101                  .0            177.0         .0                  .0
183.0               9.5543                5.2594                .1858                  .0            183.0         .0                  .0
183.0               9.625                 5.2075                .2461                  .0            183.0         .0                  .0
177.0               9.6124                5.3268                .3315                  .0            177.0         .0                  .0
181.0               9.8297                5.3675                .1387                  .0            181.0         .0                  .0
183.0               9.663                 5.1964                .2591                  .0            183.0         .0                  .0
187.0               9.5745                4.8258                .5187                  .0            187.0         .0                  .0
186.0               10.0374               4.9499                .4042                  .0            186.0         .0                  .0
188.0               9.8042                4.835                 .4893                  .0            188.0         .0                  .0
184.0               10.0108               4.8784                .5478                  .0            184.0         .0                  .0
186.0               9.6631                5.075                 .2601                  .0            186.0         .0                  .0
183.0               9.6033                5.1947                .262                   .0            183.0         .0                  .0
180.0               9.3867                5.1476                .3596                  .0            180.0         .0                  .0
177.0               9.1404                5.2359                .4131                  .0            177.0         .0                  .0
178.0               7.7598                5.1124                .4775                  .0            178.0         .0                  .0
179.0               8.2278                5.0847                .4902                  .0            179.0         .0                  .0
180.0               6.2155                4.9322                .5633                  .0            180.0         .0                  .0
186.0               7.4171                5.1662                .1895                  .0            186.0         .0                  .0
184.0               8.7622                5.2447                .1867                  .0            184.0         .0                  .0
178.0               7.2961                5.2589                .3384                  .0            178.0         .0                  .0
180.0               8.1492                5.1028                .4062                  .0            180.0         .0                  .0
182.0               7.5956                5.2096                .2646                  .0            182.0         .0                  .0
184.0               9.0595                5.1742                .2561                  .0            184.0         .0                  .0
183.0               7.5815                5.2555                .1931                  .0            183.0         .0                  .0
182.0               8.3388                5.2358                .2443                  .0            182.0         .0                  .0
191.0               7.8802                5.0489                .1794                  .0            191.0         .0                  .0
185.0               7.7957                5.3365                .0455                  .0            185.0         .0                  .0
184.0               6.5568                5.1035                .3282                  .0            184.0         .0                  .0
184.0               5.3568                5.1265                .1885                  .0            184.0         .0                  .0
183.0               8.0707                4.973                 .4652                  .0            183.0         .0                  .0
185.0               5.1989                4.9951                .3572                  .0            185.0         .0                  .0
117.0               .2051                 2.0565                .2556                  .0            116.0         .0                  .0
66.0                .1667                 .6269                 .0459                  .0            66.0          .0                  .0
Server 0, get requests: 11182

Thread 3
Throughput          Waiting time          Service time          Time to parse          Sets          Gets          Multi-gets          Misses
153.0               3.526                 3.7002                .9288                  .0            154.0         .0                  .0
183.0               8.0815                4.7972                .6119                  .0            183.0         .0                  .0
201.0               10.2475               4.6982                .2504                  .0            201.0         .0                  .0
192.0               9.487                 4.7394                .4486                  .0            192.0         .0                  .0
189.0               9.0474                4.9316                .3445                  .0            189.0         .0                  .0
187.0               9.6383                5.0666                .2751                  .0            187.0         .0                  .0
188.0               9.6561                5.1773                .1299                  .0            188.0         .0                  .0
185.0               10.0108               5.2787                .1245                  .0            185.0         .0                  .0
185.0               9.6882                4.8931                .5034                  .0            185.0         .0                  .0
180.0               9.5525                5.0687                .4794                  .0            180.0         .0                  .0
185.0               9.6613                5.1341                .2788                  .0            185.0         .0                  .0
183.0               9.5109                5.3872                .0545                  .0            183.0         .0                  .0
180.0               9.9558                5.1418                .4042                  .0            180.0         .0                  .0
186.0               8.5668                5.0723                .2887                  .0            186.0         .0                  .0
185.0               7.4677                4.8061                .5577                  .0            185.0         .0                  .0
145.0               6.7329                6.6638                .2452                  .0            145.0         .0                  .0
137.0               4.5                   7.2294                .0541                  .0            137.0         .0                  .0
171.0               5.2267                5.4738                .2978                  .0            171.0         .0                  .0
178.0               5.7765                4.9328                .6112                  .0            178.0         .0                  .0
194.0               7.0769                4.6871                .3974                  .0            194.0         .0                  .0
180.0               5.3039                5.2893                .2172                  .0            180.0         .0                  .0
134.0               6.6148                7.0576                .3514                  .0            134.0         .0                  .0
182.0               7.3716                5.2756                .2056                  .0            182.0         .0                  .0
181.0               5.9011                5.2345                .2546                  .0            181.0         .0                  .0
185.0               5.2258                4.8899                .4259                  .0            185.0         .0                  .0
181.0               9.022                 4.9508                .5774                  .0            181.0         .0                  .0
183.0               8.163                 5.2605                .1936                  .0            183.0         .0                  .0
181.0               8.6319                5.3371                .184                   .0            181.0         .0                  .0
186.0               8.8342                5.11                  .2553                  .0            186.0         .0                  .0
185.0               9.2043                5.1015                .312                   .0            185.0         .0                  .0
182.0               9.8525                5.2256                .2493                  .0            182.0         .0                  .0
191.0               9.4219                5.1086                .1201                  .0            191.0         .0                  .0
189.0               9.5684                4.9771                .3225                  .0            189.0         .0                  .0
182.0               9.6503                5.2665                .1975                  .0            182.0         .0                  .0
189.0               9.6                   4.8863                .3943                  .0            189.0         .0                  .0
186.0               9.6364                5.2555                .119                   .0            186.0         .0                  .0
181.0               9.9286                5.077                 .429                   .0            181.0         .0                  .0
191.0               9.6875                5.051                 .1912                  .0            191.0         .0                  .0
181.0               9.5165                5.2942                .2225                  .0            181.0         .0                  .0
185.0               9.8602                5.0214                .345                   .0            185.0         .0                  .0
181.0               9.7308                5.367                 .1417                  .0            181.0         .0                  .0
179.0               9.3111                4.973                 .5675                  .0            179.0         .0                  .0
181.0               9.2802                5.2551                .2693                  .0            181.0         .0                  .0
183.0               8.038                 5.2804                .1606                  .0            183.0         .0                  .0
181.0               8.5385                5.0227                .4902                  .0            181.0         .0                  .0
186.0               6.3262                4.9996                .3294                  .0            186.0         .0                  .0
186.0               7.5187                5.0226                .3317                  .0            186.0         .0                  .0
183.0               8.8913                5.0844                .3741                  .0            183.0         .0                  .0
187.0               7.4947                4.9705                .3655                  .0            187.0         .0                  .0
184.0               8.0595                5.1241                .2534                  .0            184.0         .0                  .0
192.0               8.2902                5.0727                .1214                  .0            192.0         .0                  .0
186.0               8.6364                5.1154                .259                   .0            186.0         .0                  .0
184.0               7.5405                5.1534                .2645                  .0            184.0         .0                  .0
187.0               8.1383                5.0082                .3247                  .0            187.0         .0                  .0
192.0               7.9119                5.019                 .1854                  .0            192.0         .0                  .0
187.0               7.7872                4.9852                .3345                  .0            187.0         .0                  .0
183.0               7.2663                5.2603                .1949                  .0            183.0         .0                  .0
183.0               5.3207                5.3206                .0462                  .0            183.0         .0                  .0
186.0               7.6631                5.1302                .218                   .0            186.0         .0                  .0
184.0               5.3838                5.1184                .2661                  .0            184.0         .0                  .0
102.0               .1863                 2.405                 .0475                  .0            101.0         .0                  .0
69.0                .1739                 .657                  .0398                  .0            69.0          .0                  .0
Server 0, get requests: 11088

Thread 4
Throughput          Waiting time          Service time          Time to parse          Sets          Gets          Multi-gets          Misses
150.0               3.8212                3.8755                .8917                  .0            151.0         .0                  .0
186.0               8.0749                5.0186                .2936                  .0            186.0         .0                  .0
187.0               9.6649                5.0694                .2513                  .0            187.0         .0                  .0
186.0               9.2299                5.1563                .1972                  .0            186.0         .0                  .0
177.0               8.8146                5.21                  .4204                  .0            177.0         .0                  .0
177.0               9.7191                5.4374                .2074                  .0            177.0         .0                  .0
182.0               9.6393                4.9264                .5607                  .0            182.0         .0                  .0
173.0               9.977                 5.4232                .3556                  .0            173.0         .0                  .0
187.0               9.5691                5.2778                .056                   .0            187.0         .0                  .0
180.0               9.4917                5.1886                .3573                  .0            180.0         .0                  .0
182.0               9.694                 5.3678                .1334                  .0            182.0         .0                  .0
177.0               10.0393               5.492                 .1316                  .0            177.0         .0                  .0
175.0               9.8352                5.5019                .2048                  .0            175.0         .0                  .0
182.0               7.9891                5.1997                .2919                  .0            182.0         .0                  .0
172.0               6.3873                5.5513                .2129                  .0            172.0         .0                  .0
188.0               8.0741                4.9096                .4005                  .0            188.0         .0                  .0
198.0               5.6281                4.6313                .3837                  .0            198.0         .0                  .0
185.0               6.3817                5.1538                .1996                  .0            185.0         .0                  .0
176.0               5.8305                5.2643                .3532                  .0            176.0         .0                  .0
186.0               6.7807                4.9702                .3338                  .0            186.0         .0                  .0
177.0               5.2135                5.3849                .2139                  .0            177.0         .0                  .0
192.0               7.9896                4.7922                .3985                  .0            192.0         .0                  .0
181.0               7.2253                5.3806                .1252                  .0            181.0         .0                  .0
184.0               6.0649                5.0936                .3149                  .0            184.0         .0                  .0
174.0               5.2057                5.0453                .6108                  .0            174.0         .0                  .0
164.0               9.6848                5.4697                .6083                  .0            164.0         .0                  .0
174.0               7.8457                5.5385                .2022                  .0            174.0         .0                  .0
178.0               8.324                 5.3102                .3029                  .0            178.0         .0                  .0
180.0               8.5856                5.114                 .4283                  .0            180.0         .0                  .0
174.0               9.1029                5.4851                .2687                  .0            174.0         .0                  .0
175.0               9.9886                5.2693                .4256                  .0            175.0         .0                  .0
175.0               9.9091                4.8957                .8115                  .0            175.0         .0                  .0
176.0               10.0847               5.4099                .2771                  .0            176.0         .0                  .0
179.0               9.8556                5.4391                .1289                  .0            179.0         .0                  .0
175.0               9.6818                5.3659                .3364                  .0            175.0         .0                  .0
166.0               10.3713               5.4818                .537                   .0            166.0         .0                  .0
178.0               9.8771                5.2446                .3532                  .0            178.0         .0                  .0
177.0               9.8202                5.2942                .3583                  .0            177.0         .0                  .0
179.0               9.8833                5.2556                .322                   .0            179.0         .0                  .0
174.0               10.0571               5.1045                .6028                  .0            174.0         .0                  .0
174.0               10.1143               5.196                 .5788                  .0            174.0         .0                  .0
178.0               9.2737                5.325                 .2104                  .0            178.0         .0                  .0
172.0               9.3526                5.3596                .4465                  .0            172.0         .0                  .0
176.0               7.6384                5.0845                .5689                  .0            176.0         .0                  .0
176.0               8.1638                5.2511                .4187                  .0            176.0         .0                  .0
175.0               6.0852                5.4827                .1831                  .0            175.0         .0                  .0
178.0               7.1508                5.3226                .2722                  .0            178.0         .0                  .0
174.0               8.76                  5.1802                .5629                  .0            174.0         .0                  .0
177.0               7.5169                5.0253                .5975                  .0            177.0         .0                  .0
178.0               8.0335                5.0402                .5279                  .0            178.0         .0                  .0
180.0               8.4365                4.9347                .6023                  .0            180.0         .0                  .0
184.0               9.227                 4.9088                .5199                  .0            184.0         .0                  .0
180.0               6.9724                4.9194                .6216                  .0            180.0         .0                  .0
186.0               8.2567                4.8411                .5192                  .0            186.0         .0                  .0
185.0               7.9462                4.923                 .4766                  .0            185.0         .0                  .0
181.0               7.6868                5.243                 .2576                  .0            181.0         .0                  .0
175.0               6.6307                5.1524                .558                   .0            175.0         .0                  .0
180.0               5.4807                5.1073                .3264                  .0            180.0         .0                  .0
183.0               7.5163                5.0581                .3758                  .0            183.0         .0                  .0
181.0               5.2308                5.0324                .4404                  .0            181.0         .0                  .0
107.0               .2056                 2.1409                .1768                  .0            106.0         .0                  .0
66.0                .0758                 .661                  .0417                  .0            66.0          .0                  .0
Server 0, get requests: 10884

Thread 5
Throughput          Waiting time          Service time          Time to parse          Sets          Gets          Multi-gets          Misses
159.0               3.025                 3.8713                .6938                  .0            160.0         .0                  .0
181.0               7.978                 5.2385                .2307                  .0            181.0         .0                  .0
197.0               10.1818               4.6707                .3788                  .0            197.0         .0                  .0
188.0               9.2487                4.9668                .3325                  .0            188.0         .0                  .0
180.0               9.2707                5.043                 .4999                  .0            180.0         .0                  .0
183.0               9.7663                5.1092                .3478                  .0            183.0         .0                  .0
190.0               9.4503                5.1122                .1433                  .0            190.0         .0                  .0
180.0               10.0                  5.2161                .3323                  .0            180.0         .0                  .0
185.0               9.6774                5.1944                .2027                  .0            185.0         .0                  .0
187.0               9.5638                5.1402                .1977                  .0            187.0         .0                  .0
178.0               10.1732               4.9129                .715                   .0            178.0         .0                  .0
182.0               9.6503                4.859                 .6121                  .0            182.0         .0                  .0
186.0               9.8235                5.1026                .2635                  .0            186.0         .0                  .0
188.0               8.3492                5.1144                .2031                  .0            188.0         .0                  .0
181.0               7.0604                4.9229                .5538                  .0            181.0         .0                  .0
142.0               6.6224                6.6614                .384                   .0            142.0         .0                  .0
131.0               4.8409                7.4593                .1509                  .0            131.0         .0                  .0
168.0               5.2604                5.4177                .4374                  .0            168.0         .0                  .0
192.0               6.2953                4.8211                .328                   .0            192.0         .0                  .0
190.0               6.623                 5.0383                .1392                  .0            190.0         .0                  .0
178.0               5.2849                5.3637                .201                   .0            178.0         .0                  .0
132.0               6.6015                7.1131                .4484                  .0            132.0         .0                  .0
187.0               7.3351                5.0771                .2618                  .0            187.0         .0                  .0
182.0               5.9126                5.2639                .1932                  .0            182.0         .0                  .0
182.0               5.0437                5.2325                .1886                  .0            182.0         .0                  .0
179.0               9.3778                5.2462                .3393                  .0            179.0         .0                  .0
182.0               8.3388                5.0742                .4107                  .0            182.0         .0                  .0
183.0               8.8261                5.0611                .4006                  .0            183.0         .0                  .0
182.0               8.9617                5.0806                .3912                  .0            182.0         .0                  .0
176.0               9.8983                5.4128                .2804                  .0            176.0         .0                  .0
183.0               9.9348                5.1819                .263                   .0            183.0         .0                  .0
188.0               9.5608                4.8396                .471                   .0            188.0         .0                  .0
184.0               9.8703                5.2621                .1816                  .0            184.0         .0                  .0
182.0               9.8142                5.0442                .4257                  .0            182.0         .0                  .0
183.0               9.9293                5.1921                .2644                  .0            183.0         .0                  .0
180.0               9.9392                5.1433                .4087                  .0            180.0         .0                  .0
186.0               9.7273                5.239                 .1194                  .0            186.0         .0                  .0
192.0               9.3886                5.0226                .1924                  .0            192.0         .0                  .0
175.0               9.642                 5.2971                .4056                  .0            175.0         .0                  .0
183.0               9.8424                5.0541                .3987                  .0            183.0         .0                  .0
183.0               9.712                 5.2781                .1836                  .0            183.0         .0                  .0
176.0               9.3955                5.1385                .4961                  .0            176.0         .0                  .0
180.0               9.2155                5.1946                .3444                  .0            180.0         .0                  .0
189.0               7.4632                5.2296                .0495                  .0            189.0         .0                  .0
179.0               8.1222                5.2895                .2814                  .0            179.0         .0                  .0
176.0               6.565                 5.2047                .4132                  .0            176.0         .0                  .0
185.0               7.629                 4.9814                .397                   .0            185.0         .0                  .0
184.0               8.6486                5.0955                .3343                  .0            184.0         .0                  .0
184.0               7.0703                4.952                 .4615                  .0            184.0         .0                  .0
182.0               8.388                 5.0984                .3419                  .0            182.0         .0                  .0
186.0               7.9947                5.0235                .3376                  .0            186.0         .0                  .0
182.0               9.2568                5.0106                .4804                  .0            182.0         .0                  .0
182.0               7.377                 5.2134                .272                   .0            182.0         .0                  .0
187.0               8.3511                5.1409                .1904                  .0            187.0         .0                  .0
184.0               7.6432                5.2247                .1922                  .0            184.0         .0                  .0
186.0               7.8235                4.954                 .4032                  .0            186.0         .0                  .0
182.0               6.8251                5.4406                .047                   .0            182.0         .0                  .0
182.0               5.2568                5.0569                .3302                  .0            182.0         .0                  .0
184.0               7.3622                5.2121                .1934                  .0            184.0         .0                  .0
177.0               5.4607                5.2267                .3388                  .0            177.0         .0                  .0
102.0               .2157                 2.3525                .2105                  .0            101.0         .0                  .0
65.0                .1231                 .689                  .0407                  .0            65.0          .0                  .0
Server 0, get requests: 10984

Thread 6
Throughput          Waiting time          Service time          Time to parse          Sets          Gets          Multi-gets          Misses
138.0               3.9137                4.3242                .885                   .0            139.0         .0                  .0
184.0               7.6919                5.1397                .2386                  .0            184.0         .0                  .0
191.0               9.6927                4.7092                .5026                  .0            191.0         .0                  .0
179.0               9.4056                4.9847                .5798                  .0            179.0         .0                  .0
182.0               9.2951                5.3486                .1302                  .0            182.0         .0                  .0
179.0               9.6222                5.2607                .3131                  .0            179.0         .0                  .0
177.0               10.0674               5.1523                .4917                  .0            177.0         .0                  .0
172.0               10.2254               5.5238                .2883                  .0            172.0         .0                  .0
181.0               9.6685                5.2699                .271                   .0            180.0         .0                  .0
183.0               9.625                 5.0646                .3438                  .0            184.0         .0                  .0
181.0               9.989                 4.9175                .6149                  .0            181.0         .0                  .0
185.0               9.5699                5.1944                .194                   .0            185.0         .0                  .0
182.0               9.5082                5.2857                .1967                  .0            182.0         .0                  .0
174.0               8.7086                5.153                 .5838                  .0            174.0         .0                  .0
180.0               6.3039                5.3776                .1311                  .0            180.0         .0                  .0
190.0               8.3351                4.7578                .4965                  .0            190.0         .0                  .0
200.0               5.7811                4.6529                .3185                  .0            200.0         .0                  .0
181.0               6.4121                5.0028                .4153                  .0            181.0         .0                  .0
171.0               5.9302                5.2083                .5603                  .0            171.0         .0                  .0
183.0               6.8696                4.9488                .4493                  .0            183.0         .0                  .0
175.0               5.1477                5.1442                .5084                  .0            175.0         .0                  .0
185.0               7.5484                5.1053                .2743                  .0            185.0         .0                  .0
176.0               7.2316                5.1425                .5266                  .0            176.0         .0                  .0
174.0               6.1543                5.0634                .6497                  .0            174.0         .0                  .0
174.0               4.9429                5.157                 .4965                  .0            174.0         .0                  .0
175.0               9.392                 5.1881                .5287                  .0            175.0         .0                  .0
176.0               8.2203                5.1747                .4958                  .0            176.0         .0                  .0
181.0               8.8132                5.0692                .4528                  .0            181.0         .0                  .0
179.0               8.6111                5.2411                .3345                  .0            179.0         .0                  .0
178.0               9.4022                5.0492                .5773                  .0            178.0         .0                  .0
172.0               10.341                5.5916                .2027                  .0            172.0         .0                  .0
172.0               10.0405               5.5313                .2699                  .0            172.0         .0                  .0
180.0               10.0608               5.174                 .3934                  .0            180.0         .0                  .0
177.0               10.3202               5.4285                .1941                  .0            177.0         .0                  .0
176.0               10.0621               5.4091                .2694                  .0            176.0         .0                  .0
168.0               10.2959               5.8266                .1217                  .0            168.0         .0                  .0
178.0               10.3575               5.357                 .2393                  .0            178.0         .0                  .0
181.0               9.6429                5.2401                .289                   .0            181.0         .0                  .0
183.0               9.9022                4.9153                .5454                  .0            183.0         .0                  .0
172.0               9.9538                5.3303                .4406                  .0            172.0         .0                  .0
169.0               10.2118               5.5512                .3604                  .0            169.0         .0                  .0
172.0               9.4393                5.4713                .2941                  .0            172.0         .0                  .0
178.0               8.5922                5.2663                .3446                  .0            178.0         .0                  .0
175.0               7.5625                5.5575                .1277                  .0            175.0         .0                  .0
180.0               8.2265                5.231                 .3155                  .0            180.0         .0                  .0
170.0               6.2573                5.5637                .2759                  .0            170.0         .0                  .0
177.0               7.5449                5.2243                .417                   .0            177.0         .0                  .0
169.0               8.8941                5.4881                .4244                  .0            169.0         .0                  .0
173.0               7.1609                5.5088                .2638                  .0            173.0         .0                  .0
176.0               8.2599                5.4797                .1452                  .0            176.0         .0                  .0
181.0               7.4451                5.0989                .4202                  .0            181.0         .0                  .0
173.0               9.1782                5.1968                .5784                  .0            173.0         .0                  .0
181.0               7.3077                5.2225                .2802                  .0            181.0         .0                  .0
184.0               8.2324                5.1595                .2618                  .0            184.0         .0                  .0
182.0               7.0383                5.3637                .1087                  .0            182.0         .0                  .0
184.0               7.9351                5.0799                .3379                  .0            184.0         .0                  .0
174.0               6.2743                5.3881                .3532                  .0            174.0         .0                  .0
185.0               5.5376                5.0558                .256                   .0            185.0         .0                  .0
178.0               7.5587                5.0439                .5464                  .0            178.0         .0                  .0
178.0               5.5251                5.0814                .4792                  .0            178.0         .0                  .0
107.0               .2056                 2.1779                .2239                  .0            106.0         .0                  .0
69.0                .1884                 .6714                 .0418                  .0            69.0          .0                  .0
Server 0, get requests: 10840

Thread 7
Throughput          Waiting time          Service time          Time to parse          Sets          Gets          Multi-gets          Misses
163.0               3.628                 3.8592                .5412                  .0            164.0         .0                  .0
170.0               7.2749                5.5007                .3433                  .0            170.0         .0                  .0
130.0               7.7405                7.4426                .2056                  .0            130.0         .0                  .0
186.0               9.0107                5.1504                .2073                  .0            186.0         .0                  .0
184.0               9.1351                4.9477                .4728                  .0            184.0         .0                  .0
181.0               9.5549                4.9156                .6014                  .0            181.0         .0                  .0
186.0               9.8182                5.2284                .1409                  .0            186.0         .0                  .0
179.0               9.95                  5.3016                .2814                  .0            179.0         .0                  .0
177.0               9.2135                5.5777                .0614                  .0            177.0         .0                  .0
180.0               9.5083                5.3418                .2                     .0            180.0         .0                  .0
183.0               9.8043                5.2768                .1984                  .0            183.0         .0                  .0
183.0               9.6413                4.8789                .5629                  .0            183.0         .0                  .0
184.0               9.5838                5.0209                .4069                  .0            184.0         .0                  .0
185.0               8.6344                4.7987                .6002                  .0            185.0         .0                  .0
186.0               7.0909                4.9816                .3652                  .0            186.0         .0                  .0
195.0               8.699                 4.6726                .4452                  .0            195.0         .0                  .0
193.0               6.1546                4.7554                .3863                  .0            193.0         .0                  .0
191.0               6.375                 4.937                 .1945                  .0            191.0         .0                  .0
183.0               5.6739                5.196                 .2081                  .0            183.0         .0                  .0
187.0               6.7713                5.0035                .2773                  .0            187.0         .0                  .0
185.0               4.9892                5.0746                .2726                  .0            185.0         .0                  .0
192.0               7.4456                4.9835                .2069                  .0            192.0         .0                  .0
181.0               7.1484                5.2368                .2742                  .0            181.0         .0                  .0
182.0               6.2131                5.0507                .3971                  .0            182.0         .0                  .0
185.0               5.0914                5.1276                .1874                  .0            185.0         .0                  .0
177.0               9.4326                5.2279                .4172                  .0            177.0         .0                  .0
186.0               8.0802                5.2451                .12                    .0            186.0         .0                  .0
188.0               8.8519                5.1325                .1862                  .0            188.0         .0                  .0
180.0               8.6906                5.2014                .3437                  .0            180.0         .0                  .0
186.0               9.5187                5.0935                .2733                  .0            186.0         .0                  .0
179.0               10.0111               5.0834                .498                   .0            179.0         .0                  .0
185.0               9.7903                5.1472                .2463                  .0            185.0         .0                  .0
181.0               9.978                 5.2705                .2671                  .0            181.0         .0                  .0
178.0               9.7709                5.3616                .2295                  .0            178.0         .0                  .0
184.0               9.8703                5.096                 .3318                  .0            184.0         .0                  .0
180.0               10.0276               5.0234                .5273                  .0            180.0         .0                  .0
170.0               9.6842                5.6883                .1771                  .0            170.0         .0                  .0
186.0               9.7059                4.8626                .5166                  .0            186.0         .0                  .0
188.0               9.6296                5.0386                .2726                  .0            188.0         .0                  .0
180.0               9.7017                5.3896                .1261                  .0            180.0         .0                  .0
182.0               10.1475               5.2311                .2553                  .0            182.0         .0                  .0
183.0               9.0978                5.1603                .2623                  .0            183.0         .0                  .0
180.0               9.5801                5.105                 .4392                  .0            180.0         .0                  .0
184.0               7.4703                4.8686                .5393                  .0            184.0         .0                  .0
183.0               8.1467                5.169                 .266                   .0            183.0         .0                  .0
179.0               6.3278                5.1968                .3379                  .0            179.0         .0                  .0
182.0               7.3607                5.1432                .3299                  .0            182.0         .0                  .0
189.0               8.5421                5.1418                .1424                  .0            189.0         .0                  .0
183.0               6.6957                5.2456                .194                   .0            183.0         .0                  .0
180.0               8.2873                5.1122                .3913                  .0            180.0         .0                  .0
188.0               7.963                 4.9769                .3262                  .0            188.0         .0                  .0
185.0               9.2634                4.9902                .4135                  .0            185.0         .0                  .0
179.0               6.9333                5.3798                .1891                  .0            179.0         .0                  .0
180.0               8.779                 5.0581                .4793                  .0            180.0         .0                  .0
177.0               7.691                 5.2275                .4195                  .0            177.0         .0                  .0
181.0               7.7857                5.2277                .2692                  .0            181.0         .0                  .0
184.0               6.6162                5.2304                .1905                  .0            184.0         .0                  .0
187.0               5.4947                4.8916                .3762                  .0            187.0         .0                  .0
186.0               7.6471                5.0333                .3193                  .0            186.0         .0                  .0
189.0               5.3474                4.8999                .3298                  .0            189.0         .0                  .0
115.0               .1913                 2.7946                .2365                  .0            114.0         .0                  .0
73.0                .0685                 1.8388                .0405                  .0            73.0          .0                  .0
Server 0, get requests: 11108

Aggregated Statistics for a 1 seconds window of the entire middleware: 
Throughput          QueueLength          Waiting time          Service time          Time to parse          Sets          Gets          Multi-gets          Misses
1236.0              .0                   3.5653                3.9031                .7457                  .0            1244.0        .0                  .0
1444.0              8.0                  7.8207                5.1393                .358                   .0            1444.0        .0                  .0
1439.0              16.0                 9.4318                5.4269                .2698                  .0            1439.0        .0                  .0
1497.0              16.0                 9.2972                4.9772                .3498                  .0            1497.0        .0                  .0
1464.0              13.0                 9.1249                5.1032                .347                   .0            1464.0        .0                  .0
1465.0              16.0                 9.621                 5.137                 .3191                  .0            1465.0        .0                  .0
1479.0              16.0                 9.6888                5.1249                .2786                  .0            1479.0        .0                  .0
1446.0              16.0                 9.8856                5.262                 .2731                  .0            1446.0        .0                  .0
1466.0              16.0                 9.5817                5.1743                .2792                  .0            1465.0        .0                  .0
1460.0              .0                   9.4701                5.1635                .2997                  .0            1461.0        .0                  .0
1465.0              16.0                 9.8205                5.1255                .3424                  .0            1465.0        .0                  .0
1468.0              16.0                 9.6811                5.1205                .3108                  .0            1468.0        .0                  .0
1464.0              16.0                 9.7149                5.1333                .3244                  .0            1464.0        .0                  .0
1478.0              16.0                 8.5136                5.0497                .3595                  .0            1478.0        .0                  .0
1454.0              12.0                 6.8814                5.1022                .3583                  .0            1454.0        .0                  .0
1456.0              10.0                 7.9381                5.2313                .3573                  .0            1456.0        .0                  .0
1453.0              11.0                 5.7041                5.3257                .3079                  .0            1453.0        .0                  .0
1470.0              13.0                 6.0476                5.0239                .3497                  .0            1470.0        .0                  .0
1460.0              8.0                  5.8733                5.0673                .3516                  .0            1460.0        .0                  .0
1515.0              8.0                  6.8777                4.877                 .3342                  .0            1515.0        .0                  .0
1449.0              8.0                  5.2613                5.1518                .3203                  .0            1449.0        .0                  .0
1420.0              8.0                  7.436                 5.4341                .3158                  .0            1420.0        .0                  .0
1463.0              16.0                 7.3876                5.1818                .2799                  .0            1463.0        .0                  .0
1447.0              8.0                  6.0824                5.1664                .3235                  .0            1447.0        .0                  .0
1444.0              8.0                  5.0802                5.0782                .3779                  .0            1444.0        .0                  .0
1416.0              15.0                 9.3016                5.2144                .4413                  .0            1416.0        .0                  .0
1448.0              10.0                 8.101                 5.1808                .3322                  .0            1448.0        .0                  .0
1464.0              15.0                 8.6438                5.1638                .2987                  .0            1464.0        .0                  .0
1452.0              10.0                 8.7178                5.2027                .2966                  .0            1452.0        .0                  .0
1445.0              14.0                 9.4921                5.1952                .3488                  .0            1445.0        .0                  .0
1447.0              16.0                 9.9236                5.2158                .3018                  .0            1447.0        .0                  .0
1470.0              16.0                 9.7144                5.0647                .3756                  .0            1470.0        .0                  .0
1454.0              16.0                 9.8639                5.2                   .3143                  .0            1454.0        .0                  .0
1444.0              16.0                 9.8727                5.2766                .24                    .0            1444.0        .0                  .0
1458.0              16.0                 9.8289                5.1417                .3413                  .0            1458.0        .0                  .0
1439.0              16.0                 9.9833                5.2308                .3359                  .0            1439.0        .0                  .0
1438.0              16.0                 9.8429                5.2366                .3145                  .0            1438.0        .0                  .0
1495.0              16.0                 9.6455                5.077                 .2834                  .0            1495.0        .0                  .0
1468.0              16.0                 9.7819                5.0984                .3462                  .0            1468.0        .0                  .0
1451.0              16.0                 9.852                 5.1467                .3347                  .0            1451.0        .0                  .0
1443.0              16.0                 9.8908                5.2395                .3074                  .0            1443.0        .0                  .0
1436.0              14.0                 9.2694                5.1622                .3656                  .0            1436.0        .0                  .0
1431.0              16.0                 9.1507                5.169                 .4154                  .0            1431.0        .0                  .0
1456.0              15.0                 7.7133                5.1332                .3415                  .0            1456.0        .0                  .0
1445.0              14.0                 8.2795                5.1932                .3281                  .0            1445.0        .0                  .0
1428.0              16.0                 6.3102                5.2421                .3103                  .0            1428.0        .0                  .0
1462.0              9.0                  7.5005                5.137                 .3175                  .0            1462.0        .0                  .0
1450.0              10.0                 8.813                 5.1676                .3513                  .0            1450.0        .0                  .0
1454.0              14.0                 7.323                 5.1487                .3373                  .0            1454.0        .0                  .0
1449.0              10.0                 8.1585                5.1711                .2994                  .0            1449.0        .0                  .0
1486.0              16.0                 7.9279                5.0248                .346                   .0            1486.0        .0                  .0
1467.0              12.0                 9.0757                5.0721                .3807                  .0            1467.0        .0                  .0
1470.0              15.0                 7.3802                5.1241                .3053                  .0            1470.0        .0                  .0
1485.0              11.0                 8.3052                5.0583                .3154                  .0            1485.0        .0                  .0
1483.0              16.0                 7.7022                5.106                 .2862                  .0            1483.0        .0                  .0
1487.0              11.0                 7.821                 5.0861                .2719                  .0            1487.0        .0                  .0
1457.0              14.0                 6.9798                5.2013                .2871                  .0            1457.0        .0                  .0
1476.0              10.0                 5.3616                5.0841                .2363                  .0            1476.0        .0                  .0
1474.0              16.0                 7.6805                5.0991                .3014                  .0            1474.0        .0                  .0
1463.0              13.0                 5.3802                5.0587                .3503                  .0            1463.0        .0                  .0
872.0               8.0                  .2033                 2.386                 .1797                  .0            864.0         .0                  .0
549.0               1.0                  .1415                 .9513                 .0417                  .0            549.0         .0                  .0
The following results are aggregated for all threads, normalized for one second
Throughput(ops/sec):  (avg)1430.87,  (std)78.05
QueueLength: (avg)11.65,  (std)4.92
WaitingTime(msec): (avg)7.9794,  (std)1.7597
ServiceTime(msec): (avg)5.0184,  (std).3694
ParseTime(msec): (avg).3244, (std).041
Sets(ops/sec): 		 (avg).0,  (std).0
Gets(ops/sec): 		 (avg)1430.87,  (std)78.98
Multi-gets(ops/sec):  (avg).0,  (std).0
Misses(ops/sec):      (avg).0,  (std).0
Miss ratio: .0
Avg time between two tasks: .1065

Tot response time: average_waitingTime + average_serviceTime + average_parseTime + average_timeBetweenTwoTasks

max response time : 15.6565
min response time: 1.241

1.241:   #
2.6825:   #
4.1241:   
5.5656:   
7.0072:   
8.4487:   #
9.8903:   
11.3318:   #########
12.7734:   ##############
14.2149:   ##############
15.6565:   ######################
