
Thread 0
Throughput          Waiting time          Service time          Time to parse          Sets          Gets          Multi-gets          Misses
155.0               20.3974               4.326                 .5065                  .0            156.0         .0                  .0
185.0               25.4247               4.9405                .4458                  .0            185.0         .0                  .0
189.0               24.8                  4.9108                .3314                  .0            189.0         .0                  .0
179.0               25.1944               5.0765                .4908                  .0            179.0         .0                  .0
185.0               25.0215               5.0538                .3435                  .0            185.0         .0                  .0
183.0               25.2663               5.1253                .335                   .0            183.0         .0                  .0
185.0               25.2688               4.8038                .592                   .0            185.0         .0                  .0
178.0               25.7709               5.2905                .3298                  .0            178.0         .0                  .0
179.0               24.85                 5.0627                .5112                  .0            179.0         .0                  .0
176.0               25.3051               5.3882                .2849                  .0            176.0         .0                  .0
178.0               25.9888               5.0797                .5279                  .0            178.0         .0                  .0
186.0               25.4225               5.0461                .3324                  .0            186.0         .0                  .0
179.0               25.5444               5.0829                .4936                  .0            179.0         .0                  .0
188.0               25.2381               5.184                 .1269                  .0            188.0         .0                  .0
187.0               25.1543               5.1523                .2604                  .0            187.0         .0                  .0
188.0               24.6667               4.9666                .2729                  .0            188.0         .0                  .0
185.0               24.9247               5.2244                .1711                  .0            185.0         .0                  .0
151.0               25.0395               5.9617                .659                   .0            151.0         .0                  .0
187.0               24.8245               5.145                 .1915                  .0            187.0         .0                  .0
187.0               24.4096               4.9664                .3782                  .0            187.0         .0                  .0
191.0               25.349                4.8579                .4428                  .0            191.0         .0                  .0
183.0               25.4946               5.082                 .3024                  .0            183.0         .0                  .0
185.0               25.3602               5.3007                .1735                  .0            185.0         .0                  .0
184.0               25.4216               5.1723                .256                   .0            184.0         .0                  .0
183.0               25.25                 5.3389                .1194                  .0            183.0         .0                  .0
189.0               24.8                  5.1682                .1155                  .0            189.0         .0                  .0
188.0               24.9577               5.1344                .1818                  .0            188.0         .0                  .0
186.0               25.2513               5.1875                .1862                  .0            186.0         .0                  .0
184.0               25.5514               5.0248                .4024                  .0            184.0         .0                  .0
190.0               25.3246               5.0356                .2239                  .0            190.0         .0                  .0
183.0               25.5405               4.9846                .4442                  .0            184.0         .0                  .0
187.0               25.7594               5.094                 .2711                  .0            186.0         .0                  .0
191.0               25.2604               4.8403                .3928                  .0            191.0         .0                  .0
189.0               25.2684               4.8221                .4648                  .0            189.0         .0                  .0
190.0               24.8691               5.0131                .2429                  .0            190.0         .0                  .0
173.0               25.1897               5.5238                .2523                  .0            173.0         .0                  .0
180.0               25.6961               5.2718                .2806                  .0            180.0         .0                  .0
185.0               25.5                  5.0076                .3871                  .0            185.0         .0                  .0
185.0               25.3817               5.1378                .2613                  .0            185.0         .0                  .0
183.0               25.163                5.2744                .1835                  .0            183.0         .0                  .0
185.0               25.5753               4.9762                .4244                  .0            185.0         .0                  .0
190.0               24.9215               5.1408                .1172                  .0            190.0         .0                  .0
181.0               25.4121               4.8927                .6256                  .0            181.0         .0                  .0
180.0               25.8066               5.2109                .3353                  .0            180.0         .0                  .0
189.0               24.9211               4.9605                .323                   .0            189.0         .0                  .0
182.0               25.6612               5.3025                .1916                  .0            182.0         .0                  .0
185.0               25.5323               5.0215                .3756                  .0            185.0         .0                  .0
183.0               25.2011               5.2567                .1936                  .0            183.0         .0                  .0
185.0               25.1882               4.9868                .4184                  .0            185.0         .0                  .0
192.0               24.7772               5.0328                .1765                  .0            192.0         .0                  .0
185.0               25.1989               5.1647                .2232                  .0            185.0         .0                  .0
189.0               24.3684               4.9849                .3017                  .0            189.0         .0                  .0
184.0               25.1514               5.0907                .3346                  .0            184.0         .0                  .0
181.0               25.7637               5.1111                .4112                  .0            181.0         .0                  .0
186.0               25.1818               5.1833                .1918                  .0            186.0         .0                  .0
187.0               25.1064               5.0864                .252                   .0            187.0         .0                  .0
177.0               25.1573               5.338                 .3093                  .0            177.0         .0                  .0
184.0               25.2324               4.9443                .4715                  .0            184.0         .0                  .0
182.0               25.8197               4.9994                .4886                  .0            182.0         .0                  .0
187.0               24.9255               5.201                 .1429                  .0            187.0         .0                  .0
5.0                 22.6                  6.1787                .0537                  .0            4.0           .0                  .0
Server 0, get requests: 11018

Thread 1
Throughput          Waiting time          Service time          Time to parse          Sets          Gets          Multi-gets          Misses
136.0               21.2482               4.8758                .5415                  .0            137.0         .0                  .0
186.0               25.4225               5.0459                .3494                  .0            186.0         .0                  .0
190.0               24.8743               4.9722                .2112                  .0            190.0         .0                  .0
187.0               25.6223               4.7888                .5488                  .0            187.0         .0                  .0
188.0               25.4339               4.9765                .3271                  .0            188.0         .0                  .0
187.0               25.1809               5.0033                .3355                  .0            187.0         .0                  .0
189.0               25.2789               4.9991                .2864                  .0            189.0         .0                  .0
186.0               25.4171               5.2463                .1284                  .0            186.0         .0                  .0
189.0               25.2053               4.8267                .449                   .0            189.0         .0                  .0
190.0               25.644                5.0818                .1757                  .0            190.0         .0                  .0
183.0               25.5326               5.2466                .2108                  .0            183.0         .0                  .0
183.0               25.9728               4.9719                .4879                  .0            183.0         .0                  .0
188.0               25.9153               5.0512                .2595                  .0            188.0         .0                  .0
187.0               24.984                4.9981                .3412                  .0            187.0         .0                  .0
188.0               25.2963               4.9908                .3938                  .0            188.0         .0                  .0
195.0               24.7806               4.8667                .1839                  .0            195.0         .0                  .0
193.0               25.0979               4.9986                .1801                  .0            193.0         .0                  .0
193.0               26.1701               4.8685                .305                   .0            193.0         .0                  .0
192.0               24.5648               5.0805                .121                   .0            192.0         .0                  .0
190.0               24.4607               5.0367                .2177                  .0            191.0         .0                  .0
188.0               25.3651               4.9905                .3224                  .0            187.0         .0                  .0
181.0               25.2198               5.178                 8.8528                 .0            182.0         .0                  .0
190.0               25.3842               5.0307                .2522                  .0            189.0         .0                  .0
188.0               25.1217               4.9713                .3415                  .0            188.0         .0                  .0
186.0               25.0963               5.0641                .3052                  .0            186.0         .0                  .0
188.0               24.6349               5.1329                .1834                  .0            188.0         .0                  .0
188.0               25.7143               4.9988                .3125                  .0            188.0         .0                  .0
185.0               25.914                5.1382                .2607                  .0            185.0         .0                  .0
192.0               25.0622               5.0108                .19                    .0            192.0         .0                  .0
190.0               25.2147               5.0746                .1844                  .0            190.0         .0                  .0
185.0               25.4332               5.0393                .3319                  .0            186.0         .0                  .0
188.0               25.4734               5.1517                .1855                  .0            187.0         .0                  .0
193.0               24.9227               4.925                 .2529                  .0            193.0         .0                  .0
191.0               24.7552               4.7848                .4437                  .0            191.0         .0                  .0
181.0               24.9945               5.0275                .4899                  .0            181.0         .0                  .0
188.0               25.3122               5.1969                .1178                  .0            188.0         .0                  .0
184.0               25.8703               5.3002                .1278                  .0            184.0         .0                  .0
187.0               25.3245               5.0823                .2566                  .0            187.0         .0                  .0
189.0               25.3842               4.913                 .3799                  .0            189.0         .0                  .0
188.0               25.2011               4.9854                .3227                  .0            188.0         .0                  .0
187.0               25.4255               5.0233                .3233                  .0            187.0         .0                  .0
189.0               25.2368               4.9596                .3237                  .0            189.0         .0                  .0
183.0               25.4239               5.1961                .262                   .0            183.0         .0                  .0
184.0               25.9892               4.9506                .4767                  .0            184.0         .0                  .0
192.0               24.6891               4.8846                .3153                  .0            192.0         .0                  .0
183.0               25.4837               5.268                 .1933                  .0            183.0         .0                  .0
186.0               25.5187               5.2509                .1199                  .0            186.0         .0                  .0
191.0               25.2083               5.1086                .1202                  .0            191.0         .0                  .0
188.0               24.9947               5.1857                .1265                  .0            188.0         .0                  .0
189.0               24.8842               4.9063                .3874                  .0            189.0         .0                  .0
188.0               25.3228               4.8545                .4474                  .0            188.0         .0                  .0
185.0               24.5591               5.1165                .2825                  .0            185.0         .0                  .0
192.0               25.1192               4.9196                .283                   .0            192.0         .0                  .0
184.0               25.1135               5.1731                .2547                  .0            184.0         .0                  .0
185.0               25.6828               5.0616                .3398                  .0            185.0         .0                  .0
191.0               25.3594               5.0493                .1827                  .0            191.0         .0                  .0
188.0               25.1376               5.0028                .3119                  .0            188.0         .0                  .0
181.0               25.6209               5.1932                .3225                  .0            181.0         .0                  .0
184.0               25.9892               4.9623                .4667                  .0            184.0         .0                  .0
189.0               25.7211               4.9587                .3256                  .0            189.0         .0                  .0
5.0                 20.2                  6.0407                .044                   .0            4.0           .0                  .0
Server 0, get requests: 11214

Thread 2
Throughput          Waiting time          Service time          Time to parse          Sets          Gets          Multi-gets          Misses
147.0               20.8243               4.175                 .8531                  .0            148.0         .0                  .0
186.0               25.0588               4.9671                .4261                  .0            186.0         .0                  .0
192.0               24.9585               4.8242                .31                    .0            192.0         .0                  .0
185.0               25.0054               5.2638                .1318                  .0            185.0         .0                  .0
187.0               24.9149               5.011                 .2506                  .0            187.0         .0                  .0
183.0               25.6033               4.992                 .463                   .0            183.0         .0                  .0
189.0               25.3211               4.9518                .3365                  .0            189.0         .0                  .0
187.0               25.8085               5.0165                .3284                  .0            187.0         .0                  .0
182.0               24.3552               5.3243                .1588                  .0            182.0         .0                  .0
175.0               25.9318               5.1307                .5775                  .0            175.0         .0                  .0
188.0               25.6561               5.0395                .2683                  .0            188.0         .0                  .0
185.0               25.4462               5.141                 .2665                  .0            185.0         .0                  .0
186.0               25.6952               5.0554                .3127                  .0            186.0         .0                  .0
180.0               25.5359               4.9368                .608                   .0            180.0         .0                  .0
190.0               25.288                4.925                 .4036                  .0            190.0         .0                  .0
194.0               24.6256               4.6249                .452                   .0            194.0         .0                  .0
188.0               25.1852               5.0464                .2637                  .0            188.0         .0                  .0
153.0               24.8896               6.2707                .2625                  .0            153.0         .0                  .0
188.0               24.9259               5.0839                .2286                  .0            188.0         .0                  .0
188.0               24.6349               4.9559                .355                   .0            188.0         .0                  .0
188.0               25.5185               5.0577                .329                   .0            188.0         .0                  .0
182.0               25.3552               5.3245                .0771                  .0            182.0         .0                  .0
190.0               25.3298               4.9436                .3859                  .0            190.0         .0                  .0
187.0               25.2766               4.9549                .3845                  .0            187.0         .0                  .0
187.0               25.3085               5.0906                .2489                  .0            187.0         .0                  .0
185.0               25.043                5.0769                .32                    .0            185.0         .0                  .0
186.0               25.1123               5.0309                .3436                  .0            186.0         .0                  .0
182.0               25.2842               5.1406                .3428                  .0            182.0         .0                  .0
183.0               24.962                5.1066                .354                   .0            183.0         .0                  .0
189.0               24.8632               5.2011                .0831                  .0            189.0         .0                  .0
185.0               25.2419               5.0718                .3284                  .0            185.0         .0                  .0
184.0               25.2216               5.0955                .332                   .0            184.0         .0                  .0
190.0               25.1675               4.7946                .4651                  .0            190.0         .0                  .0
189.0               25.2263               4.9782                .3049                  .0            189.0         .0                  .0
191.0               24.9323               5.0649                .1651                  .0            191.0         .0                  .0
174.0               25.3886               5.2884                .4488                  .0            174.0         .0                  .0
188.0               26.0159               5.1179                .1975                  .0            188.0         .0                  .0
187.0               25.7606               5.1574                .1842                  .0            187.0         .0                  .0
186.0               25.3316               4.8809                .4939                  .0            186.0         .0                  .0
187.0               25.0106               5.1488                .188                   .0            187.0         .0                  .0
186.0               25.2406               5.1851                .1869                  .0            186.0         .0                  .0
189.0               25.2474               5.025                 .2599                  .0            189.0         .0                  .0
184.0               25.3297               5.1699                .2585                  .0            184.0         .0                  .0
186.0               25.6471               5.0953                .2736                  .0            186.0         .0                  .0
193.0               25.0155               4.9215                .2486                  .0            193.0         .0                  .0
188.0               25.7302               5.1085                .2099                  .0            188.0         .0                  .0
179.0               25.6222               4.967                 .6145                  .0            179.0         .0                  .0
185.0               25.1559               5.1464                .2607                  .0            185.0         .0                  .0
191.0               24.8438               5.1666                .0522                  .0            191.0         .0                  .0
192.0               24.7876               4.8848                .3251                  .0            192.0         .0                  .0
187.0               25.4521               4.6934                .6368                  .0            187.0         .0                  .0
188.0               24.5979               5.0745                .2388                  .0            188.0         .0                  .0
187.0               25.2713               5.0888                .2553                  .0            187.0         .0                  .0
183.0               26.0598               4.9536                .5033                  .0            183.0         .0                  .0
188.0               25.672                5.1198                .1931                  .0            188.0         .0                  .0
191.0               24.9583               5.1098                .1216                  .0            191.0         .0                  .0
180.0               25.326                5.279                 .2731                  .0            180.0         .0                  .0
188.0               25.3069               4.9925                .3181                  .0            188.0         .0                  .0
188.0               25.6878               4.9741                .3399                  .0            188.0         .0                  .0
185.0               25.4355               5.2663                .1323                  .0            185.0         .0                  .0
5.0                 19.8                  6.0908                .081                   .0            4.0           .0                  .0
Server 0, get requests: 11116

Thread 3
Throughput          Waiting time          Service time          Time to parse          Sets          Gets          Multi-gets          Misses
139.0               21.6                  4.7319                .6271                  .0            140.0         .0                  .0
187.0               25.2926               4.9469                .4185                  .0            187.0         .0                  .0
187.0               24.7394               4.9859                .2757                  .0            187.0         .0                  .0
176.0               25.7119               5.0819                .5805                  .0            176.0         .0                  .0
183.0               25.1033               5.0301                .4237                  .0            183.0         .0                  .0
188.0               25.1323               4.9091                .403                   .0            188.0         .0                  .0
186.0               25.1979               5.2454                .1281                  .0            186.0         .0                  .0
183.0               25.3207               5.0922                .3689                  .0            183.0         .0                  .0
193.0               24.5155               4.8177                .3275                  .0            193.0         .0                  .0
184.0               25.7405               5.0915                .3379                  .0            184.0         .0                  .0
182.0               25.5574               5.0859                .3978                  .0            182.0         .0                  .0
182.0               25.8907               5.3115                .1857                  .0            182.0         .0                  .0
184.0               25.7351               5.3069                .119                   .0            184.0         .0                  .0
182.0               25.1038               5.2927                .191                   .0            182.0         .0                  .0
189.0               25.0263               5.1581                .1978                  .0            189.0         .0                  .0
187.0               24.3138               4.9117                .3552                  .0            187.0         .0                  .0
180.0               25.0829               5.1532                .3975                  .0            180.0         .0                  .0
187.0               25.8511               5.2209                .1174                  .0            187.0         .0                  .0
185.0               24.586                4.984                 .4124                  .0            185.0         .0                  .0
198.0               24.5327               4.9591                13.9151                .0            199.0         .0                  .0
182.0               25.2404               5.1602                .3283                  .0            181.0         .0                  .0
189.0               25.1842               5.0647                .147                   .0            189.0         .0                  .0
187.0               25.3511               5.2165                .1974                  .0            187.0         .0                  .0
185.0               25.3871               5.2776                .1219                  .0            185.0         .0                  .0
182.0               25.3224               .6742                 4.8143                 .0            182.0         .0                  .0
188.0               24.7989               5.1143                .2015                  .0            188.0         .0                  .0
182.0               24.9126               4.9027                .5809                  .0            182.0         .0                  .0
180.0               25.8674               5.2898                .2636                  .0            180.0         .0                  .0
187.0               24.9894               5.0786                .2604                  .0            187.0         .0                  .0
184.0               25.2649               5.2997                .1315                  .0            184.0         .0                  .0
182.0               25.2896               5.2237                .2629                  .0            182.0         .0                  .0
176.0               25.5141               5.3902                .2825                  .0            176.0         .0                  .0
181.0               25.1044               5.1032                .4184                  .0            181.0         .0                  .0
185.0               24.8656               5.0076                .3913                  .0            185.0         .0                  .0
187.0               24.9096               5.0908                .2489                  .0            187.0         .0                  .0
187.0               26.0053               4.9457                .3967                  .0            187.0         .0                  .0
174.0               25.9029               5.4018                .3356                  .0            174.0         .0                  .0
181.0               25.456                5.3281                .1925                  .0            181.0         .0                  .0
183.0               25.6576               5.2358                .2262                  .0            183.0         .0                  .0
179.0               25.3667               5.1622                .4135                  .0            179.0         .0                  .0
186.0               25.5668               5.1174                .2571                  .0            186.0         .0                  .0
184.0               25.5514               4.88                  .5474                  .0            184.0         .0                  .0
183.0               25.587                5.0565                .4017                  .0            183.0         .0                  .0
179.0               26.1                  5.2392                .3375                  .0            179.0         .0                  .0
186.0               24.4652               5.1127                .2558                  .0            186.0         .0                  .0
185.0               25.7204               5.181                 .2226                  .0            185.0         .0                  .0
185.0               25.371                5.1626                .2361                  .0            185.0         .0                  .0
183.0               24.875                5.3354                .1235                  .0            183.0         .0                  .0
185.0               25.2204               5.2337                .1655                  .0            185.0         .0                  .0
186.0               25.0428               5.1098                .2684                  .0            186.0         .0                  .0
186.0               25.1176               5.1685                .1941                  .0            186.0         .0                  .0
190.0               24.5131               4.9496                .3042                  .0            190.0         .0                  .0
179.0               25.4889               5.1691                .4093                  .0            179.0         .0                  .0
173.0               25.908                5.4216                .3467                  .0            173.0         .0                  .0
183.0               25.1304               5.1363                .3297                  .0            183.0         .0                  .0
181.0               24.989                5.1834                .3317                  .0            181.0         .0                  .0
180.0               25.2818               5.0727                .4805                  .0            180.0         .0                  .0
181.0               25.5989               5.1716                .3437                  .0            181.0         .0                  .0
182.0               25.7322               5.2474                .242                   .0            182.0         .0                  .0
179.0               25.8222               5.1347                .4457                  .0            179.0         .0                  .0
5.0                 20.4                  6.0692                .0453                  .0            4.0           .0                  .0
Server 0, get requests: 10984

Thread 4
Throughput          Waiting time          Service time          Time to parse          Sets          Gets          Multi-gets          Misses
162.0               20.5399               3.8505                .7368                  .0            163.0         .0                  .0
185.0               25.6344               5.0593                .3629                  .0            185.0         .0                  .0
199.0               25.225                4.5747                .3742                  .0            199.0         .0                  .0
190.0               25.8691               4.8692                .3873                  .0            190.0         .0                  .0
187.0               25.2128               5.1661                .1603                  .0            187.0         .0                  .0
192.0               25.5544               5.0817                .123                   .0            192.0         .0                  .0
191.0               25.2812               4.9119                .3185                  .0            191.0         .0                  .0
186.0               25.492                5.1834                .1917                  .0            186.0         .0                  .0
200.0               25.0846               4.9354                .0571                  .0            200.0         .0                  .0
189.0               26.2789               4.803                 .4727                  .0            189.0         .0                  .0
188.0               25.9683               5.1696                .1431                  .0            188.0         .0                  .0
188.0               25.5344               4.982                 .3336                  .0            188.0         .0                  .0
190.0               25.6597               5.0645                .1898                  .0            190.0         .0                  .0
191.0               25.6667               4.9658                .2593                  .0            191.0         .0                  .0
192.0               25.3109               4.8798                .3942                  .0            192.0         .0                  .0
197.0               25.2828               4.8567                .1415                  .0            197.0         .0                  .0
194.0               24.9282               5.0247                .1283                  .0            194.0         .0                  .0
191.0               26.1042               4.9057                .3181                  .0            191.0         .0                  .0
194.0               24.6974               5.0924                .0566                  .0            194.0         .0                  .0
194.0               24.7282               4.8604                .2847                  .0            194.0         .0                  .0
187.0               25.7926               5.1546                .2609                  .0            187.0         .0                  .0
188.0               25.6931               4.9566                9.1185                 .0            189.0         .0                  .0
188.0               25.7394               4.9364                .4016                  .0            187.0         .0                  .0
188.0               25.6772               5.0614                .2527                  .0            188.0         .0                  .0
191.0               25.1927               4.9839                .2461                  .0            191.0         .0                  .0
193.0               24.7165               4.7309                .4441                  .0            193.0         .0                  .0
194.0               25.6667               4.974                 .1792                  .0            194.0         .0                  .0
193.0               26.0206               4.9185                .2524                  .0            193.0         .0                  .0
193.0               25.2938               4.9962                .1823                  .0            193.0         .0                  .0
193.0               25.7113               4.8703                .3059                  .0            193.0         .0                  .0
191.0               25.456                5.0229                .1832                  .0            192.0         .0                  .0
187.0               25.492                5.0999                .2672                  .0            186.0         .0                  .0
193.0               25.3866               4.996                 .1828                  .0            193.0         .0                  .0
192.0               25.0                  5.0941                .11                    .0            192.0         .0                  .0
187.0               25.4628               5.1599                .1801                  .0            187.0         .0                  .0
193.0               25.5464               4.9292                .2476                  .0            193.0         .0                  .0
185.0               25.4677               5.2176                .1776                  .0            185.0         .0                  .0
189.0               25.8737               4.8799                .407                   .0            189.0         .0                  .0
188.0               25.8677               5.07                  .2473                  .0            188.0         .0                  .0
195.0               25.4796               4.8163                .302                   .0            195.0         .0                  .0
192.0               25.2487               5.0955                .1112                  .0            192.0         .0                  .0
184.0               25.5459               5.0104                .4111                  .0            184.0         .0                  .0
191.0               26.1979               5.1226                .1128                  .0            191.0         .0                  .0
187.0               26.1064               5.1501                .1906                  .0            187.0         .0                  .0
190.0               24.9058               5.0718                .1832                  .0            190.0         .0                  .0
189.0               25.4895               5.0945                .1896                  .0            189.0         .0                  .0
182.0               26.2295               5.2367                .2473                  .0            182.0         .0                  .0
191.0               25.8854               4.9599                .2658                  .0            191.0         .0                  .0
192.0               25.2487               4.5958                .6127                  .0            192.0         .0                  .0
193.0               25.0773               4.932                 .2516                  .0            193.0         .0                  .0
188.0               25.4603               5.0652                .2365                  .0            188.0         .0                  .0
190.0               24.6335               5.0003                .2566                  .0            190.0         .0                  .0
189.0               25.3421               4.963                 .325                   .0            189.0         .0                  .0
193.0               25.7629               4.8495                .3196                  .0            193.0         .0                  .0
187.0               25.4734               4.952                 .3927                  .0            187.0         .0                  .0
192.0               25.3368               5.0317                .1723                  .0            192.0         .0                  .0
190.0               25.4607               5.0742                .1834                  .0            190.0         .0                  .0
190.0               25.4136               5.059                 .1948                  .0            190.0         .0                  .0
184.0               25.7514               5.2391                .1911                  .0            184.0         .0                  .0
184.0               25.5622               5.2838                .1448                  .0            184.0         .0                  .0
5.0                 19.8                  6.0871                .058                   .0            4.0           .0                  .0
Server 0, get requests: 11391

Thread 5
Throughput          Waiting time          Service time          Time to parse          Sets          Gets          Multi-gets          Misses
183.0               19.0978               3.4555                .6012                  .0            184.0         .0                  .0
160.0               24.3913               6.047                 .1715                  .0            160.0         .0                  .0
168.0               24.574                5.4333                .4565                  .0            168.0         .0                  .0
184.0               25.7946               5.1682                .2441                  .0            184.0         .0                  .0
193.0               25.4433               4.7391                .4344                  .0            193.0         .0                  .0
189.0               25.2947               4.7385                .5464                  .0            189.0         .0                  .0
191.0               25.8073               5.1089                .1203                  .0            191.0         .0                  .0
193.0               26.2732               4.9387                .2399                  .0            193.0         .0                  .0
193.0               25.2113               4.6379                .5364                  .0            193.0         .0                  .0
186.0               25.7112               5.095                 .2685                  .0            186.0         .0                  .0
192.0               25.6839               4.8165                .3866                  .0            192.0         .0                  .0
188.0               25.6085               4.9054                .4089                  .0            188.0         .0                  .0
190.0               25.6126               4.905                 .3492                  .0            190.0         .0                  .0
192.0               25.5855               4.839                 .3604                  .0            192.0         .0                  .0
195.0               25.3163               4.7989                .3921                  .0            195.0         .0                  .0
193.0               25.1649               4.6451                .4564                  .0            193.0         .0                  .0
193.0               25.3505               4.6539                .5248                  .0            193.0         .0                  .0
202.0               26.1281               4.6311                .3099                  .0            202.0         .0                  .0
192.0               24.6477               4.9419                .2595                  .0            192.0         .0                  .0
201.0               24.7574               4.5016                .4615                  .0            201.0         .0                  .0
190.0               25.8377               4.8703                .4597                  .0            190.0         .0                  .0
190.0               25.4817               4.9069                .3232                  .0            191.0         .0                  .0
189.0               25.4497               4.9888                .3223                  .0            188.0         .0                  .0
191.0               25.3802               4.986                 .2436                  .0            191.0         .0                  .0
191.0               26.0156               4.5481                -3.827                 .0            192.0         .0                  .0
198.0               24.6818               4.8977                .1688                  .0            197.0         .0                  .0
177.0               24.8764               5.3104                .2604                  .0            177.0         .0                  .0
175.0               25.6818               5.384                 .4046                  .0            175.0         .0                  .0
195.0               25.2296               4.9542                .1668                  .0            195.0         .0                  .0
188.0               25.4868               4.7925                .521                   .0            188.0         .0                  .0
191.0               25.7927               4.9202                .2861                  .0            192.0         .0                  .0
190.0               25.9368               4.6998                .5815                  .0            189.0         .0                  .0
190.0               25.0576               5.0757                .1838                  .0            190.0         .0                  .0
193.0               25.3299               5.0044                .1738                  .0            193.0         .0                  .0
189.0               25.5263               4.8993                .3853                  .0            189.0         .0                  .0
195.0               25.648                4.8794                .2431                  .0            195.0         .0                  .0
186.0               26.2781               4.8635                .5097                  .0            186.0         .0                  .0
178.0               25.648                4.8536                .7533                  .0            178.0         .0                  .0
192.0               25.4715               5.097                 .1052                  .0            192.0         .0                  .0
196.0               25.5584               4.9491                .1491                  .0            196.0         .0                  .0
193.0               25.5103               4.994                 .1841                  .0            193.0         .0                  .0
188.0               24.9418               4.9834                .3283                  .0            188.0         .0                  .0
193.0               26.1598               4.7292                .4474                  .0            193.0         .0                  .0
187.0               26.3298               4.8824                .4573                  .0            187.0         .0                  .0
196.0               25.1421               4.7841                .3099                  .0            196.0         .0                  .0
184.0               25.9135               4.9622                .4664                  .0            184.0         .0                  .0
188.0               25.3915               4.9462                .3662                  .0            188.0         .0                  .0
188.0               24.9418               5.1976                .1123                  .0            188.0         .0                  .0
192.0               25.2798               4.8914                .3128                  .0            192.0         .0                  .0
199.0               25.32                 4.7401                .2876                  .0            199.0         .0                  .0
188.0               24.7513               4.7639                .537                   .0            188.0         .0                  .0
192.0               25.0829               4.9524                .2512                  .0            192.0         .0                  .0
188.0               26.1958               5.0891                .2265                  .0            188.0         .0                  .0
186.0               25.5722               5.0422                .325                   .0            186.0         .0                  .0
191.0               25.3542               5.0519                .1849                  .0            191.0         .0                  .0
187.0               25.3404               5.1546                .1832                  .0            187.0         .0                  .0
194.0               25.8                  4.9752                .1747                  .0            194.0         .0                  .0
187.0               25.0426               5.1722                .1668                  .0            187.0         .0                  .0
187.0               25.7181               5.1056                .2359                  .0            187.0         .0                  .0
191.0               25.6875               5.1763                .0537                  .0            191.0         .0                  .0
4.0                 21.25                 7.575                 .0463                  .0            3.0           .0                  .0
Server 0, get requests: 11365

Thread 6
Throughput          Waiting time          Service time          Time to parse          Sets          Gets          Multi-gets          Misses
167.0               20.0179               3.6114                .7456                  .0            168.0         .0                  .0
200.0               25.6219               4.5617                .4548                  .0            200.0         .0                  .0
197.0               24.9949               4.7365                .2601                  .0            197.0         .0                  .0
190.0               26.0995               5.0477                .1944                  .0            190.0         .0                  .0
195.0               25.8571               4.8653                .2545                  .0            195.0         .0                  .0
184.0               25.6324               5.1766                .2521                  .0            184.0         .0                  .0
188.0               25.3492               4.8968                .4142                  .0            188.0         .0                  .0
185.0               25.9624               4.9801                .4235                  .0            185.0         .0                  .0
193.0               24.6495               4.9527                .216                   .0            193.0         .0                  .0
191.0               25.1667               5.0896                .14                    .0            191.0         .0                  .0
187.0               25.3777               5.2158                .1246                  .0            187.0         .0                  .0
185.0               25.5699               5.1381                .2639                  .0            185.0         .0                  .0
186.0               25.7487               4.9                   .4666                  .0            186.0         .0                  .0
185.0               25.4194               5.2029                .1929                  .0            185.0         .0                  .0
180.0               25.0                  5.2757                .2718                  .0            180.0         .0                  .0
158.0               24.2327               5.8066                .5139                  .0            158.0         .0                  .0
185.0               25.3387               5.272                 .1311                  .0            185.0         .0                  .0
189.0               26.1789               5.0879                .1912                  .0            189.0         .0                  .0
194.0               24.8359               4.8273                .3217                  .0            194.0         .0                  .0
195.0               24.4694               4.8687                .2543                  .0            195.0         .0                  .0
181.0               25.4835               5.2427                .3524                  .0            181.0         .0                  .0
186.0               25.3529               5.0366                .2591                  .0            186.0         .0                  .0
192.0               25.285                5.0395                .2315                  .0            192.0         .0                  .0
186.0               25.3957               5.2665                .1029                  .0            186.0         .0                  .0
185.0               25.4301               5.0671                .3317                  .0            185.0         .0                  .0
191.0               24.8646               4.972                 .2556                  .0            191.0         .0                  .0
193.0               25.5103               4.8466                .3309                  .0            193.0         .0                  .0
189.0               25.8421               5.0987                .1889                  .0            189.0         .0                  .0
190.0               25.2775               4.9931                .2618                  .0            190.0         .0                  .0
186.0               24.8717               5.2451                .1237                  .0            186.0         .0                  .0
185.0               25.2473               5.1987                .201                   .0            185.0         .0                  .0
186.0               25.4171               5.2463                .1257                  .0            186.0         .0                  .0
189.0               25.0789               5.1088                .1767                  .0            189.0         .0                  .0
181.0               24.9725               5.1625                .358                   .0            181.0         .0                  .0
184.0               25.1189               5.1649                .2634                  .0            184.0         .0                  .0
185.0               25.586                4.9717                .4275                  .0            185.0         .0                  .0
187.0               25.7181               5.148                 .1956                  .0            187.0         .0                  .0
183.0               25.5978               5.1654                .2883                  .0            183.0         .0                  .0
185.0               25.3495               4.941                 .4627                  .0            185.0         .0                  .0
189.0               25.1211               5.0965                .1843                  .0            189.0         .0                  .0
184.0               25.2649               5.3157                .1173                  .0            184.0         .0                  .0
180.0               25.3536               5.2747                .2737                  .0            180.0         .0                  .0
181.0               25.7418               5.1049                .4136                  .0            181.0         .0                  .0
178.0               26.095                5.5477                .0603                  .0            178.0         .0                  .0
189.0               25.1316               5.1712                .1136                  .0            189.0         .0                  .0
184.0               25.5622               5.3164                .1148                  .0            184.0         .0                  .0
185.0               25.7527               5.2002                .1999                  .0            185.0         .0                  .0
190.0               25.2251               5.0009                .2513                  .0            190.0         .0                  .0
189.0               25.0211               5.2417                .0428                  .0            189.0         .0                  .0
184.0               25.1189               5.1875                .2511                  .0            184.0         .0                  .0
181.0               25.6868               4.9724                .5352                  .0            181.0         .0                  .0
187.0               24.516                5.0167                .3232                  .0            187.0         .0                  .0
183.0               25.8043               5.0419                .4199                  .0            183.0         .0                  .0
187.0               25.8511               5.0295                .3072                  .0            187.0         .0                  .0
187.0               25.2553               5.0438                .3007                  .0            187.0         .0                  .0
188.0               24.8836               5.129                 .1866                  .0            188.0         .0                  .0
188.0               25.164                4.9838                .3302                  .0            188.0         .0                  .0
190.0               25.0419               5.136                 .1179                  .0            190.0         .0                  .0
184.0               25.6865               5.248                 .1891                  .0            184.0         .0                  .0
190.0               25.8063               4.8021                .4488                  .0            190.0         .0                  .0
5.0                 21.0                  5.9997                .0407                  .0            4.0           .0                  .0
Server 0, get requests: 11181

Thread 7
Throughput          Waiting time          Service time          Time to parse          Sets          Gets          Multi-gets          Misses
165.0               21.3253               3.8343                .6708                  .0            166.0         .0                  .0
198.0               25.6734               4.8137                .2523                  .0            198.0         .0                  .0
193.0               25.0206               4.5734                .53                    .0            193.0         .0                  .0
197.0               25.7323               4.7292                .3273                  .0            197.0         .0                  .0
184.0               25.3081               5.1753                .2529                  .0            184.0         .0                  .0
187.0               25.5426               5.0779                .2637                  .0            187.0         .0                  .0
186.0               25.4011               5.1114                .2605                  .0            186.0         .0                  .0
189.0               25.3263               5.0255                .2642                  .0            189.0         .0                  .0
195.0               25.2857               4.988                 .1209                  .0            195.0         .0                  .0
187.0               25.6436               4.9324                .4099                  .0            187.0         .0                  .0
191.0               25.1927               4.9714                .2573                  .0            191.0         .0                  .0
190.0               25.8586               5.0689                .1897                  .0            190.0         .0                  .0
184.0               25.4919               5.1525                .2746                  .0            184.0         .0                  .0
188.0               25.963                5.1161                .1949                  .0            188.0         .0                  .0
195.0               25.3878               4.8177                .3714                  .0            195.0         .0                  .0
196.0               25.2386               4.5991                .4227                  .0            196.0         .0                  .0
191.0               25.5156               4.7836                .4507                  .0            191.0         .0                  .0
196.0               26.6497               4.7166                .3816                  .0            196.0         .0                  .0
200.0               25.2587               4.5591                .4278                  .0            200.0         .0                  .0
200.0               24.209                5.0161                .0472                  .0            200.0         .0                  .0
191.0               25.7292               4.8366                .3925                  .0            191.0         .0                  .0
193.0               25.7371               4.9054                .1996                  .0            193.0         .0                  .0
190.0               25.0838               4.9456                .3831                  .0            190.0         .0                  .0
189.0               25.3211               5.0255                .2594                  .0            189.0         .0                  .0
191.0               25.4323               5.0835                .1459                  .0            191.0         .0                  .0
196.0               24.8376               4.5628                .5342                  .0            196.0         .0                  .0
197.0               25.5                  4.8021                .2709                  .0            197.0         .0                  .0
187.0               25.5319               4.897                 .4454                  .0            187.0         .0                  .0
186.0               25.0053               5.1765                .1933                  .0            186.0         .0                  .0
190.0               25.2932               5.1698                .0873                  .0            190.0         .0                  .0
193.0               25.6031               5.0627                .1124                  .0            193.0         .0                  .0
187.0               25.4255               5.2231                .1182                  .0            187.0         .0                  .0
192.0               25.4093               5.0216                .1838                  .0            192.0         .0                  .0
187.0               25.5053               5.0615                .2814                  .0            187.0         .0                  .0
195.0               25.4184               4.8141                .3077                  .0            195.0         .0                  .0
189.0               25.5526               5.1702                .1149                  .0            189.0         .0                  .0
183.0               25.9457               5.0577                .4015                  .0            183.0         .0                  .0
194.0               26.1436               4.6356                .5107                  .0            194.0         .0                  .0
187.0               25.8883               5.237                 .1097                  .0            187.0         .0                  .0
189.0               25.2895               4.9792                .3032                  .0            189.0         .0                  .0
190.0               25.5916               4.8118                .4488                  .0            190.0         .0                  .0
188.0               25.6455               4.9844                .327                   .0            188.0         .0                  .0
188.0               25.5132               5.269                 .0451                  .0            188.0         .0                  .0
186.0               26.139                4.9688                .4053                  .0            186.0         .0                  .0
197.0               25.2677               4.817                 .2467                  .0            197.0         .0                  .0
188.0               26.0529               4.9944                .3199                  .0            188.0         .0                  .0
193.0               25.701                5.0101                .1649                  .0            193.0         .0                  .0
193.0               25.3969               4.9905                .1798                  .0            193.0         .0                  .0
189.0               25.7211               5.0356                .2532                  .0            189.0         .0                  .0
193.0               25.1237               4.914                 .2693                  .0            193.0         .0                  .0
190.0               25.5445               5.0727                .1764                  .0            190.0         .0                  .0
191.0               24.875                5.0287                .1976                  .0            191.0         .0                  .0
188.0               25.6085               5.2096                .1074                  .0            188.0         .0                  .0
187.0               25.6064               5.0135                .3225                  .0            187.0         .0                  .0
193.0               25.4639               4.8736                .3048                  .0            193.0         .0                  .0
193.0               25.4691               5.0705                .1066                  .0            193.0         .0                  .0
191.0               25.2552               5.0198                .2065                  .0            191.0         .0                  .0
189.0               25.6421               4.8103                .4785                  .0            189.0         .0                  .0
189.0               25.7                  4.8966                .39                    .0            189.0         .0                  .0
187.0               25.7074               5.0846                .2569                  .0            187.0         .0                  .0
5.0                 20.0                  5.9932                .0395                  .0            4.0           .0                  .0
Server 0, get requests: 11426

Aggregated Statistics for a 1 seconds window of the entire middleware: 
Throughput          QueueLength          Waiting time          Service time          Time to parse          Sets          Gets          Multi-gets          Misses
1254.0              .0                   20.6313               4.1075                .6603                  .0            1262.0        .0                  .0
1487.0              40.0                 25.3149               5.0478                .3602                  .0            1487.0        .0                  .0
1515.0              35.0                 24.8983               4.8764                .3436                  .0            1515.0        .0                  .0
1488.0              40.0                 25.6287               5.0032                .3631                  .0            1488.0        .0                  .0
1502.0              40.0                 25.2869               5.0022                .3059                  .0            1502.0        .0                  .0
1493.0              40.0                 25.4009               5.0131                .3402                  .0            1493.0        .0                  .0
1505.0              40.0                 25.3632               5.0036                .3071                  .0            1505.0        .0                  .0
1487.0              40.0                 25.6714               5.0967                .2843                  .0            1487.0        .0                  .0
1524.0              40.0                 24.8946               4.9432                .2971                  .0            1524.0        .0                  .0
1478.0              40.0                 25.6777               5.0765                .3334                  .0            1478.0        .0                  .0
1489.0              40.0                 25.6197               5.0781                .2896                  .0            1489.0        .0                  .0
1487.0              40.0                 25.663                5.0706                .3086                  .0            1487.0        .0                  .0
1487.0              40.0                 25.6754               5.0648                .3081                  .0            1487.0        .0                  .0
1493.0              40.0                 25.437                5.0669                .2843                  .0            1493.0        .0                  .0
1516.0              40.0                 25.2225               4.9998                .3356                  .0            1516.0        .0                  .0
1508.0              33.0                 24.7882               4.9097                .3498                  .0            1508.0        .0                  .0
1509.0              40.0                 25.178                5.0196                .2809                  .0            1509.0        .0                  .0
1462.0              40.0                 25.8764               5.2079                .3181                  .0            1462.0        .0                  .0
1532.0              40.0                 24.7926               4.9643                .2524                  .0            1532.0        .0                  .0
1553.0              40.0                 24.5252               4.8956                1.9892                 .0            1555.0        .0                  .0
1498.0              39.0                 25.5395               5.0213                .361                   .0            1496.0        .0                  .0
1492.0              32.0                 25.4398               5.0568                2.41                   .0            1495.0        .0                  .0
1511.0              40.0                 25.3729               5.0502                .2934                  .0            1508.0        .0                  .0
1498.0              32.0                 25.3727               5.0894                .2453                  .0            1498.0        .0                  .0
1496.0              32.0                 25.381                4.4813                .2981                  .0            1497.0        .0                  .0
1528.0              32.0                 24.7972               4.957                 .2779                  .0            1527.0        .0                  .0
1505.0              31.0                 25.2813               5.0                   .3075                  .0            1505.0        .0                  .0
1477.0              31.0                 25.6742               5.1318                .2931                  .0            1477.0        .0                  .0
1510.0              33.0                 25.1714               5.0426                .2514                  .0            1510.0        .0                  .0
1510.0              32.0                 25.2538               5.0861                .2076                  .0            1510.0        .0                  .0
1495.0              29.0                 25.4505               5.0655                .2688                  .0            1499.0        .0                  .0
1485.0              32.0                 25.53                 5.1251                .2705                  .0            1481.0        .0                  .0
1519.0              36.0                 25.1734               4.9832                .282                   .0            1519.0        .0                  .0
1507.0              31.0                 25.1154               4.9894                .316                   .0            1507.0        .0                  .0
1504.0              30.0                 25.154                5.0293                .2854                  .0            1504.0        .0                  .0
1484.0              28.0                 25.5286               5.1132                .2811                  .0            1484.0        .0                  .0
1467.0              33.0                 25.8618               5.1723                .2782                  .0            1467.0        .0                  .0
1484.0              29.0                 25.663                5.0138                .3725                  .0            1484.0        .0                  .0
1495.0              35.0                 25.5415               5.064                 .2858                  .0            1495.0        .0                  .0
1506.0              33.0                 25.2737               5.0515                .2558                  .0            1506.0        .0                  .0
1503.0              36.0                 25.428                5.0649                .2567                  .0            1503.0        .0                  .0
1492.0              32.0                 25.3055               5.0323                .3235                  .0            1492.0        .0                  .0
1484.0              33.0                 25.6707               5.0676                .3208                  .0            1484.0        .0                  .0
1467.0              33.0                 26.0266               5.1306                .3171                  .0            1467.0        .0                  .0
1532.0              39.0                 24.9423               4.9654                .2495                  .0            1532.0        .0                  .0
1483.0              40.0                 25.7017               5.1534                .2385                  .0            1483.0        .0                  .0
1483.0              40.0                 25.6399               5.0994                .2905                  .0            1483.0        .0                  .0
1504.0              40.0                 25.2362               5.1245                .1884                  .0            1504.0        .0                  .0
1511.0              37.0                 25.1897               5.0422                .248                   .0            1511.0        .0                  .0
1528.0              40.0                 25.0165               4.9634                .2771                  .0            1528.0        .0                  .0
1493.0              32.0                 25.3168               4.9694                .3733                  .0            1493.0        .0                  .0
1512.0              40.0                 24.6432               5.0154                .2695                  .0            1512.0        .0                  .0
1490.0              40.0                 25.4977               5.0715                .2951                  .0            1490.0        .0                  .0
1474.0              40.0                 25.7047               5.0743                .3488                  .0            1474.0        .0                  .0
1500.0              39.0                 25.4017               5.0528                .2797                  .0            1500.0        .0                  .0
1510.0              40.0                 25.1804               5.1018                .1921                  .0            1510.0        .0                  .0
1488.0              40.0                 25.3228               5.0932                .2837                  .0            1488.0        .0                  .0
1490.0              40.0                 25.3624               5.0599                .3017                  .0            1490.0        .0                  .0
1480.0              40.0                 25.7606               5.0841                .3179                  .0            1480.0        .0                  .0
1492.0              40.0                 25.5835               5.1134                .2438                  .0            1492.0        .0                  .0
39.0                31.0                 20.6313               6.2543                .0511                  .0            31.0          .0                  .0
The following results are aggregated for all threads, normalized for one second
Throughput(ops/sec):  (avg)1470.41,  (std)32.31
QueueLength: (avg)32.21,  (std)11.05
WaitingTime(msec): (avg)25.2079,  (std).3419
ServiceTime(msec): (avg)5.0411,  (std).0961
ParseTime(msec): (avg).3577, (std).3437
Sets(ops/sec): 		 (avg).0,  (std).0
Gets(ops/sec): 		 (avg)1470.41,  (std)32.36
Multi-gets(ops/sec):  (avg).0,  (std).0
Misses(ops/sec):      (avg).0,  (std).0
Miss ratio: .0
Avg time between two tasks: .1768

Tot response time: average_waitingTime + average_serviceTime + average_parseTime + average_timeBetweenTwoTasks

max response time : 33.0835
min response time: 25.5761

25.5761:   #
26.3268:   
27.0775:   #
27.8283:   
28.579:   
29.3298:   
30.0805:   #########
30.8312:   ##################################
31.582:   ###############
32.3327:   
33.0835:   #
