
Thread 0
Throughput          Waiting time          Service time          Time to parse          Sets          Gets          Multi-gets          Misses
381.0               12.3639               1.3503                .6851                  383.0         .0            .0                  .0
585.0               19.6034               1.6534                .0192                  584.0         .0            .0                  .0
582.0               18.4871               1.4984                .209                   582.0         .0            .0                  .0
541.0               19.7232               1.5601                .278                   541.0         .0            .0                  .0
604.0               17.5455               1.4232                .2193                  604.0         .0            .0                  .0
589.0               17.961                1.4145                .2755                  589.0         .0            .0                  .0
563.0               18.6046               1.5357                .2274                  563.0         .0            .0                  .0
635.0               16.7437               1.3098                .2573                  635.0         .0            .0                  .0
530.0               19.9718               1.558                 .3136                  530.0         .0            .0                  .0
585.0               18.0034               1.4522                .2445                  585.0         .0            .0                  .0
574.0               18.24                 1.4481                .2899                  574.0         .0            .0                  .0
581.0               18.2113               1.5334                .1762                  581.0         .0            .0                  .0
603.0               18.1689               1.5025                .1461                  603.0         .0            .0                  .0
550.0               19.8512               1.6057                .2036                  550.0         .0            .0                  .0
600.0               17.3527               1.4782                .1766                  600.0         .0            .0                  .0
565.0               18.8286               1.5714                .1847                  565.0         .0            .0                  .0
581.0               18.6014               1.438                 .2772                  581.0         .0            .0                  .0
590.0               17.9492               1.3683                .315                   590.0         .0            .0                  .0
571.0               18.8776               1.5279                .221                   571.0         .0            .0                  .0
603.0               17.2103               1.3203                .3279                  603.0         .0            .0                  .0
555.0               18.482                1.5386                .2582                  555.0         .0            .0                  .0
565.0               18.3693               1.6496                .1118                  565.0         .0            .0                  .0
594.0               17.958                1.4226                .2534                  594.0         .0            .0                  .0
593.0               17.8485               1.4896                .1891                  593.0         .0            .0                  .0
608.0               17.2972               1.4748                .1611                  608.0         .0            .0                  .0
564.0               18.9221               1.5981                .165                   564.0         .0            .0                  .0
572.0               18.4695               1.4772                .2605                  572.0         .0            .0                  .0
608.0               17.2332               1.3566                .28                    608.0         .0            .0                  .0
579.0               18.3017               1.4999                .219                   579.0         .0            .0                  .0
557.0               18.8656               1.5406                .2464                  557.0         .0            .0                  .0
571.0               18.3462               1.5029                .241                   571.0         .0            .0                  .0
526.0               20.1331               1.5671                1.0662                 526.0         .0            .0                  .0
598.0               17.525                1.4406                .2196                  598.0         .0            .0                  .0
604.0               17.7289               1.4255                .2179                  604.0         .0            .0                  .0
562.0               18.4156               1.469                 .2984                  562.0         .0            .0                  .0
568.0               18.9807               1.4465                .3092                  568.0         .0            .0                  .0
576.0               18.1525               1.4892                .2384                  576.0         .0            .0                  .0
540.0               20.183                1.4092                .4329                  540.0         .0            .0                  .0
575.0               18.3906               1.5352                .1967                  575.0         .0            .0                  .0
594.0               17.8824               1.4932                .1811                  594.0         .0            .0                  .0
611.0               17.4167               1.4077                .2217                  611.0         .0            .0                  .0
580.0               18.0861               1.4783                .2334                  580.0         .0            .0                  .0
593.0               17.9848               1.4394                .2401                  593.0         .0            .0                  .0
570.0               18.4676               1.4747                .2697                  570.0         .0            .0                  .0
587.0               17.8861               1.5055                .1931                  587.0         .0            .0                  .0
595.0               17.5419               1.4799                .1848                  595.0         .0            .0                  .0
475.0               18.1197               1.4986                .2269                  475.0         .0            .0                  .0
561.0               18.3185               1.4984                .601                   561.0         .0            .0                  .0
571.0               18.6888               1.5219                .2233                  571.0         .0            .0                  .0
573.0               18.5105               1.3981                .3368                  573.0         .0            .0                  .0
569.0               18.3088               1.4828                .266                   569.0         .0            .0                  .0
579.0               17.8                  1.4113                .304                   579.0         .0            .0                  .0
569.0               18.4404               1.5649                .1861                  569.0         .0            .0                  .0
574.0               18.4435               1.5028                .2309                  574.0         .0            .0                  .0
587.0               17.7721               1.5044                .1841                  587.0         .0            .0                  .0
602.0               17.8557               1.4611                .2013                  602.0         .0            .0                  .0
594.0               17.6874               1.3982                .2786                  594.0         .0            .0                  .0
600.0               18.03                 1.3254                .3336                  600.0         .0            .0                  .0
565.0               18.2827               1.5913                .1705                  565.0         .0            .0                  .0
572.0               19.4974               1.4484                .2926                  572.0         .0            .0                  .0
604.0               3.881                 1.3739                .2385                  604.0         .0            .0                  .0
30.0                2.2333                1.4025                -.0055                 29.0          .0            .0                  .0
Server 0, get requests: 0
Server 1, get requests: 0
Server 2, get requests: 0

Thread 1
Throughput          Waiting time          Service time          Time to parse          Sets          Gets          Multi-gets          Misses
428.0               12.3497               1.471                 .3222                  429.0         .0            .0                  .0
396.0               19.3904               2.2509                .2098                  396.0         .0            .0                  .0
580.0               18.7212               1.5037                .2177                  580.0         .0            .0                  .0
542.0               19.6206               1.5348                .3032                  542.0         .0            .0                  .0
604.0               17.5322               1.4095                .2311                  604.0         .0            .0                  .0
594.0               17.9345               1.369                 .3059                  594.0         .0            .0                  .0
573.0               18.7178               1.4792                .2523                  573.0         .0            .0                  .0
621.0               16.8569               1.3068                .2897                  621.0         .0            .0                  .0
520.0               20.0                  1.5417                .367                   520.0         .0            .0                  .0
592.0               18.0135               1.4406                .2379                  592.0         .0            .0                  .0
585.0               18.273                1.38                  .323                   585.0         .0            .0                  .0
582.0               18.1355               1.4991                .2063                  582.0         .0            .0                  .0
564.0               18.0726               1.4794                .2849                  564.0         .0            .0                  .0
544.0               19.8752               1.62                  .2064                  544.0         .0            .0                  .0
602.0               17.1841               1.4107                .2401                  602.0         .0            .0                  .0
553.0               18.6697               1.5463                .2478                  553.0         .0            .0                  .0
564.0               18.6283               1.4443                .3262                  564.0         .0            .0                  .0
584.0               17.9709               1.4131                .2827                  584.0         .0            .0                  .0
555.0               18.8849               1.5764                .2243                  555.0         .0            .0                  .0
610.0               17.3159               1.2835                .3422                  610.0         .0            .0                  .0
584.0               18.3966               1.4311                .276                   584.0         .0            .0                  .0
578.0               18.3903               1.6075                .1133                  578.0         .0            .0                  .0
580.0               17.8675               1.4424                .2723                  580.0         .0            .0                  .0
589.0               17.7678               1.4735                .2054                  589.0         .0            .0                  .0
612.0               17.3817               1.426                 .2103                  612.0         .0            .0                  .0
543.0               18.8548               1.5919                .2394                  543.0         .0            .0                  .0
571.0               18.5297               1.4265                .3175                  571.0         .0            .0                  .0
602.0               17.3466               1.3581                .2939                  602.0         .0            .0                  .0
575.0               18.3542               1.4681                .2644                  575.0         .0            .0                  .0
565.0               18.9223               1.5055                .2549                  565.0         .0            .0                  .0
586.0               18.3765               1.4623                .2378                  586.0         .0            .0                  .0
526.0               20.1214               1.5311                .3602                  526.0         .0            .0                  .0
613.0               17.4935               1.372                 .2519                  613.0         .0            .0                  .0
585.0               17.7867               1.4047                .2927                  585.0         .0            .0                  .0
568.0               18.4464               1.3826                .3664                  568.0         .0            .0                  .0
549.0               18.7764               1.461                 .3518                  549.0         .0            .0                  .0
570.0               18.2277               1.4584                .2874                  570.0         .0            .0                  .0
531.0               20.1015               1.3881                .4848                  531.0         .0            .0                  .0
579.0               18.2966               1.5542                .1664                  579.0         .0            .0                  .0
594.0               17.7866               1.4466                .2299                  594.0         .0            .0                  .0
605.0               17.4356               1.4054                .2395                  605.0         .0            .0                  .0
586.0               18.1431               1.4352                .2624                  586.0         .0            .0                  .0
589.0               17.8898               1.437                 .2529                  589.0         .0            .0                  .0
576.0               18.4471               1.4245                .3011                  576.0         .0            .0                  .0
586.0               17.9744               1.4897                .2107                  586.0         .0            .0                  .0
600.0               17.594                1.4391                .2138                  600.0         .0            .0                  .0
594.0               18.1227               1.3676                .3135                  594.0         .0            .0                  .0
579.0               18.5603               .8932                 .8302                  579.0         .0            .0                  .0
571.0               18.6031               1.4515                .2933                  571.0         .0            .0                  .0
586.0               18.6831               1.3341                .3638                  586.0         .0            .0                  .0
579.0               18.3379               1.4537                .2617                  579.0         .0            .0                  .0
594.0               17.9647               1.3764                .2999                  594.0         .0            .0                  .0
571.0               18.535                1.5525                .1909                  571.0         .0            .0                  .0
581.0               18.4674               1.4652                .248                   581.0         .0            .0                  .0
594.0               17.805                1.4612                .204                   594.0         .0            .0                  .0
592.0               17.8162               1.4639                .2274                  592.0         .0            .0                  .0
602.0               17.7562               1.3552                .2981                  602.0         .0            .0                  .0
574.0               18.0957               1.3717                .3616                  574.0         .0            .0                  .0
576.0               18.357                1.5109                .2169                  576.0         .0            .0                  .0
597.0               19.6104               1.3869                .2797                  597.0         .0            .0                  .0
604.0               4.038                 1.348                 .2742                  604.0         .0            .0                  .0
30.0                2.3                   1.1408                .1833                  29.0          .0            .0                  .0
Server 0, get requests: 0
Server 1, get requests: 0
Server 2, get requests: 0

Thread 2
Throughput          Waiting time          Service time          Time to parse          Sets          Gets          Multi-gets          Misses
405.0               12.6749               1.6906                .2139                  406.0         .0            .0                  .0
556.0               19.763                1.5283                .2295                  556.0         .0            .0                  .0
556.0               18.6068               1.4809                .3049                  556.0         .0            .0                  .0
554.0               19.6306               1.5392                .2592                  554.0         .0            .0                  .0
608.0               17.6617               1.3886                .241                   608.0         .0            .0                  .0
612.0               18.0424               1.3578                .2701                  612.0         .0            .0                  .0
596.0               18.6432               1.4608                .2041                  596.0         .0            .0                  .0
649.0               16.8785               1.2773                .255                   649.0         .0            .0                  .0
542.0               20.1529               1.4607                .3715                  542.0         .0            .0                  .0
589.0               17.9576               1.4073                .2771                  589.0         .0            .0                  .0
603.0               18.3692               1.3426                .3089                  603.0         .0            .0                  .0
582.0               18.2127               1.4922                .2137                  582.0         .0            .0                  .0
613.0               18.1384               1.442                 .1814                  613.0         .0            .0                  .0
514.0               19.9922               1.5776                .3557                  514.0         .0            .0                  .0
640.0               17.3167               1.336                 .2202                  640.0         .0            .0                  .0
588.0               18.8947               1.4639                .2228                  588.0         .0            .0                  .0
568.0               18.7452               1.4861                .2706                  568.0         .0            .0                  .0
606.0               18.1614               1.3226                .3127                  606.0         .0            .0                  .0
576.0               18.9116               1.5119                .2222                  576.0         .0            .0                  .0
636.0               17.3516               1.2356                .3277                  636.0         .0            .0                  .0
596.0               18.4757               1.4209                .2518                  596.0         .0            .0                  .0
586.0               18.4889               1.5909                .1063                  586.0         .0            .0                  .0
622.0               18.053                1.3708                .2288                  622.0         .0            .0                  .0
600.0               17.8502               1.4274                .2315                  600.0         .0            .0                  .0
632.0               17.3223               1.4                   .1741                  632.0         .0            .0                  .0
574.0               18.953                1.5362                .1965                  574.0         .0            .0                  .0
581.0               18.5601               1.3721                .3415                  581.0         .0            .0                  .0
637.0               17.2163               1.3045                .255                   637.0         .0            .0                  .0
600.0               18.2696               1.4113                .2461                  600.0         .0            .0                  .0
568.0               18.9297               1.5163                .2339                  568.0         .0            .0                  .0
602.0               18.4046               1.4115                .2438                  602.0         .0            .0                  .0
548.0               20.3297               1.4753                .3423                  548.0         .0            .0                  .0
624.0               17.5136               1.3603                .2335                  624.0         .0            .0                  .0
619.0               17.7323               1.3598                .2483                  619.0         .0            .0                  .0
605.0               18.4554               1.3259                .3171                  605.0         .0            .0                  .0
577.0               18.8824               1.3931                .3367                  577.0         .0            .0                  .0
598.0               18.2254               1.442                 .2211                  598.0         .0            .0                  .0
531.0               20.3083               1.4208                .4535                  531.0         .0            .0                  .0
585.0               18.4471               1.5292                .1736                  585.0         .0            .0                  .0
617.0               17.8592               1.4175                .1957                  617.0         .0            .0                  .0
613.0               17.3681               1.4013                .2223                  613.0         .0            .0                  .0
606.0               18.1367               1.3976                .2422                  606.0         .0            .0                  .0
600.0               18.0                  1.3833                .2771                  600.0         .0            .0                  .0
591.0               18.4527               1.4027                .2792                  591.0         .0            .0                  .0
611.0               17.9608               1.429                 .2016                  611.0         .0            .0                  .0
614.0               17.6829               1.4325                .1791                  614.0         .0            .0                  .0
621.0               18.1109               1.3167                .292                   621.0         .0            .0                  .0
607.0               18.4227               .8429                 .802                   607.0         .0            .0                  .0
600.0               18.5341               1.3993                .2601                  600.0         .0            .0                  .0
579.0               18.5707               1.3675                .3519                  579.0         .0            .0                  .0
597.0               18.2174               1.4452                .2169                  597.0         .0            .0                  .0
598.0               17.99                 1.3254                .339                   598.0         .0            .0                  .0
585.0               18.4556               1.5072                .1933                  585.0         .0            .0                  .0
573.0               18.4547               1.4671                .2676                  573.0         .0            .0                  .0
618.0               17.7948               1.417                 .186                   618.0         .0            .0                  .0
619.0               17.8242               1.4101                .2034                  619.0         .0            .0                  .0
608.0               17.7783               1.3244                .313                   608.0         .0            .0                  .0
607.0               18.1891               1.2839                .3553                  607.0         .0            .0                  .0
600.0               18.6356               1.5257                .1334                  600.0         .0            .0                  .0
605.0               19.3894               1.3642                .2822                  605.0         .0            .0                  .0
622.0               3.9165                1.3411                .2287                  622.0         .0            .0                  .0
33.0                2.3636                .9942                 .1884                  32.0          .0            .0                  .0
Server 0, get requests: 0
Server 1, get requests: 0
Server 2, get requests: 0

Thread 3
Throughput          Waiting time          Service time          Time to parse          Sets          Gets          Multi-gets          Misses
455.0               12.1382               1.2705                .4136                  456.0         .0            .0                  .0
636.0               19.6499               1.3821                .154                   636.0         .0            .0                  .0
617.0               18.754                1.4457                .1621                  617.0         .0            .0                  .0
552.0               19.8047               1.544                 .2595                  552.0         .0            .0                  .0
616.0               17.5932               1.4031                .2068                  616.0         .0            .0                  .0
594.0               18.037                1.3745                .2993                  594.0         .0            .0                  .0
570.0               18.5797               1.4697                .2699                  570.0         .0            .0                  .0
639.0               16.8063               1.2675                .2909                  639.0         .0            .0                  .0
535.0               20.056                1.5845                .2721                  535.0         .0            .0                  .0
608.0               17.9951               1.4121                .2216                  608.0         .0            .0                  .0
594.0               18.3311               1.3715                .3047                  594.0         .0            .0                  .0
578.0               18.2124               1.5068                .2109                  578.0         .0            .0                  .0
594.0               18.1364               1.4093                -.4559                 593.0         .0            .0                  .0
539.0               19.8574               1.6539                .1889                  539.0         .0            .0                  .0
625.0               17.3323               1.3703                .218                   625.0         .0            .0                  .0
579.0               18.9                  1.4466                .2665                  579.0         .0            .0                  .0
588.0               18.8234               1.4049                .2945                  588.0         .0            .0                  .0
604.0               18.0281               1.3037                .3368                  604.0         .0            .0                  .0
577.0               18.9913               1.5377                .1887                  577.0         .0            .0                  .0
622.0               17.4318               1.2642                .3347                  622.0         .0            .0                  .0
586.0               18.3935               1.4441                .2566                  586.0         .0            .0                  .0
576.0               18.461                1.6026                .1248                  576.0         .0            .0                  .0
598.0               17.9449               1.3637                .3006                  598.0         .0            .0                  .0
594.0               17.9664               1.4723                .1913                  594.0         .0            .0                  .0
621.0               17.381                1.4322                .1811                  621.0         .0            .0                  .0
580.0               19.0654               1.4861                .2292                  580.0         .0            .0                  .0
597.0               18.5702               1.3483                .3195                  597.0         .0            .0                  .0
612.0               17.3638               1.3666                .2577                  612.0         .0            .0                  .0
592.0               18.253                1.4354                .2461                  592.0         .0            .0                  .0
571.0               18.8829               1.5267                .2166                  571.0         .0            .0                  .0
580.0               18.3391               1.4519                .2652                  580.0         .0            .0                  .0
542.0               20.203                1.5021                -.4182                 542.0         .0            .0                  .0
619.0               17.4952               1.3582                .2473                  619.0         .0            .0                  .0
611.0               17.8301               1.385                 .2446                  611.0         .0            .0                  .0
579.0               18.3672               1.3706                .3455                  579.0         .0            .0                  .0
578.0               18.8791               1.3599                .3645                  578.0         .0            .0                  .0
585.0               18.1945               1.4218                .2776                  585.0         .0            .0                  .0
550.0               20.1343               1.3386                .4669                  550.0         .0            .0                  .0
594.0               18.4454               1.4729                .2015                  594.0         .0            .0                  .0
620.0               17.8261               1.3793                .2216                  620.0         .0            .0                  .0
617.0               17.3883               1.3505                .2598                  617.0         .0            .0                  .0
607.0               18.2451               1.3788                .2561                  607.0         .0            .0                  .0
603.0               18.0563               1.3835                .2684                  603.0         .0            .0                  .0
587.0               18.3724               1.4112                .2828                  587.0         .0            .0                  .0
601.0               18.01                 1.4419                .2173                  601.0         .0            .0                  .0
616.0               17.6305               1.3643                .241                   616.0         .0            .0                  .0
615.0               18.2386               1.3435                .2798                  615.0         .0            .0                  .0
584.0               18.4581               1.4443                .2642                  584.0         .0            .0                  .0
577.0               18.6972               1.4337                .2903                  577.0         .0            .0                  .0
577.0               18.6488               1.3822                .3436                  577.0         .0            .0                  .0
576.0               18.2894               1.4517                .2742                  576.0         .0            .0                  .0
597.0               17.9164               1.3749                .2914                  597.0         .0            .0                  .0
587.0               18.5493               1.4695                .2277                  587.0         .0            .0                  .0
591.0               18.5355               1.4138                .2683                  591.0         .0            .0                  .0
599.0               17.7467               1.465                 .1875                  599.0         .0            .0                  .0
602.0               17.9287               1.452                 .21                    602.0         .0            .0                  .0
608.0               17.7652               1.3488                .2882                  608.0         .0            .0                  .0
598.0               18.1169               1.3051                .3576                  598.0         .0            .0                  .0
585.0               18.6365               1.5064                .1969                  585.0         .0            .0                  .0
462.0               18.7294               1.4665                1.6879                 462.0         .0            .0                  .0
620.0               3.963                 1.3645                .2159                  620.0         .0            .0                  .0
27.0                2.4074                1.0161                .4641                  26.0          .0            .0                  .0
Server 0, get requests: 0
Server 1, get requests: 0
Server 2, get requests: 0

Thread 4
Throughput          Waiting time          Service time          Time to parse          Sets          Gets          Multi-gets          Misses
370.0               12.5175               1.4398                .6452                  371.0         .0            .0                  .0
572.0               19.7487               1.6248                .0694                  572.0         .0            .0                  .0
553.0               18.4368               1.5236                .2678                  553.0         .0            .0                  .0
531.0               19.7876               1.5754                .3009                  531.0         .0            .0                  .0
591.0               17.6014               1.4131                .266                   591.0         .0            .0                  .0
577.0               18.026                1.4276                .2969                  577.0         .0            .0                  .0
566.0               18.4974               1.4994                .2533                  566.0         .0            .0                  .0
627.0               16.8121               1.2809                .3056                  627.0         .0            .0                  .0
521.0               20.1686               1.5492                .3545                  521.0         .0            .0                  .0
582.0               17.9949               1.4419                .2632                  582.0         .0            .0                  .0
579.0               18.1603               1.3822                .341                   579.0         .0            .0                  .0
576.0               18.1438               1.5011                .2221                  576.0         .0            .0                  .0
613.0               18.1743               .9081                 .7142                  613.0         .0            .0                  .0
548.0               19.7486               1.5764                .2399                  548.0         .0            .0                  .0
605.0               17.3218               1.3696                .274                   605.0         .0            .0                  .0
564.0               18.9752               1.5231                .2377                  564.0         .0            .0                  .0
556.0               18.6697               1.4833                .3119                  556.0         .0            .0                  .0
589.0               17.9136               1.3539                .328                   589.0         .0            .0                  .0
565.0               18.8163               1.5246                .2448                  565.0         .0            .0                  .0
617.0               17.3139               1.2641                .347                   617.0         .0            .0                  .0
574.0               18.4609               1.5097                .2243                  574.0         .0            .0                  .0
574.0               18.4157               1.5942                .1397                  574.0         .0            .0                  .0
604.0               17.8992               1.3878                .2582                  604.0         .0            .0                  .0
596.0               17.8409               1.4713                .198                   596.0         .0            .0                  .0
614.0               17.2309               1.4436                .1758                  614.0         .0            .0                  .0
550.0               18.9274               1.5506                .2592                  550.0         .0            .0                  .0
577.0               18.5623               1.4182                .3069                  577.0         .0            .0                  .0
605.0               17.3086               1.3516                .2912                  605.0         .0            .0                  .0
588.0               18.3786               1.4638                .2293                  588.0         .0            .0                  .0
557.0               18.8369               1.5231                .2639                  557.0         .0            .0                  .0
588.0               18.3854               1.455                 .2374                  588.0         .0            .0                  .0
524.0               20.2019               1.4886                .4116                  524.0         .0            .0                  .0
596.0               17.5109               1.417                 .253                   596.0         .0            .0                  .0
602.0               17.8192               1.3962                .2558                  602.0         .0            .0                  .0
588.0               18.5059               1.3906                .3012                  588.0         .0            .0                  .0
571.0               18.9021               1.3607                .3841                  571.0         .0            .0                  .0
587.0               18.1582               1.4175                .275                   587.0         .0            .0                  .0
530.0               20.2618               1.4112                .4674                  530.0         .0            .0                  .0
571.0               18.3287               1.5089                .2343                  571.0         .0            .0                  .0
595.0               17.8238               1.4428                .228                   595.0         .0            .0                  .0
614.0               17.4244               1.3797                .2389                  614.0         .0            .0                  .0
582.0               18.0583               1.4218                .287                   582.0         .0            .0                  .0
593.0               17.9933               1.3954                .2836                  593.0         .0            .0                  .0
571.0               18.472                1.4575                .2839                  571.0         .0            .0                  .0
598.0               17.8982               1.4507                .2158                  598.0         .0            .0                  .0
599.0               17.55                 1.4357                .2145                  599.0         .0            .0                  .0
596.0               18.2144               1.3461                .3302                  596.0         .0            .0                  .0
581.0               18.445                1.4437                .2742                  581.0         .0            .0                  .0
577.0               18.6661               1.4498                .2749                  577.0         .0            .0                  .0
569.0               18.5737               1.3521                .3997                  569.0         .0            .0                  .0
584.0               18.3282               1.4233                .2793                  584.0         .0            .0                  .0
592.0               17.8887               1.3842                .2892                  592.0         .0            .0                  .0
568.0               18.3199               1.5188                .2256                  568.0         .0            .0                  .0
564.0               18.5009               1.4947                .2704                  564.0         .0            .0                  .0
594.0               17.7697               1.4582                .2092                  594.0         .0            .0                  .0
589.0               17.7661               1.477                 .2207                  589.0         .0            .0                  .0
591.0               17.6993               1.3586                .3257                  591.0         .0            .0                  .0
581.0               18.2302               1.3468                .3659                  581.0         .0            .0                  .0
563.0               18.5071               1.5715                .1968                  563.0         .0            .0                  .0
453.0               18.9493               1.5125                .6901                  453.0         .0            .0                  .0
616.0               4.0081                1.3405                .2538                  616.0         .0            .0                  .0
35.0                2.3714                .9989                 .1075                  34.0          .0            .0                  .0
Server 0, get requests: 0
Server 1, get requests: 0
Server 2, get requests: 0

Thread 5
Throughput          Waiting time          Service time          Time to parse          Sets          Gets          Multi-gets          Misses
447.0               12.5893               1.272                 .4369                  448.0         .0            .0                  .0
387.0               19.366                2.5462                -.0152                 387.0         .0            .0                  .0
589.0               18.6017               1.4855                .2025                  589.0         .0            .0                  .0
525.0               19.6236               1.5771                .3194                  525.0         .0            .0                  .0
597.0               17.495                1.4339                .2265                  597.0         .0            .0                  .0
576.0               17.9428               1.4229                .306                   576.0         .0            .0                  .0
568.0               18.3937               1.4765                .2718                  568.0         .0            .0                  .0
614.0               16.7252               1.3412                .2797                  614.0         .0            .0                  .0
520.0               20.0461               1.5473                .3659                  520.0         .0            .0                  .0
578.0               17.8463               1.4559                .2591                  578.0         .0            .0                  .0
575.0               18.1823               1.4367                .2975                  575.0         .0            .0                  .0
570.0               18.0333               1.5304                .2119                  570.0         .0            .0                  .0
606.0               18.0329               1.4474                .1943                  606.0         .0            .0                  .0
526.0               19.6869               1.6699                .2226                  526.0         .0            .0                  .0
592.0               17.2749               1.459                 .2175                  592.0         .0            .0                  .0
545.0               18.7344               1.5755                .2461                  545.0         .0            .0                  .0
554.0               18.5225               1.5157                .2862                  554.0         .0            .0                  .0
576.0               17.8977               1.3995                .3205                  576.0         .0            .0                  .0
552.0               18.6112               1.6028                .2062                  552.0         .0            .0                  .0
598.0               17.1536               1.3023                .3583                  598.0         .0            .0                  .0
564.0               18.3664               1.5091                .258                   564.0         .0            .0                  .0
560.0               18.303                1.6676                .1082                  560.0         .0            .0                  .0
594.0               17.8773               1.4006                .2732                  594.0         .0            .0                  .0
583.0               17.7568               1.5033                .205                   583.0         .0            .0                  .0
608.0               17.2414               1.462                 .1734                  608.0         .0            .0                  .0
539.0               18.7833               1.6034                .2393                  539.0         .0            .0                  .0
548.0               18.4645               1.4944                .3203                  548.0         .0            .0                  .0
589.0               17.1983               1.4144                .266                   589.0         .0            .0                  .0
573.0               18.3293               1.4885                .2478                  573.0         .0            .0                  .0
558.0               18.8193               1.5502                .2349                  558.0         .0            .0                  .0
568.0               18.3322               1.5234                .2289                  568.0         .0            .0                  .0
525.0               20.1616               1.5115                .3867                  525.0         .0            .0                  .0
596.0               17.4573               1.4201                .2479                  596.0         .0            .0                  .0
574.0               17.7443               1.4579                .2761                  574.0         .0            .0                  .0
569.0               18.407                1.4302                .318                   569.0         .0            .0                  .0
546.0               18.7715               1.4812                .344                   546.0         .0            .0                  .0
569.0               18.1298               1.4861                .2625                  569.0         .0            .0                  .0
521.0               20.1092               1.4758                .4387                  521.0         .0            .0                  .0
567.0               18.2324               1.5715                .1859                  567.0         .0            .0                  .0
582.0               17.6964               1.4738                .2365                  582.0         .0            .0                  .0
583.0               17.3596               1.4959                .2115                  583.0         .0            .0                  .0
568.0               18.1125               1.5171                .2327                  568.0         .0            .0                  .0
575.0               17.8472               1.4669                .2635                  575.0         .0            .0                  .0
566.0               18.3422               1.4743                .282                   566.0         .0            .0                  .0
583.0               17.9127               1.5067                .2008                  583.0         .0            .0                  .0
592.0               17.5042               1.4545                .2193                  592.0         .0            .0                  .0
591.0               18.0912               1.3768                .3136                  591.0         .0            .0                  .0
569.0               18.4789               1.5006                .2532                  569.0         .0            .0                  .0
555.0               18.5018               1.4993                .2949                  555.0         .0            .0                  .0
552.0               18.481                1.4172                .3873                  552.0         .0            .0                  .0
566.0               18.1711               1.4907                .268                   566.0         .0            .0                  .0
582.0               17.8473               1.4204                .2886                  582.0         .0            .0                  .0
564.0               18.4195               1.5675                .1983                  564.0         .0            .0                  .0
558.0               18.356                1.5176                .2624                  558.0         .0            .0                  .0
584.0               17.7162               1.4948                .2023                  584.0         .0            .0                  .0
586.0               17.7871               1.4978                .2085                  586.0         .0            .0                  .0
582.0               17.6226               1.3998                .3112                  582.0         .0            .0                  .0
573.0               18.0976               1.3782                .3572                  573.0         .0            .0                  .0
565.0               18.3004               1.5606                .2018                  565.0         .0            .0                  .0
569.0               19.5772               1.4688                .281                   569.0         .0            .0                  .0
600.0               3.9734                1.3709                .2561                  600.0         .0            .0                  .0
30.0                2.6667                1.1762                .2208                  29.0          .0            .0                  .0
Server 0, get requests: 0
Server 1, get requests: 0
Server 2, get requests: 0

Thread 6
Throughput          Waiting time          Service time          Time to parse          Sets          Gets          Multi-gets          Misses
285.0               12.1154               2.2473                .4345                  286.0         .0            .0                  .0
526.0               19.7268               1.6933                .1641                  526.0         .0            .0                  .0
500.0               18.4232               1.6223                .3622                  500.0         .0            .0                  .0
520.0               19.6603               1.5971                .3206                  520.0         .0            .0                  .0
574.0               17.5322               1.4784                .2476                  574.0         .0            .0                  .0
573.0               17.9181               1.4329                .3044                  573.0         .0            .0                  .0
555.0               18.6223               1.5629                .2252                  555.0         .0            .0                  .0
595.0               16.7735               1.3298                .344                   595.0         .0            .0                  .0
510.0               20.1135               1.5653                .3805                  510.0         .0            .0                  .0
586.0               17.9302               1.433                 .2597                  586.0         .0            .0                  .0
575.0               18.2778               1.4314                .3029                  575.0         .0            .0                  .0
563.0               18.1294               1.5405                .2237                  563.0         .0            .0                  .0
546.0               18.0348               1.5531                1.0028                 545.0         .0            .0                  .0
527.0               19.7618               1.6644                .219                   528.0         .0            .0                  .0
587.0               17.2602               1.4395                .2501                  587.0         .0            .0                  .0
545.0               18.7344               1.5493                .27                    545.0         .0            .0                  .0
549.0               18.6055               1.4659                .3471                  549.0         .0            .0                  .0
566.0               17.9912               1.4309                .3206                  566.0         .0            .0                  .0
549.0               18.9655               1.5492                .2697                  549.0         .0            .0                  .0
582.0               17.3276               1.3574                .3486                  582.0         .0            .0                  .0
559.0               18.375                1.5197                .2645                  559.0         .0            .0                  .0
559.0               18.3804               1.6492                .1298                  559.0         .0            .0                  .0
555.0               17.8112               1.5039                .2879                  555.0         .0            .0                  .0
567.0               17.713                1.5637                .1804                  567.0         .0            .0                  .0
603.0               17.3129               1.4546                .2071                  603.0         .0            .0                  .0
536.0               18.8901               1.6672                .1876                  536.0         .0            .0                  .0
553.0               18.5036               1.4536                .3464                  553.0         .0            .0                  .0
598.0               17.2988               1.3965                .2661                  598.0         .0            .0                  .0
563.0               18.3103               1.5177                .2517                  563.0         .0            .0                  .0
540.0               18.8447               1.607                 .2371                  540.0         .0            .0                  .0
554.0               18.2739               1.5636                .2346                  554.0         .0            .0                  .0
511.0               20.1152               1.5885                .3591                  511.0         .0            .0                  .0
578.0               17.4059               1.4443                .2758                  578.0         .0            .0                  .0
584.0               17.7744               1.452                 .2526                  584.0         .0            .0                  .0
556.0               18.3914               1.4256                .3633                  556.0         .0            .0                  .0
537.0               18.7881               1.4548                .4016                  537.0         .0            .0                  .0
559.0               18.2321               1.5104                .2677                  559.0         .0            .0                  .0
508.0               20.0766               1.4555                .5069                  508.0         .0            .0                  .0
556.0               18.3483               1.6121                .1753                  556.0         .0            .0                  .0
570.0               17.7583               1.5021                .2424                  570.0         .0            .0                  .0
597.0               17.3294               1.4481                .2199                  597.0         .0            .0                  .0
552.0               18.1031               1.5101                .2879                  552.0         .0            .0                  .0
566.0               17.963                1.4636                .2959                  566.0         .0            .0                  .0
557.0               18.3746               1.4719                .3123                  557.0         .0            .0                  .0
570.0               17.9037               1.5218                .2271                  570.0         .0            .0                  .0
576.0               17.5251               1.5297                .1882                  576.0         .0            .0                  .0
578.0               18.095                1.4208                .3055                  578.0         .0            .0                  .0
558.0               18.4526               1.5211                .2655                  558.0         .0            .0                  .0
557.0               18.4373               1.4613                .326                   557.0         .0            .0                  .0
549.0               18.3927               1.4289                .3835                  549.0         .0            .0                  .0
550.0               18.2123               1.5237                .2823                  550.0         .0            .0                  .0
581.0               17.9038               1.3826                .3311                  581.0         .0            .0                  .0
557.0               18.4892               1.5708                .2164                  557.0         .0            .0                  .0
550.0               18.3448               1.5545                .2537                  550.0         .0            .0                  .0
573.0               17.7544               1.5526                .1748                  573.0         .0            .0                  .0
586.0               17.7836               1.5002                .207                   586.0         .0            .0                  .0
575.0               17.7431               1.4264                .3045                  575.0         .0            .0                  .0
572.0               18.0663               1.3948                .3443                  572.0         .0            .0                  .0
557.0               18.491                1.6144                .1731                  557.0         .0            .0                  .0
568.0               19.4569               1.4268                .3224                  568.0         .0            .0                  .0
585.0               4.0358                1.4197                .2543                  585.0         .0            .0                  .0
26.0                2.2308                1.3085                .2943                  25.0          .0            .0                  .0
Server 0, get requests: 0
Server 1, get requests: 0
Server 2, get requests: 0

Thread 7
Throughput          Waiting time          Service time          Time to parse          Sets          Gets          Multi-gets          Misses
388.0               12.2211               1.4202                .5836                  389.0         .0            .0                  .0
380.0               19.2152               2.2775                .2794                  380.0         .0            .0                  .0
558.0               18.6333               1.5027                .2872                  558.0         .0            .0                  .0
527.0               19.6004               1.5661                .3235                  527.0         .0            .0                  .0
597.0               17.5569               1.4261                .233                   597.0         .0            .0                  .0
567.0               17.9419               1.4138                .3398                  567.0         .0            .0                  .0
553.0               18.5487               1.5381                .2572                  553.0         .0            .0                  .0
613.0               16.7231               1.3271                .2946                  613.0         .0            .0                  .0
508.0               20.0648               1.5944                .3632                  508.0         .0            .0                  .0
579.0               17.8517               1.4394                .2727                  579.0         .0            .0                  .0
572.0               18.2251               1.4254                .3172                  572.0         .0            .0                  .0
567.0               18.1602               1.5393                .2125                  567.0         .0            .0                  .0
551.0               17.8967               1.0318                .7742                  551.0         .0            .0                  .0
528.0               19.7127               1.6709                .213                   528.0         .0            .0                  .0
589.0               17.2119               1.4599                .2271                  589.0         .0            .0                  .0
543.0               18.6324               1.5807                .2458                  543.0         .0            .0                  .0
561.0               18.6388               1.4583                .3237                  561.0         .0            .0                  .0
570.0               17.8739               1.4296                .31                    570.0         .0            .0                  .0
543.0               18.8254               1.596                 .2429                  543.0         .0            .0                  .0
602.0               17.3051               1.3206                .3314                  602.0         .0            .0                  .0
555.0               18.4335               1.5344                .2621                  555.0         .0            .0                  .0
565.0               18.2509               1.6134                .1482                  565.0         .0            .0                  .0
566.0               17.7813               1.4863                .2702                  566.0         .0            .0                  .0
574.0               17.7113               1.4969                .2231                  574.0         .0            .0                  .0
599.0               17.2583               1.4528                .2203                  599.0         .0            .0                  .0
529.0               18.9113               1.6344                .2468                  529.0         .0            .0                  .0
557.0               18.4444               1.4486                .3386                  557.0         .0            .0                  .0
596.0               17.2412               1.3784                .2907                  596.0         .0            .0                  .0
565.0               18.3799               1.5126                .2497                  565.0         .0            .0                  .0
555.0               18.7495               1.5307                1.0693                 554.0         .0            .0                  .0
547.0               18.2368               1.5718                .2431                  548.0         .0            .0                  .0
517.0               20.1255               1.5665                .3589                  517.0         .0            .0                  .0
579.0               17.5                  1.4512                .2658                  579.0         .0            .0                  .0
573.0               17.8484               1.4407                .2955                  573.0         .0            .0                  .0
565.0               18.3021               1.4085                .3511                  565.0         .0            .0                  .0
545.0               18.7949               1.4475                .3822                  545.0         .0            .0                  .0
568.0               18.1828               1.463                 .2868                  568.0         .0            .0                  .0
518.0               20.0886               1.4484                .4754                  518.0         .0            .0                  .0
563.0               18.1809               1.5788                .19                    563.0         .0            .0                  .0
577.0               17.6938               1.484                 .2402                  577.0         .0            .0                  .0
588.0               17.4244               1.4296                .2618                  588.0         .0            .0                  .0
565.0               17.9647               1.5067                .2527                  565.0         .0            .0                  .0
573.0               17.9233               1.4852                .2538                  573.0         .0            .0                  .0
561.0               18.2883               1.4769                .2945                  561.0         .0            .0                  .0
587.0               17.8861               1.4812                .215                   587.0         .0            .0                  .0
573.0               17.561                1.5268                .198                   573.0         .0            .0                  .0
581.0               18.0378               1.4069                .3125                  581.0         .0            .0                  .0
555.0               18.4784               1.5285                .2696                  555.0         .0            .0                  .0
546.0               18.6051               1.5167                .3063                  546.0         .0            .0                  .0
571.0               18.5157               1.3791                .3665                  571.0         .0            .0                  .0
570.0               18.2049               1.4597                .2833                  570.0         .0            .0                  .0
587.0               17.8673               1.3884                .3056                  587.0         .0            .0                  .0
553.0               18.4332               1.5712                .229                   553.0         .0            .0                  .0
569.0               18.4281               1.4607                .2891                  569.0         .0            .0                  .0
575.0               17.6354               1.5005                .2194                  575.0         .0            .0                  .0
578.0               17.7237               1.4895                .2409                  578.0         .0            .0                  .0
581.0               17.6924               1.402                 .3127                  581.0         .0            .0                  .0
574.0               18.0122               1.3861                .3477                  574.0         .0            .0                  .0
554.0               18.2721               1.5794                .2144                  554.0         .0            .0                  .0
575.0               19.6233               1.4268                .3055                  575.0         .0            .0                  .0
598.0               3.9833                1.3698                .265                   598.0         .0            .0                  .0
30.0                2.2667                .9819                 .2694                  29.0          .0            .0                  .0
Server 0, get requests: 0
Server 1, get requests: 0
Server 2, get requests: 0

Aggregated Statistics for a 1 seconds window of the entire middleware: 
Throughput          QueueLength          Waiting time          Service time          Time to parse          Sets          Gets          Multi-gets          Misses
3159.0              .0                   12.3712               1.5202                .4669                  3168.0        .0            .0                  .0
4038.0              53.0                 19.5579               1.8696                .1388                  4037.0        .0            .0                  .0
4535.0              86.0                 18.583                1.5078                .2517                  4535.0        .0            .0                  .0
4292.0              88.0                 19.6814               1.5617                .2955                  4292.0        .0            .0                  .0
4791.0              83.0                 17.5647               1.422                 .2339                  4791.0        .0            .0                  .0
4682.0              88.0                 17.9755               1.4016                .2997                  4682.0        .0            .0                  .0
4544.0              84.0                 18.5759               1.5028                .2452                  4544.0        .0            .0                  .0
4993.0              88.0                 16.7899               1.305                 .2896                  4993.0        .0            .0                  .0
4186.0              82.0                 20.0717               1.5501                .3485                  4186.0        .0            .0                  .0
4699.0              87.0                 17.9491               1.4353                .2545                  4699.0        .0            .0                  .0
4657.0              87.0                 18.2574               1.4022                .3107                  4657.0        .0            .0                  .0
4599.0              81.0                 18.1548               1.5178                .2097                  4599.0        .0            .0                  .0
4690.0              88.0                 18.0819               1.3467                .3553                  4688.0        .0            .0                  .0
4276.0              86.0                 19.8108               1.6299                .2312                  4277.0        .0            .0                  .0
4840.0              81.0                 17.2818               1.4154                .228                   4840.0        .0            .0                  .0
4482.0              86.0                 18.7962               1.5321                .2402                  4482.0        .0            .0                  .0
4521.0              88.0                 18.6543               1.4621                .3047                  4521.0        .0            .0                  .0
4685.0              80.0                 17.9733               1.3777                .3158                  4685.0        .0            .0                  .0
4488.0              88.0                 18.8605               1.5533                .2275                  4488.0        .0            .0                  .0
4870.0              87.0                 17.3012               1.2935                .3397                  4870.0        .0            .0                  .0
4573.0              88.0                 18.4229               1.4885                .2564                  4573.0        .0            .0                  .0
4563.0              82.0                 18.3824               1.6219                .1228                  4563.0        .0            .0                  .0
4713.0              82.0                 17.899                1.4223                .2681                  4713.0        .0            .0                  .0
4696.0              85.0                 17.8069               1.4872                .203                   4696.0        .0            .0                  .0
4897.0              83.0                 17.3032               1.4432                .1879                  4897.0        .0            .0                  .0
4415.0              85.0                 18.9134               1.5835                .2204                  4415.0        .0            .0                  .0
4556.0              88.0                 18.513                1.4299                .3189                  4556.0        .0            .0                  .0
4847.0              85.0                 17.2758               1.3658                .2751                  4847.0        .0            .0                  .0
4635.0              88.0                 18.3221               1.4747                .2443                  4635.0        .0            .0                  .0
4471.0              86.0                 18.8564               1.5375                .3446                  4470.0        .0            .0                  .0
4596.0              85.0                 18.3368               1.4928                .2415                  4597.0        .0            .0                  .0
4219.0              82.0                 20.1739               1.5288                .3584                  4219.0        .0            .0                  .0
4803.0              86.0                 17.4877               1.408                 .2493                  4803.0        .0            .0                  .0
4752.0              88.0                 17.783                1.4152                .2605                  4752.0        .0            .0                  .0
4592.0              84.0                 18.4114               1.4004                .3326                  4592.0        .0            .0                  .0
4471.0              88.0                 18.8469               1.4256                .3593                  4471.0        .0            .0                  .0
4612.0              83.0                 18.1879               1.4611                .2646                  4612.0        .0            .0                  .0
4229.0              85.0                 20.1579               1.4185                .4658                  4229.0        .0            .0                  .0
4590.0              87.0                 18.3337               1.5454                .1905                  4590.0        .0            .0                  .0
4749.0              80.0                 17.7908               1.4549                .2219                  4749.0        .0            .0                  .0
4828.0              80.0                 17.3933               1.4148                .2344                  4828.0        .0            .0                  .0
4646.0              83.0                 18.1062               1.4557                .2568                  4646.0        .0            .0                  .0
4692.0              87.0                 17.9572               1.4318                .2669                  4692.0        .0            .0                  .0
4579.0              88.0                 18.4021               1.4492                .2882                  4579.0        .0            .0                  .0
4723.0              88.0                 17.929                1.4783                .2102                  4723.0        .0            .0                  .0
4765.0              84.0                 17.5737               1.4578                .2048                  4765.0        .0            .0                  .0
4651.0              88.0                 18.1288               1.3846                .2967                  4651.0        .0            .0                  .0
4594.0              88.0                 18.4518               1.3341                .445                   4594.0        .0            .0                  .0
4554.0              84.0                 18.5917               1.4667                .2836                  4554.0        .0            .0                  .0
4556.0              85.0                 18.547                1.3824                .3666                  4556.0        .0            .0                  .0
4591.0              79.0                 18.2588               1.4663                .2664                  4591.0        .0            .0                  .0
4710.0              87.0                 17.8973               1.383                 .3061                  4710.0        .0            .0                  .0
4554.0              82.0                 18.4553               1.5403                .2084                  4554.0        .0            .0                  .0
4560.0              81.0                 18.4413               1.4845                .2613                  4560.0        .0            .0                  .0
4724.0              83.0                 17.7493               1.4817                .1959                  4724.0        .0            .0                  .0
4754.0              88.0                 17.8107               1.469                 .2149                  4754.0        .0            .0                  .0
4741.0              87.0                 17.7181               1.3767                .304                   4741.0        .0            .0                  .0
4679.0              80.0                 18.1047               1.349                 .3529                  4679.0        .0            .0                  .0
4565.0              88.0                 18.4353               1.5575                .188                   4565.0        .0            .0                  .0
4401.0              86.0                 19.3542               1.4376                .5177                  4401.0        .0            .0                  .0
4849.0              74.0                 3.9749                1.3661                .2483                  4849.0        .0            .0                  .0
241.0               19.0                 2.355                 1.1274                .2153                  233.0         .0            .0                  .0
The following results are aggregated for all threads, normalized for one second
Throughput(ops/sec):  (avg)4515.53,  (std)201.47
QueueLength: (avg)73.62,  (std)25.24
WaitingTime(msec): (avg)17.728,  (std)1.9679
ServiceTime(msec): (avg)1.4566,  (std).0887
ParseTime(msec): (avg).2759, (std).0704
Sets(ops/sec): 		 (avg)4515.52,  (std)201.47
Gets(ops/sec): 		 (avg).0,  (std).0
Multi-gets(ops/sec):  (avg).0,  (std).0
Misses(ops/sec):      (avg).0,  (std).0
Miss ratio: ?
Avg time between two tasks: .2408

Tot response time: average_waitingTime + average_serviceTime + average_parseTime + average_timeBetweenTwoTasks

max response time : 22.3019
min response time: 3.9385

3.9385:   #
5.7748:   #
7.6112:   
9.4475:   
11.2838:   
13.1202:   
14.9565:   #
16.7929:   
18.6292:   #########
20.4656:   ###########################################
22.3019:   #######
