
Thread 0
Throughput          Waiting time          Service time          Time to parse          Sets          Gets          Multi-gets          Misses
268.0               17.145                1.9105                .7706                  269.0         .0            .0                  .0
482.0               14.6273               1.7253                .2612                  482.0         .0            .0                  .0
477.0               13.7657               1.4532                .5926                  477.0         .0            .0                  .0
503.0               13.3492               1.7516                .1835                  503.0         .0            .0                  .0
510.0               13.2407               1.5972                .3063                  510.0         .0            .0                  .0
463.0               14.3513               1.7765                .3224                  463.0         .0            .0                  .0
501.0               13.5199               1.6655                .2838                  501.0         .0            .0                  .0
477.0               13.8264               1.7156                .323                   477.0         .0            .0                  .0
517.0               13.2741               1.6856                .2024                  517.0         .0            .0                  .0
457.0               14.4148               1.5417                .5923                  457.0         .0            .0                  .0
489.0               13.6571               1.7376                .2513                  489.0         .0            .0                  .0
505.0               13.4257               1.6098                .9334                  504.0         .0            .0                  .0
489.0               13.6965               1.784                 .2061                  490.0         .0            .0                  .0
512.0               13.1287               1.589                 .3139                  512.0         .0            .0                  .0
489.0               14.049                1.7406                .2518                  489.0         .0            .0                  .0
543.0               12.7279               1.4535                .3369                  543.0         .0            .0                  .0
514.0               13.1282               1.7752                .1208                  514.0         .0            .0                  .0
438.0               15.3759               1.9255                .3038                  438.0         .0            .0                  .0
462.0               15.0108               1.9801                .1222                  462.0         .0            .0                  .0
470.0               14.6645               1.9544                .1169                  470.0         .0            .0                  .0
477.0               14.0397               1.7777                .2634                  477.0         .0            .0                  .0
493.0               13.8279               1.6333                .3494                  493.0         .0            .0                  .0
511.0               13.2207               1.6263                .2745                  511.0         .0            .0                  .0
462.0               14.6782               1.9611                .1533                  462.0         .0            .0                  .0
477.0               14.477                1.8003                .237                   477.0         .0            .0                  .0
492.0               13.8337               1.8076                .1761                  492.0         .0            .0                  .0
462.0               15.0713               1.8392                .2796                  462.0         .0            .0                  .0
485.0               14.2181               1.699                 .3069                  485.0         .0            .0                  .0
490.0               13.8798               1.7254                .2712                  490.0         .0            .0                  .0
487.0               13.5512               1.5284                .4758                  487.0         .0            .0                  .0
512.0               13.4269               1.6425                .2638                  512.0         .0            .0                  .0
513.0               13.2432               1.6071                .2899                  513.0         .0            .0                  .0
510.0               13.2192               1.5593                .3553                  510.0         .0            .0                  .0
509.0               13.3588               1.6886                .2281                  509.0         .0            .0                  .0
515.0               13.1977               1.4344                .4495                  515.0         .0            .0                  .0
499.0               13.8                  1.5064                .4447                  499.0         .0            .0                  .0
491.0               13.8496               1.685                 .2963                  491.0         .0            .0                  .0
508.0               13.4067               1.568                 .3647                  508.0         .0            .0                  .0
491.0               13.9959               1.6588                .3233                  491.0         .0            .0                  .0
504.0               13.5109               1.6671                .2654                  504.0         .0            .0                  .0
496.0               13.666                1.707                 .2556                  496.0         .0            .0                  .0
512.0               13.2417               1.5543                .3435                  512.0         .0            .0                  .0
485.0               13.6255               1.6956                .3307                  485.0         .0            .0                  .0
524.0               12.9124               1.5428                .3207                  524.0         .0            .0                  .0
531.0               12.9117               1.5896                .249                   531.0         .0            .0                  .0
491.0               13.6911               1.6323                .359                   491.0         .0            .0                  .0
481.0               14.278                1.6859                .3433                  481.0         .0            .0                  .0
514.0               13.2524               1.6                   .2883                  514.0         .0            .0                  .0
482.0               13.7246               1.6747                .359                   482.0         .0            .0                  .0
481.0               14.112                1.7096                .3258                  481.0         .0            .0                  .0
509.0               13.349                1.6331                .2775                  509.0         .0            .0                  .0
494.0               13.4929               1.6709                .3054                  494.0         .0            .0                  .0
511.0               13.3398               1.5696                .3421                  511.0         .0            .0                  .0
520.0               12.9155               1.5627                .3014                  520.0         .0            .0                  .0
515.0               13.2171               1.6421                .2568                  515.0         .0            .0                  .0
520.0               13.3512               1.606                 .2667                  520.0         .0            .0                  .0
497.0               13.4759               1.6627                .2828                  497.0         .0            .0                  .0
479.0               14.0                  1.6706                .3642                  479.0         .0            .0                  .0
515.0               13.3547               1.6167                .2846                  515.0         .0            .0                  .0
516.0               13.1721               1.5453                .3471                  516.0         .0            .0                  .0
26.0                6.5385                1.2343                .148                   25.0          .0            .0                  .0
Server 0, get requests: 0
Server 1, get requests: 0
Server 2, get requests: 0

Thread 1
Throughput          Waiting time          Service time          Time to parse          Sets          Gets          Multi-gets          Misses
258.0               17.6255               1.8404                .9736                  259.0         .0            .0                  .0
385.0               14.4119               1.9336                .5713                  385.0         .0            .0                  .0
482.0               13.8489               1.3884                .639                   482.0         .0            .0                  .0
495.0               13.3145               1.7428                .2208                  495.0         .0            .0                  .0
487.0               13.4631               1.6734                .3224                  487.0         .0            .0                  .0
467.0               14.3312               1.8226                .2665                  467.0         .0            .0                  .0
499.0               13.57                 1.7103                .2413                  499.0         .0            .0                  .0
482.0               13.8634               1.6376                .3861                  482.0         .0            .0                  .0
490.0               13.2994               1.682                 .3009                  490.0         .0            .0                  .0
462.0               14.6393               1.5415                .5676                  462.0         .0            .0                  .0
505.0               13.6739               1.6927                .2366                  505.0         .0            .0                  .0
491.0               13.5772               1.2896                .7007                  491.0         .0            .0                  .0
491.0               13.7764               1.7685                .2054                  491.0         .0            .0                  .0
511.0               13.2617               1.5739                .3283                  511.0         .0            .0                  .0
461.0               14.1364               1.7852                .3354                  461.0         .0            .0                  .0
510.0               12.8004               1.6144                .2986                  510.0         .0            .0                  .0
476.0               13.1153               1.8296                .2159                  476.0         .0            .0                  .0
424.0               15.5224               1.8811                .3949                  424.0         .0            .0                  .0
449.0               14.7311               2.2476                -.0837                 449.0         .0            .0                  .0
456.0               14.4726               2.0614                .0844                  456.0         .0            .0                  .0
482.0               14.0269               1.761                 .2645                  482.0         .0            .0                  .0
471.0               13.8178               1.704                 .3596                  471.0         .0            .0                  .0
504.0               13.2911               1.5706                .3724                  504.0         .0            .0                  .0
463.0               15.0043               1.9689                .1456                  463.0         .0            .0                  .0
460.0               14.4599               1.8277                .2988                  460.0         .0            .0                  .0
490.0               13.8737               1.7502                .2384                  490.0         .0            .0                  .0
463.0               14.9806               1.8199                .2903                  463.0         .0            .0                  .0
477.0               14.1192               1.5933                .441                   477.0         .0            .0                  .0
486.0               13.9979               1.7276                .2848                  486.0         .0            .0                  .0
512.0               13.6004               1.4686                .4347                  512.0         .0            .0                  .0
507.0               13.5236               1.5842                .3384                  507.0         .0            .0                  .0
498.0               13.2645               1.6869                .2694                  498.0         .0            .0                  .0
505.0               13.2233               1.5869                .3494                  505.0         .0            .0                  .0
503.0               13.5337               1.6686                .2722                  503.0         .0            .0                  .0
523.0               13.5076               1.036                 .8271                  523.0         .0            .0                  .0
484.0               13.8264               1.5704                -.3034                 483.0         .0            .0                  .0
484.0               13.8784               1.7015                .3078                  485.0         .0            .0                  .0
509.0               13.4294               1.4845                .4426                  509.0         .0            .0                  .0
493.0               13.9049               1.6299                .3478                  493.0         .0            .0                  .0
496.0               13.6419               1.6542                .311                   496.0         .0            .0                  .0
496.0               13.5573               1.6835                .2801                  496.0         .0            .0                  .0
500.0               13.2335               1.526                 .4174                  500.0         .0            .0                  .0
494.0               13.7394               1.7018                .2837                  494.0         .0            .0                  .0
517.0               12.8842               1.5428                .3445                  517.0         .0            .0                  .0
505.0               12.9664               1.608                 .3189                  505.0         .0            .0                  .0
495.0               13.625                1.6334                .3269                  495.0         .0            .0                  .0
477.0               14.0711               1.7344                .3159                  477.0         .0            .0                  .0
515.0               13.2578               1.5745                .3164                  515.0         .0            .0                  .0
510.0               13.6908               1.5787                .3386                  510.0         .0            .0                  .0
497.0               14.261                1.6851                .2748                  497.0         .0            .0                  .0
503.0               13.4762               1.6201                .324                   503.0         .0            .0                  .0
501.0               13.49                 1.615                 .3311                  501.0         .0            .0                  .0
510.0               13.2329               1.5765                .3363                  510.0         .0            .0                  .0
528.0               13.0265               1.552                 .2914                  528.0         .0            .0                  .0
503.0               13.1409               1.6947                .2415                  503.0         .0            .0                  .0
522.0               13.2141               1.6684                .2038                  522.0         .0            .0                  .0
512.0               13.46                 1.617                 .2899                  512.0         .0            .0                  .0
472.0               14.2072               1.6737                .3974                  472.0         .0            .0                  .0
505.0               13.3419               1.6504                .2855                  505.0         .0            .0                  .0
516.0               13.2186               1.5787                .311                   516.0         .0            .0                  .0
26.0                6.1154                1.1929                .1773                  25.0          .0            .0                  .0
Server 0, get requests: 0
Server 1, get requests: 0
Server 2, get requests: 0

Thread 2
Throughput          Waiting time          Service time          Time to parse          Sets          Gets          Multi-gets          Misses
256.0               16.8949               2.3071                .4927                  257.0         .0            .0                  .0
459.0               14.887                1.7034                .3872                  459.0         .0            .0                  .0
491.0               13.9959               1.4623                .5216                  491.0         .0            .0                  .0
510.0               13.4012               1.7392                .1694                  510.0         .0            .0                  .0
512.0               13.4094               1.6319                .2749                  512.0         .0            .0                  .0
462.0               14.4341               1.8544                .259                   462.0         .0            .0                  .0
493.0               13.428                1.7205                972.5945               492.0         .0            .0                  .0
495.0               13.9798               1.6185                .3513                  496.0         .0            .0                  .0
492.0               13.2617               1.7228                .263                   492.0         .0            .0                  .0
463.0               14.7069               1.5607                .5481                  463.0         .0            .0                  .0
480.0               13.5343               1.7646                .2594                  480.0         .0            .0                  .0
500.0               13.5709               1.6441                .3129                  500.0         .0            .0                  .0
482.0               13.7143               1.7786                .227                   482.0         .0            .0                  .0
503.0               13.2738               1.6001                .3333                  503.0         .0            .0                  .0
473.0               14.192                1.7003                .3531                  473.0         .0            .0                  .0
519.0               12.7558               1.5054                .3715                  519.0         .0            .0                  .0
496.0               13.338                1.7257                .2354                  496.0         .0            .0                  .0
421.0               15.3199               1.914                 .4093                  421.0         .0            .0                  .0
449.0               14.8156               2.1765                .0035                  449.0         .0            .0                  .0
439.0               14.4841               2.1615                .0589                  439.0         .0            .0                  .0
474.0               14.2042               1.7678                .2913                  474.0         .0            .0                  .0
485.0               13.8436               1.6884                .328                   485.0         .0            .0                  .0
502.0               13.3022               1.6074                .3299                  502.0         .0            .0                  .0
447.0               14.8237               1.9762                .2117                  447.0         .0            .0                  .0
468.0               14.5245               1.8271                .2638                  468.0         .0            .0                  .0
495.0               13.8629               1.8181                .1444                  495.0         .0            .0                  .0
441.0               15.0271               1.9115                .2993                  441.0         .0            .0                  .0
480.0               14.1143               1.7351                .3021                  480.0         .0            .0                  .0
478.0               13.9645               1.6857                .3496                  478.0         .0            .0                  .0
488.0               13.8078               1.592                 .4098                  488.0         .0            .0                  .0
499.0               13.45                 1.6716                .2835                  499.0         .0            .0                  .0
507.0               13.2283               1.584                 .3429                  507.0         .0            .0                  .0
520.0               13.4376               1.5455                .3264                  520.0         .0            .0                  .0
492.0               13.4544               1.7033                .2758                  492.0         .0            .0                  .0
509.0               13.2549               1.0174                .8892                  509.0         .0            .0                  .0
481.0               13.9127               1.6033                .4279                  480.0         .0            .0                  .0
476.0               13.8113               1.7465                .3025                  477.0         .0            .0                  .0
487.0               13.3852               1.5917                .4102                  487.0         .0            .0                  .0
490.0               13.8493               1.6477                .3375                  490.0         .0            .0                  .0
498.0               13.6145               1.6518                .3093                  497.0         .0            .0                  .0
487.0               13.6537               1.7324                .2594                  488.0         .0            .0                  .0
507.0               13.3366               1.538                 .3793                  507.0         .0            .0                  .0
499.0               13.61                 1.6616                .3029                  499.0         .0            .0                  .0
519.0               12.7692               1.5643                .3146                  519.0         .0            .0                  .0
504.0               12.8317               1.6425                .2953                  504.0         .0            .0                  .0
477.0               13.6736               1.6481                .4001                  477.0         .0            .0                  .0
474.0               14.2084               1.7044                .3562                  474.0         .0            .0                  .0
517.0               13.1429               1.591                 .2941                  517.0         .0            .0                  .0
481.0               13.7303               1.7301                .3056                  481.0         .0            .0                  .0
468.0               14.1898               1.7798                .3055                  468.0         .0            .0                  .0
493.0               13.3421               1.6835                .2982                  493.0         .0            .0                  .0
506.0               13.4911               1.6485                .2825                  506.0         .0            .0                  .0
498.0               13.2064               1.5763                .3833                  498.0         .0            .0                  .0
511.0               13.0254               1.6392                .2593                  511.0         .0            .0                  .0
508.0               13.1847               1.6633                .2621                  508.0         .0            .0                  .0
505.0               13.0791               1.6682                .2635                  505.0         .0            .0                  .0
498.0               13.4329               1.6805                .2762                  498.0         .0            .0                  .0
474.0               14.1158               1.6519                .404                   474.0         .0            .0                  .0
496.0               13.33                 1.6659                .3006                  496.0         .0            .0                  .0
503.0               13.1567               1.6076                .3364                  503.0         .0            .0                  .0
27.0                6.4444                1.2536                .0843                  26.0          .0            .0                  .0
Server 0, get requests: 0
Server 1, get requests: 0
Server 2, get requests: 0

Thread 3
Throughput          Waiting time          Service time          Time to parse          Sets          Gets          Multi-gets          Misses
263.0               17.7689               1.7024                1.0753                 264.0         .0            .0                  .0
434.0               14.3839               1.736                 .4927                  434.0         .0            .0                  .0
475.0               13.6042               1.4213                .635                   474.0         .0            .0                  .0
491.0               13.185                1.722                 .2569                  492.0         .0            .0                  .0
495.0               13.4073               1.6615                .3116                  495.0         .0            .0                  .0
457.0               14.2205               1.8261                .2995                  457.0         .0            .0                  .0
496.0               13.5996               1.7457                .2272                  496.0         .0            .0                  .0
454.0               13.844                1.7069                .4318                  454.0         .0            .0                  .0
503.0               13.1071               1.6737                .2678                  503.0         .0            .0                  .0
453.0               14.3811               1.5624                .5968                  453.0         .0            .0                  .0
477.0               13.6381               1.7244                .3143                  477.0         .0            .0                  .0
495.0               13.5333               1.5781                .3877                  495.0         .0            .0                  .0
487.0               13.6557               1.7541                .2348                  487.0         .0            .0                  .0
491.0               13.1626               1.6272                .3508                  491.0         .0            .0                  .0
457.0               14.0808               1.7583                .3726                  457.0         .0            .0                  .0
513.0               12.7218               1.5226                .3734                  513.0         .0            .0                  .0
503.0               13.0258               1.6997                .2419                  503.0         .0            .0                  .0
437.0               15.6005               1.8936                .3429                  437.0         .0            .0                  .0
465.0               14.9378               1.9897                .1138                  465.0         .0            .0                  .0
465.0               14.5408               1.9622                .1372                  465.0         .0            .0                  .0
488.0               13.8569               1.6919                .3058                  488.0         .0            .0                  .0
478.0               13.858                1.6521                .3923                  478.0         .0            .0                  .0
508.0               13.1257               1.5832                .3351                  508.0         .0            .0                  .0
443.0               14.7838               2.0254                .1863                  443.0         .0            .0                  .0
468.0               14.3753               1.8145                .2762                  468.0         .0            .0                  .0
474.0               13.8863               1.8036                .2585                  474.0         .0            .0                  .0
448.0               15.0022               1.9306                .2519                  448.0         .0            .0                  .0
479.0               14.1042               1.601                 .4364                  479.0         .0            .0                  .0
479.0               13.7021               1.7014                .3434                  479.0         .0            .0                  .0
491.0               13.4654               1.4682                .5122                  491.0         .0            .0                  .0
492.0               13.3529               1.6652                .3156                  492.0         .0            .0                  .0
499.0               13.264                1.6465                .2992                  499.0         .0            .0                  .0
498.0               13.1263               1.6149                .3472                  498.0         .0            .0                  .0
499.0               13.3                  1.6423                .3146                  499.0         .0            .0                  .0
501.0               13.2948               1.4696                .4691                  501.0         .0            .0                  .0
472.0               13.8034               1.5574                .4906                  472.0         .0            .0                  .0
491.0               13.7398               1.675                 .3115                  491.0         .0            .0                  .0
498.0               13.3467               1.5509                .4182                  498.0         .0            .0                  .0
472.0               13.7907               1.6813                .3914                  472.0         .0            .0                  .0
487.0               13.502                1.7209                .2778                  487.0         .0            .0                  .0
490.0               13.5703               1.6714                .3255                  490.0         .0            .0                  .0
493.0               13.1336               1.547                 .4262                  493.0         .0            .0                  .0
482.0               13.6936               1.7105                .3252                  482.0         .0            .0                  .0
516.0               12.8298               1.5467                .3329                  516.0         .0            .0                  .0
520.0               12.7889               1.5852                .2863                  520.0         .0            .0                  .0
492.0               13.641                1.6386                .3405                  492.0         .0            .0                  .0
480.0               14.1393               1.6738                .3638                  480.0         .0            .0                  .0
497.0               13.1847               1.6123                .3473                  497.0         .0            .0                  .0
493.0               13.7105               1.606                 .3814                  493.0         .0            .0                  .0
463.0               14.0603               1.7482                .3656                  463.0         .0            .0                  .0
504.0               13.3584               1.6079                .3242                  504.0         .0            .0                  .0
497.0               13.5703               1.6436                .3188                  497.0         .0            .0                  .0
500.0               13.2016               1.5586                .3916                  500.0         .0            .0                  .0
513.0               12.9436               1.5637                .3281                  513.0         .0            .0                  .0
524.0               13.2495               1.5987                .2664                  524.0         .0            .0                  .0
491.0               13.2581               1.6455                .3334                  491.0         .0            .0                  .0
507.0               13.5                  1.6601                .2653                  507.0         .0            .0                  .0
478.0               13.9374               1.6623                .384                   478.0         .0            .0                  .0
507.0               13.4016               1.5974                .3265                  507.0         .0            .0                  .0
515.0               13.157                1.544                 .354                   515.0         .0            .0                  .0
25.0                6.56                  1.2711                .1325                  24.0          .0            .0                  .0
Server 0, get requests: 0
Server 1, get requests: 0
Server 2, get requests: 0

Thread 4
Throughput          Waiting time          Service time          Time to parse          Sets          Gets          Multi-gets          Misses
269.0               17.6889               1.7787                .9371                  270.0         .0            .0                  .0
474.0               14.3958               1.551                 .4814                  474.0         .0            .0                  .0
473.0               13.9027               1.4736                .5932                  472.0         .0            .0                  .0
500.0               13.2515               1.7211                .2231                  501.0         .0            .0                  .0
489.0               13.3531               1.6657                .3367                  489.0         .0            .0                  .0
480.0               14.1538               1.7442                .2773                  480.0         .0            .0                  .0
491.0               13.4309               1.6858                .3028                  491.0         .0            .0                  .0
485.0               13.9671               1.6464                .3604                  485.0         .0            .0                  .0
489.0               13.2776               1.6941                .2955                  489.0         .0            .0                  .0
466.0               14.7173               1.5605                .5275                  466.0         .0            .0                  .0
481.0               13.6266               1.7382                .283                   481.0         .0            .0                  .0
498.0               13.4569               1.6269                .3277                  498.0         .0            .0                  .0
477.0               13.7113               1.7731                .26                    477.0         .0            .0                  .0
486.0               13.2957               1.6509                .3525                  486.0         .0            .0                  .0
456.0               14.2057               1.7202                .4178                  456.0         .0            .0                  .0
505.0               12.7174               1.552                 .3788                  505.0         .0            .0                  .0
509.0               13.1824               1.6577                .2544                  509.0         .0            .0                  .0
437.0               15.4612               1.848                 .3932                  437.0         .0            .0                  .0
443.0               14.7207               2.2012                .0103                  443.0         .0            .0                  .0
461.0               14.4762               1.9934                .1225                  461.0         .0            .0                  .0
480.0               14.0603               1.7481                .2902                  480.0         .0            .0                  .0
472.0               13.9302               1.7182                .3539                  472.0         .0            .0                  .0
509.0               13.2627               1.5989                .3099                  509.0         .0            .0                  .0
449.0               14.6533               1.9702                .2124                  449.0         .0            .0                  .0
460.0               14.3015               1.8391                .2843                  460.0         .0            .0                  .0
478.0               13.8643               1.8294                .2144                  478.0         .0            .0                  .0
446.0               15.1119               1.8802                .3148                  446.0         .0            .0                  .0
453.0               14.0088               1.7254                .4214                  453.0         .0            .0                  .0
468.0               13.8763               1.7257                .355                   468.0         .0            .0                  .0
486.0               13.5914               1.5476                .4595                  486.0         .0            .0                  .0
488.0               13.3845               1.6875                .3003                  488.0         .0            .0                  .0
505.0               13.1344               1.5958                .3348                  505.0         .0            .0                  .0
505.0               13.1028               1.5856                .345                   505.0         .0            .0                  .0
489.0               13.4571               1.7232                .2731                  489.0         .0            .0                  .0
500.0               13.3114               1.4588                .4779                  500.0         .0            .0                  .0
479.0               13.75                 1.6084                .4311                  479.0         .0            .0                  .0
483.0               13.6983               1.6893                .3227                  483.0         .0            .0                  .0
499.0               13.276                1.5109                .456                   499.0         .0            .0                  .0
484.0               13.9052               1.6574                .3558                  484.0         .0            .0                  .0
484.0               13.5938               1.7035                .3159                  484.0         .0            .0                  .0
481.0               13.6971               1.7424                .2866                  481.0         .0            .0                  .0
494.0               13.4061               1.5792                .3886                  494.0         .0            .0                  .0
490.0               13.613                1.6804                .2935                  490.0         .0            .0                  .0
510.0               12.8004               1.5716                .3359                  510.0         .0            .0                  .0
514.0               12.9282               1.6338                .2639                  514.0         .0            .0                  .0
489.0               13.6327               1.6436                .3567                  489.0         .0            .0                  .0
476.0               13.9895               1.7514                .299                   476.0         .0            .0                  .0
492.0               13.1258               1.6471                .3342                  492.0         .0            .0                  .0
491.0               13.7236               1.6846                .3096                  491.0         .0            .0                  .0
472.0               13.9831               1.7751                .2988                  471.0         .0            .0                  .0
494.0               13.2984               1.7199                .248                   495.0         .0            .0                  .0
492.0               13.574                1.6598                .3221                  492.0         .0            .0                  .0
506.0               13.1913               1.5438                .3867                  506.0         .0            .0                  .0
510.0               12.8787               1.6192                .2851                  510.0         .0            .0                  .0
518.0               13.2331               1.6134                .2725                  518.0         .0            .0                  .0
495.0               13.0927               1.7267                .2486                  495.0         .0            .0                  .0
491.0               13.4024               1.7344                .2512                  491.0         .0            .0                  .0
479.0               14.1062               1.6308                .4109                  479.0         .0            .0                  .0
503.0               13.3433               1.6552                .2906                  503.0         .0            .0                  .0
499.0               13.152                1.6138                .3422                  499.0         .0            .0                  .0
25.0                6.56                  1.2985                .1364                  24.0          .0            .0                  .0
Server 0, get requests: 0
Server 1, get requests: 0
Server 2, get requests: 0

Thread 5
Throughput          Waiting time          Service time          Time to parse          Sets          Gets          Multi-gets          Misses
304.0               17.9902               1.6175                .673                   305.0         .0            .0                  .0
467.0               14.5363               1.5594                .5045                  467.0         .0            .0                  .0
463.0               13.6832               1.4535                .6582                  463.0         .0            .0                  .0
523.0               13.2691               1.6835                .1677                  523.0         .0            .0                  .0
510.0               13.3405               1.6589                .2538                  510.0         .0            .0                  .0
480.0               14.4096               1.7595                .2759                  480.0         .0            .0                  .0
485.0               13.4969               1.7713                .2354                  484.0         .0            .0                  .0
466.0               13.8608               1.6805                .415                   467.0         .0            .0                  .0
506.0               13.2426               1.676                 .2419                  506.0         .0            .0                  .0
455.0               14.6404               1.5457                .6026                  455.0         .0            .0                  .0
490.0               13.6049               1.6931                .2865                  490.0         .0            .0                  .0
494.0               13.602                1.6218                .3534                  494.0         .0            .0                  .0
483.0               13.7335               1.7578                .2562                  483.0         .0            .0                  .0
496.0               13.1771               1.6414                .324                   496.0         .0            .0                  .0
477.0               14.1318               1.6694                .3732                  477.0         .0            .0                  .0
531.0               12.7124               1.4306                .4029                  531.0         .0            .0                  .0
525.0               13.1236               1.6424                .1997                  525.0         .0            .0                  .0
420.0               15.4679               1.9177                .4136                  420.0         .0            .0                  .0
470.0               14.6221               2.0406                .0334                  470.0         .0            .0                  .0
458.0               14.4532               2.0319                .096                   458.0         .0            .0                  .0
487.0               14.0328               1.6969                .3091                  487.0         .0            .0                  .0
494.0               13.8283               1.6352                .328                   494.0         .0            .0                  .0
514.0               13.1883               1.5497                .3431                  514.0         .0            .0                  .0
464.0               14.9978               1.9098                .1895                  464.0         .0            .0                  .0
463.0               14.3341               1.8067                .2976                  463.0         .0            .0                  .0
482.0               13.6853               1.798                 .2294                  482.0         .0            .0                  .0
435.0               15.1147               1.9946                .2567                  435.0         .0            .0                  .0
489.0               14.1204               1.6733                .3223                  489.0         .0            .0                  .0
493.0               13.7672               1.6795                .3048                  493.0         .0            .0                  .0
496.0               13.7706               1.4786                .9307                  496.0         .0            .0                  .0
496.0               13.326                1.6549                .3095                  496.0         .0            .0                  .0
498.0               13.3226               1.6381                .318                   498.0         .0            .0                  .0
510.0               13.2192               1.6044                .3104                  510.0         .0            .0                  .0
508.0               13.3635               1.668                 .2511                  508.0         .0            .0                  .0
513.0               13.1887               1.0442                .8509                  513.0         .0            .0                  .0
492.0               13.75                 1.5418                .4399                  491.0         .0            .0                  .0
488.0               13.7444               1.6855                .3083                  489.0         .0            .0                  .0
503.0               13.3777               1.4941                .4433                  502.0         .0            .0                  .0
474.0               13.9137               1.725                 .3294                  475.0         .0            .0                  .0
487.0               13.4898               1.7007                .2834                  487.0         .0            .0                  .0
488.0               13.7751               1.6869                .3041                  488.0         .0            .0                  .0
511.0               13.1641               1.5167                .3804                  511.0         .0            .0                  .0
499.0               13.624                1.6478                .3174                  499.0         .0            .0                  .0
523.0               13.0229               1.556                 .3085                  523.0         .0            .0                  .0
529.0               12.834                1.5764                .2639                  529.0         .0            .0                  .0
489.0               13.6776               1.6452                .346                   489.0         .0            .0                  .0
487.0               14.0758               1.6367                .3626                  487.0         .0            .0                  .0
501.0               13.1036               1.6248                .311                   501.0         .0            .0                  .0
491.0               13.5854               1.6457                .3392                  491.0         .0            .0                  .0
471.0               14.1529               1.7468                .329                   470.0         .0            .0                  .0
504.0               13.3861               1.6434                .2848                  505.0         .0            .0                  .0
493.0               13.502                1.649                 .3268                  493.0         .0            .0                  .0
512.0               13.2281               1.5338                .366                   512.0         .0            .0                  .0
518.0               12.9133               1.599                 .2769                  518.0         .0            .0                  .0
515.0               13.0969               1.618                 .2793                  515.0         .0            .0                  .0
495.0               13.1149               1.6653                .3047                  495.0         .0            .0                  .0
501.0               13.3645               1.7104                .236                   501.0         .0            .0                  .0
479.0               14.0687               1.6782                .351                   479.0         .0            .0                  .0
505.0               13.3735               1.6353                .2889                  505.0         .0            .0                  .0
516.0               13.1296               1.564                 .3229                  516.0         .0            .0                  .0
24.0                6.3333                1.3736                .0917                  23.0          .0            .0                  .0
Server 0, get requests: 0
Server 1, get requests: 0
Server 2, get requests: 0

Thread 6
Throughput          Waiting time          Service time          Time to parse          Sets          Gets          Multi-gets          Misses
229.0               17.1                  2.1849                .9654                  230.0         .0            .0                  .0
478.0               14.405                1.5775                .4479                  478.0         .0            .0                  .0
495.0               13.8468               1.4388                .5318                  495.0         .0            .0                  .0
482.0               13.3437               1.7636                .2547                  482.0         .0            .0                  .0
495.0               13.2016               1.643                 .331                   495.0         .0            .0                  .0
465.0               14.1931               1.8497                .2374                  465.0         .0            .0                  .0
493.0               13.4332               1.7141                .2699                  493.0         .0            .0                  .0
480.0               13.9626               1.6199                .4141                  480.0         .0            .0                  .0
508.0               13.1807               1.6399                .2812                  508.0         .0            .0                  .0
475.0               14.5525               1.4935                .5593                  475.0         .0            .0                  .0
472.0               13.5497               1.7958                .2641                  472.0         .0            .0                  .0
489.0               13.4408               1.6774                .321                   489.0         .0            .0                  .0
485.0               13.6626               1.8067                .2079                  485.0         .0            .0                  .0
503.0               13.1667               1.5958                .3426                  503.0         .0            .0                  .0
477.0               14.2071               1.7095                .3358                  477.0         .0            .0                  .0
522.0               12.6673               1.5397                .3232                  522.0         .0            .0                  .0
497.0               13.0262               1.7827                .1801                  497.0         .0            .0                  .0
444.0               15.5169               1.8657                .3315                  444.0         .0            .0                  .0
449.0               14.7067               2.199                 -.0207                 449.0         .0            .0                  .0
456.0               14.4726               1.9804                .1623                  456.0         .0            .0                  .0
482.0               13.9586               1.7257                .304                   482.0         .0            .0                  .0
469.0               13.8426               1.7247                .3587                  469.0         .0            .0                  .0
493.0               13.1862               1.6416                .3317                  493.0         .0            .0                  .0
440.0               14.6145               2.0013                .2173                  440.0         .0            .0                  .0
452.0               14.3951               1.8363                .3237                  452.0         .0            .0                  .0
474.0               13.8042               1.8511                .2057                  474.0         .0            .0                  .0
436.0               15.0595               1.9515                .2839                  436.0         .0            .0                  .0
458.0               14.0065               1.6909                .4435                  458.0         .0            .0                  .0
481.0               13.8838               1.7264                .3033                  481.0         .0            .0                  .0
489.0               13.549                1.5443                .4514                  489.0         .0            .0                  .0
491.0               13.3537               1.6703                1.3341                 491.0         .0            .0                  .0
496.0               13.165                1.6736                .2923                  496.0         .0            .0                  .0
512.0               13.1501               1.5514                .3583                  512.0         .0            .0                  .0
503.0               13.3631               1.6619                .2799                  503.0         .0            .0                  .0
491.0               13.0407               1.4743                .5024                  491.0         .0            .0                  .0
479.0               13.675                1.6089                .4276                  479.0         .0            .0                  .0
486.0               13.7228               1.6985                .3046                  486.0         .0            .0                  .0
496.0               13.3541               1.5537                .4212                  496.0         .0            .0                  .0
475.0               14.021                1.6658                .386                   475.0         .0            .0                  .0
490.0               13.4786               1.6928                .2946                  490.0         .0            .0                  .0
481.0               13.5768               1.7345                .2896                  481.0         .0            .0                  .0
494.0               13.1677               1.5428                .4313                  494.0         .0            .0                  .0
486.0               13.5852               1.7179                .3008                  486.0         .0            .0                  .0
510.0               12.816                1.5752                .3371                  510.0         .0            .0                  .0
515.0               12.7694               1.6196                .2706                  515.0         .0            .0                  .0
478.0               13.6451               1.6302                .4172                  478.0         .0            .0                  .0
468.0               14.0725               1.7607                .3262                  468.0         .0            .0                  .0
494.0               13.0667               1.6514                .3166                  494.0         .0            .0                  .0
477.0               13.5084               1.6999                .3378                  477.0         .0            .0                  .0
474.0               14.0611               1.7405                .3243                  474.0         .0            .0                  .0
502.0               13.3241               1.6545                .2881                  502.0         .0            .0                  .0
494.0               13.3939               1.6476                .3243                  494.0         .0            .0                  .0
503.0               13.25                 1.578                 .3617                  503.0         .0            .0                  .0
507.0               12.9055               1.5864                .3297                  507.0         .0            .0                  .0
503.0               13.0476               1.7289                .2037                  503.0         .0            .0                  .0
493.0               13.2105               1.6997                .2827                  493.0         .0            .0                  .0
490.0               13.3829               1.7234                .2641                  490.0         .0            .0                  .0
475.0               14.0714               1.6978                .3569                  475.0         .0            .0                  .0
497.0               13.3795               1.6408                .3228                  497.0         .0            .0                  .0
496.0               13.1449               1.598                 .3635                  496.0         .0            .0                  .0
24.0                6.2083                1.3936                .0921                  23.0          .0            .0                  .0
Server 0, get requests: 0
Server 1, get requests: 0
Server 2, get requests: 0

Thread 7
Throughput          Waiting time          Service time          Time to parse          Sets          Gets          Multi-gets          Misses
253.0               17.4528               1.9816                .8712                  254.0         .0            .0                  .0
408.0               14.6993               2.1778                .1897                  408.0         .0            .0                  .0
467.0               13.953                1.4752                .6114                  467.0         .0            .0                  .0
491.0               13.3557               1.7691                .2091                  491.0         .0            .0                  .0
499.0               13.34                 1.6886                .2745                  499.0         .0            .0                  .0
441.0               14.3733               1.8624                .3379                  441.0         .0            .0                  .0
484.0               13.501                1.7339                .2918                  484.0         .0            .0                  .0
463.0               13.7457               1.7279                .3838                  463.0         .0            .0                  .0
482.0               13.1656               1.7277                .2981                  482.0         .0            .0                  .0
451.0               14.7361               1.5786                .5889                  451.0         .0            .0                  .0
474.0               13.6421               1.7257                .3261                  474.0         .0            .0                  .0
485.0               13.5361               1.6534                .361                   484.0         .0            .0                  .0
474.0               13.7811               1.8007                .2483                  475.0         .0            .0                  .0
493.0               13.1478               1.6781                .2995                  493.0         .0            .0                  .0
457.0               14.0568               1.8933                .2476                  457.0         .0            .0                  .0
505.0               12.7505               1.5773                .3457                  504.0         .0            .0                  .0
481.0               13.089                1.8046                .2164                  482.0         .0            .0                  .0
415.0               15.4688               1.9646                .3958                  415.0         .0            .0                  .0
435.0               15.0298               2.1121                .1352                  435.0         .0            .0                  .0
443.0               14.4887               2.114                 .0852                  443.0         .0            .0                  .0
456.0               13.8687               1.8517                .2927                  456.0         .0            .0                  .0
464.0               13.8258               1.7263                .3806                  464.0         .0            .0                  .0
484.0               13.1485               1.6346                .3814                  484.0         .0            .0                  .0
428.0               14.8392               2.078                 .2068                  428.0         .0            .0                  .0
459.0               14.387                1.8409                .2898                  459.0         .0            .0                  .0
461.0               13.7706               1.8739                .2473                  461.0         .0            .0                  .0
447.0               14.9911               1.8642                .3208                  446.0         .0            .0                  .0
471.0               14.0657               1.6813                .3927                  472.0         .0            .0                  .0
474.0               13.827                1.7504                .3157                  473.0         .0            .0                  .0
473.0               13.5506               1.5313                .5282                  474.0         .0            .0                  .0
488.0               13.4499               1.673                 .316                   488.0         .0            .0                  .0
487.0               13.207                1.7001                .2967                  487.0         .0            .0                  .0
494.0               13.2424               1.6379                .3401                  494.0         .0            .0                  .0
496.0               13.3199               1.6728                .2948                  496.0         .0            .0                  .0
499.0               13.294                1.4624                .4929                  499.0         .0            .0                  .0
477.0               13.7741               1.5721                .4764                  477.0         .0            .0                  .0
470.0               13.6624               1.7574                .3097                  470.0         .0            .0                  .0
480.0               13.3098               1.6144                .4283                  480.0         .0            .0                  .0
470.0               13.7919               1.7602                .3126                  470.0         .0            .0                  .0
468.0               13.6034               1.7558                .322                   468.0         .0            .0                  .0
483.0               13.6674               1.7321                .2889                  483.0         .0            .0                  .0
492.0               13.1866               1.5674                .409                   492.0         .0            .0                  .0
474.0               13.7811               1.7644                .3105                  474.0         .0            .0                  .0
510.0               12.8924               1.5934                .3178                  510.0         .0            .0                  .0
508.0               12.7819               1.6477                .2697                  508.0         .0            .0                  .0
471.0               13.7055               1.6507                .4138                  471.0         .0            .0                  .0
458.0               14.1068               1.7842                .3394                  458.0         .0            .0                  .0
497.0               13.253                1.6261                .3265                  497.0         .0            .0                  .0
478.0               13.6054               1.6902                .3607                  478.0         .0            .0                  .0
459.0               14.0152               1.8146                .3088                  459.0         .0            .0                  .0
489.0               13.402                1.6738                .3148                  489.0         .0            .0                  .0
478.0               13.5616               1.7041                .3327                  478.0         .0            .0                  .0
503.0               13.3155               1.5684                .3752                  503.0         .0            .0                  .0
508.0               12.9627               1.5975                .3211                  508.0         .0            .0                  .0
478.0               13.1608               1.7804                .271                   478.0         .0            .0                  .0
511.0               13.1953               1.6381                .267                   511.0         .0            .0                  .0
483.0               13.4876               1.6995                .319                   483.0         .0            .0                  .0
460.0               14.128                1.6886                .4307                  460.0         .0            .0                  .0
501.0               13.2908               1.6882                .2615                  501.0         .0            .0                  .0
501.0               13.1295               1.5981                .3404                  501.0         .0            .0                  .0
23.0                6.6087                1.4513                .0719                  22.0          .0            .0                  .0
Server 0, get requests: 0
Server 1, get requests: 0
Server 2, get requests: 0

Aggregated Statistics for a 1 seconds window of the entire middleware: 
Throughput          QueueLength          Waiting time          Service time          Time to parse          Sets          Gets          Multi-gets          Misses
2100.0              .0                   17.4583               1.9154                .8448                  2108.0        .0            .0                  .0
3587.0              46.0                 14.5433               1.7455                .417                   3587.0        .0            .0                  .0
3823.0              50.0                 13.8251               1.4458                .5978                  3821.0        .0            .0                  .0
3995.0              51.0                 13.3087               1.7366                .2106                  3997.0        .0            .0                  .0
3997.0              58.0                 13.3445               1.6525                .3014                  3997.0        .0            .0                  .0
3715.0              51.0                 14.3084               1.8119                .2845                  3715.0        .0            .0                  .0
3942.0              55.0                 13.4974               1.7184                121.8058               3940.0        .0            .0                  .0
3802.0              53.0                 13.8812               1.6692                .3832                  3804.0        .0            .0                  .0
3987.0              56.0                 13.2261               1.6877                .2689                  3987.0        .0            .0                  .0
3682.0              50.0                 14.5986               1.5481                .5729                  3682.0        .0            .0                  .0
3868.0              34.0                 13.6158               1.734                 .2777                  3868.0        .0            .0                  .0
3957.0              58.0                 13.5179               1.5876                .4622                  3955.0        .0            .0                  .0
3868.0              46.0                 13.7164               1.7779                .2307                  3870.0        .0            .0                  .0
3995.0              53.0                 13.2017               1.6195                .3306                  3995.0        .0            .0                  .0
3747.0              58.0                 14.1324               1.7471                .3359                  3747.0        .0            .0                  .0
4148.0              54.0                 12.7317               1.5244                .3539                  4147.0        .0            .0                  .0
4001.0              47.0                 13.1285               1.7397                .2081                  4002.0        .0            .0                  .0
3436.0              51.0                 15.4667               1.9013                .3731                  3436.0        .0            .0                  .0
3622.0              52.0                 14.8218               2.1184                .0393                  3622.0        .0            .0                  .0
3648.0              52.0                 14.5066               2.0324                .1079                  3648.0        .0            .0                  .0
3826.0              58.0                 14.006                1.7526                .2901                  3826.0        .0            .0                  .0
3826.0              54.0                 13.8468               1.6853                .3563                  3826.0        .0            .0                  .0
4025.0              47.0                 13.2157               1.6015                .3348                  4025.0        .0            .0                  .0
3596.0              57.0                 14.7993               1.9864                .1903                  3596.0        .0            .0                  .0
3707.0              51.0                 14.4068               1.8241                .2839                  3707.0        .0            .0                  .0
3846.0              57.0                 13.8226               1.8165                .2143                  3846.0        .0            .0                  .0
3578.0              58.0                 15.0448               1.899                 .2872                  3577.0        .0            .0                  .0
3792.0              50.0                 14.0947               1.6749                .3833                  3793.0        .0            .0                  .0
3849.0              53.0                 13.8623               1.7153                .316                   3848.0        .0            .0                  .0
3922.0              50.0                 13.6108               1.5199                .5253                  3923.0        .0            .0                  .0
3973.0              50.0                 13.4084               1.6561                .4327                  3973.0        .0            .0                  .0
4003.0              51.0                 13.2286               1.6415                .3054                  4003.0        .0            .0                  .0
4054.0              57.0                 13.2151               1.5857                .3415                  4054.0        .0            .0                  .0
3999.0              54.0                 13.3938               1.6786                .2737                  3999.0        .0            .0                  .0
4051.0              51.0                 13.2612               1.2996                .6199                  4051.0        .0            .0                  .0
3863.0              52.0                 13.7864               1.5711                .3543                  3860.0        .0            .0                  .0
3869.0              56.0                 13.7634               1.7049                .3079                  3872.0        .0            .0                  .0
3980.0              57.0                 13.3607               1.546                 .4231                  3979.0        .0            .0                  .0
3849.0              52.0                 13.8966               1.6783                .348                   3850.0        .0            .0                  .0
3914.0              52.0                 13.5544               1.6934                .2974                  3913.0        .0            .0                  .0
3902.0              54.0                 13.6454               1.7113                .2862                  3903.0        .0            .0                  .0
4003.0              58.0                 13.2337               1.5464                .397                   4003.0        .0            .0                  .0
3909.0              58.0                 13.659                1.6975                .3081                  3909.0        .0            .0                  .0
4129.0              50.0                 12.8659               1.5616                .3265                  4129.0        .0            .0                  .0
4126.0              55.0                 12.8515               1.6128                .2772                  4126.0        .0            .0                  .0
3882.0              52.0                 13.6614               1.6402                .37                    3882.0        .0            .0                  .0
3801.0              49.0                 14.1177               1.7164                .3383                  3801.0        .0            .0                  .0
4027.0              54.0                 13.1734               1.6159                .3168                  4027.0        .0            .0                  .0
3903.0              58.0                 13.6599               1.6637                .3415                  3903.0        .0            .0                  .0
3785.0              50.0                 14.1044               1.75                  .3166                  3783.0        .0            .0                  .0
3998.0              54.0                 13.367                1.6545                .295                   4000.0        .0            .0                  .0
3955.0              52.0                 13.5095               1.6548                .318                   3955.0        .0            .0                  .0
4043.0              56.0                 13.2457               1.5631                .3679                  4043.0        .0            .0                  .0
4115.0              51.0                 12.9464               1.59                  .2991                  4115.0        .0            .0                  .0
4064.0              58.0                 13.1663               1.6674                .2567                  4064.0        .0            .0                  .0
4032.0              37.0                 13.1895               1.6647                .2713                  4032.0        .0            .0                  .0
3979.0              58.0                 13.4383               1.686                 .2731                  3979.0        .0            .0                  .0
3796.0              58.0                 14.0793               1.6692                .3874                  3796.0        .0            .0                  .0
4029.0              58.0                 13.3519               1.6437                .2951                  4029.0        .0            .0                  .0
4062.0              53.0                 13.1575               1.5812                .3397                  4062.0        .0            .0                  .0
200.0               50.0                 6.4211                1.3086                .1168                  192.0         .0            .0                  .0
The following results are aggregated for all threads, normalized for one second
Throughput(ops/sec):  (avg)3806.26,  (std)174.84
QueueLength: (avg)46.54,  (std)15.63
WaitingTime(msec): (avg)13.6271,  (std).5562
ServiceTime(msec): (avg)1.6794,  (std).1288
ParseTime(msec): (avg).3244, (std).4217
Sets(ops/sec): 		 (avg)3806.26,  (std)174.87
Gets(ops/sec): 		 (avg).0,  (std).0
Multi-gets(ops/sec):  (avg).0,  (std).0
Misses(ops/sec):      (avg).0,  (std).0
Miss ratio: ?
Avg time between two tasks: .191

Tot response time: average_waitingTime + average_serviceTime + average_parseTime + average_timeBetweenTwoTasks

max response time : 137.2127
min response time: 8.0375

8.0375:   #
20.955:   ###########################################################
33.8725:   
46.79:   
59.7075:   
72.6251:   
85.5426:   
98.4601:   
111.3776:   
124.2951:   
137.2127:   #
