
Thread 0
Throughput          Waiting time          Service time          Time to parse          Sets          Gets          Multi-gets          Misses
72.0                .1507                 1.6709                .5113                  73.0          .0            .0                  .0
131.0               .0916                 1.2535                .4881                  130.0         .0            .0                  .0
133.0               .0677                 1.3141                .1957                  133.0         .0            .0                  .0
133.0               .0677                 1.2176                .2048                  133.0         .0            .0                  .0
137.0               .0511                 1.3266                .2126                  137.0         .0            .0                  .0
131.0               .1145                 1.6513                .0907                  131.0         .0            .0                  .0
131.0               .1069                 1.5708                .1573                  131.0         .0            .0                  .0
127.0               .0859                 1.631                 .2225                  128.0         .0            .0                  .0
143.0               .049                  1.1734                .2539                  142.0         .0            .0                  .0
149.0               .0872                 1.1686                .0802                  149.0         .0            .0                  .0
158.0               .0633                 1.2481                .137                   158.0         .0            .0                  .0
145.0               .0759                 1.3014                .1885                  145.0         .0            .0                  .0
147.0               .068                  1.3066                .0979                  147.0         .0            .0                  .0
137.0               .0949                 1.4941                .0727                  137.0         .0            .0                  .0
139.0               .0647                 1.3819                .1662                  139.0         .0            .0                  .0
142.0               .0986                 1.5765                -.0071                 142.0         .0            .0                  .0
134.0               .0896                 1.3686                .3298                  134.0         .0            .0                  .0
133.0               .0602                 1.3015                .2875                  133.0         .0            .0                  .0
130.0               .1527                 1.2893                .3571                  131.0         .0            .0                  .0
134.0               .0889                 1.3811                .1949                  134.0         .0            .0                  .0
135.0               .0889                 1.4027                .3345                  134.0         .0            .0                  .0
136.0               .0735                 1.4943                .1091                  136.0         .0            .0                  .0
134.0               .0444                 1.566                 .0823                  135.0         .0            .0                  .0
135.0               .0815                 1.3888                .3193                  134.0         .0            .0                  .0
139.0               .0719                 1.3778                .2056                  139.0         .0            .0                  .0
130.0               .0229                 1.2889                .2778                  131.0         .0            .0                  .0
135.0               .0588                 1.3171                .2687                  135.0         .0            .0                  .0
141.0               .0704                 1.3554                .1184                  141.0         .0            .0                  .0
135.0               .0963                 1.4349                .1952                  134.0         .0            .0                  .0
127.0               .1172                 1.4021                .2975                  128.0         .0            .0                  .0
141.0               .0638                 1.29                  .1791                  140.0         .0            .0                  .0
152.0               .0658                 1.2485                .2644                  152.0         .0            .0                  .0
139.0               .1151                 1.5359                .1266                  139.0         .0            .0                  .0
143.0               .0764                 1.2945                .2651                  144.0         .0            .0                  .0
143.0               .0769                 1.3234                .2963                  142.0         .0            .0                  .0
139.0               .0504                 1.4168                .1515                  139.0         .0            .0                  .0
132.0               .0526                 1.5486                .0575                  133.0         .0            .0                  .0
151.0               .0789                 1.1777                .1181                  151.0         .0            .0                  .0
135.0               .0815                 1.3042                .2181                  134.0         .0            .0                  .0
139.0               .0791                 1.2928                .1749                  139.0         .0            .0                  .0
131.0               .0763                 1.2535                .2878                  131.0         .0            .0                  .0
136.0               .0735                 1.3602                .2697                  136.0         .0            .0                  .0
126.0               .0952                 1.8057                .5107                  126.0         .0            .0                  .0
137.0               .0657                 1.408                 .1961                  137.0         .0            .0                  .0
139.0               .0791                 1.2934                .2651                  139.0         .0            .0                  .0
112.0               .1239                 1.5854                .4137                  113.0         .0            .0                  .0
141.0               .0922                 1.2321                .2769                  140.0         .0            .0                  .0
142.0               .0699                 1.202                 .2058                  143.0         .0            .0                  .0
141.0               .0775                 1.405                 .1069                  141.0         .0            .0                  .0
145.0               .0483                 1.3912                .1491                  144.0         .0            .0                  .0
140.0               .0857                 1.353                 .2372                  140.0         .0            .0                  .0
142.0               .0915                 1.3717                .0913                  142.0         .0            .0                  .0
136.0               .0809                 1.4055                .1851                  136.0         .0            .0                  .0
130.0               .1298                 1.6993                .0997                  131.0         .0            .0                  .0
136.0               .0882                 1.6414                .0648                  135.0         .0            .0                  .0
140.0               .0571                 1.2296                .1463                  140.0         .0            .0                  .0
137.0               .087                  1.3452                .1641                  138.0         .0            .0                  .0
137.0               .0657                 1.656                 .0239                  136.0         .0            .0                  .0
129.0               .0775                 1.6481                .1301                  129.0         .0            .0                  .0
144.0               .0764                 1.3875                .0989                  144.0         .0            .0                  .0
1.0                 .0                    1.2603                .0789                  1.0           .0            .0                  .0
Server 0, get requests: 0
Server 1, get requests: 0
Server 2, get requests: 0

Thread 1
Throughput          Waiting time          Service time          Time to parse          Sets          Gets          Multi-gets          Misses
77.0                .1154                 1.8129                .3951                  78.0          .0            .0                  .0
129.0               .1085                 1.2374                .3191                  128.0         .0            .0                  .0
128.0               .0853                 1.2131                .2085                  129.0         .0            .0                  .0
131.0               .084                  1.2087                .1396                  130.0         .0            .0                  .0
137.0               .087                  1.302                 .0884                  138.0         .0            .0                  .0
127.0               .0709                 1.4861                .2229                  126.0         .0            .0                  .0
131.0               .0916                 1.475                 .1747                  131.0         .0            .0                  .0
123.0               .0565                 1.5369                .4069                  124.0         .0            .0                  .0
149.0               .0805                 1.1558                .1354                  148.0         .0            .0                  .0
145.0               .0753                 1.3428                .0346                  146.0         .0            .0                  .0
156.0               .0321                 1.2014                .0825                  155.0         .0            .0                  .0
140.0               .0857                 1.2739                .2786                  140.0         .0            .0                  .0
143.0               .035                  1.2944                .1121                  143.0         .0            .0                  .0
136.0               .0956                 1.6309                .0424                  136.0         .0            .0                  .0
137.0               .0292                 1.6725                -.0157                 137.0         .0            .0                  .0
140.0               .0709                 1.5755                -.0069                 141.0         .0            .0                  .0
127.0               .1654                 1.312                 .3531                  126.0         .0            .0                  .0
132.0               .0902                 1.2681                .284                   133.0         .0            .0                  .0
131.0               .084                  1.2169                .4388                  130.0         .0            .0                  .0
132.0               .0301                 1.343                 .2218                  133.0         .0            .0                  .0
133.0               .0677                 1.4441                .198                   132.0         .0            .0                  .0
128.0               .0781                 1.5161                .1933                  128.0         .0            .0                  .0
143.0               .0629                 1.4682                .2299                  143.0         .0            .0                  .0
132.0               .0758                 1.3561                .2915                  132.0         .0            .0                  .0
134.0               .0448                 1.3531                .1023                  134.0         .0            .0                  .0
133.0               .0752                 1.4973                .1042                  133.0         .0            .0                  .0
142.0               .0563                 1.4286                .1533                  142.0         .0            .0                  .0
134.0               .0593                 1.3392                .1531                  135.0         .0            .0                  .0
138.0               .058                  1.4721                .2296                  137.0         .0            .0                  .0
121.0               .0826                 1.4256                .2586                  121.0         .0            .0                  .0
140.0               .1206                 1.3724                .1978                  141.0         .0            .0                  .0
145.0               .0483                 1.2996                .1541                  144.0         .0            .0                  .0
133.0               .188                  1.7769                -.1317                 133.0         .0            .0                  .0
140.0               .0786                 1.2676                .2353                  140.0         .0            .0                  .0
138.0               .1014                 1.2932                .1013                  138.0         .0            .0                  .0
143.0               .028                  1.3586                .0879                  143.0         .0            .0                  .0
127.0               .0787                 1.47                  .0244                  127.0         .0            .0                  .0
140.0               .0786                 1.3229                .0481                  140.0         .0            .0                  .0
133.0               .1053                 1.3587                .1195                  133.0         .0            .0                  .0
148.0               .1014                 1.2961                .1283                  148.0         .0            .0                  .0
136.0               .0956                 1.2378                .2868                  136.0         .0            .0                  .0
141.0               .078                  1.2733                .2249                  141.0         .0            .0                  .0
125.0               .088                  1.2647                .1784                  125.0         .0            .0                  .0
127.0               .0781                 1.5105                .1085                  128.0         .0            .0                  .0
138.0               .0797                 1.5183                .135                   137.0         .0            .0                  .0
112.0               .1518                 1.5208                .4684                  112.0         .0            .0                  .0
143.0               .0909                 1.17                  .2057                  143.0         .0            .0                  .0
143.0               .0769                 1.4422                .0581                  143.0         .0            .0                  .0
134.0               .0522                 1.2626                .2331                  134.0         .0            .0                  .0
142.0               .1049                 1.2449                .1892                  143.0         .0            .0                  .0
146.0               .0616                 1.3485                .2025                  145.0         .0            .0                  .0
148.0               .0671                 1.2783                .2025                  149.0         .0            .0                  .0
142.0               .0909                 1.269                 .1462                  142.0         .0            .0                  .0
128.0               .0938                 1.3449                .1464                  127.0         .0            .0                  .0
146.0               .1986                 1.6374                .2234                  146.0         .0            .0                  .0
146.0               .0548                 1.3402                .0717                  146.0         .0            .0                  .0
138.0               .0652                 1.2695                .2472                  138.0         .0            .0                  .0
137.0               .0942                 1.6588                -.0336                 138.0         .0            .0                  .0
126.0               .1181                 1.5723                .1783                  126.0         .0            .0                  .0
143.0               .0699                 1.2495                .1884                  142.0         .0            .0                  .0
1.0                 .0                    2.1378                .0741                  1.0           .0            .0                  .0
Server 0, get requests: 0
Server 1, get requests: 0
Server 2, get requests: 0

Thread 2
Throughput          Waiting time          Service time          Time to parse          Sets          Gets          Multi-gets          Misses
73.0                .0959                 2.0473                .1302                  73.0          .0            .0                  .0
134.0               .1194                 1.1857                .3571                  134.0         .0            .0                  .0
129.0               .0775                 1.2859                .1421                  129.0         .0            .0                  .0
141.0               .0851                 1.1406                .1911                  141.0         .0            .0                  .0
141.0               .0284                 1.5232                .1037                  141.0         .0            .0                  .0
135.0               .1259                 1.4492                .2264                  135.0         .0            .0                  .0
127.0               .1575                 1.5333                .0142                  127.0         .0            .0                  .0
124.0               .0726                 1.7533                .1557                  124.0         .0            .0                  .0
150.0               .0467                 1.0871                .2368                  150.0         .0            .0                  .0
152.0               .0724                 1.1836                .1128                  152.0         .0            .0                  .0
154.0               .0779                 1.2708                .0971                  154.0         .0            .0                  .0
146.0               .0616                 1.2207                .1883                  146.0         .0            .0                  .0
146.0               .0479                 1.2358                .1383                  146.0         .0            .0                  .0
132.0               .0758                 1.3214                .2473                  132.0         .0            .0                  .0
152.0               .0395                 1.3864                .0578                  152.0         .0            .0                  .0
145.0               .0479                 1.5693                -.0031                 146.0         .0            .0                  .0
140.0               .15                   1.3145                .3581                  139.0         .0            .0                  .0
139.0               .036                  1.3968                .279                   139.0         .0            .0                  .0
134.0               .097                  1.2685                .3935                  134.0         .0            .0                  .0
140.0               .0357                 1.4256                .1467                  140.0         .0            .0                  .0
138.0               .1014                 1.4347                .1918                  138.0         .0            .0                  .0
138.0               .0791                 1.7406                .1195                  139.0         .0            .0                  .0
145.0               .0753                 1.4073                .1542                  145.0         .0            .0                  .0
139.0               .0935                 1.2521                .4992                  138.0         .0            .0                  .0
144.0               .0347                 1.3514                .1453                  144.0         .0            .0                  .0
139.0               .0863                 1.3276                .0792                  139.0         .0            .0                  .0
143.0               .0629                 1.3189                .2403                  143.0         .0            .0                  .0
140.0               .05                   1.4515                .1038                  140.0         .0            .0                  .0
138.0               .058                  1.3731                .1479                  138.0         .0            .0                  .0
135.0               .0882                 1.2759                .2095                  136.0         .0            .0                  .0
141.0               .0709                 1.3457                .1434                  140.0         .0            .0                  .0
146.0               .0616                 1.2791                .1749                  146.0         .0            .0                  .0
145.0               .1096                 1.5145                .0651                  146.0         .0            .0                  .0
140.0               .0429                 1.2353                .246                   139.0         .0            .0                  .0
141.0               .0704                 1.2219                .1596                  142.0         .0            .0                  .0
143.0               .0769                 1.3103                .1483                  142.0         .0            .0                  .0
112.0               .0531                 1.5091                -.0213                 113.0         .0            .0                  .0
144.0               .0764                 1.2658                1.5563                 143.0         .0            .0                  .0
149.0               .0604                 1.3923                .1254                  149.0         .0            .0                  .0
152.0               .098                  1.3975                .0271                  153.0         .0            .0                  .0
141.0               .1064                 1.2252                .2373                  140.0         .0            .0                  .0
145.0               .0276                 1.2626                .2141                  145.0         .0            .0                  .0
119.0               .1092                 1.751                 .8676                  119.0         .0            .0                  .0
151.0               .0987                 1.4456                .1861                  152.0         .0            .0                  .0
137.0               .0803                 1.5448                .1228                  136.0         .0            .0                  .0
124.0               .08                   1.5928                .1459                  125.0         .0            .0                  .0
142.0               .0915                 1.2537                .1203                  141.0         .0            .0                  .0
147.0               .068                  1.3423                .1418                  147.0         .0            .0                  .0
142.0               .0493                 1.3229                .1576                  142.0         .0            .0                  .0
147.0               .0408                 1.1228                .1786                  147.0         .0            .0                  .0
149.0               .0805                 1.251                 .1142                  149.0         .0            .0                  .0
149.0               .0537                 1.2275                .1944                  149.0         .0            .0                  .0
146.0               .1096                 1.2775                .1645                  146.0         .0            .0                  .0
133.0               .1203                 1.382                 .0692                  133.0         .0            .0                  .0
139.0               .0504                 1.2968                .1893                  139.0         .0            .0                  .0
154.0               .0516                 1.2336                .193                   155.0         .0            .0                  .0
144.0               .0828                 1.3539                .2446                  144.0         .0            .0                  .0
144.0               .0694                 1.3045                .2605                  143.0         .0            .0                  .0
139.0               .0504                 1.2657                .199                   139.0         .0            .0                  .0
154.0               .0844                 1.4828                .0718                  154.0         .0            .0                  .0
Server 0, get requests: 0
Server 1, get requests: 0
Server 2, get requests: 0

Thread 3
Throughput          Waiting time          Service time          Time to parse          Sets          Gets          Multi-gets          Misses
73.0                .0822                 1.8266                .1202                  73.0          .0            .0                  .0
123.0               .0732                 1.1731                .5018                  123.0         .0            .0                  .0
129.0               .0462                 1.2958                .1576                  130.0         .0            .0                  .0
125.0               .032                  1.2861                .98                    124.0         .0            .0                  .0
135.0               .1185                 1.3696                .1569                  135.0         .0            .0                  .0
127.0               .0547                 1.8963                -.1841                 128.0         .0            .0                  .0
125.0               .1032                 1.3834                .3513                  125.0         .0            .0                  .0
125.0               .088                  1.4779                .2602                  124.0         .0            .0                  .0
149.0               .047                  1.1503                .2115                  149.0         .0            .0                  .0
149.0               .0667                 1.2573                .1086                  150.0         .0            .0                  .0
142.0               .0423                 1.1773                .1947                  141.0         .0            .0                  .0
145.0               .0483                 1.1412                .2383                  145.0         .0            .0                  .0
149.0               .0403                 1.3                   .1335                  149.0         .0            .0                  .0
140.0               .1143                 1.3357                .193                   140.0         .0            .0                  .0
138.0               .087                  1.5407                .0751                  138.0         .0            .0                  .0
136.0               .0515                 1.4804                .0354                  136.0         .0            .0                  .0
135.0               .0593                 1.2919                .2898                  135.0         .0            .0                  .0
131.0               .0606                 1.4113                .2697                  132.0         .0            .0                  .0
141.0               .0993                 1.2073                .3591                  140.0         .0            .0                  .0
143.0               .049                  1.4677                .2649                  143.0         .0            .0                  .0
131.0               .0909                 1.2427                .3561                  132.0         .0            .0                  .0
133.0               .0827                 1.4345                .2646                  132.0         .0            .0                  .0
137.0               .073                  1.3694                .2198                  137.0         .0            .0                  .0
132.0               .0682                 1.318                 .2893                  132.0         .0            .0                  .0
136.0               .073                  1.4733                .0917                  137.0         .0            .0                  .0
143.0               .049                  1.3521                .108                   142.0         .0            .0                  .0
134.0               .0672                 1.3616                .1656                  134.0         .0            .0                  .0
143.0               .0839                 1.4395                .0491                  143.0         .0            .0                  .0
139.0               .0432                 1.3915                .191                   139.0         .0            .0                  .0
126.0               .0556                 1.3228                .4432                  126.0         .0            .0                  .0
141.0               .0496                 1.2848                .1806                  141.0         .0            .0                  .0
142.0               .0775                 1.2424                .2204                  142.0         .0            .0                  .0
140.0               .0213                 1.8808                -.165                  141.0         .0            .0                  .0
147.0               .0476                 1.3501                .2954                  146.0         .0            .0                  .0
135.0               .0735                 1.2907                .2027                  136.0         .0            .0                  .0
145.0               .069                  1.2435                .1914                  144.0         .0            .0                  .0
132.0               .0606                 1.3142                .1112                  132.0         .0            .0                  .0
145.0               .0966                 1.4444                .0637                  145.0         .0            .0                  .0
135.0               .1037                 1.5006                .0498                  135.0         .0            .0                  .0
143.0               .0764                 1.1801                .1991                  144.0         .0            .0                  .0
139.0               .0432                 1.2782                .2465                  138.0         .0            .0                  .0
141.0               .1197                 1.3042                .1833                  142.0         .0            .0                  .0
124.0               .0645                 1.8133                .7769                  123.0         .0            .0                  .0
137.0               .073                  1.4568                .2146                  137.0         .0            .0                  .0
136.0               .0368                 1.5095                .0883                  136.0         .0            .0                  .0
117.0               .0598                 1.5123                .09                    117.0         .0            .0                  .0
139.0               .0647                 1.1668                .2726                  139.0         .0            .0                  .0
143.0               .0559                 1.4318                .0553                  143.0         .0            .0                  .0
139.0               .0576                 1.393                 .1263                  139.0         .0            .0                  .0
145.0               .0621                 1.227                 .2319                  145.0         .0            .0                  .0
153.0               .098                  1.3579                .1109                  153.0         .0            .0                  .0
138.0               .0507                 1.2441                .1934                  138.0         .0            .0                  .0
138.0               .0863                 1.4212                .1255                  139.0         .0            .0                  .0
129.0               .1163                 1.5522                .0572                  128.0         .0            .0                  .0
131.0               .1374                 1.3458                .099                   131.0         .0            .0                  .0
138.0               .029                  1.673                 -.0503                 138.0         .0            .0                  .0
142.0               .0915                 1.3898                .1406                  142.0         .0            .0                  .0
138.0               .0797                 1.5728                .0596                  138.0         .0            .0                  .0
134.0               .1045                 1.4328                .1803                  134.0         .0            .0                  .0
151.0               .0662                 1.4012                .1187                  151.0         .0            .0                  .0
Server 0, get requests: 0
Server 1, get requests: 0
Server 2, get requests: 0

Thread 4
Throughput          Waiting time          Service time          Time to parse          Sets          Gets          Multi-gets          Misses
73.0                .0411                 2.0464                -.152                  73.0          .0            .0                  .0
130.0               .1298                 .8856                 .6364                  131.0         .0            .0                  .0
127.0               .0551                 1.2845                .1553                  126.0         .0            .0                  .0
129.0               .155                  1.5034                .8161                  129.0         .0            .0                  .0
132.0               .0833                 1.5594                -.0033                 132.0         .0            .0                  .0
127.0               .0551                 1.427                 .2395                  127.0         .0            .0                  .0
131.0               .0916                 1.5288                .3583                  131.0         .0            .0                  .0
137.0               .073                  1.3657                .3098                  137.0         .0            .0                  .0
151.0               .0728                 1.2259                .2371                  151.0         .0            .0                  .0
149.0               .094                  1.3114                .1122                  149.0         .0            .0                  .0
147.0               .068                  1.2172                .1279                  147.0         .0            .0                  .0
147.0               .0405                 1.299                 .1911                  148.0         .0            .0                  .0
146.0               .0479                 1.2855                .2303                  145.0         .0            .0                  .0
140.0               .0786                 1.2839                .1423                  140.0         .0            .0                  .0
137.0               .0803                 1.5274                -.0261                 137.0         .0            .0                  .0
144.0               .0556                 1.5283                .0657                  144.0         .0            .0                  .0
135.0               .0963                 1.3384                .3056                  135.0         .0            .0                  .0
126.0               .0952                 1.293                 .2405                  126.0         .0            .0                  .0
130.0               .1615                 1.2569                .3196                  130.0         .0            .0                  .0
132.0               .053                  1.4438                .1961                  132.0         .0            .0                  .0
131.0               .0992                 1.4388                .2111                  131.0         .0            .0                  .0
131.0               .0379                 1.4319                .2718                  132.0         .0            .0                  .0
140.0               .0786                 1.4097                .1265                  139.0         .0            .0                  .0
136.0               .0515                 1.3673                .3068                  136.0         .0            .0                  .0
140.0               .0929                 1.4853                .1008                  140.0         .0            .0                  .0
145.0               .1712                 1.3072                .0903                  146.0         .0            .0                  .0
136.0               .0662                 1.3495                .1973                  135.0         .0            .0                  .0
133.0               .0746                 1.4624                .118                   134.0         .0            .0                  .0
140.0               .0714                 1.5275                .2459                  139.0         .0            .0                  .0
131.0               .0611                 1.311                 .4347                  131.0         .0            .0                  .0
140.0               .1277                 1.3612                .2374                  141.0         .0            .0                  .0
144.0               .0764                 1.1999                .218                   143.0         .0            .0                  .0
134.0               .0672                 1.4998                .032                   134.0         .0            .0                  .0
143.0               .0699                 1.2621                .2737                  143.0         .0            .0                  .0
133.0               .1579                 1.4421                .065                   133.0         .0            .0                  .0
134.0               .0746                 1.5879                .0999                  134.0         .0            .0                  .0
127.0               .0787                 1.4569                .1174                  127.0         .0            .0                  .0
153.0               .085                  1.3233                .0431                  153.0         .0            .0                  .0
135.0               .0444                 1.3435                .1671                  135.0         .0            .0                  .0
147.0               .0272                 1.3326                .2212                  147.0         .0            .0                  .0
137.0               .1168                 1.2977                .2975                  137.0         .0            .0                  .0
137.0               .0797                 1.2231                .2722                  138.0         .0            .0                  .0
124.0               .0887                 1.3533                .1376                  123.0         .0            .0                  .0
134.0               .097                  1.4505                .0972                  134.0         .0            .0                  .0
137.0               .0657                 1.4774                .0838                  137.0         .0            .0                  .0
122.0               .123                  1.6066                .274                   122.0         .0            .0                  .0
139.0               .0863                 1.473                 .1276                  139.0         .0            .0                  .0
141.0               .1135                 1.5348                .029                   141.0         .0            .0                  .0
130.0               .0615                 1.393                 .0884                  130.0         .0            .0                  .0
143.0               .0769                 1.2489                .2108                  143.0         .0            .0                  .0
146.0               .0274                 1.3417                .0785                  146.0         .0            .0                  .0
135.0               .0667                 1.3211                .2261                  135.0         .0            .0                  .0
138.0               .087                  1.3991                .1771                  138.0         .0            .0                  .0
126.0               .1024                 1.4353                .1834                  127.0         .0            .0                  .0
129.0               .0465                 1.3671                .2444                  128.0         .0            .0                  .0
148.0               .0872                 1.207                 .163                   149.0         .0            .0                  .0
137.0               .1387                 1.3366                .2263                  136.0         .0            .0                  .0
133.0               .0902                 1.5876                .0428                  133.0         .0            .0                  .0
134.0               .0746                 1.5352                .2466                  134.0         .0            .0                  .0
150.0               .0533                 1.439                 .1447                  150.0         .0            .0                  .0
1.0                 .0                    1.7108                .0598                  1.0           .0            .0                  .0
Server 0, get requests: 0
Server 1, get requests: 0
Server 2, get requests: 0

Thread 5
Throughput          Waiting time          Service time          Time to parse          Sets          Gets          Multi-gets          Misses
78.0                .0759                 2.3388                -.2508                 79.0          .0            .0                  .0
99.0                .0404                 1.4062                2.1502                 98.0          .0            .0                  .0
131.0               .0611                 1.4452                .2498                  131.0         .0            .0                  .0
137.0               .0511                 1.1882                .2885                  137.0         .0            .0                  .0
131.0               .0611                 1.5891                .11                    131.0         .0            .0                  .0
131.0               .0687                 1.4642                .202                   131.0         .0            .0                  .0
131.0               .0916                 1.4699                .075                   131.0         .0            .0                  .0
132.0               .0758                 1.3577                .3839                  132.0         .0            .0                  .0
163.0               .0859                 1.2042                .2523                  163.0         .0            .0                  .0
157.0               .1019                 1.2987                .0721                  157.0         .0            .0                  .0
155.0               .0387                 1.184                 .1622                  155.0         .0            .0                  .0
137.0               .1087                 1.2247                .2534                  138.0         .0            .0                  .0
149.0               .0738                 1.2607                .2405                  148.0         .0            .0                  .0
139.0               .1214                 1.3819                .15                    140.0         .0            .0                  .0
140.0               .1135                 1.431                 .0479                  140.0         .0            .0                  .0
152.0               .0658                 1.5192                .0623                  151.0         .0            .0                  .0
128.0               .0853                 1.5422                .1676                  129.0         .0            .0                  .0
141.0               .0851                 1.4287                .4048                  140.0         .0            .0                  .0
130.0               .1                    1.2858                .4                     130.0         .0            .0                  .0
127.0               .0551                 1.4938                .1717                  127.0         .0            .0                  .0
140.0               .0429                 1.5046                .2308                  140.0         .0            .0                  .0
121.0               .0496                 1.5568                .3184                  121.0         .0            .0                  .0
141.0               .0709                 1.3775                .1644                  141.0         .0            .0                  .0
138.0               .0647                 1.2375                .3196                  139.0         .0            .0                  .0
139.0               .1007                 1.3892                .1684                  138.0         .0            .0                  .0
142.0               .0979                 1.3307                .1128                  143.0         .0            .0                  .0
136.0               .0588                 1.302                 .3174                  135.0         .0            .0                  .0
148.0               .1216                 1.4706                .1117                  148.0         .0            .0                  .0
140.0               .0643                 1.5104                .1398                  140.0         .0            .0                  .0
138.0               .0362                 1.3252                .3323                  138.0         .0            .0                  .0
149.0               .0671                 1.327                 .1963                  149.0         .0            .0                  .0
133.0               .0752                 1.2487                .2385                  133.0         .0            .0                  .0
131.0               .084                  1.3555                .0888                  131.0         .0            .0                  .0
144.0               .0694                 1.2499                .2081                  144.0         .0            .0                  .0
145.0               .137                  1.3628                .2112                  146.0         .0            .0                  .0
145.0               .0759                 1.4362                .179                   144.0         .0            .0                  .0
131.0               .0455                 1.4158                .1455                  132.0         .0            .0                  .0
152.0               .0855                 1.2244                .1406                  151.0         .0            .0                  .0
138.0               .0725                 1.3619                .155                   138.0         .0            .0                  .0
150.0               .0667                 1.3124                .1603                  150.0         .0            .0                  .0
139.0               .0719                 1.302                 .2129                  139.0         .0            .0                  .0
137.0               .0657                 1.433                 .304                   137.0         .0            .0                  .0
119.0               .1513                 1.9235                .5638                  119.0         .0            .0                  .0
139.0               .0791                 1.3988                .2491                  139.0         .0            .0                  .0
139.0               .0791                 1.5022                .169                   139.0         .0            .0                  .0
119.0               .0588                 1.7079                .285                   119.0         .0            .0                  .0
147.0               .0816                 1.2247                .2057                  147.0         .0            .0                  .0
135.0               .0889                 1.6388                -.0524                 135.0         .0            .0                  .0
135.0               .0809                 1.3135                .1337                  136.0         .0            .0                  .0
151.0               .0461                 1.1975                .3107                  151.0         .0            .0                  .0
144.0               .0828                 1.1864                .223                   144.0         .0            .0                  .0
141.0               .0567                 1.3616                .1641                  140.0         .0            .0                  .0
142.0               .0775                 1.4027                .171                   142.0         .0            .0                  .0
137.0               .0949                 1.4586                .2077                  137.0         .0            .0                  .0
134.0               .097                  1.6953                .0428                  134.0         .0            .0                  .0
146.0               .0685                 1.4811                .0718                  146.0         .0            .0                  .0
136.0               .0949                 1.4064                .2866                  137.0         .0            .0                  .0
134.0               .1119                 1.5421                .151                   133.0         .0            .0                  .0
136.0               .0588                 1.3823                .2256                  136.0         .0            .0                  .0
138.0               .0863                 1.4743                .1212                  139.0         .0            .0                  .0
1.0                 .0                    3.3642                .0631                  .0            .0            .0                  .0
Server 0, get requests: 0
Server 1, get requests: 0
Server 2, get requests: 0

Thread 6
Throughput          Waiting time          Service time          Time to parse          Sets          Gets          Multi-gets          Misses
71.0                .0845                 2.6469                .0117                  71.0          .0            .0                  .0
128.0               .155                  1.2161                .3642                  129.0         .0            .0                  .0
142.0               .0845                 1.3574                .2872                  141.0         .0            .0                  .0
145.0               .0759                 1.2403                .1679                  145.0         .0            .0                  .0
142.0               .0704                 1.3402                .1503                  142.0         .0            .0                  .0
133.0               .0752                 1.5869                .1804                  133.0         .0            .0                  .0
124.0               .168                  1.7069                .1274                  125.0         .0            .0                  .0
132.0               .0076                 1.4549                .2346                  131.0         .0            .0                  .0
157.0               .0955                 1.1217                .2192                  157.0         .0            .0                  .0
161.0               .0373                 1.1983                .1648                  161.0         .0            .0                  .0
154.0               .039                  1.3708                .0569                  154.0         .0            .0                  .0
145.0               .089                  1.4182                .1032                  146.0         .0            .0                  .0
151.0               .0728                 1.217                 .1302                  150.0         .0            .0                  .0
132.0               .0909                 1.5247                .0795                  132.0         .0            .0                  .0
146.0               .089                  1.5195                .0586                  146.0         .0            .0                  .0
141.0               .1064                 1.4228                .0711                  141.0         .0            .0                  .0
134.0               .1333                 1.3042                .3026                  135.0         .0            .0                  .0
144.0               .0972                 1.4706                .2652                  143.0         .0            .0                  .0
129.0               .1163                 1.2912                .35                    129.0         .0            .0                  .0
133.0               .0373                 1.3875                .1851                  134.0         .0            .0                  .0
135.0               .0889                 1.2916                .2616                  134.0         .0            .0                  .0
132.0               .0758                 1.4493                .2229                  132.0         .0            .0                  .0
134.0               .0444                 1.5397                .1615                  135.0         .0            .0                  .0
132.0               .0682                 1.4441                .2373                  131.0         .0            .0                  .0
153.0               .0654                 1.3803                .1517                  153.0         .0            .0                  .0
144.0               .0764                 1.586                 .045                   144.0         .0            .0                  .0
143.0               .0559                 1.3362                .24                    143.0         .0            .0                  .0
138.0               .1449                 1.5713                .099                   138.0         .0            .0                  .0
139.0               .0647                 1.3602                .1996                  139.0         .0            .0                  .0
130.0               .0769                 1.3497                .3612                  130.0         .0            .0                  .0
146.0               .0753                 1.3326                .1511                  146.0         .0            .0                  .0
151.0               .0728                 1.3934                .2332                  151.0         .0            .0                  .0
135.0               .0735                 1.3918                .1246                  136.0         .0            .0                  .0
145.0               .0274                 1.2124                .2439                  145.0         .0            .0                  .0
154.0               .1169                 1.3801                .1122                  153.0         .0            .0                  .0
148.0               .0743                 1.2046                .2395                  148.0         .0            .0                  .0
132.0               .0682                 1.4602                .1352                  132.0         .0            .0                  .0
152.0               .0658                 1.2952                .1512                  152.0         .0            .0                  .0
134.0               .0672                 1.5021                .1262                  134.0         .0            .0                  .0
148.0               .0946                 1.2642                .1248                  148.0         .0            .0                  .0
147.0               .0816                 1.3175                .2537                  147.0         .0            .0                  .0
143.0               .049                  1.2588                .2903                  143.0         .0            .0                  .0
127.0               .1102                 1.4546                .1434                  127.0         .0            .0                  .0
141.0               .0851                 1.3136                .2468                  141.0         .0            .0                  .0
139.0               .0576                 1.3155                .1651                  139.0         .0            .0                  .0
118.0               .0932                 1.3519                .5138                  118.0         .0            .0                  .0
141.0               .0986                 1.3807                .0686                  142.0         .0            .0                  .0
144.0               .0621                 1.6079                .0177                  144.0         .0            .0                  .0
142.0               .0775                 1.2911                .2209                  141.0         .0            .0                  .0
147.0               .0816                 1.3745                .2664                  147.0         .0            .0                  .0
143.0               .1181                 1.3789                .037                   144.0         .0            .0                  .0
152.0               .0654                 1.3285                .1894                  152.0         .0            .0                  .0
148.0               .0743                 1.2898                .1392                  147.0         .0            .0                  .0
141.0               .1773                 1.713                 .1163                  141.0         .0            .0                  .0
135.0               .037                  1.4163                .1503                  135.0         .0            .0                  .0
146.0               .0274                 1.2931                .1254                  146.0         .0            .0                  .0
142.0               .1056                 1.5896                .1022                  142.0         .0            .0                  .0
130.0               .0923                 1.4647                .2223                  130.0         .0            .0                  .0
143.0               .1538                 1.4287                .2661                  143.0         .0            .0                  .0
143.0               .042                  1.3061                .1682                  143.0         .0            .0                  .0
1.0                 .0                    2.2261                .077                   1.0           .0            .0                  .0
Server 0, get requests: 0
Server 1, get requests: 0
Server 2, get requests: 0

Thread 7
Throughput          Waiting time          Service time          Time to parse          Sets          Gets          Multi-gets          Misses
72.0                .125                  1.9379                .2007                  72.0          .0            .0                  .0
116.0               .1638                 1.2612                .2859                  116.0         .0            .0                  .0
126.0               .0476                 1.4261                .1035                  126.0         .0            .0                  .0
141.0               .1064                 1.2817                .1193                  141.0         .0            .0                  .0
141.0               .0638                 1.3684                .1313                  141.0         .0            .0                  .0
125.0               .064                  1.4036                .2335                  125.0         .0            .0                  .0
122.0               .082                  1.4572                .3103                  122.0         .0            .0                  .0
127.0               .0469                 1.4885                .267                   128.0         .0            .0                  .0
147.0               .0612                 1.189                 .1552                  146.0         .0            .0                  .0
152.0               .0654                 1.1159                .2417                  153.0         .0            .0                  .0
157.0               .0764                 1.2327                .0985                  156.0         .0            .0                  .0
144.0               .0903                 1.3985                .1603                  144.0         .0            .0                  .0
143.0               .0699                 1.1823                .2037                  143.0         .0            .0                  .0
145.0               .0685                 1.3134                .2076                  146.0         .0            .0                  .0
141.0               .0567                 1.5457                .1019                  140.0         .0            .0                  .0
138.0               .0791                 1.6227                -.0766                 139.0         .0            .0                  .0
130.0               .0763                 1.33                  .341                   130.0         .0            .0                  .0
129.0               .1008                 1.2961                .3202                  128.0         .0            .0                  .0
133.0               .0746                 1.3488                .294                   134.0         .0            .0                  .0
138.0               .0725                 1.4156                .2274                  137.0         .0            .0                  .0
129.0               .0698                 1.5324                .2322                  129.0         .0            .0                  .0
129.0               .0698                 1.3646                .2395                  129.0         .0            .0                  .0
140.0               .1214                 1.4242                .146                   140.0         .0            .0                  .0
132.0               .0985                 1.2486                .3241                  132.0         .0            .0                  .0
136.0               .0882                 1.4076                .1501                  136.0         .0            .0                  .0
145.0               .0759                 1.4158                .148                   145.0         .0            .0                  .0
137.0               .0949                 1.4228                .298                   137.0         .0            .0                  .0
140.0               .0857                 1.4038                .1341                  140.0         .0            .0                  .0
134.0               .097                  1.3975                .1813                  134.0         .0            .0                  .0
129.0               .0465                 1.2729                .398                   129.0         .0            .0                  .0
141.0               .0493                 1.3846                .203                   142.0         .0            .0                  .0
142.0               .049                  1.2328                .1068                  142.0         .0            .0                  .0
133.0               .1278                 1.7194                -.1237                 132.0         .0            .0                  .0
141.0               .0709                 1.2691                .1902                  141.0         .0            .0                  .0
135.0               .0815                 1.29                  .2089                  135.0         .0            .0                  .0
135.0               .0741                 1.4342                .1284                  135.0         .0            .0                  .0
128.0               .1016                 1.6009                .0805                  128.0         .0            .0                  .0
154.0               .0909                 1.2975                .122                   154.0         .0            .0                  .0
134.0               .0746                 1.4106                .1498                  134.0         .0            .0                  .0
148.0               .0743                 1.3326                .0671                  148.0         .0            .0                  .0
137.0               .0876                 1.2156                .3799                  137.0         .0            .0                  .0
132.0               .1212                 1.425                 .1657                  132.0         .0            .0                  .0
117.0               .1368                 1.3226                .1693                  117.0         .0            .0                  .0
134.0               .0741                 1.3545                .2647                  135.0         .0            .0                  .0
132.0               .0682                 1.3259                .1936                  131.0         .0            .0                  .0
117.0               .1795                 1.4972                .1112                  117.0         .0            .0                  .0
139.0               .0791                 1.4125                .091                   139.0         .0            .0                  .0
144.0               .0833                 1.5058                -.0043                 144.0         .0            .0                  .0
132.0               .0752                 1.2717                .133                   133.0         .0            .0                  .0
139.0               .1143                 1.2059                .2498                  139.0         .0            .0                  .0
141.0               .1064                 1.2589                .1557                  140.0         .0            .0                  .0
138.0               .0576                 1.3192                .1653                  139.0         .0            .0                  .0
147.0               .068                  1.3822                .1329                  146.0         .0            .0                  .0
122.0               .1463                 1.7062                .0443                  123.0         .0            .0                  .0
140.0               .1                    1.2761                .1633                  139.0         .0            .0                  .0
142.0               .0282                 1.4461                .0537                  142.0         .0            .0                  .0
136.0               .0662                 1.4762                .0589                  136.0         .0            .0                  .0
132.0               .0455                 1.3945                .2226                  132.0         .0            .0                  .0
133.0               .0902                 1.4615                .1517                  133.0         .0            .0                  .0
139.0               .0647                 1.2358                .1793                  139.0         .0            .0                  .0
1.0                 .0                    1.8229                .0718                  1.0           .0            .0                  .0
Server 0, get requests: 0
Server 1, get requests: 0
Server 2, get requests: 0

Aggregated Statistics for a 1 seconds window of the entire middleware: 
Throughput          QueueLength          Waiting time          Service time          Time to parse          Sets          Gets          Multi-gets          Misses
589.0               .0                   .0963                 2.041                 .1208                  592.0         .0            .0                  .0
990.0               .0                   .1102                 1.2023                .6379                  989.0         .0            .0                  .0
1045.0              .0                   .0656                 1.3278                .1875                  1045.0        .0            .0                  .0
1082.0              .0                   .0821                 1.2583                .3634                  1080.0        .0            .0                  .0
1096.0              .0                   .0704                 1.4223                .1187                  1097.0        .0            .0                  .0
1036.0              .0                   .0786                 1.5456                .1514                  1036.0        .0            .0                  .0
1022.0              .0                   .1115                 1.5157                .1961                  1023.0        .0            .0                  .0
1027.0              .0                   .0633                 1.5082                .2801                  1028.0        .0            .0                  .0
1209.0              .0                   .0673                 1.1634                .2127                  1206.0        .0            .0                  .0
1214.0              .0                   .075                  1.2346                .1159                  1217.0        .0            .0                  .0
1223.0              .0                   .0547                 1.2378                .1196                  1220.0        .0            .0                  .0
1149.0              .0                   .075                  1.2847                .2002                  1152.0        .0            .0                  .0
1174.0              .0                   .057                  1.2603                .1608                  1171.0        .0            .0                  .0
1101.0              .0                   .0925                 1.4107                .1419                  1103.0        .0            .0                  .0
1130.0              1.0                  .07                   1.5006                .0582                  1129.0        .0            .0                  .0
1138.0              .0                   .072                  1.5368                .0176                  1140.0        .0            .0                  .0
1063.0              .0                   .1069                 1.3502                .3059                  1063.0        .0            .0                  .0
1075.0              .0                   .0782                 1.3583                .2939                  1074.0        .0            .0                  .0
1058.0              .0                   .1107                 1.2706                .364                   1058.0        .0            .0                  .0
1079.0              .0                   .0527                 1.4198                .2011                  1080.0        .0            .0                  .0
1072.0              .0                   .0812                 1.4115                .252                   1070.0        .0            .0                  .0
1048.0              .0                   .0683                 1.4985                .2174                  1049.0        .0            .0                  .0
1114.0              .0                   .0714                 1.4452                .1606                  1115.0        .0            .0                  .0
1076.0              .0                   .0752                 1.3266                .3234                  1074.0        .0            .0                  .0
1121.0              .0                   .0715                 1.4023                .1395                  1121.0        .0            .0                  .0
1121.0              .0                   .0818                 1.3882                .1207                  1123.0        .0            .0                  .0
1106.0              .0                   .0651                 1.3546                .2351                  1104.0        .0            .0                  .0
1117.0              .0                   .0863                 1.4367                .1109                  1119.0        .0            .0                  .0
1103.0              .0                   .0691                 1.4334                .1913                  1100.0        .0            .0                  .0
1037.0              .0                   .0705                 1.3356                .3419                  1039.0        .0            .0                  .0
1139.0              .0                   .078                  1.3373                .1861                  1140.0        .0            .0                  .0
1155.0              .0                   .0658                 1.268                 .2013                  1153.0        .0            .0                  .0
1090.0              .0                   .0983                 1.5843                .0021                  1092.0        .0            .0                  .0
1143.0              .0                   .0604                 1.2676                .2447                  1142.0        .0            .0                  .0
1124.0              .0                   .1019                 1.3255                .1697                  1125.0        .0            .0                  .0
1132.0              .0                   .0654                 1.374                 .1532                  1129.0        .0            .0                  .0
1021.0              .0                   .0674                 1.472                 .0813                  1024.0        .0            .0                  .0
1191.0              .0                   .0822                 1.2939                .2804                  1189.0        .0            .0                  .0
1093.0              .0                   .0762                 1.3967                .1389                  1092.0        .0            .0                  .0
1175.0              .0                   .0772                 1.301                 .1379                  1177.0        .0            .0                  .0
1107.0              .0                   .0849                 1.2659                .2753                  1105.0        .0            .0                  .0
1112.0              .0                   .0768                 1.3175                .2405                  1114.0        .0            .0                  .0
981.0               .0                   .1055                 1.5861                .4184                  979.0         .0            .0                  .0
1100.0              .0                   .0814                 1.4173                .1954                  1103.0        .0            .0                  .0
1097.0              .0                   .0683                 1.4359                .1528                  1094.0        .0            .0                  .0
941.0               .0                   .1087                 1.5469                .2877                  943.0         .0            .0                  .0
1131.0              .0                   .0856                 1.2892                .171                   1130.0        .0            .0                  .0
1139.0              .0                   .0773                 1.4632                .0564                  1140.0        .0            .0                  .0
1095.0              1.0                  .0665                 1.3316                .15                    1096.0        .0            .0                  .0
1159.0              .0                   .0719                 1.2516                .2233                  1159.0        .0            .0                  .0
1162.0              .0                   .0826                 1.3095                .1449                  1161.0        .0            .0                  .0
1143.0              .0                   .0637                 1.3065                .1783                  1144.0        .0            .0                  .0
1137.0              .0                   .0843                 1.3559                .1552                  1136.0        .0            .0                  .0
1046.0              .0                   .1226                 1.5364                .1155                  1047.0        .0            .0                  .0
1090.0              .0                   .0944                 1.4595                .1472                  1087.0        .0            .0                  .0
1160.0              .0                   .0505                 1.363                 .0968                  1162.0        .0            .0                  .0
1112.0              .0                   .0915                 1.3959                .1838                  1113.0        .0            .0                  .0
1085.0              .0                   .0811                 1.5226                .1186                  1083.0        .0            .0                  .0
1074.0              1.0                  .091                  1.4658                .1972                  1074.0        .0            .0                  .0
1162.0              .0                   .0679                 1.372                 .1364                  1162.0        .0            .0                  .0
6.0                 .0                   .0                    1.5652                .0531                  5.0           .0            .0                  .0
The following results are aggregated for all threads, normalized for one second
Throughput(ops/sec):  (avg)1077.33,  (std)61.1
QueueLength: (avg).04,  (std).21
WaitingTime(msec): (avg).078,  (std).0155
ServiceTime(msec): (avg)1.3944,  (std).1002
ParseTime(msec): (avg).1907, (std).1
Sets(ops/sec): 		 (avg)1077.33,  (std)60.89
Gets(ops/sec): 		 (avg).0,  (std).0
Multi-gets(ops/sec):  (avg).0,  (std).0
Misses(ops/sec):      (avg).0,  (std).0
Miss ratio: ?
Avg time between two tasks: .0792

Tot response time: average_waitingTime + average_serviceTime + average_parseTime + average_timeBetweenTwoTasks

max response time : 2.3373
min response time: 1.4913

1.4913:   ###
1.5759:   #####
1.6605:   ###################
1.7451:   #################
1.8297:   ###########
1.9143:   ##
1.9989:   ##
2.0835:   
2.1681:   #
2.2527:   
2.3373:   #
