
Thread 0
Throughput          Waiting time          Service time          Time to parse          Sets          Gets          Multi-gets          Misses
268.0               12.1561               2.0533                .7059                  269.0         .0            .0                  .0
536.0               10.5                  1.5965                -.0124                 535.0         .0            .0                  .0
468.0               9.936                 1.7848                .2914                  469.0         .0            .0                  .0
532.0               8.4503                1.586                 .2523                  532.0         .0            .0                  .0
491.0               9.2053                1.7944                .1822                  491.0         .0            .0                  .0
466.0               9.349                 1.6452                .4603                  466.0         .0            .0                  .0
466.0               11.8073               1.783                 .3165                  466.0         .0            .0                  .0
504.0               9.3822                1.5938                .341                   504.0         .0            .0                  .0
519.0               8.5212                1.4759                .4036                  519.0         .0            .0                  .0
490.0               9.1446                1.6451                .3488                  490.0         .0            .0                  .0
471.0               9.447                 1.6201                .4479                  471.0         .0            .0                  .0
516.0               8.7215                1.5779                .3068                  516.0         .0            .0                  .0
500.0               8.8543                1.6175                .324                   500.0         .0            .0                  .0
545.0               8.2326                1.5289                .2623                  545.0         .0            .0                  .0
347.0               9.9598                3.0211                -.1843                 347.0         .0            .0                  .0
505.0               8.9111                1.4987                .4179                  505.0         .0            .0                  .0
491.0               9.5976                1.6973                .3009                  491.0         .0            .0                  .0
472.0               9.7357                1.8533                .2088                  472.0         .0            .0                  .0
511.0               8.748                 1.6081                .2942                  511.0         .0            .0                  .0
507.0               8.7205                1.7002                .226                   507.0         .0            .0                  .0
283.0               12.4085               2.6179                .8707                  283.0         .0            .0                  .0
483.0               9.0744                1.7184                .3068                  483.0         .0            .0                  .0
514.0               8.7456                1.6199                .274                   514.0         .0            .0                  .0
519.0               8.4288                1.6363                .2281                  519.0         .0            .0                  .0
500.0               8.9222                1.6594                .2882                  500.0         .0            .0                  .0
493.0               8.9777                1.6232                .3597                  493.0         .0            .0                  .0
495.0               8.9375                1.6371                .3374                  495.0         .0            .0                  .0
489.0               9.2945                1.775                 .2208                  488.0         .0            .0                  .0
510.0               8.775                 1.6492                .2636                  511.0         .0            .0                  .0
529.0               8.3113                1.6027                .2305                  529.0         .0            .0                  .0
498.0               9.1864                1.6884                .2708                  498.0         .0            .0                  .0
463.0               9.3448                1.728                 .3841                  463.0         .0            .0                  .0
495.0               8.869                 1.8331                .1336                  495.0         .0            .0                  .0
479.0               9.3604                1.6369                .4065                  479.0         .0            .0                  .0
490.0               8.7739                1.646                 .3457                  490.0         .0            .0                  .0
482.0               9.3602                1.7412                .2877                  482.0         .0            .0                  .0
440.0               10.0748               1.8218                .3981                  440.0         .0            .0                  .0
478.0               9.3486                1.8872                .1457                  478.0         .0            .0                  .0
487.0               9.1414                1.7011                .3049                  487.0         .0            .0                  .0
503.0               8.9087                1.6692                .2694                  503.0         .0            .0                  .0
497.0               9.1466                1.6347                .322                   497.0         .0            .0                  .0
483.0               9.3223                1.7016                .3229                  483.0         .0            .0                  .0
502.0               9.0378                1.7232                .2169                  502.0         .0            .0                  .0
514.0               8.9825                1.6879                .212                   514.0         .0            .0                  .0
510.0               8.6751                1.7297                .1822                  510.0         .0            .0                  .0
473.0               9.7806                1.6131                .4449                  473.0         .0            .0                  .0
470.0               9.8068                1.6369                .4493                  470.0         .0            .0                  .0
494.0               9.1616                1.6033                .3749                  494.0         .0            .0                  .0
489.0               9.0511                1.7032                .2946                  488.0         .0            .0                  .0
481.0               9.0911                1.8534                .1783                  482.0         .0            .0                  .0
495.0               9.0565                1.6763                .2967                  495.0         .0            .0                  .0
504.0               8.7109                1.6448                .2925                  504.0         .0            .0                  .0
505.0               8.7628                1.6152                .3131                  505.0         .0            .0                  .0
480.0               9.2245                1.7138                .3267                  480.0         .0            .0                  .0
501.0               9.0279                1.6446                .3029                  501.0         .0            .0                  .0
413.0               10.9758               1.8933                .4578                  413.0         .0            .0                  .0
488.0               9.184                 1.6128                .4077                  488.0         .0            .0                  .0
472.0               9.4038                1.8569                .202                   472.0         .0            .0                  .0
504.0               8.6495                1.6005                .3305                  504.0         .0            .0                  .0
507.0               8.5984                1.6509                .28                    507.0         .0            .0                  .0
8.0                 2.5                   1.3804                .2715                  7.0           .0            .0                  .0
Server 0, get requests: 0
Server 1, get requests: 0
Server 2, get requests: 0

Thread 1
Throughput          Waiting time          Service time          Time to parse          Sets          Gets          Multi-gets          Misses
240.0               11.9419               2.2858                .7721                  241.0         .0            .0                  .0
402.0               10.1216               2.0672                .3476                  402.0         .0            .0                  .0
401.0               9.903                 2.3126                .1322                  401.0         .0            .0                  .0
521.0               8.4483                1.5862                .2881                  521.0         .0            .0                  .0
459.0               9.137                 1.8588                .2618                  459.0         .0            .0                  .0
468.0               9.5352                1.684                 .4144                  468.0         .0            .0                  .0
235.0               9.4025                5.8712                -2.3008                235.0         .0            .0                  .0
368.0               9.103                 1.6636                1.4012                 368.0         .0            .0                  .0
516.0               8.5609                1.4963                .3932                  516.0         .0            .0                  .0
482.0               9.087                 1.6829                .3362                  482.0         .0            .0                  .0
480.0               9.3534                1.615                 .4142                  480.0         .0            .0                  .0
514.0               8.6369                1.6017                .2962                  514.0         .0            .0                  .0
499.0               8.874                 1.6727                .2706                  499.0         .0            .0                  .0
542.0               8.1639                1.5827                .2245                  542.0         .0            .0                  .0
490.0               10.2505               1.681                 .3105                  490.0         .0            .0                  .0
489.0               8.8531                1.6013                .3844                  489.0         .0            .0                  .0
461.0               9.5909                1.81                  .3018                  461.0         .0            .0                  .0
451.0               9.7412                1.9541                .214                   451.0         .0            .0                  .0
507.0               8.7185                1.6498                .2761                  507.0         .0            .0                  .0
497.0               8.6245                1.7282                .2362                  497.0         .0            .0                  .0
338.0               13.1563               2.175                 .7432                  338.0         .0            .0                  .0
487.0               9.252                 1.7306                .2762                  487.0         .0            .0                  .0
502.0               8.6958                1.6466                .2972                  502.0         .0            .0                  .0
509.0               8.5843                1.636                 .2788                  509.0         .0            .0                  .0
490.0               8.9043                1.7493                .2392                  490.0         .0            .0                  .0
478.0               8.9457                1.6878                .361                   478.0         .0            .0                  .0
490.0               8.945                 1.6198                .362                   490.0         .0            .0                  .0
490.0               9.3082                1.7505                .2376                  489.0         .0            .0                  .0
512.0               8.7018                1.6835                .2144                  513.0         .0            .0                  .0
538.0               8.2839                1.6076                .1976                  538.0         .0            .0                  .0
482.0               9.1532                1.7373                .2786                  483.0         .0            .0                  .0
481.0               9.2765                1.6673                .356                   480.0         .0            .0                  .0
504.0               8.7624                1.798                 .152                   504.0         .0            .0                  .0
458.0               9.4946                1.6994                .4215                  458.0         .0            .0                  .0
485.0               8.6543                1.6504                .3611                  485.0         .0            .0                  .0
466.0               9.3105                1.8283                .2721                  466.0         .0            .0                  .0
444.0               10.0966               1.8243                .3548                  444.0         .0            .0                  .0
458.0               9.2963                1.9433                .1858                  458.0         .0            .0                  .0
487.0               9.0123                1.6629                .3433                  487.0         .0            .0                  .0
484.0               8.8082                1.6988                .3136                  484.0         .0            .0                  .0
473.0               9.0907                1.77                  .2958                  473.0         .0            .0                  .0
470.0               9.3291                1.6486                .4349                  470.0         .0            .0                  .0
481.0               9.0187                1.7381                .2896                  481.0         .0            .0                  .0
489.0               8.8347                1.8139                .1874                  489.0         .0            .0                  .0
512.0               8.614                 1.7057                .1984                  512.0         .0            .0                  .0
451.0               9.6969                1.7243                .44                    451.0         .0            .0                  .0
452.0               9.8764                1.7302                .4432                  452.0         .0            .0                  .0
469.0               9.0661                1.7012                .3873                  468.0         .0            .0                  .0
489.0               8.9347                1.7667                .2263                  490.0         .0            .0                  .0
505.0               9.0356                1.7515                .1886                  505.0         .0            .0                  .0
481.0               9.0811                1.7771                .2256                  481.0         .0            .0                  .0
508.0               8.7426                1.652                 .2666                  508.0         .0            .0                  .0
488.0               8.7049                1.7722                .2305                  487.0         .0            .0                  .0
486.0               9.2156                1.6509                .3606                  487.0         .0            .0                  .0
486.0               8.8419                1.7725                .2359                  486.0         .0            .0                  .0
412.0               10.8305               1.8958                .4696                  412.0         .0            .0                  .0
492.0               9.1278                1.6176                .3877                  492.0         .0            .0                  .0
473.0               9.4114                1.8909                .1751                  473.0         .0            .0                  .0
508.0               8.7092                1.5858                .3262                  508.0         .0            .0                  .0
496.0               8.6076                1.6469                .3303                  496.0         .0            .0                  .0
9.0                 2.7778                1.3967                .2162                  8.0           .0            .0                  .0
Server 0, get requests: 0
Server 1, get requests: 0
Server 2, get requests: 0

Thread 2
Throughput          Waiting time          Service time          Time to parse          Sets          Gets          Multi-gets          Misses
284.0               11.8526               1.8611                .68                    285.0         .0            .0                  .0
400.0               10.1825               2.3076                .1231                  399.0         .0            .0                  .0
487.0               10.0984               1.7456                .2499                  488.0         .0            .0                  .0
549.0               8.3618                1.5558                .2264                  549.0         .0            .0                  .0
479.0               9.0438                1.7991                .233                   479.0         .0            .0                  .0
469.0               9.3511                1.6608                .4325                  469.0         .0            .0                  .0
423.0               11.5495               2.4091                -.1016                 423.0         .0            .0                  .0
505.0               9.1838                1.6586                .2733                  505.0         .0            .0                  .0
515.0               8.5019                1.4861                .4005                  515.0         .0            .0                  .0
483.0               9.1983                1.6718                .3521                  483.0         .0            .0                  .0
480.0               9.289                 1.6321                .3995                  480.0         .0            .0                  .0
509.0               8.6627                1.6085                .3084                  509.0         .0            .0                  .0
494.0               8.7758                1.6548                .3099                  494.0         .0            .0                  .0
544.0               8.1119                1.5159                .2772                  544.0         .0            .0                  .0
506.0               10.1321               1.6651                .2601                  506.0         .0            .0                  .0
493.0               8.751                 1.565                 .4012                  493.0         .0            .0                  .0
482.0               9.4679                1.7173                .3239                  482.0         .0            .0                  .0
466.0               9.7302                1.8941                .2043                  466.0         .0            .0                  .0
514.0               8.6777                1.6178                .2803                  514.0         .0            .0                  .0
507.0               8.6004                1.6944                .2325                  507.0         .0            .0                  .0
331.0               12.503                2.7153                .265                   331.0         .0            .0                  .0
495.0               9.1774                1.7212                .2544                  495.0         .0            .0                  .0
519.0               8.65                  1.5903                .2748                  519.0         .0            .0                  .0
524.0               8.3943                1.5963                .2598                  524.0         .0            .0                  .0
516.0               8.8259                1.6289                .2577                  516.0         .0            .0                  .0
499.0               8.776                 1.5829                .3745                  499.0         .0            .0                  .0
503.0               8.9147                1.602                 .3384                  503.0         .0            .0                  .0
464.0               9.3319                1.773                 1.8596                 463.0         .0            .0                  .0
506.0               8.6811                1.6716                .2476                  507.0         .0            .0                  .0
541.0               8.2454                1.593                 .2118                  541.0         .0            .0                  .0
499.0               8.92                  1.6788                .2724                  499.0         .0            .0                  .0
481.0               9.1307                1.6562                .3707                  481.0         .0            .0                  .0
510.0               8.8317                1.7481                .1675                  510.0         .0            .0                  .0
485.0               9.2675                1.6151                .3944                  485.0         .0            .0                  .0
504.0               8.9386                1.6347                .3032                  504.0         .0            .0                  .0
472.0               9.4059                1.7436                .3293                  472.0         .0            .0                  .0
453.0               10.0066               1.7817                .3762                  453.0         .0            .0                  .0
487.0               9.2336                1.8591                .143                   487.0         .0            .0                  .0
503.0               9.1032                1.6252                .3165                  503.0         .0            .0                  .0
499.0               8.88                  1.6469                .305                   499.0         .0            .0                  .0
497.0               9.1345                1.6518                .3126                  497.0         .0            .0                  .0
483.0               9.2831                1.6428                .3594                  483.0         .0            .0                  .0
503.0               8.8492                1.6614                .2743                  503.0         .0            .0                  .0
507.0               8.8091                1.0582                .8563                  507.0         .0            .0                  .0
526.0               8.5977                1.6965                .1599                  526.0         .0            .0                  .0
459.0               9.75                  1.6623                .4574                  459.0         .0            .0                  .0
469.0               9.7255                1.5971                .4831                  469.0         .0            .0                  .0
502.0               9.1233                1.5807                .3655                  502.0         .0            .0                  .0
494.0               9.0646                1.6912                .2813                  494.0         .0            .0                  .0
499.0               9.144                 1.8166                .1406                  499.0         .0            .0                  .0
496.0               8.9437                1.68                  .2817                  496.0         .0            .0                  .0
502.0               8.6561                1.6363                .3052                  502.0         .0            .0                  .0
506.0               8.6548                1.6498                .2779                  506.0         .0            .0                  .0
486.0               9.1335                1.6551                .3475                  486.0         .0            .0                  .0
486.0               8.8501                1.6618                .3454                  486.0         .0            .0                  .0
412.0               10.8232               1.8604                .4997                  412.0         .0            .0                  .0
494.0               9.0727                1.6195                .3674                  494.0         .0            .0                  .0
470.0               9.3121                1.8713                .2074                  470.0         .0            .0                  .0
503.0               8.7202                1.5348                .3949                  503.0         .0            .0                  .0
510.0               8.6595                1.581                 .338                   510.0         .0            .0                  .0
9.0                 2.4444                1.4526                .1942                  8.0           .0            .0                  .0
Server 0, get requests: 0
Server 1, get requests: 0
Server 2, get requests: 0

Thread 3
Throughput          Waiting time          Service time          Time to parse          Sets          Gets          Multi-gets          Misses
277.0               12.4065               1.9572                .7163                  278.0         .0            .0                  .0
449.0               10.4222               1.8236                .3359                  449.0         .0            .0                  .0
445.0               10.0717               1.7462                .4493                  445.0         .0            .0                  .0
520.0               8.3743                1.5985                .2773                  520.0         .0            .0                  .0
491.0               9.3435                1.7489                .2355                  491.0         .0            .0                  .0
487.0               9.6311                1.5804                .4322                  487.0         .0            .0                  .0
332.0               9.5826                3.2789                -.3261                 332.0         .0            .0                  .0
510.0               9.4227                1.5677                .3408                  510.0         .0            .0                  .0
531.0               8.6278                1.4758                .3651                  531.0         .0            .0                  .0
499.0               9.302                 1.6095                .3475                  499.0         .0            .0                  .0
484.0               9.3443                1.5827                .4292                  484.0         .0            .0                  .0
524.0               8.6686                1.598                 .2672                  524.0         .0            .0                  .0
500.0               8.992                 1.6565                .2827                  500.0         .0            .0                  .0
549.0               8.1836                1.5254                .2544                  549.0         .0            .0                  .0
444.0               10.1236               2.0474                .1555                  444.0         .0            .0                  .0
509.0               8.9                   1.5579                .3455                  509.0         .0            .0                  .0
457.0               9.6638                1.8039                .3221                  457.0         .0            .0                  .0
460.0               9.6421                1.8557                .2713                  460.0         .0            .0                  .0
518.0               8.7553                1.6034                .2805                  518.0         .0            .0                  .0
523.0               8.7405                1.6326                .2324                  523.0         .0            .0                  .0
179.0               10.2278               4.3905                1.161                  179.0         .0            .0                  .0
482.0               9.2133                1.7339                .2887                  482.0         .0            .0                  .0
516.0               8.7814                1.6069                .2735                  516.0         .0            .0                  .0
528.0               8.518                 1.6329                .2123                  528.0         .0            .0                  .0
507.0               8.9665                4.17                  -2.2493                507.0         .0            .0                  .0
504.0               8.8594                1.5987                .3384                  504.0         .0            .0                  .0
504.0               9.1109                1.5716                .3675                  504.0         .0            .0                  .0
496.0               9.3501                1.7697                .1961                  496.0         .0            .0                  .0
517.0               8.7625                1.6433                .2328                  517.0         .0            .0                  .0
541.0               8.3838                1.6121                .1852                  541.0         .0            .0                  .0
482.0               9.0994                1.7933                .2413                  482.0         .0            .0                  .0
479.0               9.5563                1.6383                .3984                  479.0         .0            .0                  .0
520.0               8.8138                1.7325                .1414                  520.0         .0            .0                  .0
487.0               9.4857                1.6032                .3998                  487.0         .0            .0                  .0
506.0               8.8245                1.6578                .2708                  506.0         .0            .0                  .0
477.0               9.2788                1.7525                .2936                  476.0         .0            .0                  .0
452.0               10.2406               1.7972                .34                    453.0         .0            .0                  .0
492.0               9.5396                1.8264                .1499                  492.0         .0            .0                  .0
494.0               9.0444                1.6337                .3392                  494.0         .0            .0                  .0
502.0               8.9483                1.6489                .284                   502.0         .0            .0                  .0
495.0               9.1875                1.6439                .3307                  495.0         .0            .0                  .0
489.0               9.2776                1.6251                .3485                  489.0         .0            .0                  .0
496.0               8.996                 2.1059                -.1418                 496.0         .0            .0                  .0
500.0               8.8683                1.7673                .1895                  500.0         .0            .0                  .0
518.0               8.6332                1.697                 1.4787                 517.0         .0            .0                  .0
455.0               9.6674                1.6443                .4876                  456.0         .0            .0                  .0
459.0               9.9609                1.6763                .4582                  459.0         .0            .0                  .0
504.0               9.2                   1.5575                .3769                  504.0         .0            .0                  .0
507.0               9.0335                1.6987                .2248                  507.0         .0            .0                  .0
497.0               9.1044                1.758                 .2067                  497.0         .0            .0                  .0
488.0               9.2393                1.7643                .2361                  488.0         .0            .0                  .0
516.0               8.8491                1.5745                .3109                  516.0         .0            .0                  .0
525.0               8.8156                2.0829                -.228                  525.0         .0            .0                  .0
498.0               9.2425                1.6445                .3189                  498.0         .0            .0                  .0
516.0               9.0426                1.6218                .2685                  516.0         .0            .0                  .0
421.0               10.8626               1.8441                .4546                  421.0         .0            .0                  .0
491.0               9.1789                1.6231                .3835                  491.0         .0            .0                  .0
484.0               9.5072                1.8397                .1801                  484.0         .0            .0                  .0
512.0               8.7739                1.5614                .3455                  512.0         .0            .0                  .0
536.0               8.7691                1.5107                .3061                  536.0         .0            .0                  .0
9.0                 3.2222                1.3932                .2291                  8.0           .0            .0                  .0
Server 0, get requests: 0
Server 1, get requests: 0
Server 2, get requests: 0

Thread 4
Throughput          Waiting time          Service time          Time to parse          Sets          Gets          Multi-gets          Misses
258.0               12.1892               2.0209                .7643                  259.0         .0            .0                  .0
326.0               10.1254               2.726                 .2746                  326.0         .0            .0                  .0
437.0               9.8379                1.8856                .3464                  437.0         .0            .0                  .0
515.0               8.374                 1.6069                .2821                  515.0         .0            .0                  .0
475.0               9.313                 1.8479                .2034                  475.0         .0            .0                  .0
481.0               9.4668                1.6539                .384                   481.0         .0            .0                  .0
337.0               9.5444                2.5811                .3391                  337.0         .0            .0                  .0
512.0               9.347                 1.6058                .2969                  512.0         .0            .0                  .0
521.0               8.5594                1.5079                .3638                  521.0         .0            .0                  .0
491.0               9.0855                1.642                 .3454                  491.0         .0            .0                  .0
481.0               9.388                 1.6243                .3983                  481.0         .0            .0                  .0
517.0               8.6564                1.6017                .2914                  517.0         .0            .0                  .0
486.0               8.8871                1.7219                .2731                  486.0         .0            .0                  .0
541.0               8.1476                1.555                 .2563                  541.0         .0            .0                  .0
494.0               10.2263               1.6905                .2842                  494.0         .0            .0                  .0
494.0               8.7818                1.5825                .3734                  494.0         .0            .0                  .0
449.0               9.5644                1.8231                .3714                  449.0         .0            .0                  .0
455.0               9.6579                1.9415                .2056                  455.0         .0            .0                  .0
494.0               8.5576                1.6654                .3033                  494.0         .0            .0                  .0
500.0               8.5848                1.7194                .2281                  500.0         .0            .0                  .0
177.0               9.9663                3.3545                2.2439                 177.0         .0            .0                  .0
487.0               9.127                 1.764                 .2387                  487.0         .0            .0                  .0
503.0               8.5734                1.6903                .2386                  503.0         .0            .0                  .0
523.0               8.4924                1.6163                .2457                  523.0         .0            .0                  .0
485.0               8.9198                1.7904                .2177                  485.0         .0            .0                  .0
494.0               8.7677                1.613                 .3647                  494.0         .0            .0                  .0
492.0               8.9209                1.6452                .3409                  492.0         .0            .0                  .0
460.0               9.1952                1.7603                .3607                  460.0         .0            .0                  .0
508.0               8.6562                1.6754                .2352                  508.0         .0            .0                  .0
522.0               8.2333                1.6975                .1613                  522.0         .0            .0                  .0
475.0               8.9328                1.8023                .2457                  475.0         .0            .0                  .0
483.0               9.25                  1.6814                .33                    483.0         .0            .0                  .0
495.0               8.7258                1.8479                .1148                  495.0         .0            .0                  .0
476.0               9.3354                1.6535                .3954                  476.0         .0            .0                  .0
500.0               8.978                 1.7379                .215                   500.0         .0            .0                  .0
472.0               9.3573                1.767                 .2953                  472.0         .0            .0                  .0
449.0               10.0733               1.8387                .345                   449.0         .0            .0                  .0
485.0               9.5041                1.8712                .135                   485.0         .0            .0                  .0
493.0               8.998                 1.6556                .3246                  493.0         .0            .0                  .0
498.0               8.8277                1.6601                .2979                  498.0         .0            .0                  .0
493.0               9.1032                1.7084                .2728                  493.0         .0            .0                  .0
477.0               9.1506                1.7349                .3181                  477.0         .0            .0                  .0
499.0               8.906                 1.6664                .2839                  499.0         .0            .0                  .0
498.0               8.7932                1.8033                .1576                  497.0         .0            .0                  .0
511.0               8.6016                1.7094                .1991                  512.0         .0            .0                  .0
449.0               9.7                   1.6764                .4961                  449.0         .0            .0                  .0
455.0               9.7325                1.7316                .417                   455.0         .0            .0                  .0
499.0               9.0381                1.6097                .3404                  498.0         .0            .0                  .0
504.0               9.0752                1.7102                .226                   505.0         .0            .0                  .0
481.0               9.11                  1.8746                .1573                  481.0         .0            .0                  .0
499.0               9.01                  1.7144                .2432                  499.0         .0            .0                  .0
507.0               8.7185                1.6492                .2739                  507.0         .0            .0                  .0
507.0               8.7205                1.6854                .2435                  507.0         .0            .0                  .0
504.0               9.1327                1.6357                .2953                  504.0         .0            .0                  .0
490.0               8.8228                1.712                 .279                   490.0         .0            .0                  .0
421.0               10.8673               1.84                  .4715                  421.0         .0            .0                  .0
483.0               9.1488                1.6865                .348                   483.0         .0            .0                  .0
474.0               9.4189                1.8798                .1698                  474.0         .0            .0                  .0
522.0               8.8585                1.5431                .3324                  522.0         .0            .0                  .0
541.0               8.6993                1.4924                .3035                  541.0         .0            .0                  .0
9.0                 3.1111                1.4867                .16                    8.0           .0            .0                  .0
Server 0, get requests: 0
Server 1, get requests: 0
Server 2, get requests: 0

Thread 5
Throughput          Waiting time          Service time          Time to parse          Sets          Gets          Multi-gets          Misses
276.0               11.7798               1.9218                .685                   277.0         .0            .0                  .0
403.0               10.25                 2.3659                .0455                  403.0         .0            .0                  .0
469.0               10.0511               1.7202                .357                   469.0         .0            .0                  .0
546.0               8.4753                1.5663                .2261                  546.0         .0            .0                  .0
481.0               9.3548                1.7784                .2304                  481.0         .0            .0                  .0
485.0               9.5947                1.6335                .389                   485.0         .0            .0                  .0
529.0               13.2849               1.534                 .3065                  529.0         .0            .0                  .0
488.0               9.2802                1.6556                .3473                  488.0         .0            .0                  .0
531.0               8.5695                1.4651                .3708                  531.0         .0            .0                  .0
508.0               9.277                 1.5849                .3333                  508.0         .0            .0                  .0
494.0               9.4545                1.5856                .373                   494.0         .0            .0                  .0
520.0               8.7198                1.5889                .2926                  520.0         .0            .0                  .0
517.0               8.9807                1.5496                .3258                  517.0         .0            .0                  .0
550.0               8.1964                1.5275                .2545                  550.0         .0            .0                  .0
519.0               10.2712               1.6417                .2364                  519.0         .0            .0                  .0
504.0               8.903                 1.5508                .3703                  504.0         .0            .0                  .0
484.0               9.701                 1.7382                .289                   484.0         .0            .0                  .0
477.0               9.7657                1.8243                .2202                  477.0         .0            .0                  .0
518.0               8.7784                1.6019                .2634                  518.0         .0            .0                  .0
530.0               8.7363                1.6209                .2186                  530.0         .0            .0                  .0
332.0               12.1381               2.8117                .1548                  332.0         .0            .0                  .0
508.0               9.1473                1.6795                .2434                  508.0         .0            .0                  .0
536.0               8.7784                1.5682                .2446                  536.0         .0            .0                  .0
527.0               8.4527                1.5937                .2445                  527.0         .0            .0                  .0
530.0               8.9284                1.5667                .2693                  530.0         .0            .0                  .0
501.0               9.0618                1.616                 .3256                  501.0         .0            .0                  .0
517.0               9.0232                1.5402                .3476                  517.0         .0            .0                  .0
488.0               9.4078                1.6447                .3609                  487.0         .0            .0                  .0
523.0               8.7405                1.6589                .1902                  524.0         .0            .0                  .0
555.0               8.3885                1.548                 .2072                  555.0         .0            .0                  .0
512.0               9.2183                1.6595                .2487                  512.0         .0            .0                  .0
483.0               9.2603                1.6033                .409                   483.0         .0            .0                  .0
521.0               8.7854                1.7362                .1367                  521.0         .0            .0                  .0
491.0               9.4085                1.5896                .4019                  491.0         .0            .0                  .0
534.0               8.9813                1.56                  .2589                  534.0         .0            .0                  .0
492.0               9.3387                1.8108                .3217                  492.0         .0            .0                  .0
456.0               10.0219               1.7575                .383                   456.0         .0            .0                  .0
473.0               9.3586                1.9775                .0835                  473.0         .0            .0                  .0
501.0               9.1494                1.6498                .2985                  501.0         .0            .0                  .0
519.0               8.8615                1.5989                .2797                  519.0         .0            .0                  .0
493.0               9.081                 1.6548                .3211                  493.0         .0            .0                  .0
501.0               9.3227                1.591                 .3326                  501.0         .0            .0                  .0
515.0               9.0756                1.6285                .2662                  515.0         .0            .0                  .0
505.0               8.9328                1.695                 .2364                  505.0         .0            .0                  .0
539.0               8.6259                1.6522                .1584                  539.0         .0            .0                  .0
463.0               9.7651                1.6006                .5044                  463.0         .0            .0                  .0
461.0               9.7446                1.6767                .4479                  461.0         .0            .0                  .0
509.0               9.2333                1.5404                .3731                  509.0         .0            .0                  .0
497.0               9.1185                1.7324                .2355                  497.0         .0            .0                  .0
505.0               9.1265                1.8214                .1118                  505.0         .0            .0                  .0
500.0               9.1178                1.7694                .1871                  500.0         .0            .0                  .0
505.0               8.7154                1.6284                .3011                  505.0         .0            .0                  .0
514.0               8.7257                1.6517                .2455                  513.0         .0            .0                  .0
497.0               9.2711                1.6272                .3317                  498.0         .0            .0                  .0
496.0               8.9899                1.6704                .291                   496.0         .0            .0                  .0
420.0               11.0285               1.844                 .4689                  420.0         .0            .0                  .0
508.0               9.2161                1.6101                .3303                  508.0         .0            .0                  .0
494.0               9.4424                1.7841                .186                   494.0         .0            .0                  .0
528.0               8.7807                1.535                 .3019                  528.0         .0            .0                  .0
509.0               8.6392                1.6091                .3105                  509.0         .0            .0                  .0
10.0                2.6                   1.4178                .1999                  9.0           .0            .0                  .0
Server 0, get requests: 0
Server 1, get requests: 0
Server 2, get requests: 0

Thread 6
Throughput          Waiting time          Service time          Time to parse          Sets          Gets          Multi-gets          Misses
242.0               12.144                2.2124                .7757                  243.0         .0            .0                  .0
440.0               10.2773               2.0458                .157                   440.0         .0            .0                  .0
422.0               9.8889                1.9618                .3513                  422.0         .0            .0                  .0
507.0               8.3839                1.6249                .3046                  507.0         .0            .0                  .0
470.0               9.1529                1.8317                .2422                  470.0         .0            .0                  .0
451.0               9.3982                1.678                 .4953                  451.0         .0            .0                  .0
331.0               9.5392                3.2207                -.2436                 331.0         .0            .0                  .0
484.0               9.2639                1.6623                .3461                  484.0         .0            .0                  .0
513.0               8.463                 1.5148                .3867                  513.0         .0            .0                  .0
467.0               9.109                 1.7854                .3075                  467.0         .0            .0                  .0
456.0               9.5033                1.6683                .463                   456.0         .0            .0                  .0
500.0               8.6747                1.633                 .3237                  500.0         .0            .0                  .0
486.0               8.8645                1.6838                .3146                  486.0         .0            .0                  .0
522.0               8.1912                1.595                 .279                   522.0         .0            .0                  .0
364.0               9.9644                2.4322                .2646                  364.0         .0            .0                  .0
486.0               8.8645                1.5877                .3948                  486.0         .0            .0                  .0
469.0               9.5553                1.7764                .3237                  469.0         .0            .0                  .0
461.0               9.6948                1.8918                .2257                  461.0         .0            .0                  .0
502.0               8.674                 1.6762                .261                   502.0         .0            .0                  .0
491.0               8.6321                1.7062                .2812                  491.0         .0            .0                  .0
249.0               12.536                2.4422                1.5333                 249.0         .0            .0                  .0
473.0               9.1435                1.8015                .2642                  473.0         .0            .0                  .0
505.0               8.6759                1.62                  .2981                  505.0         .0            .0                  .0
520.0               8.38                  1.6435                .2327                  520.0         .0            .0                  .0
493.0               8.8279                1.7229                .2542                  493.0         .0            .0                  .0
497.0               8.8695                1.5954                .3697                  497.0         .0            .0                  .0
484.0               8.9464                1.6505                .3695                  484.0         .0            .0                  .0
483.0               9.265                 1.8187                -.0091                 482.0         .0            .0                  .0
501.0               8.741                 1.7031                .2391                  502.0         .0            .0                  .0
527.0               8.2159                1.6427                .2005                  527.0         .0            .0                  .0
483.0               9.1219                1.751                 .277                   483.0         .0            .0                  .0
467.0               9.3547                1.7094                .3749                  467.0         .0            .0                  .0
496.0               8.662                 1.8111                .1562                  496.0         .0            .0                  .0
468.0               9.3902                1.6904                .3971                  468.0         .0            .0                  .0
476.0               8.8176                1.7132                .3373                  476.0         .0            .0                  .0
464.0               9.2392                1.7953                -.4931                 463.0         .0            .0                  .0
437.0               10.0548               1.86                  .374                   438.0         .0            .0                  .0
461.0               9.4199                1.9896                .1311                  461.0         .0            .0                  .0
474.0               9.1053                1.7215                .3407                  474.0         .0            .0                  .0
488.0               8.863                 1.7047                .296                   488.0         .0            .0                  .0
488.0               9.0348                1.6744                1.7295                 488.0         .0            .0                  .0
466.0               9.2848                1.693                 .3823                  466.0         .0            .0                  .0
488.0               8.9775                1.7137                .2815                  488.0         .0            .0                  .0
494.0               8.9069                1.8033                .1738                  493.0         .0            .0                  .0
498.0               8.6333                1.7707                .1891                  499.0         .0            .0                  .0
451.0               9.6571                1.6823                .4803                  451.0         .0            .0                  .0
454.0               9.8286                1.7056                .4532                  454.0         .0            .0                  .0
477.0               9.1151                1.6699                .3772                  477.0         .0            .0                  .0
479.0               9.1106                1.7293                1.6294                 478.0         .0            .0                  .0
482.0               9.095                 1.8338                .1867                  483.0         .0            .0                  .0
481.0               8.9563                1.7758                .2518                  481.0         .0            .0                  .0
493.0               8.7146                1.6715                .3042                  493.0         .0            .0                  .0
492.0               8.7093                1.7088                .2771                  491.0         .0            .0                  .0
468.0               9.2345                1.7374                .3533                  469.0         .0            .0                  .0
490.0               8.89                  1.7175                .2743                  490.0         .0            .0                  .0
404.0               10.9506               1.9399                .471                   404.0         .0            .0                  .0
486.0               9.2012                1.626                 .4022                  486.0         .0            .0                  .0
463.0               9.4073                1.9171                .1977                  463.0         .0            .0                  .0
493.0               8.6296                1.6                   .3745                  493.0         .0            .0                  .0
509.0               8.5902                1.579                 .3447                  509.0         .0            .0                  .0
8.0                 2.25                  1.5772                .222                   7.0           .0            .0                  .0
Server 0, get requests: 0
Server 1, get requests: 0
Server 2, get requests: 0

Thread 7
Throughput          Waiting time          Service time          Time to parse          Sets          Gets          Multi-gets          Misses
242.0               12.3786               2.3562                .7182                  243.0         .0            .0                  .0
473.0               10.2637               1.6994                .3444                  473.0         .0            .0                  .0
434.0               10.0368               2.1619                .0934                  434.0         .0            .0                  .0
517.0               8.4855                1.6227                .2598                  517.0         .0            .0                  .0
470.0               9.1847                1.8967                .1699                  470.0         .0            .0                  .0
469.0               9.4319                1.6587                .4335                  469.0         .0            .0                  .0
253.0               9.5354                3.8261                -.5051                 253.0         .0            .0                  .0
376.0               9.1432                1.6608                1.3428                 376.0         .0            .0                  .0
524.0               8.6152                1.4853                .3762                  524.0         .0            .0                  .0
478.0               9.1127                1.7063                .3402                  478.0         .0            .0                  .0
472.0               9.4228                1.6428                .4217                  472.0         .0            .0                  .0
515.0               8.686                 1.6123                .2834                  515.0         .0            .0                  .0
502.0               8.9165                1.6106                .3244                  502.0         .0            .0                  .0
527.0               8.2443                1.0941                .7574                  527.0         .0            .0                  .0
327.0               10.0823               3.1777                -.164                  327.0         .0            .0                  .0
499.0               8.808                 1.5422                .4001                  499.0         .0            .0                  .0
469.0               9.6149                1.7658                .3308                  469.0         .0            .0                  .0
462.0               9.7754                1.9123                .2037                  462.0         .0            .0                  .0
512.0               8.6764                1.623                 .2815                  512.0         .0            .0                  .0
493.0               8.7267                1.7294                .2513                  493.0         .0            .0                  .0
378.0               19.8179               2.7091                -.1035                 378.0         .0            .0                  .0
494.0               9.1657                1.7121                .2622                  494.0         .0            .0                  .0
512.0               8.7057                1.6077                .2887                  512.0         .0            .0                  .0
508.0               8.3988                1.6622                .254                   508.0         .0            .0                  .0
506.0               8.929                 1.6358                .2798                  506.0         .0            .0                  .0
498.0               9.1122                1.6451                .3172                  498.0         .0            .0                  .0
481.0               9.0104                1.6506                .377                   481.0         .0            .0                  .0
484.0               9.2907                1.7904                .2236                  484.0         .0            .0                  .0
503.0               8.629                 1.7392                .2034                  503.0         .0            .0                  .0
530.0               8.2566                1.685                 .1582                  529.0         .0            .0                  .0
484.0               9.1364                1.7552                .247                   485.0         .0            .0                  .0
470.0               9.2696                1.7401                .3256                  470.0         .0            .0                  .0
495.0               8.9335                1.8498                .1266                  495.0         .0            .0                  .0
477.0               9.4205                1.6562                .396                   477.0         .0            .0                  .0
500.0               9.01                  1.6981                .2544                  500.0         .0            .0                  .0
475.0               9.3866                1.8158                .2458                  475.0         .0            .0                  .0
422.0               10.0331               2.0332                .2906                  422.0         .0            .0                  .0
473.0               9.3565                1.9089                .1557                  473.0         .0            .0                  .0
480.0               9.0852                1.7769                .2609                  480.0         .0            .0                  .0
486.0               8.9035                1.6992                .3084                  486.0         .0            .0                  .0
484.0               9.1072                1.6905                .3284                  484.0         .0            .0                  .0
468.0               9.3156                1.7462                .3418                  468.0         .0            .0                  .0
489.0               9.0776                1.7479                .2478                  489.0         .0            .0                  .0
496.0               8.8471                1.7942                .1771                  496.0         .0            .0                  .0
506.0               8.6114                1.741                 .1857                  506.0         .0            .0                  .0
469.0               9.8681                1.6726                .4067                  469.0         .0            .0                  .0
458.0               9.8083                1.7281                .4055                  458.0         .0            .0                  .0
466.0               9.1884                1.7096                .3887                  466.0         .0            .0                  .0
487.0               9.1332                1.7669                .245                   487.0         .0            .0                  .0
481.0               9.1618                1.8353                .1973                  481.0         .0            .0                  .0
490.0               9.0959                1.7482                .2456                  489.0         .0            .0                  .0
506.0               8.8087                1.6561                .2709                  507.0         .0            .0                  .0
490.0               8.8452                1.6791                .3144                  490.0         .0            .0                  .0
478.0               9.2296                1.7179                .3309                  478.0         .0            .0                  .0
497.0               8.8956                1.6998                .2634                  497.0         .0            .0                  .0
412.0               10.9031               1.9361                .4285                  412.0         .0            .0                  .0
493.0               9.0992                1.6273                .3714                  493.0         .0            .0                  .0
465.0               9.5322                1.937                 .1677                  465.0         .0            .0                  .0
509.0               8.7314                1.6025                .3125                  509.0         .0            .0                  .0
483.0               8.5764                1.6807                .3501                  483.0         .0            .0                  .0
8.0                 2.75                  1.4577                .1962                  7.0           .0            .0                  .0
Server 0, get requests: 0
Server 1, get requests: 0
Server 2, get requests: 0

Aggregated Statistics for a 1 seconds window of the entire middleware: 
Throughput          QueueLength          Waiting time          Service time          Time to parse          Sets          Gets          Multi-gets          Misses
2087.0              .0                   12.1061               2.0836                .7272                  2095.0        .0            .0                  .0
3429.0              28.0                 10.2678               2.079                 .202                   3427.0        .0            .0                  .0
3563.0              36.0                 9.978                 1.9148                .2839                  3565.0        .0            .0                  .0
4207.0              38.0                 8.4192                1.5934                .2646                  4207.0        .0            .0                  .0
3816.0              31.0                 9.2169                1.8195                .2198                  3816.0        .0            .0                  .0
3776.0              40.0                 9.4698                1.6493                .4301                  3776.0        .0            .0                  .0
2906.0              32.0                 10.5307               3.063                 -.3144                 2906.0        .0            .0                  .0
3747.0              28.0                 9.2657                1.6335                .5862                  3747.0        .0            .0                  .0
4170.0              39.0                 8.5524                1.4884                .3825                  4170.0        .0            .0                  .0
3898.0              35.0                 9.1645                1.666                 .3389                  3898.0        .0            .0                  .0
3818.0              32.0                 9.4003                1.6214                .4184                  3818.0        .0            .0                  .0
4115.0              40.0                 8.6783                1.6027                .2962                  4115.0        .0            .0                  .0
3984.0              35.0                 8.8931                1.6459                .3031                  3984.0        .0            .0                  .0
4320.0              40.0                 8.1839                1.4905                .3207                  4320.0        .0            .0                  .0
3491.0              35.0                 10.1263               2.1696                .1454                  3491.0        .0            .0                  .0
3979.0              33.0                 8.8466                1.5608                .386                   3979.0        .0            .0                  .0
3762.0              40.0                 9.5945                1.7665                .3204                  3762.0        .0            .0                  .0
3704.0              34.0                 9.7179                1.8909                .2192                  3704.0        .0            .0                  .0
4076.0              32.0                 8.6982                1.6307                .28                    4076.0        .0            .0                  .0
4048.0              39.0                 8.6707                1.6914                .2383                  4048.0        .0            .0                  .0
2267.0              37.0                 12.8442               2.902                 .8586                  2267.0        .0            .0                  .0
3909.0              32.0                 9.1626                1.7327                .2668                  3909.0        .0            .0                  .0
4107.0              32.0                 8.7008                1.6187                .2737                  4107.0        .0            .0                  .0
4158.0              39.0                 8.4562                1.6272                .2445                  4158.0        .0            .0                  .0
4027.0              40.0                 8.903                 1.9904                -.0554                 4027.0        .0            .0                  .0
3964.0              40.0                 8.9212                1.6203                .3514                  3964.0        .0            .0                  .0
3966.0              40.0                 8.9761                1.6146                .355                   3966.0        .0            .0                  .0
3854.0              39.0                 9.3054                1.7603                .4313                  3849.0        .0            .0                  .0
4080.0              36.0                 8.7109                1.678                 .2283                  4085.0        .0            .0                  .0
4283.0              32.0                 8.2898                1.6236                .194                   4282.0        .0            .0                  .0
3915.0              34.0                 9.096                 1.7332                .2602                  3917.0        .0            .0                  .0
3807.0              33.0                 9.3054                1.678                 .3686                  3806.0        .0            .0                  .0
4036.0              36.0                 8.7979                1.7946                .1411                  4036.0        .0            .0                  .0
3821.0              38.0                 9.3953                1.6431                .4016                  3821.0        .0            .0                  .0
3995.0              32.0                 8.8723                1.6623                .2933                  3995.0        .0            .0                  .0
3800.0              36.0                 9.3347                1.7818                .1941                  3798.0        .0            .0                  .0
3553.0              38.0                 10.0752               1.8393                .3577                  3555.0        .0            .0                  .0
3807.0              35.0                 9.3822                1.9079                .1412                  3807.0        .0            .0                  .0
3919.0              37.0                 9.0799                1.6784                .3161                  3919.0        .0            .0                  .0
3979.0              37.0                 8.8751                1.6658                .2943                  3979.0        .0            .0                  .0
3920.0              40.0                 9.1107                1.6786                .4891                  3920.0        .0            .0                  .0
3837.0              36.0                 9.2857                1.6729                .3551                  3837.0        .0            .0                  .0
3973.0              32.0                 8.9923                1.7481                .2148                  3973.0        .0            .0                  .0
4003.0              40.0                 8.8718                1.6779                .2738                  4001.0        .0            .0                  .0
4120.0              33.0                 8.624                 1.7128                .3439                  4121.0        .0            .0                  .0
3670.0              33.0                 9.7356                1.6595                .4647                  3671.0        .0            .0                  .0
3678.0              37.0                 9.8104                1.6853                .4447                  3678.0        .0            .0                  .0
3920.0              38.0                 9.1407                1.6215                .373                   3918.0        .0            .0                  .0
3946.0              37.0                 9.0652                1.7248                .4204                  3946.0        .0            .0                  .0
3931.0              35.0                 9.1085                1.8181                .1709                  3933.0        .0            .0                  .0
3930.0              34.0                 9.0626                1.7382                .246                   3929.0        .0            .0                  .0
4041.0              34.0                 8.7395                1.6391                .2907                  4042.0        .0            .0                  .0
4027.0              29.0                 8.7424                1.7306                .2093                  4024.0        .0            .0                  .0
3897.0              36.0                 9.2105                1.6728                .3331                  3900.0        .0            .0                  .0
3962.0              37.0                 8.9201                1.6876                .2826                  3962.0        .0            .0                  .0
3315.0              39.0                 10.9052               1.8817                .4652                  3315.0        .0            .0                  .0
3935.0              40.0                 9.1536                1.6278                .3748                  3935.0        .0            .0                  .0
3795.0              31.0                 9.4294                1.8721                .1857                  3795.0        .0            .0                  .0
4079.0              34.0                 8.7316                1.5704                .3398                  4079.0        .0            .0                  .0
4091.0              35.0                 8.6425                1.5938                .3204                  4091.0        .0            .0                  .0
70.0                19.0                 2.7069                1.4453                .2111                  62.0          .0            .0                  .0
The following results are aggregated for all threads, normalized for one second
Throughput(ops/sec):  (avg)3775.13,  (std)321.17
QueueLength: (avg)31.16,  (std)10.69
WaitingTime(msec): (avg)9.1517,  (std).7018
ServiceTime(msec): (avg)1.7553,  (std).2585
ParseTime(msec): (avg).3078, (std).147
Sets(ops/sec): 		 (avg)3775.13,  (std)321.18
Gets(ops/sec): 		 (avg).0,  (std).0
Multi-gets(ops/sec):  (avg).0,  (std).0
Misses(ops/sec):      (avg).0,  (std).0
Miss ratio: ?
Avg time between two tasks: .1597

Tot response time: average_waitingTime + average_serviceTime + average_parseTime + average_timeBetweenTwoTasks

max response time : 16.7645
min response time: 4.523

4.523:   #
5.7472:   
6.9713:   
8.1955:   
9.4196:   
10.6438:   #############################
11.8679:   #########################
13.0921:   ####
14.3162:   
15.5404:   #
16.7645:   #
