
Thread 0
Throughput          Waiting time          Service time          Time to parse          Sets          Gets          Multi-gets          Misses
343.0               19.7355               1.4174                .6826                  344.0         .0            .0                  .0
481.0               18.9813               1.6527                .3733                  481.0         .0            .0                  .0
455.0               19.8114               1.7856                .3427                  455.0         .0            .0                  .0
482.0               18.294                1.7216                .3102                  482.0         .0            .0                  .0
502.0               17.9503               1.602                 .3379                  502.0         .0            .0                  .0
494.0               18.2949               1.7188                .2531                  494.0         .0            .0                  .0
494.0               17.9697               1.6757                .2973                  494.0         .0            .0                  .0
449.0               19.9289               1.0309                1.1415                 449.0         .0            .0                  .0
488.0               17.8466               1.5309                .4482                  488.0         .0            .0                  .0
502.0               16.8728               1.5607                .3872                  502.0         .0            .0                  .0
484.0               18.1113               1.6788                .3229                  484.0         .0            .0                  .0
477.0               18.682                1.6884                .3579                  477.0         .0            .0                  .0
503.0               17.6131               1.6925                .2433                  503.0         .0            .0                  .0
465.0               18.324                1.7946                .3009                  465.0         .0            .0                  .0
352.0               20.238                1.881                 .9035                  352.0         .0            .0                  .0
490.0               18.5886               1.8129                .1539                  490.0         .0            .0                  .0
464.0               19.6043               2.2024                2.2356                 465.0         .0            .0                  .0
434.0               20.1195               1.7782                .4673                  433.0         .0            .0                  .0
483.0               18.2541               1.7063                .3093                  483.0         .0            .0                  .0
435.0               20.1743               1.7316                .5154                  435.0         .0            .0                  .0
468.0               19.4094               1.8632                .2241                  468.0         .0            .0                  .0
493.0               18.417                1.6121                .3543                  493.0         .0            .0                  .0
478.0               18.8831               1.6374                .4057                  478.0         .0            .0                  .0
467.0               18.8397               1.759                 .3291                  467.0         .0            .0                  .0
492.0               18.4037               1.7649                .2039                  492.0         .0            .0                  .0
464.0               19.3462               1.8387                .267                   464.0         .0            .0                  .0
483.0               17.3698               1.7357                .2807                  483.0         .0            .0                  .0
464.0               18.714                1.7474                .3549                  464.0         .0            .0                  .0
485.0               17.9321               1.6468                .3585                  485.0         .0            .0                  .0
484.0               18.1567               1.8231                .1912                  484.0         .0            .0                  .0
462.0               19.2073               1.7849                .3339                  462.0         .0            .0                  .0
454.0               19.011                1.792                 .3584                  454.0         .0            .0                  .0
461.0               18.9567               1.6963                .4182                  461.0         .0            .0                  .0
464.0               18.8043               1.6101                .4984                  464.0         .0            .0                  .0
463.0               18.3642               1.7394                .3699                  463.0         .0            .0                  .0
450.0               21.9956               1.7044                .4651                  450.0         .0            .0                  .0
408.0               20.0269               1.7081                .6938                  408.0         .0            .0                  .0
468.0               18.452                1.706                 .3847                  468.0         .0            .0                  .0
460.0               19.7202               1.8306                .2907                  460.0         .0            .0                  .0
503.0               17.7202               1.6319                .3067                  503.0         .0            .0                  .0
439.0               19.875                1.9804                .2394                  439.0         .0            .0                  .0
446.0               20.2081               1.9325                .2644                  446.0         .0            .0                  .0
422.0               20.7281               2.2094                .1084                  422.0         .0            .0                  .0
419.0               21.219                1.8363                .5054                  419.0         .0            .0                  .0
462.0               19.8013               1.7122                .3911                  462.0         .0            .0                  .0
451.0               19.4558               1.7916                .3675                  451.0         .0            .0                  .0
438.0               20.2392               1.8821                .3468                  438.0         .0            .0                  .0
396.0               20.8967               2.1452                .3167                  396.0         .0            .0                  .0
477.0               19.1674               1.6588                .3858                  477.0         .0            .0                  .0
462.0               19.3153               1.7225                .3933                  462.0         .0            .0                  .0
471.0               18.9746               1.9421                .1319                  471.0         .0            .0                  .0
440.0               18.8844               1.8688                .3482                  440.0         .0            .0                  .0
446.0               19.9799               1.7399                .4333                  446.0         .0            .0                  .0
460.0               19.0499               1.7136                .4113                  460.0         .0            .0                  .0
477.0               18.387                1.6861                .3529                  477.0         .0            .0                  .0
451.0               19.6217               1.883                 .2751                  451.0         .0            .0                  .0
464.0               19.5527               1.7275                .3785                  464.0         .0            .0                  .0
418.0               20.5179               1.8395                .5008                  418.0         .0            .0                  .0
476.0               18.5744               1.61                  .4232                  476.0         .0            .0                  .0
502.0               18.1332               1.6862                .2657                  502.0         .0            .0                  .0
6.0                 14.6667               2.1616                -.1771                 5.0           .0            .0                  .0
Server 0, get requests: 0
Server 1, get requests: 0
Server 2, get requests: 0

Thread 1
Throughput          Waiting time          Service time          Time to parse          Sets          Gets          Multi-gets          Misses
313.0               19.6146               1.3654                1.012                  314.0         .0            .0                  .0
431.0               19.1644               1.807                 .4446                  431.0         .0            .0                  .0
476.0               19.979                1.5487                .4906                  476.0         .0            .0                  .0
498.0               18.3507               1.6423                .3229                  498.0         .0            .0                  .0
512.0               17.77                 1.5667                .3383                  512.0         .0            .0                  .0
493.0               18.0891               1.7242                .25                    493.0         .0            .0                  .0
502.0               18.1372               1.6126                .324                   502.0         .0            .0                  .0
459.0               19.7326               1.7896                .3346                  459.0         .0            .0                  .0
498.0               17.9319               1.5236                .424                   498.0         .0            .0                  .0
540.0               16.9094               1.4701                .3311                  540.0         .0            .0                  .0
503.0               18.0179               1.6087                .3199                  503.0         .0            .0                  .0
480.0               18.6403               1.6395                .3851                  480.0         .0            .0                  .0
525.0               17.616                1.6182                .2312                  525.0         .0            .0                  .0
473.0               18.3017               1.7966                .2555                  473.0         .0            .0                  .0
364.0               20.3315               1.9786                .7339                  364.0         .0            .0                  .0
505.0               18.7134               1.7839                .1373                  505.0         .0            .0                  .0
466.0               19.6338               1.6188                3.1026                 466.0         .0            .0                  .0
441.0               20.1199               1.766                 .4444                  441.0         .0            .0                  .0
499.0               18.248                1.6694                .2874                  499.0         .0            .0                  .0
441.0               20.052                1.7151                .4955                  441.0         .0            .0                  .0
465.0               19.47                 1.8294                .2739                  465.0         .0            .0                  .0
491.0               18.2459               1.5702                .4172                  491.0         .0            .0                  .0
465.0               18.9464               1.6461                .4408                  465.0         .0            .0                  .0
475.0               18.979                1.749                 .2976                  475.0         .0            .0                  .0
469.0               18.117                1.7472                .3287                  469.0         .0            .0                  .0
470.0               19.155                1.7962                .2784                  470.0         .0            .0                  .0
533.0               17.3839               1.5407                .2809                  533.0         .0            .0                  .0
496.0               18.9457               1.6761                .2785                  496.0         .0            .0                  .0
494.0               17.9576               1.666                 .3106                  494.0         .0            .0                  .0
481.0               18.2178               1.7295                .2842                  481.0         .0            .0                  .0
463.0               19.2522               1.7766                .3355                  463.0         .0            .0                  .0
482.0               18.9151               1.734                 .29                    482.0         .0            .0                  .0
483.0               19.062                1.5976                .4083                  483.0         .0            .0                  .0
482.0               18.8799               1.5339                .497                   482.0         .0            .0                  .0
492.0               18.2495               1.4961                .4653                  492.0         .0            .0                  .0
409.0               21.3537               2.0423                .3584                  409.0         .0            .0                  .0
433.0               20.0599               1.6362                .6233                  433.0         .0            .0                  .0
490.0               18.4603               1.6744                .3171                  490.0         .0            .0                  .0
457.0               19.6419               1.8253                .3108                  457.0         .0            .0                  .0
511.0               17.7383               1.5928                .3158                  511.0         .0            .0                  .0
445.0               20.0336               1.8205                .3739                  445.0         .0            .0                  .0
450.0               20.184                1.8601                .2842                  450.0         .0            .0                  .0
413.0               20.8454               2.1985                .1639                  413.0         .0            .0                  .0
433.0               21.1567               1.7659                .4941                  433.0         .0            .0                  .0
462.0               19.851                1.7372                .3689                  462.0         .0            .0                  .0
465.0               19.6266               1.6792                .423                   465.0         .0            .0                  .0
447.0               20.5625               1.8191                .3638                  447.0         .0            .0                  .0
401.0               21.0274               2.0167                .426                   401.0         .0            .0                  .0
481.0               18.9689               1.632                 .3981                  481.0         .0            .0                  .0
476.0               19.2998               1.6744                .375                   476.0         .0            .0                  .0
490.0               19.222                1.8304                .1589                  490.0         .0            .0                  .0
500.0               19.1218               1.6568                .2883                  500.0         .0            .0                  .0
436.0               20.1968               1.9402                .3077                  436.0         .0            .0                  .0
471.0               18.911                1.6296                .4383                  471.0         .0            .0                  .0
487.0               18.2623               1.648                 .3493                  487.0         .0            .0                  .0
451.0               19.3296               1.8462                .3125                  451.0         .0            .0                  .0
453.0               19.4053               1.6911                .4539                  453.0         .0            .0                  .0
466.0               20.3126               1.6385                .4598                  466.0         .0            .0                  .0
486.0               18.501                1.6213                .3632                  486.0         .0            .0                  .0
491.0               18.2215               1.7088                .2858                  491.0         .0            .0                  .0
7.0                 14.5714               2.0369                -.1202                 6.0           .0            .0                  .0
Server 0, get requests: 0
Server 1, get requests: 0
Server 2, get requests: 0

Thread 2
Throughput          Waiting time          Service time          Time to parse          Sets          Gets          Multi-gets          Misses
261.0               19.3702               1.6209                1.2092                 262.0         .0            .0                  .0
406.0               19.0885               1.6664                .741                   406.0         .0            .0                  .0
411.0               19.6383               1.8452                .5232                  411.0         .0            .0                  .0
496.0               18.2012               1.6528                .3178                  496.0         .0            .0                  .0
475.0               17.9937               1.6208                .4285                  475.0         .0            .0                  .0
508.0               18.1591               1.6387                .2791                  508.0         .0            .0                  .0
488.0               18.0307               1.6633                .3263                  488.0         .0            .0                  .0
451.0               19.8717               1.8178                .3509                  451.0         .0            .0                  .0
483.0               17.6818               1.4973                .5121                  483.0         .0            .0                  .0
530.0               16.8908               1.4837                .355                   530.0         .0            .0                  .0
492.0               18.0467               1.6712                .3081                  492.0         .0            .0                  .0
467.0               18.6581               1.7133                .3763                  467.0         .0            .0                  .0
498.0               17.6212               1.6414                .3181                  498.0         .0            .0                  .0
497.0               18.257                1.5749                .388                   497.0         .0            .0                  .0
483.0               20.7066               1.7617                .2593                  483.0         .0            .0                  .0
401.0               18.4502               1.8759                .5655                  401.0         .0            .0                  .0
450.0               19.4646               1.7168                .4433                  451.0         .0            .0                  .0
445.0               20.1034               1.7255                .4674                  444.0         .0            .0                  .0
488.0               18.1718               1.6743                .3207                  488.0         .0            .0                  .0
435.0               20.1491               1.7301                .5046                  435.0         .0            .0                  .0
468.0               19.3284               1.8514                .2264                  468.0         .0            .0                  .0
494.0               18.1697               1.5846                .3889                  494.0         .0            .0                  .0
469.0               18.8128               1.6051                .4682                  469.0         .0            .0                  .0
475.0               18.9853               1.7532                .2928                  475.0         .0            .0                  .0
483.0               18.2562               1.7124                .3136                  483.0         .0            .0                  .0
471.0               19.5742               1.8318                .2375                  471.0         .0            .0                  .0
531.0               17.4643               1.5257                .3012                  531.0         .0            .0                  .0
466.0               18.7195               1.7517                .3257                  466.0         .0            .0                  .0
501.0               17.9243               1.5963                .3371                  501.0         .0            .0                  .0
481.0               18.1929               1.7844                .2394                  481.0         .0            .0                  .0
465.0               19.4034               1.7469                .3579                  465.0         .0            .0                  .0
474.0               18.9684               1.7517                .3103                  474.0         .0            .0                  .0
474.0               18.8232               1.6191                .4366                  474.0         .0            .0                  .0
473.0               18.8312               1.4969                .5637                  473.0         .0            .0                  .0
488.0               18.2924               1.5765                .418                   488.0         .0            .0                  .0
392.0               21.084                2.3873                .1212                  392.0         .0            .0                  .0
437.0               20.5457               1.6201                .6033                  437.0         .0            .0                  .0
493.0               18.5081               1.6812                .3013                  493.0         .0            .0                  .0
457.0               19.7249               1.7595                .3734                  457.0         .0            .0                  .0
502.0               17.7117               1.6535                .2895                  502.0         .0            .0                  .0
432.0               19.9099               1.8495                .4048                  432.0         .0            .0                  .0
442.0               20.088                1.9866                .2355                  442.0         .0            .0                  .0
446.0               21.085                2.0101                .1697                  446.0         .0            .0                  .0
421.0               20.9645               1.8263                .4906                  421.0         .0            .0                  .0
365.0               19.1803               1.9297                .7527                  365.0         .0            .0                  .0
444.0               19.5236               1.7488                .4455                  444.0         .0            .0                  .0
429.0               20.3581               1.799                 .477                   429.0         .0            .0                  .0
419.0               20.9666               1.9078                .4279                  419.0         .0            .0                  .0
467.0               19.1709               1.6394                .4534                  467.0         .0            .0                  .0
452.0               19.3951               1.7276                .424                   452.0         .0            .0                  .0
463.0               18.9181               1.8966                .1855                  463.0         .0            .0                  .0
480.0               19.1913               1.6222                .4007                  480.0         .0            .0                  .0
446.0               19.9596               1.7746                .4264                  445.0         .0            .0                  .0
463.0               19.1185               1.6319                .4776                  464.0         .0            .0                  .0
494.0               18.2404               1.5923                .3613                  494.0         .0            .0                  .0
454.0               19.4769               1.8483                .3016                  454.0         .0            .0                  .0
451.0               19.5288               1.6529                .5011                  451.0         .0            .0                  .0
442.0               20.4221               1.7264                .4794                  442.0         .0            .0                  .0
486.0               18.5216               1.5819                .4181                  486.0         .0            .0                  .0
493.0               18.1356               1.7101                .2802                  493.0         .0            .0                  .0
7.0                 14.0                  1.9787                -.0517                 6.0           .0            .0                  .0
Server 0, get requests: 0
Server 1, get requests: 0
Server 2, get requests: 0

Thread 3
Throughput          Waiting time          Service time          Time to parse          Sets          Gets          Multi-gets          Misses
253.0               19.7717               1.6876                1.2318                 254.0         .0            .0                  .0
397.0               19.0503               1.7217                .7313                  397.0         .0            .0                  .0
405.0               19.7685               1.9377                .4634                  405.0         .0            .0                  .0
486.0               18.2423               1.7199                .2928                  486.0         .0            .0                  .0
465.0               17.867                1.6526                .4421                  465.0         .0            .0                  .0
488.0               18.1022               1.7031                .2971                  488.0         .0            .0                  .0
484.0               17.9897               1.7624                .2377                  484.0         .0            .0                  .0
442.0               19.6524               1.8441                .3536                  442.0         .0            .0                  .0
486.0               17.7454               1.5189                .4868                  486.0         .0            .0                  .0
520.0               16.8234               1.5282                .3492                  520.0         .0            .0                  .0
492.0               18.1704               1.6834                .2876                  492.0         .0            .0                  .0
473.0               18.5042               1.6812                .3751                  473.0         .0            .0                  .0
485.0               17.5802               1.694                 .3156                  485.0         .0            .0                  .0
488.0               18.2372               1.6148                .3829                  488.0         .0            .0                  .0
483.0               20.6715               1.7717                .2485                  483.0         .0            .0                  .0
392.0               18.5115               1.9767                .5223                  392.0         .0            .0                  .0
440.0               19.2268               1.7798                .3561                  441.0         .0            .0                  .0
440.0               19.9386               1.8035                .4151                  439.0         .0            .0                  .0
484.0               18.1856               1.7001                .312                   484.0         .0            .0                  .0
444.0               20.2517               1.7118                .4881                  444.0         .0            .0                  .0
446.0               19.2617               1.9363                .2509                  446.0         .0            .0                  .0
483.0               18.2293               1.6625                .3573                  483.0         .0            .0                  .0
465.0               18.8841               1.6521                .4468                  465.0         .0            .0                  .0
467.0               18.9466               1.7885                .3047                  467.0         .0            .0                  .0
480.0               18.1559               1.7491                .2801                  480.0         .0            .0                  .0
461.0               19.316                1.9106                .1977                  461.0         .0            .0                  .0
524.0               17.3905               1.613                 .2418                  524.0         .0            .0                  .0
460.0               18.8742               1.7855                .337                   460.0         .0            .0                  .0
502.0               17.9066               1.6378                .2978                  502.0         .0            .0                  .0
485.0               18.0412               1.7909                .2165                  485.0         .0            .0                  .0
453.0               19.2555               1.8351                .3212                  453.0         .0            .0                  .0
472.0               18.9301               1.7737                .2966                  472.0         .0            .0                  .0
467.0               18.8739               1.6321                .4505                  467.0         .0            .0                  .0
475.0               18.8718               1.5038                .5528                  475.0         .0            .0                  .0
482.0               18.2588               1.6247                .3958                  482.0         .0            .0                  .0
395.0               21.0051               2.2845                .1897                  395.0         .0            .0                  .0
462.0               20.9417               1.6202                .492                   462.0         .0            .0                  .0
477.0               18.4079               1.7685                .2792                  477.0         .0            .0                  .0
448.0               19.7572               1.8365                .3419                  448.0         .0            .0                  .0
488.0               17.6155               1.7019                .2972                  488.0         .0            .0                  .0
428.0               19.8834               1.9432                .3412                  428.0         .0            .0                  .0
435.0               20.2064               1.9786                .2791                  435.0         .0            .0                  .0
413.0               20.4879               2.1346                .2324                  413.0         .0            .0                  .0
410.0               21.1606               1.8666                .5279                  410.0         .0            .0                  .0
473.0               19.597                1.7364                .3274                  473.0         .0            .0                  .0
430.0               19.4664               1.8795                .3812                  430.0         .0            .0                  .0
414.0               20.3759               1.9183                .4478                  414.0         .0            .0                  .0
405.0               20.9089               2.0049                .4147                  405.0         .0            .0                  .0
462.0               18.9568               1.6981                .4085                  462.0         .0            .0                  .0
443.0               19.1892               1.8071                .4005                  443.0         .0            .0                  .0
442.0               18.9097               2.0407                .1465                  442.0         .0            .0                  .0
438.0               18.6948               1.8929                .3306                  438.0         .0            .0                  .0
425.0               19.8592               1.8581                .4461                  425.0         .0            .0                  .0
449.0               19.0067               1.6937                .4756                  449.0         .0            .0                  .0
464.0               18.0946               1.695                 .4016                  464.0         .0            .0                  .0
439.0               19.4182               1.9431                .2849                  439.0         .0            .0                  .0
434.0               19.3494               1.748                 .4999                  434.0         .0            .0                  .0
411.0               20.3617               1.9189                .4637                  411.0         .0            .0                  .0
470.0               18.5754               1.6339                .4335                  470.0         .0            .0                  .0
479.0               18.075                1.7621                .2888                  479.0         .0            .0                  .0
7.0                 14.2857               1.7669                .0915                  6.0           .0            .0                  .0
Server 0, get requests: 0
Server 1, get requests: 0
Server 2, get requests: 0

Thread 4
Throughput          Waiting time          Service time          Time to parse          Sets          Gets          Multi-gets          Misses
297.0               19.5671               1.5081                .9654                  298.0         .0            .0                  .0
498.0               19.1222               1.6427                .3107                  498.0         .0            .0                  .0
440.0               19.6145               1.7308                .4817                  440.0         .0            .0                  .0
490.0               18.3585               1.7204                .2815                  490.0         .0            .0                  .0
490.0               17.8595               1.6414                .3409                  490.0         .0            .0                  .0
486.0               18.2669               1.7337                .2748                  486.0         .0            .0                  .0
491.0               18.0508               1.7121                .2688                  491.0         .0            .0                  .0
446.0               19.9732               1.9311                .2588                  446.0         .0            .0                  .0
497.0               17.7028               1.4851                .4673                  497.0         .0            .0                  .0
515.0               16.7791               1.5202                .3785                  515.0         .0            .0                  .0
484.0               18.167                1.7091                .2943                  484.0         .0            .0                  .0
475.0               18.7479               1.6658                .3858                  475.0         .0            .0                  .0
496.0               17.5332               1.716                 .2457                  496.0         .0            .0                  .0
489.0               18.1796               1.581                 .4072                  489.0         .0            .0                  .0
487.0               20.709                1.7726                .2375                  487.0         .0            .0                  .0
491.0               18.4837               1.8708                .1056                  491.0         .0            .0                  .0
464.0               19.4065               2.3263                -.2201                 464.0         .0            .0                  .0
452.0               19.9073               1.7069                .4527                  452.0         .0            .0                  .0
475.0               18.2185               1.7135                .3425                  475.0         .0            .0                  .0
442.0               20.2054               1.7041                .4926                  442.0         .0            .0                  .0
469.0               19.417                1.9125                .1712                  469.0         .0            .0                  .0
485.0               18.0988               1.619                 .3921                  485.0         .0            .0                  .0
480.0               18.8919               1.6138                .4105                  480.0         .0            .0                  .0
461.0               18.7511               1.795                 .3083                  461.0         .0            .0                  .0
487.0               18.1332               1.7873                .2115                  487.0         .0            .0                  .0
460.0               19.3059               1.8857                .2373                  460.0         .0            .0                  .0
487.0               17.377                1.667                 .3302                  487.0         .0            .0                  .0
469.0               18.6702               1.7144                .3659                  469.0         .0            .0                  .0
498.0               17.9659               1.5988                .3582                  498.0         .0            .0                  .0
486.0               18.0657               1.7876                .2208                  486.0         .0            .0                  .0
456.0               19.2319               1.7914                .3496                  456.0         .0            .0                  .0
466.0               19.0385               1.2389                .851                   466.0         .0            .0                  .0
468.0               18.9041               1.624                 .4512                  468.0         .0            .0                  .0
471.0               18.8835               1.5179                .5581                  471.0         .0            .0                  .0
477.0               18.3326               1.6856                .3495                  477.0         .0            .0                  .0
370.0               20.9272               2.4699                .1893                  370.0         .0            .0                  .0
421.0               20.3791               1.588                 .7362                  421.0         .0            .0                  .0
479.0               18.425                1.7435                .292                   479.0         .0            .0                  .0
455.0               19.6908               1.8212                .3228                  455.0         .0            .0                  .0
499.0               17.782                1.6962                .2524                  499.0         .0            .0                  .0
442.0               19.9187               7.6799                -5.4869                442.0         .0            .0                  .0
431.0               19.9028               1.9387                .341                   431.0         .0            .0                  .0
429.0               21.0744               2.1455                .1263                  429.0         .0            .0                  .0
424.0               20.9953               1.8397                .4691                  424.0         .0            .0                  .0
472.0               19.8414               1.7711                .2961                  472.0         .0            .0                  .0
448.0               19.6169               1.7863                .3918                  448.0         .0            .0                  .0
420.0               20.323                1.9291                .4017                  420.0         .0            .0                  .0
434.0               21.4793               1.843                 .4147                  433.0         .0            .0                  .0
481.0               19.1618               1.6422                .3843                  482.0         .0            .0                  .0
449.0               19.2                  1.8104                .3641                  449.0         .0            .0                  .0
457.0               18.8231               1.9932                .1287                  457.0         .0            .0                  .0
447.0               18.8482               1.7618                .4127                  447.0         .0            .0                  .0
439.0               20.0068               1.8028                .4292                  439.0         .0            .0                  .0
465.0               19.0236               1.6684                .428                   465.0         .0            .0                  .0
490.0               18.1955               1.621                 .3688                  490.0         .0            .0                  .0
449.0               19.4822               1.8836                .2957                  449.0         .0            .0                  .0
456.0               19.6433               1.7315                .4099                  456.0         .0            .0                  .0
429.0               20.314                1.7531                .5254                  429.0         .0            .0                  .0
481.0               18.5788               1.6008                .4176                  481.0         .0            .0                  .0
493.0               18.2267               1.7327                .258                   493.0         .0            .0                  .0
7.0                 14.0                  1.9793                -.0492                 6.0           .0            .0                  .0
Server 0, get requests: 0
Server 1, get requests: 0
Server 2, get requests: 0

Thread 5
Throughput          Waiting time          Service time          Time to parse          Sets          Gets          Multi-gets          Misses
357.0               20.0447               1.4828                .6301                  358.0         .0            .0                  .0
483.0               19.2707               1.703                 .2595                  483.0         .0            .0                  .0
462.0               20.0281               1.6653                .4413                  462.0         .0            .0                  .0
483.0               18.3264               1.7185                .3113                  483.0         .0            .0                  .0
493.0               17.8138               1.597                 .3747                  493.0         .0            .0                  .0
486.0               18.3491               1.8332                .1753                  486.0         .0            .0                  .0
492.0               18.0811               1.6815                .2991                  492.0         .0            .0                  .0
457.0               19.9716               1.9251                .2118                  457.0         .0            .0                  .0
502.0               17.8429               1.4564                .4754                  502.0         .0            .0                  .0
517.0               16.8668               1.5868                .2997                  517.0         .0            .0                  .0
499.0               18.206                1.7011                .2506                  499.0         .0            .0                  .0
486.0               18.616                1.6188                .3876                  486.0         .0            .0                  .0
507.0               17.7224               1.6794                .2399                  507.0         .0            .0                  .0
490.0               18.2892               1.5872                .3972                  490.0         .0            .0                  .0
475.0               20.666                1.7848                .2751                  475.0         .0            .0                  .0
501.0               18.7251               1.8452                .0945                  501.0         .0            .0                  .0
481.0               19.6183               1.6797                .3448                  482.0         .0            .0                  .0
446.0               20.2623               1.7655                .4253                  445.0         .0            .0                  .0
489.0               18.3286               1.7485                .2463                  489.0         .0            .0                  .0
448.0               20.1559               1.6631                .5138                  448.0         .0            .0                  .0
462.0               19.3348               1.8697                .2409                  462.0         .0            .0                  .0
500.0               18.2355               1.5917                .3551                  500.0         .0            .0                  .0
476.0               18.9497               1.6261                .4229                  476.0         .0            .0                  .0
457.0               19.0131               1.8088                .3178                  457.0         .0            .0                  .0
504.0               18.5129               1.7369                .2019                  504.0         .0            .0                  .0
469.0               19.2213               1.8269                .2579                  469.0         .0            .0                  .0
478.0               17.4238               1.8891                .1403                  478.0         .0            .0                  .0
485.0               18.7798               1.7133                .2971                  485.0         .0            .0                  .0
494.0               18.0768               1.6808                .2966                  494.0         .0            .0                  .0
496.0               18.173                1.7789                .1858                  496.0         .0            .0                  .0
474.0               19.4421               1.7496                .3116                  474.0         .0            .0                  .0
465.0               18.9549               1.7835                .3132                  465.0         .0            .0                  .0
461.0               18.8593               1.6893                .4244                  461.0         .0            .0                  .0
478.0               18.7954               1.5059                .5385                  478.0         .0            .0                  .0
482.0               18.2257               1.643                 .3799                  482.0         .0            .0                  .0
482.0               21.9565               1.5855                .4449                  482.0         .0            .0                  .0
440.0               20.4989               1.6149                .6082                  440.0         .0            .0                  .0
476.0               18.6688               1.7569                .2947                  476.0         .0            .0                  .0
457.0               19.8231               1.8389                .296                   457.0         .0            .0                  .0
512.0               17.8012               1.6011                .296                   512.0         .0            .0                  .0
456.0               20.1641               1.8115                .326                   456.0         .0            .0                  .0
438.0               20.0797               1.9406                .2969                  438.0         .0            .0                  .0
426.0               21.0304               2.0141                .2815                  426.0         .0            .0                  .0
450.0               21.1286               1.7101                .4613                  450.0         .0            .0                  .0
478.0               19.7453               1.7254                .3179                  478.0         .0            .0                  .0
476.0               19.5681               1.698                 .351                   476.0         .0            .0                  .0
457.0               20.2533               1.8228                .313                   457.0         .0            .0                  .0
461.0               21.7597               1.2607                .8574                  461.0         .0            .0                  .0
468.0               19.1215               1.7369                .3499                  468.0         .0            .0                  .0
472.0               19.3044               1.7085                .3599                  472.0         .0            .0                  .0
478.0               19.1065               1.9908                .0415                  478.0         .0            .0                  .0
458.0               18.8584               1.8526                .275                   458.0         .0            .0                  .0
462.0               20.2873               1.7666                .346                   462.0         .0            .0                  .0
494.0               19.1879               1.6182                .362                   494.0         .0            .0                  .0
494.0               18.6242               1.6896                .2869                  494.0         .0            .0                  .0
482.0               19.6418               1.859                 .1563                  482.0         .0            .0                  .0
480.0               19.6237               1.6298                .4049                  480.0         .0            .0                  .0
436.0               20.7025               1.7521                .4833                  436.0         .0            .0                  .0
473.0               18.6962               1.6315                .4242                  473.0         .0            .0                  .0
505.0               18.1423               1.672                 .2678                  505.0         .0            .0                  .0
8.0                 14.375                1.7676                -.0763                 7.0           .0            .0                  .0
Server 0, get requests: 0
Server 1, get requests: 0
Server 2, get requests: 0

Thread 6
Throughput          Waiting time          Service time          Time to parse          Sets          Gets          Multi-gets          Misses
312.0               20.1374               1.5798                .8081                  313.0         .0            .0                  .0
496.0               19.1046               1.689                 .272                   496.0         .0            .0                  .0
434.0               19.6299               1.6641                .5567                  434.0         .0            .0                  .0
483.0               18.4421               1.7205                .3083                  483.0         .0            .0                  .0
496.0               17.994                1.6155                .3458                  496.0         .0            .0                  .0
499.0               18.2064               1.6953                .2559                  498.0         .0            .0                  .0
486.0               18.1417               1.6795                .3236                  487.0         .0            .0                  .0
454.0               19.8022               1.0318                1.1209                 454.0         .0            .0                  .0
492.0               17.7627               1.4787                .4972                  492.0         .0            .0                  .0
537.0               16.9368               1.5091                .3075                  537.0         .0            .0                  .0
491.0               18.0203               1.62                  .3508                  491.0         .0            .0                  .0
488.0               18.589                1.6398                .3586                  488.0         .0            .0                  .0
492.0               17.6998               1.6745                .294                   492.0         .0            .0                  .0
506.0               18.2288               1.5305                .3904                  506.0         .0            .0                  .0
496.0               20.5573               1.7079                .2648                  496.0         .0            .0                  .0
496.0               18.6197               1.8624                .0996                  496.0         .0            .0                  .0
459.0               19.4457               1.6871                .4456                  459.0         .0            .0                  .0
444.0               20.0921               1.7494                .4425                  444.0         .0            .0                  .0
490.0               18.2892               1.7014                .2899                  490.0         .0            .0                  .0
450.0               20.255                1.6571                .5073                  450.0         .0            .0                  .0
452.0               19.4834               1.9302                .2291                  452.0         .0            .0                  .0
483.0               18.2479               1.6031                .4139                  483.0         .0            .0                  .0
476.0               18.9665               1.6271                .4214                  476.0         .0            .0                  .0
477.0               18.9686               1.7341                .3064                  477.0         .0            .0                  .0
487.0               18.2049               1.7213                .2813                  487.0         .0            .0                  .0
455.0               19.1447               1.8538                .2898                  455.0         .0            .0                  .0
519.0               17.5231               1.5673                .2883                  519.0         .0            .0                  .0
471.0               18.9364               1.7132                .3616                  471.0         .0            .0                  .0
505.0               17.9802               1.6466                .2866                  505.0         .0            .0                  .0
503.0               18.1012               1.7638                .1789                  503.0         .0            .0                  .0
472.0               19.3953               1.7442                .3205                  472.0         .0            .0                  .0
473.0               18.9262               1.7293                .3358                  473.0         .0            .0                  .0
471.0               18.7203               1.6445                .4234                  471.0         .0            .0                  .0
476.0               18.8407               1.4836                .5576                  476.0         .0            .0                  .0
483.0               18.1198               1.6127                .4028                  483.0         .0            .0                  .0
396.0               20.9068               2.238                 .2097                  396.0         .0            .0                  .0
455.0               20.0504               1.5967                .5509                  455.0         .0            .0                  .0
478.0               18.5511               1.7479                .2979                  478.0         .0            .0                  .0
449.0               19.6711               1.8395                .3369                  449.0         .0            .0                  .0
493.0               17.7591               1.6667                .3142                  493.0         .0            .0                  .0
453.0               19.9604               1.8402                .3122                  453.0         .0            .0                  .0
436.0               20.119                2.0018                .2456                  436.0         .0            .0                  .0
421.0               20.3009               2.0427                .2821                  421.0         .0            .0                  .0
419.0               21.331                1.8713                .4704                  419.0         .0            .0                  .0
450.0               19.3415               1.7395                .4315                  450.0         .0            .0                  .0
455.0               19.6338               1.71                  .4335                  455.0         .0            .0                  .0
425.0               20.3286               1.856                 .4325                  425.0         .0            .0                  .0
410.0               20.9927               1.9621                .4277                  410.0         .0            .0                  .0
450.0               19.0288               1.7451                .4259                  450.0         .0            .0                  .0
460.0               19.2321               1.7663                .3567                  460.0         .0            .0                  .0
467.0               18.8846               1.9578                .1062                  467.0         .0            .0                  .0
484.0               19.2041               1.6693                .3366                  484.0         .0            .0                  .0
450.0               19.8359               1.7326                .4378                  450.0         .0            .0                  .0
463.0               19.1573               1.6386                .4661                  463.0         .0            .0                  .0
476.0               18.2914               1.6265                .4183                  476.0         .0            .0                  .0
453.0               19.3789               1.8609                .3036                  453.0         .0            .0                  .0
444.0               19.5596               1.6712                .4949                  444.0         .0            .0                  .0
436.0               20.4096               1.8662                .3769                  436.0         .0            .0                  .0
473.0               18.5823               1.6026                .45                    473.0         .0            .0                  .0
490.0               18.0957               1.7066                .294                   490.0         .0            .0                  .0
7.0                 14.4286               1.9312                -.0052                 6.0           .0            .0                  .0
Server 0, get requests: 0
Server 1, get requests: 0
Server 2, get requests: 0

Thread 7
Throughput          Waiting time          Service time          Time to parse          Sets          Gets          Multi-gets          Misses
343.0               19.9564               1.3357                .7832                  344.0         .0            .0                  .0
512.0               19.0858               1.5251                .3661                  512.0         .0            .0                  .0
485.0               20.0062               1.5792                .4209                  485.0         .0            .0                  .0
510.0               18.3249               1.6183                .3006                  510.0         .0            .0                  .0
513.0               17.9339               1.5583                .3301                  513.0         .0            .0                  .0
504.0               18.1782               1.7128                .2194                  504.0         .0            .0                  .0
519.0               18.2173               1.5908                .2754                  519.0         .0            .0                  .0
464.0               19.7355               1.0336                1.0604                 464.0         .0            .0                  .0
520.0               17.8599               1.4574                .4087                  520.0         .0            .0                  .0
554.0               16.9243               1.4503                .3094                  554.0         .0            .0                  .0
508.0               18.1297               1.6111                .2891                  508.0         .0            .0                  .0
489.0               18.5755               1.6252                .3712                  489.0         .0            .0                  .0
528.0               17.6371               1.629                 .2168                  528.0         .0            .0                  .0
475.0               18.4475               1.8002                .2375                  475.0         .0            .0                  .0
357.0               20.2235               1.9522                .8036                  357.0         .0            .0                  .0
524.0               18.6057               1.7334                .1207                  524.0         .0            .0                  .0
474.0               19.5516               1.8861                .0613                  475.0         .0            .0                  .0
458.0               20.3406               1.7087                .4157                  457.0         .0            .0                  .0
509.0               18.1647               1.6419                .2728                  509.0         .0            .0                  .0
451.0               20.0819               1.6731                .4835                  451.0         .0            .0                  .0
475.0               19.5126               1.8133                .2483                  475.0         .0            .0                  .0
494.0               18.2081               1.5653                .403                   494.0         .0            .0                  .0
481.0               18.9378               1.6211                .4042                  481.0         .0            .0                  .0
494.0               19.0364               1.7096                .2648                  494.0         .0            .0                  .0
491.0               18.0407               1.704                 .2807                  491.0         .0            .0                  .0
473.0               19.2278               1.7746                .2931                  473.0         .0            .0                  .0
536.0               17.4227               1.5233                .2836                  536.0         .0            .0                  .0
506.0               18.8363               1.6112                .3076                  506.0         .0            .0                  .0
513.0               17.965                1.5845                .3163                  513.0         .0            .0                  .0
509.0               18.2235               1.7027                .2062                  509.0         .0            .0                  .0
486.0               19.3162               1.7139                .2941                  486.0         .0            .0                  .0
485.0               18.8272               1.6938                .2956                  485.0         .0            .0                  .0
502.0               19.006                1.5375                .3968                  502.0         .0            .0                  .0
488.0               18.9407               1.5239                .4781                  488.0         .0            .0                  .0
513.0               18.5331               1.5016                .3989                  513.0         .0            .0                  .0
419.0               21.2071               2.0108                .3279                  419.0         .0            .0                  .0
443.0               19.7545               1.6253                .5648                  443.0         .0            .0                  .0
493.0               18.5324               1.6897                .2916                  493.0         .0            .0                  .0
473.0               19.8249               1.8222                .2392                  473.0         .0            .0                  .0
527.0               17.6856               1.5481                .3024                  527.0         .0            .0                  .0
463.0               20.0453               1.764                 .3307                  463.0         .0            .0                  .0
461.0               20.0779               1.9233                .1974                  461.0         .0            .0                  .0
443.0               20.9797               2.0318                .1676                  443.0         .0            .0                  .0
439.0               21.1159               1.7431                .4756                  439.0         .0            .0                  .0
466.0               19.7173               1.723                 .3645                  466.0         .0            .0                  .0
471.0               19.5064               1.6546                .4121                  471.0         .0            .0                  .0
462.0               20.6307               1.7782                .3304                  462.0         .0            .0                  .0
415.0               21.6899               1.942                 .4078                  415.0         .0            .0                  .0
483.0               19.0269               1.5882                .4298                  483.0         .0            .0                  .0
482.0               19.2774               1.6353                .3861                  482.0         .0            .0                  .0
489.0               19.098                1.8142                .1719                  489.0         .0            .0                  .0
498.0               19.1022               1.6551                .3009                  498.0         .0            .0                  .0
454.0               20.167                1.8001                .3579                  454.0         .0            .0                  .0
485.0               19.037                1.6307                .3829                  485.0         .0            .0                  .0
500.0               18.2934               1.6266                .3171                  500.0         .0            .0                  .0
474.0               19.3979               1.8256                .2323                  474.0         .0            .0                  .0
473.0               19.4873               1.5737                .4815                  473.0         .0            .0                  .0
455.0               20.4649               1.7229                .4244                  455.0         .0            .0                  .0
498.0               18.6954               1.6125                .3279                  498.0         .0            .0                  .0
499.0               18.276                1.706                 .2608                  499.0         .0            .0                  .0
8.0                 15.0                  1.5662                .052                   7.0           .0            .0                  .0
Server 0, get requests: 0
Server 1, get requests: 0
Server 2, get requests: 0

Aggregated Statistics for a 1 seconds window of the entire middleware: 
Throughput          QueueLength          Waiting time          Service time          Time to parse          Sets          Gets          Multi-gets          Misses
2479.0              .0                   19.7747               1.4997                .9153                  2487.0        .0            .0                  .0
3704.0              70.0                 19.1085               1.6759                .4373                  3704.0        .0            .0                  .0
3568.0              67.0                 19.8095               1.7196                .4651                  3568.0        .0            .0                  .0
3928.0              76.0                 18.3175               1.6893                .3057                  3928.0        .0            .0                  .0
3946.0              69.0                 17.8977               1.6068                .3673                  3946.0        .0            .0                  .0
3958.0              73.0                 18.2058               1.72                  .2506                  3957.0        .0            .0                  .0
3956.0              68.0                 18.0773               1.6722                .294                   3957.0        .0            .0                  .0
3622.0              73.0                 19.8335               1.5505                .6041                  3622.0        .0            .0                  .0
3966.0              73.0                 17.7968               1.4935                .465                   3966.0        .0            .0                  .0
4215.0              76.0                 16.8754               1.5136                .3397                  4215.0        .0            .0                  .0
3953.0              68.0                 18.1087               1.6604                .3029                  3953.0        .0            .0                  .0
3835.0              76.0                 18.6266               1.659                 .3747                  3835.0        .0            .0                  .0
4034.0              73.0                 17.6279               1.6681                .2631                  4034.0        .0            .0                  .0
3883.0              73.0                 18.2831               1.66                  .3449                  3883.0        .0            .0                  .0
3497.0              76.0                 20.5129               1.8263                .4658                  3497.0        .0            .0                  .0
3800.0              63.0                 18.5873               1.8452                .2249                  3800.0        .0            .0                  .0
3698.0              75.0                 19.4939               1.8621                .8461                  3703.0        .0            .0                  .0
3560.0              68.0                 20.1105               1.7505                .4413                  3555.0        .0            .0                  .0
3917.0              72.0                 18.2326               1.6944                .2976                  3917.0        .0            .0                  .0
3546.0              69.0                 20.1657               1.6983                .5001                  3546.0        .0            .0                  .0
3705.0              72.0                 19.4022               1.8757                .2331                  3705.0        .0            .0                  .0
3923.0              73.0                 18.2315               1.6011                .3852                  3923.0        .0            .0                  .0
3790.0              70.0                 18.909                1.6286                .4276                  3790.0        .0            .0                  .0
3773.0              70.0                 18.94                 1.7622                .3027                  3773.0        .0            .0                  .0
3893.0              70.0                 18.2281               1.7404                .2627                  3893.0        .0            .0                  .0
3723.0              68.0                 19.2864               1.8398                .2573                  3723.0        .0            .0                  .0
4091.0              71.0                 17.4194               1.6327                .2684                  4091.0        .0            .0                  .0
3817.0              76.0                 18.8095               1.7141                .3285                  3817.0        .0            .0                  .0
3992.0              76.0                 17.9636               1.6322                .3202                  3992.0        .0            .0                  .0
3925.0              72.0                 18.1465               1.7701                .2154                  3925.0        .0            .0                  .0
3731.0              74.0                 19.313                1.7678                .3281                  3731.0        .0            .0                  .0
3771.0              70.0                 18.9464               1.6871                .3814                  3771.0        .0            .0                  .0
3787.0              70.0                 18.9007               1.63                  .4262                  3787.0        .0            .0                  .0
3807.0              71.0                 18.8559               1.522                 .5305                  3807.0        .0            .0                  .0
3880.0              69.0                 18.297                1.6099                .3975                  3880.0        .0            .0                  .0
3313.0              76.0                 21.3045               2.0903                .2883                  3313.0        .0            .0                  .0
3499.0              68.0                 20.2821               1.6262                .6091                  3499.0        .0            .0                  .0
3854.0              72.0                 18.5007               1.721                 .3073                  3854.0        .0            .0                  .0
3656.0              68.0                 19.7318               1.8217                .314                   3656.0        .0            .0                  .0
4035.0              73.0                 17.7267               1.6365                .2968                  4035.0        .0            .0                  .0
3558.0              71.0                 19.9738               2.5861                -.3948                 3558.0        .0            .0                  .0
3539.0              76.0                 20.1082               1.9453                .268                   3539.0        .0            .0                  .0
3413.0              70.0                 20.8165               2.0984                .1915                  3413.0        .0            .0                  .0
3415.0              76.0                 21.1339               1.8074                .4868                  3415.0        .0            .0                  .0
3628.0              65.0                 19.6344               1.7593                .4063                  3628.0        .0            .0                  .0
3640.0              69.0                 19.5497               1.7435                .4007                  3640.0        .0            .0                  .0
3492.0              71.0                 20.3839               1.8506                .3891                  3492.0        .0            .0                  .0
3341.0              68.0                 21.2151               1.8853                .4616                  3340.0        .0            .0                  .0
3769.0              68.0                 19.0754               1.6676                .4045                  3770.0        .0            .0                  .0
3696.0              71.0                 19.2767               1.7315                .3825                  3696.0        .0            .0                  .0
3757.0              72.0                 18.9921               1.9332                .1339                  3757.0        .0            .0                  .0
3745.0              74.0                 18.9881               1.7474                .3366                  3745.0        .0            .0                  .0
3558.0              75.0                 20.0366               1.8019                .3981                  3557.0        .0            .0                  .0
3750.0              70.0                 19.0615               1.6531                .4302                  3751.0        .0            .0                  .0
3882.0              68.0                 18.2986               1.6481                .357                   3882.0        .0            .0                  .0
3653.0              74.0                 19.4684               1.8687                .2702                  3653.0        .0            .0                  .0
3655.0              71.0                 19.5188               1.6782                .4531                  3655.0        .0            .0                  .0
3493.0              66.0                 20.4382               1.7772                .4642                  3493.0        .0            .0                  .0
3843.0              69.0                 18.5906               1.6118                .4072                  3843.0        .0            .0                  .0
3952.0              76.0                 18.1633               1.7106                .2751                  3952.0        .0            .0                  .0
57.0                45.0                 14.4159               1.8986                -.042                  49.0          .0            .0                  .0
The following results are aggregated for all threads, normalized for one second
Throughput(ops/sec):  (avg)3669.93,  (std)205.85
QueueLength: (avg)62.53,  (std)20.61
WaitingTime(msec): (avg)19.0128,  (std).975
ServiceTime(msec): (avg)1.7406,  (std).1612
ParseTime(msec): (avg).3584, (std).1482
Sets(ops/sec): 		 (avg)3669.93,  (std)205.96
Gets(ops/sec): 		 (avg).0,  (std).0
Multi-gets(ops/sec):  (avg).0,  (std).0
Misses(ops/sec):      (avg).0,  (std).0
Miss ratio: ?
Avg time between two tasks: .2539

Tot response time: average_waitingTime + average_serviceTime + average_parseTime + average_timeBetweenTwoTasks

max response time : 23.937
min response time: 16.5264

16.5264:   #
17.2674:   
18.0085:   
18.7496:   #
19.4906:   ##
20.2317:   ################
20.9727:   ############
21.7138:   ###########
22.4549:   ###########
23.1959:   ####
23.937:   ###
