
Thread 0
Throughput          Waiting time          Service time          Time to parse          Sets          Gets          Multi-gets          Misses
258.0               3.9073                2.2992                .4926                  259.0         .0            .0                  .0
502.0               3.4016                1.4322                .4731                  502.0         .0            .0                  .0
450.0               2.9978                1.78                  .3846                  450.0         .0            .0                  .0
499.0               2.858                 1.5906                .3661                  499.0         .0            .0                  .0
446.0               3.1253                2.0235                .1649                  446.0         .0            .0                  .0
473.0               3.0211                1.6995                .3623                  473.0         .0            .0                  .0
497.0               2.8635                1.5996                .3514                  497.0         .0            .0                  .0
520.0               2.7063                1.6615                .2065                  520.0         .0            .0                  .0
516.0               2.6499                1.5337                .3544                  516.0         .0            .0                  .0
447.0               3.2879                1.8637                .3189                  447.0         .0            .0                  .0
471.0               3.0254                1.6491                .4186                  471.0         .0            .0                  .0
332.0               3.0871                2.1639                .7704                  332.0         .0            .0                  .0
488.0               3.0327                1.5793                .4299                  488.0         .0            .0                  .0
454.0               3.2725                1.656                 .4836                  454.0         .0            .0                  .0
357.0               3.4162                2.0141                .722                   357.0         .0            .0                  .0
499.0               3.314                 1.5326                .4072                  499.0         .0            .0                  .0
374.0               4.5093                2.0745                .5435                  374.0         .0            .0                  .0
462.0               3.9503                1.7077                .3881                  462.0         .0            .0                  .0
485.0               3.0782                1.6463                .3824                  485.0         .0            .0                  .0
480.0               3.0416                1.6826                .351                   480.0         .0            .0                  .0
504.0               2.9168                1.5831                .349                   504.0         .0            .0                  .0
464.0               3.0624                1.6686                .4019                  464.0         .0            .0                  .0
462.0               3.2138                1.5722                .5297                  462.0         .0            .0                  .0
463.0               3.1897                1.5667                .5277                  463.0         .0            .0                  .0
456.0               3.3195                1.7599                .3939                  456.0         .0            .0                  .0
491.0               3.0386                1.559                 .4244                  491.0         .0            .0                  .0
514.0               2.7553                1.6255                .27                    514.0         .0            .0                  .0
467.0               2.9487                1.6287                .459                   467.0         .0            .0                  .0
473.0               2.9578                1.4459                .618                   473.0         .0            .0                  .0
478.0               2.977                 1.6322                .4061                  478.0         .0            .0                  .0
441.0               3.4344                1.7103                .5027                  441.0         .0            .0                  .0
489.0               3.0                   1.502                 .4871                  489.0         .0            .0                  .0
465.0               3.2082                1.5635                .5335                  465.0         .0            .0                  .0
478.0               3.0313                1.5307                .5081                  478.0         .0            .0                  .0
492.0               2.9635                1.5847                .3758                  492.0         .0            .0                  .0
487.0               2.8709                1.6312                .3611                  487.0         .0            .0                  .0
457.0               3.1266                1.6555                .4647                  457.0         .0            .0                  .0
487.0               3.0328                1.6717                .3255                  487.0         .0            .0                  .0
471.0               3.1017                1.5429                .5221                  471.0         .0            .0                  .0
466.0               2.9979                1.6595                .434                   466.0         .0            .0                  .0
456.0               3.1532                1.8176                .3135                  456.0         .0            .0                  .0
489.0               2.949                 1.6974                .303                   489.0         .0            .0                  .0
471.0               3.089                 1.6134                .4468                  471.0         .0            .0                  .0
469.0               3.1851                1.5686                .5085                  469.0         .0            .0                  .0
474.0               3.1474                1.7561                .2989                  474.0         .0            .0                  .0
497.0               2.9378                1.5084                .4548                  497.0         .0            .0                  .0
468.0               2.968                 1.6916                .3887                  468.0         .0            .0                  .0
481.0               3.0104                1.6048                .4234                  481.0         .0            .0                  .0
494.0               2.9071                1.5659                .4095                  494.0         .0            .0                  .0
462.0               3.2138                1.7255                .3695                  462.0         .0            .0                  .0
498.0               2.9098                1.6493                .3106                  498.0         .0            .0                  .0
503.0               2.9087                1.4768                .4516                  503.0         .0            .0                  .0
478.0               3.1106                1.5858                .4389                  478.0         .0            .0                  .0
475.0               3.2143                1.5916                .4623                  475.0         .0            .0                  .0
479.0               3.0                   1.658                 .3625                  479.0         .0            .0                  .0
478.0               3.0939                1.6242                .4107                  478.0         .0            .0                  .0
521.0               2.8851                1.4324                1.5359                 521.0         .0            .0                  .0
495.0               2.9476                1.5553                .4126                  495.0         .0            .0                  .0
501.0               2.9462                1.5642                .3759                  501.0         .0            .0                  .0
473.0               3.1015                1.5584                .5027                  472.0         .0            .0                  .0
Server 0, get requests: 0
Server 1, get requests: 0
Server 2, get requests: 0

Thread 1
Throughput          Waiting time          Service time          Time to parse          Sets          Gets          Multi-gets          Misses
289.0               3.7931                1.896                 .5811                  290.0         .0            .0                  .0
328.0               3.3526                2.1313                .8451                  328.0         .0            .0                  .0
431.0               3.1227                1.6296                .6342                  431.0         .0            .0                  .0
513.0               2.8696                1.5711                .3315                  513.0         .0            .0                  .0
496.0               3.2133                1.8053                .1544                  496.0         .0            .0                  .0
477.0               2.9937                1.6249                .4201                  477.0         .0            .0                  .0
495.0               2.9234                1.5986                .3597                  495.0         .0            .0                  .0
515.0               2.7597                1.5786                .3082                  515.0         .0            .0                  .0
519.0               2.6385                1.5658                .3165                  519.0         .0            .0                  .0
452.0               3.2715                1.8246                .3297                  452.0         .0            .0                  .0
463.0               3.1056                1.6101                .5027                  463.0         .0            .0                  .0
480.0               3.3867                1.7344                .2892                  480.0         .0            .0                  .0
482.0               2.9462                1.5702                .46                    482.0         .0            .0                  .0
474.0               3.2358                1.6352                .4211                  474.0         .0            .0                  .0
481.0               3.5                   1.6116                .4117                  481.0         .0            .0                  .0
503.0               3.3115                1.4571                .4686                  503.0         .0            .0                  .0
393.0               2.8426                1.8334                .6546                  393.0         .0            .0                  .0
454.0               3.8396                1.6654                .4748                  454.0         .0            .0                  .0
479.0               3.2042                1.635                 .4029                  479.0         .0            .0                  .0
497.0               3.0783                1.5863                .3749                  497.0         .0            .0                  .0
499.0               2.876                 1.6002                .3434                  499.0         .0            .0                  .0
483.0               3.1446                1.5854                .4108                  483.0         .0            .0                  .0
468.0               3.1684                1.5666                .5087                  468.0         .0            .0                  .0
470.0               3.1592                1.5464                .5193                  470.0         .0            .0                  .0
471.0               3.2627                1.6944                .3895                  471.0         .0            .0                  .0
499.0               2.9539                1.5515                .4013                  498.0         .0            .0                  .0
511.0               2.7539                1.5994                .3082                  512.0         .0            .0                  .0
496.0               2.9376                1.5984                .3689                  496.0         .0            .0                  .0
478.0               3.0271                1.4561                .5837                  478.0         .0            .0                  .0
477.0               2.9393                1.5969                .4465                  477.0         .0            .0                  .0
442.0               3.4492                1.6997                .4945                  442.0         .0            .0                  .0
490.0               2.943                 1.4794                .5063                  490.0         .0            .0                  .0
455.0               3.1077                1.5937                .5457                  454.0         .0            .0                  .0
486.0               2.9569                1.5533                .4504                  487.0         .0            .0                  .0
497.0               2.9558                1.533                 .412                   497.0         .0            .0                  .0
481.0               2.9129                1.5886                .4177                  481.0         .0            .0                  .0
471.0               3.1547                1.6094                .455                   471.0         .0            .0                  .0
481.0               2.9855                1.6661                .3653                  481.0         .0            .0                  .0
472.0               3.1142                1.5031                .5521                  472.0         .0            .0                  .0
495.0               2.998                 1.5508                .4176                  495.0         .0            .0                  .0
454.0               3.2637                1.7533                .369                   454.0         .0            .0                  .0
488.0               2.9243                1.6517                .3635                  488.0         .0            .0                  .0
454.0               3.1407                1.6695                .4734                  454.0         .0            .0                  .0
467.0               3.1325                1.6026                .4752                  467.0         .0            .0                  .0
473.0               3.116                 1.753                 .3039                  473.0         .0            .0                  .0
489.0               2.8918                1.498                 .4967                  489.0         .0            .0                  .0
466.0               3.1071                1.7232                .3565                  466.0         .0            .0                  .0
473.0               3.0211                1.6                   .4697                  473.0         .0            .0                  .0
504.0               2.9505                1.5097                .4256                  504.0         .0            .0                  .0
467.0               3.1389                1.7151                .3587                  467.0         .0            .0                  .0
495.0               2.8952                1.6502                .3219                  495.0         .0            .0                  .0
503.0               2.9046                1.4446                .4918                  502.0         .0            .0                  .0
474.0               3.0758                1.5868                .4478                  475.0         .0            .0                  .0
447.0               3.1339                1.5908                .5894                  447.0         .0            .0                  .0
489.0               3.0367                1.5321                .4447                  489.0         .0            .0                  .0
470.0               3.1571                1.6476                .425                   470.0         .0            .0                  .0
507.0               2.8622                1.4285                .4913                  507.0         .0            .0                  .0
489.0               2.9653                1.554                 .4326                  489.0         .0            .0                  .0
487.0               2.9037                1.608                 .3844                  487.0         .0            .0                  .0
471.0               3.0085                1.5269                .5373                  470.0         .0            .0                  .0
Server 0, get requests: 0
Server 1, get requests: 0
Server 2, get requests: 0

Thread 2
Throughput          Waiting time          Service time          Time to parse          Sets          Gets          Multi-gets          Misses
285.0               3.6259                2.0221                .5085                  286.0         .0            .0                  .0
427.0               3.2967                2.124                 .1265                  427.0         .0            .0                  .0
475.0               3.1345                1.4734                .5626                  475.0         .0            .0                  .0
496.0               2.8893                1.5628                .4087                  496.0         .0            .0                  .0
495.0               3.125                 1.7052                .2623                  495.0         .0            .0                  .0
474.0               3.0189                1.6732                .3795                  474.0         .0            .0                  .0
507.0               2.8681                1.5684                .3458                  507.0         .0            .0                  .0
497.0               2.7149                1.6996                .251                   497.0         .0            .0                  .0
534.0               2.7178                1.4775                .3487                  534.0         .0            .0                  .0
459.0               3.2457                1.7794                .3483                  459.0         .0            .0                  .0
465.0               3.1373                1.6348                .4524                  465.0         .0            .0                  .0
476.0               3.348                 1.6973                .3465                  476.0         .0            .0                  .0
492.0               2.9797                1.5674                .4241                  492.0         .0            .0                  .0
469.0               3.2191                1.6144                .4582                  469.0         .0            .0                  .0
366.0               3.4223                2.2318                .4443                  366.0         .0            .0                  .0
390.0               3.0026                1.7157                .7887                  390.0         .0            .0                  .0
501.0               3.8426                1.6176                .3307                  501.0         .0            .0                  .0
484.0               3.9072                1.5358                .4649                  484.0         .0            .0                  .0
499.0               3.088                 1.6057                .357                   499.0         .0            .0                  .0
491.0               2.9878                1.6258                .3588                  491.0         .0            .0                  .0
498.0               2.8096                1.5198                .4354                  498.0         .0            .0                  .0
477.0               3.1067                1.5864                .4376                  477.0         .0            .0                  .0
462.0               3.1447                1.5203                .5893                  462.0         .0            .0                  .0
480.0               3.1081                1.5225                .5014                  480.0         .0            .0                  .0
466.0               3.2505                1.6481                .4495                  466.0         .0            .0                  .0
487.0               2.9119                1.5937                .4053                  487.0         .0            .0                  .0
519.0               2.7923                1.6307                .2395                  519.0         .0            .0                  .0
483.0               2.8554                1.5695                .4529                  483.0         .0            .0                  .0
489.0               2.9367                1.3995                .5893                  489.0         .0            .0                  .0
484.0               2.9959                1.6034                .3716                  484.0         .0            .0                  .0
434.0               3.3816                1.6693                .581                   434.0         .0            .0                  .0
488.0               2.9325                1.4482                .5416                  488.0         .0            .0                  .0
470.0               3.172                 1.5617                .5149                  470.0         .0            .0                  .0
481.0               2.9627                1.5349                .4925                  481.0         .0            .0                  .0
491.0               2.9431                1.5311                .4427                  491.0         .0            .0                  .0
486.0               2.922                 1.6216                .3704                  486.0         .0            .0                  .0
478.0               3.1294                1.5818                .4573                  478.0         .0            .0                  .0
482.0               2.9586                1.6554                .3596                  482.0         .0            .0                  .0
487.0               3.0533                1.4447                .543                   487.0         .0            .0                  .0
478.0               2.904                 1.5677                .4713                  478.0         .0            .0                  .0
473.0               3.1097                1.7082                .3379                  473.0         .0            .0                  .0
496.0               2.841                 1.6362                .3477                  496.0         .0            .0                  .0
454.0               3.0901                1.6717                .4759                  454.0         .0            .0                  .0
466.0               3.1777                1.6286                .456                   466.0         .0            .0                  .0
466.0               3.1627                1.7209                .3675                  466.0         .0            .0                  .0
498.0               2.8858                1.4911                .4732                  498.0         .0            .0                  .0
486.0               3.1376                1.6078                .3928                  486.0         .0            .0                  .0
491.0               3.0244                1.5921                .4015                  491.0         .0            .0                  .0
492.0               2.8783                1.5558                .4283                  492.0         .0            .0                  .0
473.0               3.1624                1.6633                .3989                  473.0         .0            .0                  .0
492.0               2.9006                1.6493                .3308                  492.0         .0            .0                  .0
503.0               2.8849                1.4531                .4817                  503.0         .0            .0                  .0
456.0               3.1575                1.5897                .5375                  456.0         .0            .0                  .0
461.0               3.1212                1.6012                .52                    461.0         .0            .0                  .0
484.0               2.9443                1.5524                .4464                  484.0         .0            .0                  .0
478.0               3.0438                1.5813                .4543                  478.0         .0            .0                  .0
510.0               2.863                 1.3969                .5112                  510.0         .0            .0                  .0
494.0               2.9556                1.558                 .4129                  494.0         .0            .0                  .0
485.0               2.8827                1.5606                .4341                  485.0         .0            .0                  .0
481.0               3.027                 1.4934                .5339                  480.0         .0            .0                  .0
Server 0, get requests: 0
Server 1, get requests: 0
Server 2, get requests: 0

Thread 3
Throughput          Waiting time          Service time          Time to parse          Sets          Gets          Multi-gets          Misses
277.0               4.1259                2.3948                .299                   278.0         .0            .0                  .0
524.0               3.56                  1.4325                .3984                  524.0         .0            .0                  .0
488.0               3.2331                1.6428                .3472                  488.0         .0            .0                  .0
511.0               2.9121                1.5976                .3079                  511.0         .0            .0                  .0
457.0               3.0939                2.004                 .1271                  457.0         .0            .0                  .0
485.0               3.0576                1.6413                .3679                  485.0         .0            .0                  .0
509.0               2.9569                1.5711                .3332                  509.0         .0            .0                  .0
520.0               2.7351                1.6275                .2375                  520.0         .0            .0                  .0
543.0               2.739                 1.4892                .306                   543.0         .0            .0                  .0
463.0               3.3233                1.8909                .2087                  463.0         .0            .0                  .0
506.0               3.1854                1.4794                .4416                  506.0         .0            .0                  .0
530.0               3.661                 1.5714                .2535                  530.0         .0            .0                  .0
512.0               3.0721                1.5229                .3881                  512.0         .0            .0                  .0
470.0               3.2229                1.5998                .4777                  470.0         .0            .0                  .0
503.0               3.5714                1.5412                .3913                  503.0         .0            .0                  .0
387.0               3.0773                1.8991                .6206                  387.0         .0            .0                  .0
426.0               2.993                 1.7602                .5374                  426.0         .0            .0                  .0
362.0               3.6474                3.5361                -.8456                 362.0         .0            .0                  .0
506.0               3.1499                1.6237                .3132                  506.0         .0            .0                  .0
521.0               3.0057                1.5588                .314                   521.0         .0            .0                  .0
528.0               2.9093                1.4784                .3567                  528.0         .0            .0                  .0
483.0               3.0971                1.5594                .4336                  483.0         .0            .0                  .0
478.0               3.1399                1.1506                .8831                  478.0         .0            .0                  .0
505.0               3.0988                1.4708                .4494                  505.0         .0            .0                  .0
485.0               3.2757                1.6382                .3842                  485.0         .0            .0                  .0
523.0               2.9885                1.4851                .3746                  523.0         .0            .0                  .0
548.0               2.7851                1.4899                .2795                  548.0         .0            .0                  .0
502.0               2.9583                1.4586                .4847                  502.0         .0            .0                  .0
506.0               3.0394                1.3329                .5713                  506.0         .0            .0                  .0
515.0               3.031                 1.5589                .3295                  515.0         .0            .0                  .0
470.0               3.3588                1.6249                .4464                  470.0         .0            .0                  .0
521.0               2.9655                1.3701                .4932                  521.0         .0            .0                  .0
490.0               3.1344                1.497                 .4871                  490.0         .0            .0                  .0
506.0               3.1026                1.4454                .4774                  506.0         .0            .0                  .0
516.0               3.0039                1.4916                .3905                  516.0         .0            .0                  .0
506.0               3.0118                1.5618                .3536                  506.0         .0            .0                  .0
511.0               3.1992                1.4658                .4408                  511.0         .0            .0                  .0
507.0               3.0138                1.5945                .331                   507.0         .0            .0                  .0
520.0               3.0787                1.4389                .4275                  520.0         .0            .0                  .0
516.0               2.9458                1.5456                .347                   516.0         .0            .0                  .0
498.0               3.1182                1.6337                .3141                  498.0         .0            .0                  .0
538.0               2.9981                1.5416                .2696                  538.0         .0            .0                  .0
491.0               3.1748                1.5643                .4055                  491.0         .0            .0                  .0
499.0               3.196                 1.4874                .4546                  499.0         .0            .0                  .0
490.0               3.1527                1.6936                .2781                  490.0         .0            .0                  .0
525.0               2.9163                1.3768                .4801                  525.0         .0            .0                  .0
498.0               3.0962                1.5697                .3834                  498.0         .0            .0                  .0
507.0               3.0217                1.6056                .3196                  507.0         .0            .0                  .0
517.0               2.9498                1.5119                .3772                  517.0         .0            .0                  .0
493.0               3.2308                1.5788                .3815                  493.0         .0            .0                  .0
527.0               2.9091                1.5669                .2841                  527.0         .0            .0                  .0
523.0               2.9675                1.4119                .4513                  522.0         .0            .0                  .0
499.0               3.138                 1.517                 .4228                  500.0         .0            .0                  .0
481.0               3.1867                1.5117                .5225                  481.0         .0            .0                  .0
495.0               2.9172                1.5667                .3889                  494.0         .0            .0                  .0
509.0               3.1353                1.5335                .3792                  510.0         .0            .0                  .0
534.0               2.9047                1.3609                .4598                  534.0         .0            .0                  .0
523.0               2.958                 1.4855                .3738                  523.0         .0            .0                  .0
512.0               2.9357                1.4972                .3935                  512.0         .0            .0                  .0
495.0               3.0808                1.4685                .4976                  494.0         .0            .0                  .0
Server 0, get requests: 0
Server 1, get requests: 0
Server 2, get requests: 0

Thread 4
Throughput          Waiting time          Service time          Time to parse          Sets          Gets          Multi-gets          Misses
275.0               3.6957                2.1571                .4841                  276.0         .0            .0                  .0
429.0               3.3512                2.1688                .0916                  429.0         .0            .0                  .0
481.0               3.2137                1.49                  .5356                  481.0         .0            .0                  .0
497.0               2.8976                1.5609                .4062                  497.0         .0            .0                  .0
476.0               3.1069                1.8488                .1944                  476.0         .0            .0                  .0
476.0               3.0314                1.6736                .3721                  476.0         .0            .0                  .0
487.0               2.877                 1.6229                .3701                  487.0         .0            .0                  .0
510.0               2.6967                1.6593                .2445                  510.0         .0            .0                  .0
514.0               2.7996                1.5318                1.3903                 513.0         .0            .0                  .0
451.0               3.223                 1.8126                .3407                  452.0         .0            .0                  .0
475.0               3.1176                1.5845                .4664                  475.0         .0            .0                  .0
464.0               3.3785                1.8353                .2576                  464.0         .0            .0                  .0
489.0               2.9939                1.5728                .4333                  489.0         .0            .0                  .0
465.0               3.2425                1.6488                .4507                  465.0         .0            .0                  .0
371.0               3.3871                1.8882                .7523                  371.0         .0            .0                  .0
383.0               2.974                 1.9066                .638                   383.0         .0            .0                  .0
388.0               2.7918                1.924                 .599                   388.0         .0            .0                  .0
354.0               3.6676                3.6766                -.9171                 354.0         .0            .0                  .0
473.0               3.116                 1.6788                .3863                  473.0         .0            .0                  .0
484.0               2.9897                1.6177                .3971                  484.0         .0            .0                  .0
483.0               2.8657                1.6227                .3965                  483.0         .0            .0                  .0
466.0               3.1028                1.5775                .4824                  466.0         .0            .0                  .0
448.0               3.2004                1.6017                .572                   448.0         .0            .0                  .0
469.0               3.1255                1.5395                .5237                  469.0         .0            .0                  .0
449.0               3.3111                1.7504                .4305                  449.0         .0            .0                  .0
492.0               2.9533                1.5544                .4227                  492.0         .0            .0                  .0
513.0               2.821                 1.6023                .2971                  513.0         .0            .0                  .0
470.0               2.8938                1.604                 .4751                  470.0         .0            .0                  .0
473.0               2.9768                1.4744                .5838                  473.0         .0            .0                  .0
476.0               3.0608                1.6629                .3782                  476.0         .0            .0                  .0
407.0               3.424                 1.7977                .6097                  407.0         .0            .0                  .0
480.0               2.9584                1.4939                .5289                  480.0         .0            .0                  .0
449.0               3.1778                1.6508                .5229                  449.0         .0            .0                  .0
471.0               3.0636                1.5395                .5318                  471.0         .0            .0                  .0
483.0               2.9525                1.5625                .4308                  483.0         .0            .0                  .0
475.0               2.8424                1.6804                .3303                  475.0         .0            .0                  .0
467.0               3.156                 1.6244                .46                    467.0         .0            .0                  .0
479.0               2.95                  1.7268                .3079                  479.0         .0            .0                  .0
478.0               3.0251                1.4991                .5295                  478.0         .0            .0                  .0
469.0               2.9319                1.5977                .4824                  469.0         .0            .0                  .0
456.0               3.0919                1.779                 .3568                  456.0         .0            .0                  .0
486.0               2.8768                1.6715                .3367                  486.0         .0            .0                  .0
462.0               2.9849                1.6268                .4797                  462.0         .0            .0                  .0
464.0               3.1613                1.6183                .4682                  464.0         .0            .0                  .0
463.0               3.1013                1.7393                .3584                  463.0         .0            .0                  .0
488.0               2.9571                1.5419                .4553                  488.0         .0            .0                  .0
475.0               3.0798                1.5815                .4618                  475.0         .0            .0                  .0
468.0               2.9851                1.6257                .4617                  468.0         .0            .0                  .0
480.0               2.8649                1.5844                .4502                  480.0         .0            .0                  .0
463.0               3.1767                1.7184                .378                   463.0         .0            .0                  .0
489.0               2.8898                1.6514                .3433                  489.0         .0            .0                  .0
495.0               2.9333                1.4533                .2625                  494.0         .0            .0                  .0
454.0               3.0967                1.6137                .5253                  455.0         .0            .0                  .0
452.0               3.1214                1.6067                .5621                  452.0         .0            .0                  .0
476.0               2.8931                1.573                 .4591                  476.0         .0            .0                  .0
468.0               3.1365                1.6276                .4564                  468.0         .0            .0                  .0
510.0               2.8982                1.4113                .5038                  510.0         .0            .0                  .0
484.0               2.9361                1.587                 .4132                  484.0         .0            .0                  .0
487.0               2.9652                1.5796                .4154                  487.0         .0            .0                  .0
471.0               3.0106                1.5296                .5403                  470.0         .0            .0                  .0
Server 0, get requests: 0
Server 1, get requests: 0
Server 2, get requests: 0

Thread 5
Throughput          Waiting time          Service time          Time to parse          Sets          Gets          Multi-gets          Misses
283.0               3.9859                2.1682                .369                   284.0         .0            .0                  .0
327.0               3.253                 2.0811                .912                   327.0         .0            .0                  .0
450.0               3.102                 1.553                 .6146                  450.0         .0            .0                  .0
504.0               2.8812                1.556                 .382                   504.0         .0            .0                  .0
489.0               3.1204                1.8129                .1745                  489.0         .0            .0                  .0
479.0               2.9812                1.6343                .3978                  479.0         .0            .0                  .0
491.0               2.8415                1.6349                .3381                  491.0         .0            .0                  .0
519.0               2.7135                1.6029                .2687                  519.0         .0            .0                  .0
529.0               2.6786                1.5063                .3438                  528.0         .0            .0                  .0
450.0               3.3104                1.831                 .3313                  451.0         .0            .0                  .0
460.0               3.0889                1.6335                .4678                  460.0         .0            .0                  .0
455.0               3.3114                1.7525                .3675                  455.0         .0            .0                  .0
481.0               3.0581                1.62                  .4215                  481.0         .0            .0                  .0
481.0               3.2863                1.5396                .4886                  481.0         .0            .0                  .0
505.0               3.5237                1.5056                .4111                  505.0         .0            .0                  .0
396.0               3.1058                2.0721                .3951                  396.0         .0            .0                  .0
489.0               3.8306                1.6404                .3562                  489.0         .0            .0                  .0
458.0               3.8693                1.5924                .5315                  458.0         .0            .0                  .0
492.0               3.0974                1.6242                .3656                  492.0         .0            .0                  .0
505.0               3.0316                1.5567                .3725                  505.0         .0            .0                  .0
501.0               2.8466                1.5561                .3804                  501.0         .0            .0                  .0
489.0               3.0531                1.5628                .4042                  489.0         .0            .0                  .0
466.0               3.2248                1.5581                .5311                  466.0         .0            .0                  .0
499.0               3.092                 1.4828                .4615                  499.0         .0            .0                  .0
467.0               3.2564                1.6762                .4179                  467.0         .0            .0                  .0
505.0               2.9664                1.5074                .4221                  505.0         .0            .0                  .0
525.0               2.7619                1.6062                .2447                  524.0         .0            .0                  .0
501.0               2.8645                1.4693                .4688                  502.0         .0            .0                  .0
493.0               3.0101                1.4009                .579                   493.0         .0            .0                  .0
479.0               2.9458                1.583                 .4324                  479.0         .0            .0                  .0
430.0               3.3225                1.6876                .5813                  430.0         .0            .0                  .0
475.0               2.895                 1.4856                .5604                  475.0         .0            .0                  .0
452.0               3.1479                1.6133                .5444                  452.0         .0            .0                  .0
496.0               2.9517                1.5143                .4531                  496.0         .0            .0                  .0
509.0               2.9471                1.503                 .3935                  509.0         .0            .0                  .0
480.0               2.8482                1.6344                .3772                  480.0         .0            .0                  .0
490.0               3.0957                1.5413                .4415                  490.0         .0            .0                  .0
487.0               2.9877                1.6571                .3469                  487.0         .0            .0                  .0
490.0               3.0652                1.4477                .5311                  490.0         .0            .0                  .0
485.0               2.9877                1.5683                .4505                  485.0         .0            .0                  .0
475.0               3.1282                1.7111                .3359                  475.0         .0            .0                  .0
494.0               2.9212                1.6813                .2938                  494.0         .0            .0                  .0
478.0               3.2088                1.5184                .515                   478.0         .0            .0                  .0
475.0               3.1555                1.5292                .5153                  475.0         .0            .0                  .0
473.0               3.1561                1.7215                .3364                  473.0         .0            .0                  .0
503.0               2.8929                1.4462                .4942                  503.0         .0            .0                  .0
492.0               3.1258                1.5726                .3981                  492.0         .0            .0                  .0
484.0               2.9691                1.5672                .4525                  484.0         .0            .0                  .0
502.0               2.9066                1.5153                .4316                  502.0         .0            .0                  .0
482.0               3.1594                1.6361                .3942                  482.0         .0            .0                  .0
501.0               2.8327                1.5889                .3577                  501.0         .0            .0                  .0
504.0               2.9465                1.4625                .4669                  504.0         .0            .0                  .0
466.0               3.2141                1.5838                .491                   466.0         .0            .0                  .0
456.0               3.1488                1.5349                .6105                  456.0         .0            .0                  .0
475.0               2.9832                1.6206                .4216                  475.0         .0            .0                  .0
476.0               3.13                  1.6412                .3974                  476.0         .0            .0                  .0
501.0               2.9223                1.4063                .5301                  501.0         .0            .0                  .0
498.0               2.9579                1.5525                .4037                  498.0         .0            .0                  .0
489.0               2.8633                1.5541                .4327                  489.0         .0            .0                  .0
478.0               3.0753                1.4874                .5396                  477.0         .0            .0                  .0
Server 0, get requests: 0
Server 1, get requests: 0
Server 2, get requests: 0

Thread 6
Throughput          Waiting time          Service time          Time to parse          Sets          Gets          Multi-gets          Misses
289.0               3.6103                2.0627                .4746                  290.0         .0            .0                  .0
376.0               3.3528                1.7741                .8228                  376.0         .0            .0                  .0
444.0               3.0157                1.5096                .6862                  444.0         .0            .0                  .0
514.0               2.899                 1.5427                .3557                  514.0         .0            .0                  .0
476.0               3.0335                1.8919                .1492                  476.0         .0            .0                  .0
483.0               3.031                 1.6507                .366                   483.0         .0            .0                  .0
492.0               2.8519                1.6183                .3526                  492.0         .0            .0                  .0
501.0               2.6673                1.6663                .2761                  501.0         .0            .0                  .0
516.0               2.5899                1.5092                .3803                  516.0         .0            .0                  .0
459.0               3.2935                1.7653                .3592                  459.0         .0            .0                  .0
460.0               2.9566                1.7114                .4132                  460.0         .0            .0                  .0
368.0               3.0407                3.0854                -.4452                 368.0         .0            .0                  .0
472.0               3.0402                1.6363                .4344                  472.0         .0            .0                  .0
475.0               3.2059                1.5958                .4568                  475.0         .0            .0                  .0
364.0               3.389                 2.218                 .4734                  364.0         .0            .0                  .0
500.0               3.2375                1.4748                .4664                  500.0         .0            .0                  .0
500.0               4.0798                1.6059                .3408                  500.0         .0            .0                  .0
346.0               3.5533                3.626                 -.8019                 346.0         .0            .0                  .0
478.0               3.0731                1.6379                .4031                  478.0         .0            .0                  .0
475.0               3.0693                1.7147                .3386                  475.0         .0            .0                  .0
506.0               2.8304                1.5592                .3589                  506.0         .0            .0                  .0
462.0               3.0907                1.636                 .4389                  462.0         .0            .0                  .0
460.0               3.1236                1.5857                .522                   460.0         .0            .0                  .0
474.0               3.0632                1.5331                .5053                  474.0         .0            .0                  .0
456.0               3.2932                1.7246                .4132                  456.0         .0            .0                  .0
494.0               3.0323                1.5678                .3914                  494.0         .0            .0                  .0
513.0               2.6712                1.6508                .2426                  513.0         .0            .0                  .0
497.0               2.9096                1.6181                .3412                  497.0         .0            .0                  .0
490.0               2.9695                1.409                 .5794                  490.0         .0            .0                  .0
482.0               2.9358                1.5804                .4074                  482.0         .0            .0                  .0
447.0               3.3973                1.7231                .448                   447.0         .0            .0                  .0
462.0               3.013                 1.5411                .5629                  462.0         .0            .0                  .0
471.0               3.1377                1.5864                .4735                  471.0         .0            .0                  .0
491.0               2.9797                1.4777                .5088                  491.0         .0            .0                  .0
493.0               2.9211                1.5699                .3966                  493.0         .0            .0                  .0
497.0               2.9036                1.5656                .3806                  497.0         .0            .0                  .0
472.0               3.1522                1.5739                .4948                  472.0         .0            .0                  .0
489.0               3.0735                1.6266                .37                    489.0         .0            .0                  .0
469.0               3.066                 1.5519                .51                    469.0         .0            .0                  .0
487.0               2.9672                1.6116                .4049                  487.0         .0            .0                  .0
467.0               3.1282                1.759                 .3288                  467.0         .0            .0                  .0
487.0               2.8811                1.6124                .3802                  487.0         .0            .0                  .0
474.0               3.1263                1.6143                .4296                  474.0         .0            .0                  .0
463.0               3.1466                1.526                 .5707                  463.0         .0            .0                  .0
470.0               3.1571                1.7424                .326                   470.0         .0            .0                  .0
492.0               2.9108                1.501                 .4832                  492.0         .0            .0                  .0
476.0               3.1321                1.6475                .3901                  476.0         .0            .0                  .0
481.0               3.0768                1.5914                .4374                  481.0         .0            .0                  .0
496.0               2.9054                1.5206                .443                   496.0         .0            .0                  .0
466.0               3.212                 1.7444                .3543                  466.0         .0            .0                  .0
496.0               2.8994                1.5952                .3665                  496.0         .0            .0                  .0
503.0               2.9365                1.0894                .8384                  503.0         .0            .0                  .0
470.0               3.0955                1.5967                .4632                  470.0         .0            .0                  .0
487.0               3.1291                1.5387                .4676                  487.0         .0            .0                  .0
490.0               2.8921                1.5568                .4191                  490.0         .0            .0                  .0
468.0               3.1023                1.6681                .4121                  468.0         .0            .0                  .0
509.0               2.9294                1.4336                .4781                  509.0         .0            .0                  .0
488.0               2.9632                1.5617                .4357                  488.0         .0            .0                  .0
503.0               2.8194                1.5252                .4013                  503.0         .0            .0                  .0
472.0               3.0148                1.5108                .5523                  471.0         .0            .0                  .0
Server 0, get requests: 0
Server 1, get requests: 0
Server 2, get requests: 0

Thread 7
Throughput          Waiting time          Service time          Time to parse          Sets          Gets          Multi-gets          Misses
266.0               3.9438                1.8831                .8144                  267.0         .0            .0                  .0
376.0               3.4775                1.6218                .9665                  376.0         .0            .0                  .0
411.0               3.0121                1.8184                .5493                  411.0         .0            .0                  .0
513.0               2.9027                1.5731                .3354                  513.0         .0            .0                  .0
473.0               3.0717                1.7781                .2793                  473.0         .0            .0                  .0
472.0               3.0359                1.6694                .398                   472.0         .0            .0                  .0
486.0               2.9138                1.6579                .3402                  486.0         .0            .0                  .0
529.0               2.6887                1.5841                .2521                  529.0         .0            .0                  .0
510.0               2.7182                1.5755                .3394                  510.0         .0            .0                  .0
452.0               3.2936                1.8244                .3223                  452.0         .0            .0                  .0
451.0               3.073                 1.6837                .4836                  451.0         .0            .0                  .0
489.0               3.4306                1.7778                .2034                  489.0         .0            .0                  .0
480.0               3.0478                1.5959                .4459                  480.0         .0            .0                  .0
483.0               3.188                 1.5611                .4555                  483.0         .0            .0                  .0
478.0               3.3987                1.664                 .3709                  478.0         .0            .0                  .0
484.0               3.1773                1.5629                .4425                  484.0         .0            .0                  .0
399.0               2.8975                1.8428                .6124                  399.0         .0            .0                  .0
403.0               3.6015                1.5915                .8266                  403.0         .0            .0                  .0
473.0               3.0886                1.6898                .3812                  473.0         .0            .0                  .0
492.0               3.071                 1.6352                .3501                  492.0         .0            .0                  .0
495.0               2.9415                1.655                 .3178                  495.0         .0            .0                  .0
476.0               3.109                 1.6577                .3946                  476.0         .0            .0                  .0
464.0               3.2065                1.5553                .5331                  464.0         .0            .0                  .0
462.0               3.1814                1.6166                .4826                  462.0         .0            .0                  .0
467.0               3.25                  1.7286                .3805                  467.0         .0            .0                  .0
489.0               3.0163                1.5734                .4201                  489.0         .0            .0                  .0
512.0               2.7641                1.5969                .3016                  512.0         .0            .0                  .0
498.0               2.9198                1.6184                .3402                  498.0         .0            .0                  .0
479.0               3.1                   1.4682                .578                   479.0         .0            .0                  .0
479.0               3.0354                1.5505                .457                   479.0         .0            .0                  .0
449.0               3.4622                1.7675                .4045                  449.0         .0            .0                  .0
473.0               2.9852                1.5679                .4951                  473.0         .0            .0                  .0
467.0               3.1325                1.6042                .4947                  467.0         .0            .0                  .0
485.0               3.037                 1.5503                .4654                  485.0         .0            .0                  .0
482.0               2.9855                1.561                 .4516                  482.0         .0            .0                  .0
483.0               2.9318                1.6225                .3921                  483.0         .0            .0                  .0
459.0               3.1891                1.6434                .4785                  459.0         .0            .0                  .0
496.0               3.004                 1.6327                .3372                  496.0         .0            .0                  .0
465.0               3.1373                1.5575                .5275                  465.0         .0            .0                  .0
490.0               2.9939                1.5652                .4204                  490.0         .0            .0                  .0
465.0               3.2382                1.7291                .3572                  465.0         .0            .0                  .0
481.0               2.9357                1.6669                .3701                  481.0         .0            .0                  .0
474.0               3.1095                1.6236                .4329                  474.0         .0            .0                  .0
464.0               3.0774                1.6203                .4874                  464.0         .0            .0                  .0
473.0               3.2236                1.7754                .2842                  473.0         .0            .0                  .0
491.0               2.9004                1.4989                .4944                  491.0         .0            .0                  .0
474.0               3.0842                1.6962                .3546                  474.0         .0            .0                  .0
471.0               3.0233                1.6165                .4582                  471.0         .0            .0                  .0
493.0               2.9939                1.5596                .4202                  493.0         .0            .0                  .0
462.0               3.2052                1.7735                .3224                  462.0         .0            .0                  .0
495.0               2.9133                1.611                 .3627                  495.0         .0            .0                  .0
496.0               2.9556                1.5068                .4561                  496.0         .0            .0                  .0
463.0               3.0194                1.6378                .4502                  463.0         .0            .0                  .0
475.0               3.2248                1.5345                .5316                  475.0         .0            .0                  .0
477.0               3.0356                1.5891                .4573                  477.0         .0            .0                  .0
469.0               3.1638                1.656                 .4255                  469.0         .0            .0                  .0
490.0               2.9043                1.4538                .5354                  490.0         .0            .0                  .0
484.0               3.0454                1.5796                .4373                  484.0         .0            .0                  .0
491.0               2.8354                1.5868                .4008                  491.0         .0            .0                  .0
465.0               3.1398                1.5499                .5473                  464.0         .0            .0                  .0
Server 0, get requests: 0
Server 1, get requests: 0
Server 2, get requests: 0

Aggregated Statistics for a 1 seconds window of the entire middleware: 
Throughput          QueueLength          Waiting time          Service time          Time to parse          Sets          Gets          Multi-gets          Misses
2222.0              .0                   3.836                 2.1104                .5029                  2230.0        .0            .0                  .0
3289.0              13.0                 3.3807                1.8457                .5795                  3289.0        .0            .0                  .0
3630.0              9.0                  3.104                 1.6121                .5393                  3630.0        .0            .0                  .0
4047.0              10.0                 2.8887                1.5694                .3617                  4047.0        .0            .0                  .0
3808.0              9.0                  3.1113                1.8587                .1883                  3808.0        .0            .0                  .0
3819.0              14.0                 3.0214                1.6584                .383                   3819.0        .0            .0                  .0
3964.0              16.0                 2.887                 1.609                 .3489                  3964.0        .0            .0                  .0
4111.0              16.0                 2.7103                1.635                 .2556                  4111.0        .0            .0                  .0
4181.0              15.0                 2.6914                1.5236                .4724                  4179.0        .0            .0                  .0
3633.0              14.0                 3.2811                1.824                 .3199                  3635.0        .0            .0                  .0
3751.0              15.0                 3.0862                1.6233                .4558                  3751.0        .0            .0                  .0
3594.0              12.0                 3.3305                1.9523                .2554                  3594.0        .0            .0                  .0
3896.0              16.0                 3.0213                1.5831                .4297                  3896.0        .0            .0                  .0
3771.0              8.0                  3.2341                1.6063                .4615                  3771.0        .0            .0                  .0
3425.0              15.0                 3.4511                1.8343                .4971                  3425.0        .0            .0                  .0
3542.0              16.0                 3.15                  1.7026                .5284                  3542.0        .0            .0                  .0
3470.0              16.0                 3.4734                1.7874                .4968                  3470.0        .0            .0                  .0
3323.0              14.0                 3.7545                2.3664                .0152                  3323.0        .0            .0                  .0
3885.0              16.0                 3.1119                1.6427                .374                   3885.0        .0            .0                  .0
3945.0              9.0                  3.0344                1.6222                .3571                  3945.0        .0            .0                  .0
4014.0              8.0                  2.8745                1.5718                .3672                  4014.0        .0            .0                  .0
3800.0              15.0                 3.0958                1.6042                .4255                  3800.0        .0            .0                  .0
3708.0              13.0                 3.1778                1.5138                .5836                  3708.0        .0            .0                  .0
3822.0              16.0                 3.1272                1.5348                .4964                  3822.0        .0            .0                  .0
3717.0              16.0                 3.2774                1.7025                .4074                  3717.0        .0            .0                  .0
3980.0              10.0                 2.9827                1.549                 .4077                  3979.0        .0            .0                  .0
4155.0              12.0                 2.7631                1.6002                .2729                  4155.0        .0            .0                  .0
3914.0              10.0                 2.911                 1.5706                .4238                  3915.0        .0            .0                  .0
3881.0              10.0                 3.0022                1.4234                .5853                  3881.0        .0            .0                  .0
3870.0              9.0                  2.9901                1.596                 .4036                  3870.0        .0            .0                  .0
3520.0              10.0                 3.4038                1.71                  .5085                  3520.0        .0            .0                  .0
3878.0              16.0                 2.9616                1.486                 .522                   3878.0        .0            .0                  .0
3719.0              16.0                 3.1523                1.5838                .5146                  3718.0        .0            .0                  .0
3894.0              10.0                 3.0107                1.5183                .4859                  3895.0        .0            .0                  .0
3963.0              12.0                 2.959                 1.5421                .4117                  3963.0        .0            .0                  .0
3895.0              16.0                 2.9055                1.6133                .3729                  3895.0        .0            .0                  .0
3805.0              8.0                  3.1504                1.5869                .4616                  3805.0        .0            .0                  .0
3908.0              16.0                 3.0007                1.6539                .3429                  3908.0        .0            .0                  .0
3852.0              9.0                  3.0802                1.4982                .5179                  3852.0        .0            .0                  .0
3886.0              16.0                 2.9658                1.5833                .4285                  3886.0        .0            .0                  .0
3744.0              10.0                 3.1539                1.7364                .3392                  3744.0        .0            .0                  .0
3959.0              11.0                 2.9159                1.6449                .3331                  3959.0        .0            .0                  .0
3758.0              11.0                 3.1155                1.6128                .4574                  3758.0        .0            .0                  .0
3767.0              14.0                 3.154                 1.5726                .492                   3767.0        .0            .0                  .0
3782.0              14.0                 3.1521                1.7378                .3192                  3782.0        .0            .0                  .0
3983.0              16.0                 2.9116                1.4828                .479                   3983.0        .0            .0                  .0
3835.0              8.0                  3.0913                1.6363                .3907                  3835.0        .0            .0                  .0
3856.0              16.0                 3.0165                1.6004                .428                   3856.0        .0            .0                  .0
3978.0              14.0                 2.9196                1.5404                .4232                  3978.0        .0            .0                  .0
3768.0              15.0                 3.1874                1.6944                .3697                  3768.0        .0            .0                  .0
3993.0              4.0                  2.8937                1.6203                .3347                  3993.0        .0            .0                  .0
4030.0              8.0                  2.9297                1.4123                .4876                  4027.0        .0            .0                  .0
3760.0              11.0                 3.1135                1.5889                .4721                  3763.0        .0            .0                  .0
3734.0              16.0                 3.16                  1.5638                .5332                  3734.0        .0            .0                  .0
3865.0              3.0                  2.9628                1.5811                .425                   3864.0        .0            .0                  .0
3816.0              9.0                  3.1204                1.6224                .4201                  3817.0        .0            .0                  .0
4082.0              16.0                 2.8961                1.4155                .6307                  4082.0        .0            .0                  .0
3955.0              10.0                 2.9661                1.5542                .4152                  3955.0        .0            .0                  .0
3955.0              15.0                 2.8939                1.5595                .4048                  3955.0        .0            .0                  .0
3806.0              14.0                 3.0573                1.5156                .5314                  3798.0        .0            .0                  .0
The following results are aggregated for all threads, normalized for one second
Throughput(ops/sec):  (avg)3798.55,  (std)183.09
QueueLength: (avg)10.99,  (std)4.75
WaitingTime(msec): (avg)3.0827,  (std).1856
ServiceTime(msec): (avg)1.635,  (std).1419
ParseTime(msec): (avg).4241, (std).1011
Sets(ops/sec): 		 (avg)3798.55,  (std)182.93
Gets(ops/sec): 		 (avg).0,  (std).0
Multi-gets(ops/sec):  (avg).0,  (std).0
Misses(ops/sec):      (avg).0,  (std).0
Miss ratio: ?
Avg time between two tasks: .1229

Tot response time: average_waitingTime + average_serviceTime + average_parseTime + average_timeBetweenTwoTasks

max response time : 6.5722
min response time: 4.7237

4.7237:   ###
4.9086:   #######
5.0934:   ###################
5.2783:   ###############
5.4631:   #########
5.648:   #
5.8328:   ###
6.0177:   #
6.2025:   #
6.3874:   
6.5722:   #
